2025-09-09 14:10:51,990 - INFO - Training ResNet50UNet Model using device: cuda
Run directory: runs/ResNet50UNet_20250909_141051
Configuration:
{
    "name": "ResNet50UNet",
    "data_root": "/media/be-light/Data/PG_Gdansk/Torun_secondment/Experiments/dataset/cityscapes",
    "num_classes": 4,
    "crop_size": 512,
    "batch_size": 8,
    "val_batch_size": 4,
    "num_epochs": 25,
    "lr": 0.0001,
    "log_dir": "runs",
    "resume": null,
    "early_stop_patience": 5
}
2025-09-09 14:10:51,991 - INFO - Training samples: 79, Validation samples: 20
2025-09-09 14:10:53,576 - INFO - Epoch 1 | Batch 1/10 | Loss: 1.4722 | Avg Loss: 1.4722 | GPU Memory: 2856.0MB
2025-09-09 14:10:53,892 - INFO - Epoch 1 | Batch 2/10 | Loss: 1.4232 | Avg Loss: 1.4477 | GPU Memory: 2854.8MB
2025-09-09 14:10:54,201 - INFO - Epoch 1 | Batch 3/10 | Loss: 1.3749 | Avg Loss: 1.4235 | GPU Memory: 2853.5MB
2025-09-09 14:10:54,530 - INFO - Epoch 1 | Batch 4/10 | Loss: 1.3400 | Avg Loss: 1.4026 | GPU Memory: 2854.5MB
2025-09-09 14:10:54,859 - INFO - Epoch 1 | Batch 5/10 | Loss: 1.3040 | Avg Loss: 1.3829 | GPU Memory: 2853.3MB
2025-09-09 14:10:55,176 - INFO - Epoch 1 | Batch 6/10 | Loss: 1.2677 | Avg Loss: 1.3637 | GPU Memory: 2854.5MB
2025-09-09 14:10:55,502 - INFO - Epoch 1 | Batch 7/10 | Loss: 1.2436 | Avg Loss: 1.3465 | GPU Memory: 2853.3MB
2025-09-09 14:10:55,825 - INFO - Epoch 1 | Batch 8/10 | Loss: 1.2178 | Avg Loss: 1.3304 | GPU Memory: 2854.5MB
2025-09-09 14:10:56,152 - INFO - Epoch 1 | Batch 9/10 | Loss: 1.1966 | Avg Loss: 1.3156 | GPU Memory: 2853.3MB
2025-09-09 14:10:56,442 - INFO - Epoch 1 | Batch 10/10 | Loss: 1.1640 | Avg Loss: 1.2858 | GPU Memory: 2850.0MB
2025-09-09 14:10:57,117 - INFO - Epoch 1 completed. Loss: 1.3021, Time: 5.1s
2025-09-09 14:14:19,391 - INFO - Validation | Loss: 1.4063, mIoU: 0.1693, IoUs: [0.06176074 0.05707758 0.52929929 0.0289833 ]
2025-09-09 14:14:19,915 - INFO - Saved best model at epoch 1 to runs/ResNet50UNet_20250909_141051/checkpoints/ResNet50UNet_best.pth
2025-09-09 14:14:20,866 - INFO - Epoch 2 | Batch 1/10 | Loss: 1.1493 | Avg Loss: 1.1493 | GPU Memory: 2854.5MB
2025-09-09 14:14:21,220 - INFO - Epoch 2 | Batch 2/10 | Loss: 1.1261 | Avg Loss: 1.1377 | GPU Memory: 2857.0MB
2025-09-09 14:14:21,537 - INFO - Epoch 2 | Batch 3/10 | Loss: 1.1002 | Avg Loss: 1.1252 | GPU Memory: 2856.3MB
2025-09-09 14:14:21,856 - INFO - Epoch 2 | Batch 4/10 | Loss: 1.0816 | Avg Loss: 1.1143 | GPU Memory: 2855.5MB
2025-09-09 14:14:22,175 - INFO - Epoch 2 | Batch 5/10 | Loss: 1.0485 | Avg Loss: 1.1011 | GPU Memory: 2855.3MB
2025-09-09 14:14:22,493 - INFO - Epoch 2 | Batch 6/10 | Loss: 1.0334 | Avg Loss: 1.0898 | GPU Memory: 2855.0MB
2025-09-09 14:14:22,808 - INFO - Epoch 2 | Batch 7/10 | Loss: 1.0054 | Avg Loss: 1.0778 | GPU Memory: 2855.0MB
2025-09-09 14:14:23,128 - INFO - Epoch 2 | Batch 8/10 | Loss: 0.9932 | Avg Loss: 1.0672 | GPU Memory: 2854.5MB
2025-09-09 14:14:23,451 - INFO - Epoch 2 | Batch 9/10 | Loss: 0.9663 | Avg Loss: 1.0560 | GPU Memory: 2854.3MB
2025-09-09 14:14:23,714 - INFO - Epoch 2 | Batch 10/10 | Loss: 0.9434 | Avg Loss: 1.0329 | GPU Memory: 2850.3MB
2025-09-09 14:14:24,471 - INFO - Epoch 2 completed. Loss: 1.0460, Time: 4.6s
2025-09-09 14:17:44,516 - INFO - Validation | Loss: 1.2229, mIoU: 0.3336, IoUs: [0.65704726 0.20820863 0.39748832 0.07153177]
2025-09-09 14:17:45,097 - INFO - Saved best model at epoch 2 to runs/ResNet50UNet_20250909_141051/checkpoints/ResNet50UNet_best.pth
2025-09-09 14:17:46,067 - INFO - Epoch 3 | Batch 1/10 | Loss: 0.9109 | Avg Loss: 0.9109 | GPU Memory: 2854.5MB
2025-09-09 14:17:46,391 - INFO - Epoch 3 | Batch 2/10 | Loss: 0.8987 | Avg Loss: 0.9048 | GPU Memory: 2857.0MB
2025-09-09 14:17:46,742 - INFO - Epoch 3 | Batch 3/10 | Loss: 0.8706 | Avg Loss: 0.8934 | GPU Memory: 2856.3MB
2025-09-09 14:17:47,068 - INFO - Epoch 3 | Batch 4/10 | Loss: 0.8638 | Avg Loss: 0.8860 | GPU Memory: 2855.5MB
2025-09-09 14:17:47,387 - INFO - Epoch 3 | Batch 5/10 | Loss: 0.8296 | Avg Loss: 0.8747 | GPU Memory: 2855.3MB
2025-09-09 14:17:47,706 - INFO - Epoch 3 | Batch 6/10 | Loss: 0.8093 | Avg Loss: 0.8638 | GPU Memory: 2855.0MB
2025-09-09 14:17:48,025 - INFO - Epoch 3 | Batch 7/10 | Loss: 0.7833 | Avg Loss: 0.8523 | GPU Memory: 2855.0MB
2025-09-09 14:17:48,342 - INFO - Epoch 3 | Batch 8/10 | Loss: 0.7624 | Avg Loss: 0.8411 | GPU Memory: 2854.5MB
2025-09-09 14:17:48,658 - INFO - Epoch 3 | Batch 9/10 | Loss: 0.7444 | Avg Loss: 0.8303 | GPU Memory: 2854.3MB
2025-09-09 14:17:48,924 - INFO - Epoch 3 | Batch 10/10 | Loss: 0.7328 | Avg Loss: 0.8114 | GPU Memory: 2850.3MB
2025-09-09 14:17:49,678 - INFO - Epoch 3 completed. Loss: 0.8217, Time: 4.6s
2025-09-09 14:21:09,848 - INFO - Validation | Loss: 0.9662, mIoU: 0.5708, IoUs: [0.92531289 0.59348229 0.64589483 0.11845658]
2025-09-09 14:21:10,431 - INFO - Saved best model at epoch 3 to runs/ResNet50UNet_20250909_141051/checkpoints/ResNet50UNet_best.pth
2025-09-09 14:21:11,385 - INFO - Epoch 4 | Batch 1/10 | Loss: 0.7190 | Avg Loss: 0.7190 | GPU Memory: 2854.5MB
2025-09-09 14:21:11,744 - INFO - Epoch 4 | Batch 2/10 | Loss: 0.6861 | Avg Loss: 0.7025 | GPU Memory: 2857.0MB
2025-09-09 14:21:12,083 - INFO - Epoch 4 | Batch 3/10 | Loss: 0.6689 | Avg Loss: 0.6913 | GPU Memory: 2856.3MB
2025-09-09 14:21:12,401 - INFO - Epoch 4 | Batch 4/10 | Loss: 0.6411 | Avg Loss: 0.6788 | GPU Memory: 2855.5MB
2025-09-09 14:21:12,717 - INFO - Epoch 4 | Batch 5/10 | Loss: 0.6358 | Avg Loss: 0.6702 | GPU Memory: 2855.3MB
2025-09-09 14:21:13,034 - INFO - Epoch 4 | Batch 6/10 | Loss: 0.6048 | Avg Loss: 0.6593 | GPU Memory: 2855.0MB
2025-09-09 14:21:13,351 - INFO - Epoch 4 | Batch 7/10 | Loss: 0.5962 | Avg Loss: 0.6503 | GPU Memory: 2855.0MB
2025-09-09 14:21:13,670 - INFO - Epoch 4 | Batch 8/10 | Loss: 0.5666 | Avg Loss: 0.6398 | GPU Memory: 2854.5MB
2025-09-09 14:21:13,984 - INFO - Epoch 4 | Batch 9/10 | Loss: 0.5525 | Avg Loss: 0.6301 | GPU Memory: 2854.3MB
2025-09-09 14:21:14,249 - INFO - Epoch 4 | Batch 10/10 | Loss: 0.5349 | Avg Loss: 0.6139 | GPU Memory: 2850.3MB
2025-09-09 14:21:14,938 - INFO - Epoch 4 completed. Loss: 0.6217, Time: 4.5s
2025-09-09 14:24:35,973 - INFO - Validation | Loss: 0.6808, mIoU: 0.6999, IoUs: [0.97065604 0.85119327 0.69953967 0.27809797]
2025-09-09 14:24:36,560 - INFO - Saved best model at epoch 4 to runs/ResNet50UNet_20250909_141051/checkpoints/ResNet50UNet_best.pth
2025-09-09 14:24:37,527 - INFO - Epoch 5 | Batch 1/10 | Loss: 0.5266 | Avg Loss: 0.5266 | GPU Memory: 2854.5MB
2025-09-09 14:24:37,868 - INFO - Epoch 5 | Batch 2/10 | Loss: 0.4995 | Avg Loss: 0.5131 | GPU Memory: 2857.0MB
2025-09-09 14:24:38,183 - INFO - Epoch 5 | Batch 3/10 | Loss: 0.4856 | Avg Loss: 0.5039 | GPU Memory: 2856.3MB
2025-09-09 14:24:38,505 - INFO - Epoch 5 | Batch 4/10 | Loss: 0.4771 | Avg Loss: 0.4972 | GPU Memory: 2855.5MB
2025-09-09 14:24:38,823 - INFO - Epoch 5 | Batch 5/10 | Loss: 0.4586 | Avg Loss: 0.4895 | GPU Memory: 2855.3MB
2025-09-09 14:24:39,141 - INFO - Epoch 5 | Batch 6/10 | Loss: 0.4494 | Avg Loss: 0.4828 | GPU Memory: 2855.0MB
2025-09-09 14:24:39,459 - INFO - Epoch 5 | Batch 7/10 | Loss: 0.4386 | Avg Loss: 0.4765 | GPU Memory: 2855.0MB
2025-09-09 14:24:39,778 - INFO - Epoch 5 | Batch 8/10 | Loss: 0.4198 | Avg Loss: 0.4694 | GPU Memory: 2854.5MB
2025-09-09 14:24:40,094 - INFO - Epoch 5 | Batch 9/10 | Loss: 0.4072 | Avg Loss: 0.4625 | GPU Memory: 2854.3MB
2025-09-09 14:24:40,361 - INFO - Epoch 5 | Batch 10/10 | Loss: 0.4002 | Avg Loss: 0.4513 | GPU Memory: 2850.3MB
2025-09-09 14:24:41,120 - INFO - Epoch 5 completed. Loss: 0.4570, Time: 4.6s
2025-09-09 14:28:01,030 - INFO - Validation | Loss: 0.4852, mIoU: 0.7474, IoUs: [0.98863616 0.91858504 0.68813299 0.3942787 ]
2025-09-09 14:28:01,618 - INFO - Saved best model at epoch 5 to runs/ResNet50UNet_20250909_141051/checkpoints/ResNet50UNet_best.pth
2025-09-09 14:28:02,584 - INFO - Epoch 6 | Batch 1/10 | Loss: 0.3779 | Avg Loss: 0.3779 | GPU Memory: 2854.5MB
2025-09-09 14:28:02,901 - INFO - Epoch 6 | Batch 2/10 | Loss: 0.3818 | Avg Loss: 0.3798 | GPU Memory: 2857.0MB
2025-09-09 14:28:03,239 - INFO - Epoch 6 | Batch 3/10 | Loss: 0.3813 | Avg Loss: 0.3803 | GPU Memory: 2856.3MB
2025-09-09 14:28:03,555 - INFO - Epoch 6 | Batch 4/10 | Loss: 0.3877 | Avg Loss: 0.3822 | GPU Memory: 2855.5MB
2025-09-09 14:28:03,872 - INFO - Epoch 6 | Batch 5/10 | Loss: 0.3776 | Avg Loss: 0.3813 | GPU Memory: 2855.3MB
2025-09-09 14:28:04,189 - INFO - Epoch 6 | Batch 6/10 | Loss: 0.3719 | Avg Loss: 0.3797 | GPU Memory: 2855.0MB
2025-09-09 14:28:04,505 - INFO - Epoch 6 | Batch 7/10 | Loss: 0.3740 | Avg Loss: 0.3789 | GPU Memory: 2855.0MB
2025-09-09 14:28:04,823 - INFO - Epoch 6 | Batch 8/10 | Loss: 0.3727 | Avg Loss: 0.3781 | GPU Memory: 2854.5MB
2025-09-09 14:28:05,141 - INFO - Epoch 6 | Batch 9/10 | Loss: 0.3711 | Avg Loss: 0.3773 | GPU Memory: 2854.3MB
2025-09-09 14:28:05,406 - INFO - Epoch 6 | Batch 10/10 | Loss: 0.3680 | Avg Loss: 0.3718 | GPU Memory: 2850.3MB
2025-09-09 14:28:06,125 - INFO - Epoch 6 completed. Loss: 0.3765, Time: 4.5s
2025-09-09 14:31:26,231 - INFO - Validation | Loss: 0.4212, mIoU: 0.7599, IoUs: [0.99100667 0.92906982 0.7457224  0.373989  ]
2025-09-09 14:31:26,823 - INFO - Saved best model at epoch 6 to runs/ResNet50UNet_20250909_141051/checkpoints/ResNet50UNet_best.pth
2025-09-09 14:31:27,781 - INFO - Epoch 7 | Batch 1/10 | Loss: 0.3700 | Avg Loss: 0.3700 | GPU Memory: 2854.5MB
2025-09-09 14:31:28,127 - INFO - Epoch 7 | Batch 2/10 | Loss: 0.3635 | Avg Loss: 0.3667 | GPU Memory: 2857.0MB
2025-09-09 14:31:28,473 - INFO - Epoch 7 | Batch 3/10 | Loss: 0.3632 | Avg Loss: 0.3655 | GPU Memory: 2856.3MB
2025-09-09 14:31:28,788 - INFO - Epoch 7 | Batch 4/10 | Loss: 0.3714 | Avg Loss: 0.3670 | GPU Memory: 2855.5MB
2025-09-09 14:31:29,100 - INFO - Epoch 7 | Batch 5/10 | Loss: 0.3619 | Avg Loss: 0.3660 | GPU Memory: 2855.3MB
2025-09-09 14:31:29,420 - INFO - Epoch 7 | Batch 6/10 | Loss: 0.3631 | Avg Loss: 0.3655 | GPU Memory: 2855.0MB
2025-09-09 14:31:29,740 - INFO - Epoch 7 | Batch 7/10 | Loss: 0.3620 | Avg Loss: 0.3650 | GPU Memory: 2855.0MB
2025-09-09 14:31:30,056 - INFO - Epoch 7 | Batch 8/10 | Loss: 0.3639 | Avg Loss: 0.3649 | GPU Memory: 2854.5MB
2025-09-09 14:31:30,372 - INFO - Epoch 7 | Batch 9/10 | Loss: 0.3745 | Avg Loss: 0.3659 | GPU Memory: 2854.3MB
2025-09-09 14:31:30,638 - INFO - Epoch 7 | Batch 10/10 | Loss: 0.3592 | Avg Loss: 0.3608 | GPU Memory: 2850.3MB
2025-09-09 14:31:31,320 - INFO - Epoch 7 completed. Loss: 0.3653, Time: 4.5s
2025-09-09 14:34:51,750 - INFO - Validation | Loss: 0.3923, mIoU: 0.7629, IoUs: [0.99157007 0.92963072 0.73956783 0.39080916]
2025-09-09 14:34:52,330 - INFO - Saved best model at epoch 7 to runs/ResNet50UNet_20250909_141051/checkpoints/ResNet50UNet_best.pth
2025-09-09 14:34:53,289 - INFO - Epoch 8 | Batch 1/10 | Loss: 0.3638 | Avg Loss: 0.3638 | GPU Memory: 2854.5MB
2025-09-09 14:34:53,617 - INFO - Epoch 8 | Batch 2/10 | Loss: 0.3564 | Avg Loss: 0.3601 | GPU Memory: 2857.0MB
2025-09-09 14:34:53,975 - INFO - Epoch 8 | Batch 3/10 | Loss: 0.3543 | Avg Loss: 0.3582 | GPU Memory: 2856.3MB
2025-09-09 14:34:54,311 - INFO - Epoch 8 | Batch 4/10 | Loss: 0.3642 | Avg Loss: 0.3597 | GPU Memory: 2855.5MB
2025-09-09 14:34:54,629 - INFO - Epoch 8 | Batch 5/10 | Loss: 0.3538 | Avg Loss: 0.3585 | GPU Memory: 2855.3MB
2025-09-09 14:34:54,945 - INFO - Epoch 8 | Batch 6/10 | Loss: 0.3505 | Avg Loss: 0.3572 | GPU Memory: 2855.0MB
2025-09-09 14:34:55,264 - INFO - Epoch 8 | Batch 7/10 | Loss: 0.3484 | Avg Loss: 0.3559 | GPU Memory: 2855.0MB
2025-09-09 14:34:55,579 - INFO - Epoch 8 | Batch 8/10 | Loss: 0.3460 | Avg Loss: 0.3547 | GPU Memory: 2854.5MB
2025-09-09 14:34:55,895 - INFO - Epoch 8 | Batch 9/10 | Loss: 0.3533 | Avg Loss: 0.3545 | GPU Memory: 2854.3MB
2025-09-09 14:34:56,161 - INFO - Epoch 8 | Batch 10/10 | Loss: 0.3473 | Avg Loss: 0.3495 | GPU Memory: 2850.3MB
2025-09-09 14:34:56,855 - INFO - Epoch 8 completed. Loss: 0.3539, Time: 4.5s
2025-09-09 14:38:17,436 - INFO - Validation | Loss: 0.3825, mIoU: 0.7646, IoUs: [0.99224421 0.92921002 0.71091993 0.42592622]
2025-09-09 14:38:18,016 - INFO - Saved best model at epoch 8 to runs/ResNet50UNet_20250909_141051/checkpoints/ResNet50UNet_best.pth
2025-09-09 14:38:18,983 - INFO - Epoch 9 | Batch 1/10 | Loss: 0.3436 | Avg Loss: 0.3436 | GPU Memory: 2854.5MB
2025-09-09 14:38:19,320 - INFO - Epoch 9 | Batch 2/10 | Loss: 0.3543 | Avg Loss: 0.3489 | GPU Memory: 2857.0MB
2025-09-09 14:38:19,642 - INFO - Epoch 9 | Batch 3/10 | Loss: 0.3434 | Avg Loss: 0.3471 | GPU Memory: 2856.3MB
2025-09-09 14:38:19,969 - INFO - Epoch 9 | Batch 4/10 | Loss: 0.3446 | Avg Loss: 0.3464 | GPU Memory: 2855.5MB
2025-09-09 14:38:20,285 - INFO - Epoch 9 | Batch 5/10 | Loss: 0.3467 | Avg Loss: 0.3465 | GPU Memory: 2855.3MB
2025-09-09 14:38:20,607 - INFO - Epoch 9 | Batch 6/10 | Loss: 0.3530 | Avg Loss: 0.3476 | GPU Memory: 2855.0MB
2025-09-09 14:38:20,927 - INFO - Epoch 9 | Batch 7/10 | Loss: 0.3376 | Avg Loss: 0.3461 | GPU Memory: 2855.0MB
2025-09-09 14:38:21,246 - INFO - Epoch 9 | Batch 8/10 | Loss: 0.3367 | Avg Loss: 0.3450 | GPU Memory: 2854.5MB
2025-09-09 14:38:21,564 - INFO - Epoch 9 | Batch 9/10 | Loss: 0.3414 | Avg Loss: 0.3446 | GPU Memory: 2854.3MB
2025-09-09 14:38:21,829 - INFO - Epoch 9 | Batch 10/10 | Loss: 0.3412 | Avg Loss: 0.3400 | GPU Memory: 2850.3MB
2025-09-09 14:38:22,585 - INFO - Epoch 9 completed. Loss: 0.3443, Time: 4.6s
2025-09-09 14:41:43,289 - INFO - Validation | Loss: 0.3702, mIoU: 0.7669, IoUs: [0.99224126 0.93153419 0.72073224 0.42298638]
2025-09-09 14:41:43,882 - INFO - Saved best model at epoch 9 to runs/ResNet50UNet_20250909_141051/checkpoints/ResNet50UNet_best.pth
2025-09-09 14:41:44,858 - INFO - Epoch 10 | Batch 1/10 | Loss: 0.3386 | Avg Loss: 0.3386 | GPU Memory: 2854.5MB
2025-09-09 14:41:45,196 - INFO - Epoch 10 | Batch 2/10 | Loss: 0.3374 | Avg Loss: 0.3380 | GPU Memory: 2857.0MB
2025-09-09 14:41:45,539 - INFO - Epoch 10 | Batch 3/10 | Loss: 0.3362 | Avg Loss: 0.3374 | GPU Memory: 2856.3MB
2025-09-09 14:41:45,850 - INFO - Epoch 10 | Batch 4/10 | Loss: 0.3333 | Avg Loss: 0.3364 | GPU Memory: 2855.5MB
2025-09-09 14:41:46,168 - INFO - Epoch 10 | Batch 5/10 | Loss: 0.3338 | Avg Loss: 0.3359 | GPU Memory: 2855.3MB
2025-09-09 14:41:46,491 - INFO - Epoch 10 | Batch 6/10 | Loss: 0.3361 | Avg Loss: 0.3359 | GPU Memory: 2855.0MB
2025-09-09 14:41:46,807 - INFO - Epoch 10 | Batch 7/10 | Loss: 0.3281 | Avg Loss: 0.3348 | GPU Memory: 2855.0MB
2025-09-09 14:41:47,125 - INFO - Epoch 10 | Batch 8/10 | Loss: 0.3279 | Avg Loss: 0.3339 | GPU Memory: 2854.5MB
2025-09-09 14:41:47,445 - INFO - Epoch 10 | Batch 9/10 | Loss: 0.3285 | Avg Loss: 0.3333 | GPU Memory: 2854.3MB
2025-09-09 14:41:47,714 - INFO - Epoch 10 | Batch 10/10 | Loss: 0.3295 | Avg Loss: 0.3288 | GPU Memory: 2850.3MB
2025-09-09 14:41:48,474 - INFO - Epoch 10 completed. Loss: 0.3330, Time: 4.6s
2025-09-09 14:45:10,189 - INFO - Validation | Loss: 0.3604, mIoU: 0.7660, IoUs: [0.99235177 0.92773075 0.71546326 0.4286069 ]
2025-09-09 14:45:11,655 - INFO - Saved periodic checkpoint at epoch 10 to runs/ResNet50UNet_20250909_141051/checkpoints/ResNet50UNet_epoch_10.pth
2025-09-09 14:45:12,263 - INFO - Saved best model at epoch 10 to runs/ResNet50UNet_20250909_141051/checkpoints/ResNet50UNet_best.pth
2025-09-09 14:45:13,220 - INFO - Epoch 11 | Batch 1/10 | Loss: 0.3329 | Avg Loss: 0.3329 | GPU Memory: 2854.5MB
2025-09-09 14:45:13,561 - INFO - Epoch 11 | Batch 2/10 | Loss: 0.3382 | Avg Loss: 0.3356 | GPU Memory: 2857.0MB
2025-09-09 14:45:13,888 - INFO - Epoch 11 | Batch 3/10 | Loss: 0.3297 | Avg Loss: 0.3336 | GPU Memory: 2856.3MB
2025-09-09 14:45:14,227 - INFO - Epoch 11 | Batch 4/10 | Loss: 0.3256 | Avg Loss: 0.3316 | GPU Memory: 2855.5MB
2025-09-09 14:45:14,543 - INFO - Epoch 11 | Batch 5/10 | Loss: 0.3241 | Avg Loss: 0.3301 | GPU Memory: 2855.3MB
2025-09-09 14:45:14,864 - INFO - Epoch 11 | Batch 6/10 | Loss: 0.3272 | Avg Loss: 0.3296 | GPU Memory: 2855.0MB
2025-09-09 14:45:15,181 - INFO - Epoch 11 | Batch 7/10 | Loss: 0.3252 | Avg Loss: 0.3290 | GPU Memory: 2855.0MB
2025-09-09 14:45:15,499 - INFO - Epoch 11 | Batch 8/10 | Loss: 0.3248 | Avg Loss: 0.3285 | GPU Memory: 2854.5MB
2025-09-09 14:45:15,820 - INFO - Epoch 11 | Batch 9/10 | Loss: 0.3277 | Avg Loss: 0.3284 | GPU Memory: 2854.3MB
2025-09-09 14:45:16,085 - INFO - Epoch 11 | Batch 10/10 | Loss: 0.3239 | Avg Loss: 0.3239 | GPU Memory: 2850.3MB
2025-09-09 14:45:16,826 - INFO - Epoch 11 completed. Loss: 0.3280, Time: 4.6s
2025-09-09 14:48:37,595 - INFO - Validation | Loss: 0.3561, mIoU: 0.7658, IoUs: [0.99239125 0.92856405 0.71149093 0.43088963]
2025-09-09 14:48:38,199 - INFO - Saved best model at epoch 11 to runs/ResNet50UNet_20250909_141051/checkpoints/ResNet50UNet_best.pth
2025-09-09 14:48:39,235 - INFO - Epoch 12 | Batch 1/10 | Loss: 0.3324 | Avg Loss: 0.3324 | GPU Memory: 2854.5MB
2025-09-09 14:48:39,554 - INFO - Epoch 12 | Batch 2/10 | Loss: 0.3345 | Avg Loss: 0.3335 | GPU Memory: 2857.0MB
2025-09-09 14:48:39,890 - INFO - Epoch 12 | Batch 3/10 | Loss: 0.3276 | Avg Loss: 0.3315 | GPU Memory: 2856.3MB
2025-09-09 14:48:40,216 - INFO - Epoch 12 | Batch 4/10 | Loss: 0.3259 | Avg Loss: 0.3301 | GPU Memory: 2855.5MB
2025-09-09 14:48:40,533 - INFO - Epoch 12 | Batch 5/10 | Loss: 0.3261 | Avg Loss: 0.3293 | GPU Memory: 2855.3MB
2025-09-09 14:48:40,852 - INFO - Epoch 12 | Batch 6/10 | Loss: 0.3254 | Avg Loss: 0.3287 | GPU Memory: 2855.0MB
2025-09-09 14:48:41,169 - INFO - Epoch 12 | Batch 7/10 | Loss: 0.3206 | Avg Loss: 0.3275 | GPU Memory: 2855.0MB
2025-09-09 14:48:41,485 - INFO - Epoch 12 | Batch 8/10 | Loss: 0.3274 | Avg Loss: 0.3275 | GPU Memory: 2854.5MB
2025-09-09 14:48:41,805 - INFO - Epoch 12 | Batch 9/10 | Loss: 0.3201 | Avg Loss: 0.3267 | GPU Memory: 2854.3MB
2025-09-09 14:48:42,068 - INFO - Epoch 12 | Batch 10/10 | Loss: 0.3256 | Avg Loss: 0.3225 | GPU Memory: 2850.3MB
2025-09-09 14:48:42,835 - INFO - Epoch 12 completed. Loss: 0.3266, Time: 4.6s
2025-09-09 14:52:03,500 - INFO - Validation | Loss: 0.3557, mIoU: 0.7651, IoUs: [0.99245522 0.92965492 0.704777   0.43347977]
2025-09-09 14:52:04,152 - INFO - Saved best model at epoch 12 to runs/ResNet50UNet_20250909_141051/checkpoints/ResNet50UNet_best.pth
2025-09-09 14:52:05,130 - INFO - Epoch 13 | Batch 1/10 | Loss: 0.3278 | Avg Loss: 0.3278 | GPU Memory: 2854.5MB
2025-09-09 14:52:05,465 - INFO - Epoch 13 | Batch 2/10 | Loss: 0.3319 | Avg Loss: 0.3298 | GPU Memory: 2857.0MB
2025-09-09 14:52:05,782 - INFO - Epoch 13 | Batch 3/10 | Loss: 0.3296 | Avg Loss: 0.3298 | GPU Memory: 2856.3MB
2025-09-09 14:52:06,113 - INFO - Epoch 13 | Batch 4/10 | Loss: 0.3202 | Avg Loss: 0.3274 | GPU Memory: 2855.5MB
2025-09-09 14:52:06,430 - INFO - Epoch 13 | Batch 5/10 | Loss: 0.3212 | Avg Loss: 0.3261 | GPU Memory: 2855.3MB
2025-09-09 14:52:06,750 - INFO - Epoch 13 | Batch 6/10 | Loss: 0.3217 | Avg Loss: 0.3254 | GPU Memory: 2855.0MB
2025-09-09 14:52:07,068 - INFO - Epoch 13 | Batch 7/10 | Loss: 0.3221 | Avg Loss: 0.3249 | GPU Memory: 2855.0MB
2025-09-09 14:52:07,384 - INFO - Epoch 13 | Batch 8/10 | Loss: 0.3306 | Avg Loss: 0.3256 | GPU Memory: 2854.5MB
2025-09-09 14:52:07,701 - INFO - Epoch 13 | Batch 9/10 | Loss: 0.3248 | Avg Loss: 0.3255 | GPU Memory: 2854.3MB
2025-09-09 14:52:07,961 - INFO - Epoch 13 | Batch 10/10 | Loss: 0.3262 | Avg Loss: 0.3215 | GPU Memory: 2850.3MB
2025-09-09 14:52:08,724 - INFO - Epoch 13 completed. Loss: 0.3256, Time: 4.6s
2025-09-09 14:55:29,240 - INFO - Validation | Loss: 0.3538, mIoU: 0.7655, IoUs: [0.99242586 0.93004878 0.70922488 0.43021951]
2025-09-09 14:55:29,836 - INFO - Saved best model at epoch 13 to runs/ResNet50UNet_20250909_141051/checkpoints/ResNet50UNet_best.pth
2025-09-09 14:55:30,802 - INFO - Epoch 14 | Batch 1/10 | Loss: 0.3241 | Avg Loss: 0.3241 | GPU Memory: 2854.5MB
2025-09-09 14:55:31,161 - INFO - Epoch 14 | Batch 2/10 | Loss: 0.3223 | Avg Loss: 0.3232 | GPU Memory: 2857.0MB
2025-09-09 14:55:31,495 - INFO - Epoch 14 | Batch 3/10 | Loss: 0.3279 | Avg Loss: 0.3247 | GPU Memory: 2856.3MB
2025-09-09 14:55:31,807 - INFO - Epoch 14 | Batch 4/10 | Loss: 0.3353 | Avg Loss: 0.3274 | GPU Memory: 2855.5MB
2025-09-09 14:55:32,125 - INFO - Epoch 14 | Batch 5/10 | Loss: 0.3235 | Avg Loss: 0.3266 | GPU Memory: 2855.3MB
2025-09-09 14:55:32,444 - INFO - Epoch 14 | Batch 6/10 | Loss: 0.3238 | Avg Loss: 0.3261 | GPU Memory: 2855.0MB
2025-09-09 14:55:32,760 - INFO - Epoch 14 | Batch 7/10 | Loss: 0.3259 | Avg Loss: 0.3261 | GPU Memory: 2855.0MB
2025-09-09 14:55:33,080 - INFO - Epoch 14 | Batch 8/10 | Loss: 0.3232 | Avg Loss: 0.3257 | GPU Memory: 2854.5MB
2025-09-09 14:55:33,395 - INFO - Epoch 14 | Batch 9/10 | Loss: 0.3245 | Avg Loss: 0.3256 | GPU Memory: 2854.3MB
2025-09-09 14:55:33,660 - INFO - Epoch 14 | Batch 10/10 | Loss: 0.3234 | Avg Loss: 0.3213 | GPU Memory: 2850.3MB
2025-09-09 14:55:34,424 - INFO - Epoch 14 completed. Loss: 0.3254, Time: 4.6s
2025-09-09 14:58:54,119 - INFO - Validation | Loss: 0.3521, mIoU: 0.7659, IoUs: [0.99242409 0.92991651 0.71222467 0.42897724]
2025-09-09 14:58:54,720 - INFO - Saved best model at epoch 14 to runs/ResNet50UNet_20250909_141051/checkpoints/ResNet50UNet_best.pth
2025-09-09 14:58:55,678 - INFO - Epoch 15 | Batch 1/10 | Loss: 0.3220 | Avg Loss: 0.3220 | GPU Memory: 2854.5MB
2025-09-09 14:58:56,021 - INFO - Epoch 15 | Batch 2/10 | Loss: 0.3232 | Avg Loss: 0.3226 | GPU Memory: 2857.0MB
2025-09-09 14:58:56,392 - INFO - Epoch 15 | Batch 3/10 | Loss: 0.3240 | Avg Loss: 0.3231 | GPU Memory: 2856.3MB
2025-09-09 14:58:56,707 - INFO - Epoch 15 | Batch 4/10 | Loss: 0.3248 | Avg Loss: 0.3235 | GPU Memory: 2855.5MB
2025-09-09 14:58:57,026 - INFO - Epoch 15 | Batch 5/10 | Loss: 0.3292 | Avg Loss: 0.3246 | GPU Memory: 2855.3MB
2025-09-09 14:58:57,344 - INFO - Epoch 15 | Batch 6/10 | Loss: 0.3167 | Avg Loss: 0.3233 | GPU Memory: 2855.0MB
2025-09-09 14:58:57,659 - INFO - Epoch 15 | Batch 7/10 | Loss: 0.3213 | Avg Loss: 0.3230 | GPU Memory: 2855.0MB
2025-09-09 14:58:57,975 - INFO - Epoch 15 | Batch 8/10 | Loss: 0.3302 | Avg Loss: 0.3239 | GPU Memory: 2854.5MB
2025-09-09 14:58:58,293 - INFO - Epoch 15 | Batch 9/10 | Loss: 0.3218 | Avg Loss: 0.3237 | GPU Memory: 2854.3MB
2025-09-09 14:58:58,556 - INFO - Epoch 15 | Batch 10/10 | Loss: 0.3213 | Avg Loss: 0.3195 | GPU Memory: 2850.3MB
2025-09-09 14:58:59,311 - INFO - Epoch 15 completed. Loss: 0.3235, Time: 4.6s
2025-09-09 15:02:20,214 - INFO - Validation | Loss: 0.3514, mIoU: 0.7660, IoUs: [0.99239774 0.9294209  0.71343758 0.42885779]
2025-09-09 15:02:20,800 - INFO - Saved best model at epoch 15 to runs/ResNet50UNet_20250909_141051/checkpoints/ResNet50UNet_best.pth
2025-09-09 15:02:21,769 - INFO - Epoch 16 | Batch 1/10 | Loss: 0.3237 | Avg Loss: 0.3237 | GPU Memory: 2854.5MB
2025-09-09 15:02:22,102 - INFO - Epoch 16 | Batch 2/10 | Loss: 0.3194 | Avg Loss: 0.3215 | GPU Memory: 2857.0MB
2025-09-09 15:02:22,454 - INFO - Epoch 16 | Batch 3/10 | Loss: 0.3302 | Avg Loss: 0.3244 | GPU Memory: 2856.3MB
2025-09-09 15:02:22,794 - INFO - Epoch 16 | Batch 4/10 | Loss: 0.3211 | Avg Loss: 0.3236 | GPU Memory: 2855.5MB
2025-09-09 15:02:23,109 - INFO - Epoch 16 | Batch 5/10 | Loss: 0.3212 | Avg Loss: 0.3231 | GPU Memory: 2855.3MB
2025-09-09 15:02:23,426 - INFO - Epoch 16 | Batch 6/10 | Loss: 0.3224 | Avg Loss: 0.3230 | GPU Memory: 2855.0MB
2025-09-09 15:02:23,744 - INFO - Epoch 16 | Batch 7/10 | Loss: 0.3188 | Avg Loss: 0.3224 | GPU Memory: 2855.0MB
2025-09-09 15:02:24,060 - INFO - Epoch 16 | Batch 8/10 | Loss: 0.3216 | Avg Loss: 0.3223 | GPU Memory: 2854.5MB
2025-09-09 15:02:24,377 - INFO - Epoch 16 | Batch 9/10 | Loss: 0.3246 | Avg Loss: 0.3226 | GPU Memory: 2854.3MB
2025-09-09 15:02:24,643 - INFO - Epoch 16 | Batch 10/10 | Loss: 0.3252 | Avg Loss: 0.3188 | GPU Memory: 2850.3MB
2025-09-09 15:02:25,408 - INFO - Epoch 16 completed. Loss: 0.3228, Time: 4.6s
2025-09-09 15:05:45,710 - INFO - Validation | Loss: 0.3514, mIoU: 0.7657, IoUs: [0.99240853 0.9296453  0.71110524 0.42948259]
2025-09-09 15:05:46,689 - INFO - Epoch 17 | Batch 1/10 | Loss: 0.3224 | Avg Loss: 0.3224 | GPU Memory: 2854.5MB
2025-09-09 15:05:47,016 - INFO - Epoch 17 | Batch 2/10 | Loss: 0.3242 | Avg Loss: 0.3233 | GPU Memory: 2857.0MB
2025-09-09 15:05:47,359 - INFO - Epoch 17 | Batch 3/10 | Loss: 0.3258 | Avg Loss: 0.3241 | GPU Memory: 2856.3MB
2025-09-09 15:05:47,690 - INFO - Epoch 17 | Batch 4/10 | Loss: 0.3208 | Avg Loss: 0.3233 | GPU Memory: 2855.5MB
2025-09-09 15:05:48,004 - INFO - Epoch 17 | Batch 5/10 | Loss: 0.3225 | Avg Loss: 0.3231 | GPU Memory: 2855.3MB
2025-09-09 15:05:48,321 - INFO - Epoch 17 | Batch 6/10 | Loss: 0.3173 | Avg Loss: 0.3221 | GPU Memory: 2855.0MB
2025-09-09 15:05:48,639 - INFO - Epoch 17 | Batch 7/10 | Loss: 0.3227 | Avg Loss: 0.3222 | GPU Memory: 2855.0MB
2025-09-09 15:05:48,954 - INFO - Epoch 17 | Batch 8/10 | Loss: 0.3219 | Avg Loss: 0.3222 | GPU Memory: 2854.5MB
2025-09-09 15:05:49,270 - INFO - Epoch 17 | Batch 9/10 | Loss: 0.3205 | Avg Loss: 0.3220 | GPU Memory: 2854.3MB
2025-09-09 15:05:49,535 - INFO - Epoch 17 | Batch 10/10 | Loss: 0.3222 | Avg Loss: 0.3180 | GPU Memory: 2850.3MB
2025-09-09 15:05:50,294 - INFO - Epoch 17 completed. Loss: 0.3220, Time: 4.6s
2025-09-09 15:09:16,082 - INFO - Validation | Loss: 0.3512, mIoU: 0.7658, IoUs: [0.99240338 0.92923127 0.71194944 0.42954683]
2025-09-09 15:09:16,716 - INFO - Saved best model at epoch 17 to runs/ResNet50UNet_20250909_141051/checkpoints/ResNet50UNet_best.pth
2025-09-09 15:09:17,776 - INFO - Epoch 18 | Batch 1/10 | Loss: 0.3322 | Avg Loss: 0.3322 | GPU Memory: 2854.5MB
2025-09-09 15:09:18,104 - INFO - Epoch 18 | Batch 2/10 | Loss: 0.3233 | Avg Loss: 0.3278 | GPU Memory: 2857.0MB
2025-09-09 15:09:18,448 - INFO - Epoch 18 | Batch 3/10 | Loss: 0.3187 | Avg Loss: 0.3247 | GPU Memory: 2856.3MB
2025-09-09 15:09:18,772 - INFO - Epoch 18 | Batch 4/10 | Loss: 0.3222 | Avg Loss: 0.3241 | GPU Memory: 2855.5MB
2025-09-09 15:09:19,096 - INFO - Epoch 18 | Batch 5/10 | Loss: 0.3194 | Avg Loss: 0.3232 | GPU Memory: 2855.3MB
2025-09-09 15:09:19,421 - INFO - Epoch 18 | Batch 6/10 | Loss: 0.3172 | Avg Loss: 0.3222 | GPU Memory: 2855.0MB
2025-09-09 15:09:19,744 - INFO - Epoch 18 | Batch 7/10 | Loss: 0.3266 | Avg Loss: 0.3228 | GPU Memory: 2855.0MB
2025-09-09 15:09:20,065 - INFO - Epoch 18 | Batch 8/10 | Loss: 0.3217 | Avg Loss: 0.3227 | GPU Memory: 2854.5MB
2025-09-09 15:09:20,391 - INFO - Epoch 18 | Batch 9/10 | Loss: 0.3252 | Avg Loss: 0.3229 | GPU Memory: 2854.3MB
2025-09-09 15:09:20,660 - INFO - Epoch 18 | Batch 10/10 | Loss: 0.3212 | Avg Loss: 0.3188 | GPU Memory: 2850.3MB
2025-09-09 15:09:21,422 - INFO - Epoch 18 completed. Loss: 0.3228, Time: 4.7s
2025-09-09 15:12:47,339 - INFO - Validation | Loss: 0.3509, mIoU: 0.7661, IoUs: [0.99241083 0.92967149 0.71303858 0.42917025]
2025-09-09 15:12:47,945 - INFO - Saved best model at epoch 18 to runs/ResNet50UNet_20250909_141051/checkpoints/ResNet50UNet_best.pth
2025-09-09 15:12:49,008 - INFO - Epoch 19 | Batch 1/10 | Loss: 0.3209 | Avg Loss: 0.3209 | GPU Memory: 2854.5MB
2025-09-09 15:12:49,364 - INFO - Epoch 19 | Batch 2/10 | Loss: 0.3267 | Avg Loss: 0.3238 | GPU Memory: 2857.0MB
2025-09-09 15:12:49,682 - INFO - Epoch 19 | Batch 3/10 | Loss: 0.3201 | Avg Loss: 0.3225 | GPU Memory: 2856.3MB
2025-09-09 15:12:50,006 - INFO - Epoch 19 | Batch 4/10 | Loss: 0.3159 | Avg Loss: 0.3209 | GPU Memory: 2855.5MB
2025-09-09 15:12:50,327 - INFO - Epoch 19 | Batch 5/10 | Loss: 0.3288 | Avg Loss: 0.3225 | GPU Memory: 2855.3MB
2025-09-09 15:12:50,650 - INFO - Epoch 19 | Batch 6/10 | Loss: 0.3238 | Avg Loss: 0.3227 | GPU Memory: 2855.0MB
2025-09-09 15:12:50,974 - INFO - Epoch 19 | Batch 7/10 | Loss: 0.3235 | Avg Loss: 0.3228 | GPU Memory: 2855.0MB
2025-09-09 15:12:51,297 - INFO - Epoch 19 | Batch 8/10 | Loss: 0.3235 | Avg Loss: 0.3229 | GPU Memory: 2854.5MB
2025-09-09 15:12:51,618 - INFO - Epoch 19 | Batch 9/10 | Loss: 0.3181 | Avg Loss: 0.3224 | GPU Memory: 2854.3MB
2025-09-09 15:12:51,889 - INFO - Epoch 19 | Batch 10/10 | Loss: 0.3222 | Avg Loss: 0.3183 | GPU Memory: 2850.3MB
2025-09-09 15:12:52,599 - INFO - Epoch 19 completed. Loss: 0.3224, Time: 4.7s
2025-09-09 15:16:19,532 - INFO - Validation | Loss: 0.3504, mIoU: 0.7659, IoUs: [0.99241573 0.92894602 0.71279998 0.42926478]
2025-09-09 15:16:20,167 - INFO - Saved best model at epoch 19 to runs/ResNet50UNet_20250909_141051/checkpoints/ResNet50UNet_best.pth
2025-09-09 15:16:21,233 - INFO - Epoch 20 | Batch 1/10 | Loss: 0.3324 | Avg Loss: 0.3324 | GPU Memory: 2854.5MB
2025-09-09 15:16:21,566 - INFO - Epoch 20 | Batch 2/10 | Loss: 0.3179 | Avg Loss: 0.3251 | GPU Memory: 2857.0MB
2025-09-09 15:16:21,898 - INFO - Epoch 20 | Batch 3/10 | Loss: 0.3210 | Avg Loss: 0.3238 | GPU Memory: 2856.3MB
2025-09-09 15:16:22,224 - INFO - Epoch 20 | Batch 4/10 | Loss: 0.3221 | Avg Loss: 0.3233 | GPU Memory: 2855.5MB
2025-09-09 15:16:22,548 - INFO - Epoch 20 | Batch 5/10 | Loss: 0.3202 | Avg Loss: 0.3227 | GPU Memory: 2855.3MB
2025-09-09 15:16:22,872 - INFO - Epoch 20 | Batch 6/10 | Loss: 0.3220 | Avg Loss: 0.3226 | GPU Memory: 2855.0MB
2025-09-09 15:16:23,197 - INFO - Epoch 20 | Batch 7/10 | Loss: 0.3176 | Avg Loss: 0.3219 | GPU Memory: 2855.0MB
2025-09-09 15:16:23,520 - INFO - Epoch 20 | Batch 8/10 | Loss: 0.3284 | Avg Loss: 0.3227 | GPU Memory: 2854.5MB
2025-09-09 15:16:23,847 - INFO - Epoch 20 | Batch 9/10 | Loss: 0.3195 | Avg Loss: 0.3223 | GPU Memory: 2854.3MB
2025-09-09 15:16:24,114 - INFO - Epoch 20 | Batch 10/10 | Loss: 0.3231 | Avg Loss: 0.3184 | GPU Memory: 2850.3MB
2025-09-09 15:16:24,880 - INFO - Epoch 20 completed. Loss: 0.3224, Time: 4.7s
2025-09-09 15:19:49,683 - INFO - Validation | Loss: 0.3502, mIoU: 0.7662, IoUs: [0.99242599 0.9295043  0.71323024 0.42950067]
2025-09-09 15:19:51,258 - INFO - Saved periodic checkpoint at epoch 20 to runs/ResNet50UNet_20250909_141051/checkpoints/ResNet50UNet_epoch_20.pth
2025-09-09 15:19:51,882 - INFO - Saved best model at epoch 20 to runs/ResNet50UNet_20250909_141051/checkpoints/ResNet50UNet_best.pth
2025-09-09 15:19:52,931 - INFO - Epoch 21 | Batch 1/10 | Loss: 0.3235 | Avg Loss: 0.3235 | GPU Memory: 2854.5MB
2025-09-09 15:19:53,266 - INFO - Epoch 21 | Batch 2/10 | Loss: 0.3210 | Avg Loss: 0.3222 | GPU Memory: 2857.0MB
2025-09-09 15:19:53,593 - INFO - Epoch 21 | Batch 3/10 | Loss: 0.3190 | Avg Loss: 0.3212 | GPU Memory: 2856.3MB
2025-09-09 15:19:53,923 - INFO - Epoch 21 | Batch 4/10 | Loss: 0.3189 | Avg Loss: 0.3206 | GPU Memory: 2855.5MB
2025-09-09 15:19:54,248 - INFO - Epoch 21 | Batch 5/10 | Loss: 0.3278 | Avg Loss: 0.3220 | GPU Memory: 2855.3MB
2025-09-09 15:19:54,571 - INFO - Epoch 21 | Batch 6/10 | Loss: 0.3185 | Avg Loss: 0.3215 | GPU Memory: 2855.0MB
2025-09-09 15:19:54,892 - INFO - Epoch 21 | Batch 7/10 | Loss: 0.3273 | Avg Loss: 0.3223 | GPU Memory: 2855.0MB
2025-09-09 15:19:55,215 - INFO - Epoch 21 | Batch 8/10 | Loss: 0.3161 | Avg Loss: 0.3215 | GPU Memory: 2854.5MB
2025-09-09 15:19:55,538 - INFO - Epoch 21 | Batch 9/10 | Loss: 0.3243 | Avg Loss: 0.3218 | GPU Memory: 2854.3MB
2025-09-09 15:19:55,808 - INFO - Epoch 21 | Batch 10/10 | Loss: 0.3292 | Avg Loss: 0.3184 | GPU Memory: 2850.3MB
2025-09-09 15:19:56,574 - INFO - Epoch 21 completed. Loss: 0.3225, Time: 4.7s
2025-09-09 15:23:19,399 - INFO - Validation | Loss: 0.3500, mIoU: 0.7662, IoUs: [0.99241771 0.92962852 0.71396    0.42877183]
2025-09-09 15:23:19,997 - INFO - Saved best model at epoch 21 to runs/ResNet50UNet_20250909_141051/checkpoints/ResNet50UNet_best.pth
2025-09-09 15:23:21,076 - INFO - Epoch 22 | Batch 1/10 | Loss: 0.3264 | Avg Loss: 0.3264 | GPU Memory: 2854.5MB
2025-09-09 15:23:21,411 - INFO - Epoch 22 | Batch 2/10 | Loss: 0.3222 | Avg Loss: 0.3243 | GPU Memory: 2857.0MB
2025-09-09 15:23:21,746 - INFO - Epoch 22 | Batch 3/10 | Loss: 0.3210 | Avg Loss: 0.3232 | GPU Memory: 2856.3MB
2025-09-09 15:23:22,070 - INFO - Epoch 22 | Batch 4/10 | Loss: 0.3192 | Avg Loss: 0.3222 | GPU Memory: 2855.5MB
2025-09-09 15:23:22,395 - INFO - Epoch 22 | Batch 5/10 | Loss: 0.3229 | Avg Loss: 0.3223 | GPU Memory: 2855.3MB
2025-09-09 15:23:22,720 - INFO - Epoch 22 | Batch 6/10 | Loss: 0.3208 | Avg Loss: 0.3221 | GPU Memory: 2855.0MB
2025-09-09 15:23:23,042 - INFO - Epoch 22 | Batch 7/10 | Loss: 0.3274 | Avg Loss: 0.3228 | GPU Memory: 2855.0MB
2025-09-09 15:23:23,369 - INFO - Epoch 22 | Batch 8/10 | Loss: 0.3188 | Avg Loss: 0.3223 | GPU Memory: 2854.5MB
2025-09-09 15:23:23,693 - INFO - Epoch 22 | Batch 9/10 | Loss: 0.3283 | Avg Loss: 0.3230 | GPU Memory: 2854.3MB
2025-09-09 15:23:23,966 - INFO - Epoch 22 | Batch 10/10 | Loss: 0.3188 | Avg Loss: 0.3186 | GPU Memory: 2850.3MB
2025-09-09 15:23:24,737 - INFO - Epoch 22 completed. Loss: 0.3226, Time: 4.7s
2025-09-09 15:26:50,610 - INFO - Validation | Loss: 0.3506, mIoU: 0.7659, IoUs: [0.99243165 0.92964441 0.71143105 0.43008074]
2025-09-09 15:26:51,617 - INFO - Epoch 23 | Batch 1/10 | Loss: 0.3197 | Avg Loss: 0.3197 | GPU Memory: 2854.5MB
2025-09-09 15:26:51,969 - INFO - Epoch 23 | Batch 2/10 | Loss: 0.3186 | Avg Loss: 0.3191 | GPU Memory: 2857.0MB
2025-09-09 15:26:52,306 - INFO - Epoch 23 | Batch 3/10 | Loss: 0.3222 | Avg Loss: 0.3202 | GPU Memory: 2856.3MB
2025-09-09 15:26:52,623 - INFO - Epoch 23 | Batch 4/10 | Loss: 0.3226 | Avg Loss: 0.3208 | GPU Memory: 2855.5MB
2025-09-09 15:26:52,955 - INFO - Epoch 23 | Batch 5/10 | Loss: 0.3279 | Avg Loss: 0.3222 | GPU Memory: 2855.3MB
2025-09-09 15:26:53,290 - INFO - Epoch 23 | Batch 6/10 | Loss: 0.3227 | Avg Loss: 0.3223 | GPU Memory: 2855.0MB
2025-09-09 15:26:53,617 - INFO - Epoch 23 | Batch 7/10 | Loss: 0.3236 | Avg Loss: 0.3225 | GPU Memory: 2855.0MB
2025-09-09 15:26:54,034 - INFO - Epoch 23 | Batch 8/10 | Loss: 0.3246 | Avg Loss: 0.3227 | GPU Memory: 2854.5MB
2025-09-09 15:26:54,478 - INFO - Epoch 23 | Batch 9/10 | Loss: 0.3180 | Avg Loss: 0.3222 | GPU Memory: 2854.3MB
2025-09-09 15:26:54,846 - INFO - Epoch 23 | Batch 10/10 | Loss: 0.3230 | Avg Loss: 0.3183 | GPU Memory: 2850.3MB
2025-09-09 15:26:55,622 - INFO - Epoch 23 completed. Loss: 0.3223, Time: 5.0s
2025-09-09 15:30:32,204 - INFO - Validation | Loss: 0.3507, mIoU: 0.7656, IoUs: [0.99243035 0.92954478 0.71043278 0.43007837]
2025-09-09 15:30:33,214 - INFO - Epoch 24 | Batch 1/10 | Loss: 0.3222 | Avg Loss: 0.3222 | GPU Memory: 2854.5MB
2025-09-09 15:30:33,567 - INFO - Epoch 24 | Batch 2/10 | Loss: 0.3206 | Avg Loss: 0.3214 | GPU Memory: 2857.0MB
2025-09-09 15:30:33,899 - INFO - Epoch 24 | Batch 3/10 | Loss: 0.3306 | Avg Loss: 0.3245 | GPU Memory: 2856.3MB
2025-09-09 15:30:34,248 - INFO - Epoch 24 | Batch 4/10 | Loss: 0.3230 | Avg Loss: 0.3241 | GPU Memory: 2855.5MB
2025-09-09 15:30:34,576 - INFO - Epoch 24 | Batch 5/10 | Loss: 0.3156 | Avg Loss: 0.3224 | GPU Memory: 2855.3MB
2025-09-09 15:30:34,905 - INFO - Epoch 24 | Batch 6/10 | Loss: 0.3167 | Avg Loss: 0.3215 | GPU Memory: 2855.0MB
2025-09-09 15:30:35,240 - INFO - Epoch 24 | Batch 7/10 | Loss: 0.3328 | Avg Loss: 0.3231 | GPU Memory: 2855.0MB
2025-09-09 15:30:35,642 - INFO - Epoch 24 | Batch 8/10 | Loss: 0.3197 | Avg Loss: 0.3227 | GPU Memory: 2854.5MB
2025-09-09 15:30:36,080 - INFO - Epoch 24 | Batch 9/10 | Loss: 0.3211 | Avg Loss: 0.3225 | GPU Memory: 2854.3MB
2025-09-09 15:30:36,454 - INFO - Epoch 24 | Batch 10/10 | Loss: 0.3256 | Avg Loss: 0.3187 | GPU Memory: 2850.3MB
2025-09-09 15:30:37,213 - INFO - Epoch 24 completed. Loss: 0.3228, Time: 5.0s
2025-09-09 15:34:03,577 - INFO - Validation | Loss: 0.3498, mIoU: 0.7661, IoUs: [0.99241362 0.9291909  0.71287254 0.42978897]
2025-09-09 15:34:04,175 - INFO - Saved best model at epoch 24 to runs/ResNet50UNet_20250909_141051/checkpoints/ResNet50UNet_best.pth
2025-09-09 15:34:05,180 - INFO - Epoch 25 | Batch 1/10 | Loss: 0.3249 | Avg Loss: 0.3249 | GPU Memory: 2854.5MB
2025-09-09 15:34:05,524 - INFO - Epoch 25 | Batch 2/10 | Loss: 0.3185 | Avg Loss: 0.3217 | GPU Memory: 2857.0MB
2025-09-09 15:34:05,871 - INFO - Epoch 25 | Batch 3/10 | Loss: 0.3196 | Avg Loss: 0.3210 | GPU Memory: 2856.3MB
2025-09-09 15:34:06,202 - INFO - Epoch 25 | Batch 4/10 | Loss: 0.3211 | Avg Loss: 0.3210 | GPU Memory: 2855.5MB
2025-09-09 15:34:06,533 - INFO - Epoch 25 | Batch 5/10 | Loss: 0.3235 | Avg Loss: 0.3215 | GPU Memory: 2855.3MB
2025-09-09 15:34:06,864 - INFO - Epoch 25 | Batch 6/10 | Loss: 0.3164 | Avg Loss: 0.3207 | GPU Memory: 2855.0MB
2025-09-09 15:34:07,236 - INFO - Epoch 25 | Batch 7/10 | Loss: 0.3252 | Avg Loss: 0.3213 | GPU Memory: 2855.0MB
2025-09-09 15:34:07,668 - INFO - Epoch 25 | Batch 8/10 | Loss: 0.3256 | Avg Loss: 0.3218 | GPU Memory: 2854.5MB
2025-09-09 15:34:08,108 - INFO - Epoch 25 | Batch 9/10 | Loss: 0.3295 | Avg Loss: 0.3227 | GPU Memory: 2854.3MB
2025-09-09 15:34:08,431 - INFO - Epoch 25 | Batch 10/10 | Loss: 0.3207 | Avg Loss: 0.3185 | GPU Memory: 2850.3MB
2025-09-09 15:34:09,180 - INFO - Epoch 25 completed. Loss: 0.3225, Time: 5.0s
2025-09-09 15:37:32,804 - INFO - Validation | Loss: 0.3502, mIoU: 0.7656, IoUs: [0.99241658 0.92878492 0.71087238 0.43036134]
2025-09-09 15:37:32,805 - INFO - Training completed
2025-09-09 15:37:32,805 - INFO - Average Validation Loss: 0.4785 ± 0.2815
2025-09-09 15:37:32,805 - INFO - Average Validation mIoU: 0.7131 ± 0.1437
2025-09-09 15:37:32,806 - INFO - Average Per-class IoU: Class 0: 0.9380, Class 1: 0.8487, Class 2: 0.6906, Class 3: 0.3753
