2025-09-09 11:28:25,835 - INFO - Training ResNet50UNet Model using device: cuda
Run directory: runs/ResNet50UNet_20250909_112825
Configuration:
{
    "name": "ResNet50UNet",
    "data_root": "/media/be-light/Data/PG_Gdansk/Torun_secondment/Experiments/dataset/cityscapes",
    "num_classes": 4,
    "crop_size": 512,
    "batch_size": 8,
    "val_batch_size": 4,
    "num_epochs": 25,
    "lr": 0.0001,
    "log_dir": "runs",
    "resume": null,
    "early_stop_patience": 5
}
2025-09-09 11:28:25,836 - INFO - Training samples: 79, Validation samples: 20
2025-09-09 11:28:27,201 - INFO - Epoch 1 | Batch 1/10 | Loss: 1.4222 | Avg Loss: 1.4222 | GPU Memory: 1320.6MB
2025-09-09 11:28:27,409 - INFO - Epoch 1 | Batch 2/10 | Loss: 1.3814 | Avg Loss: 1.4018 | GPU Memory: 1321.9MB
2025-09-09 11:28:27,604 - INFO - Epoch 1 | Batch 3/10 | Loss: 1.3400 | Avg Loss: 1.3812 | GPU Memory: 1320.9MB
2025-09-09 11:28:27,836 - INFO - Epoch 1 | Batch 4/10 | Loss: 1.3025 | Avg Loss: 1.3615 | GPU Memory: 1322.3MB
2025-09-09 11:28:28,048 - INFO - Epoch 1 | Batch 5/10 | Loss: 1.2755 | Avg Loss: 1.3443 | GPU Memory: 1321.4MB
2025-09-09 11:28:28,270 - INFO - Epoch 1 | Batch 6/10 | Loss: 1.2412 | Avg Loss: 1.3271 | GPU Memory: 1323.7MB
2025-09-09 11:28:28,530 - INFO - Epoch 1 | Batch 7/10 | Loss: 1.2163 | Avg Loss: 1.3113 | GPU Memory: 1322.2MB
2025-09-09 11:28:28,756 - INFO - Epoch 1 | Batch 8/10 | Loss: 1.1979 | Avg Loss: 1.2971 | GPU Memory: 1322.4MB
2025-09-09 11:28:28,953 - INFO - Epoch 1 | Batch 9/10 | Loss: 1.1701 | Avg Loss: 1.2830 | GPU Memory: 1322.9MB
2025-09-09 11:28:29,137 - INFO - Epoch 1 | Batch 10/10 | Loss: 1.1409 | Avg Loss: 1.2545 | GPU Memory: 1315.2MB
2025-09-09 11:28:29,875 - INFO - Epoch 1 completed. Loss: 1.2704, Time: 4.0s
2025-09-09 11:31:53,821 - INFO - Validation | Loss: 1.3534, mIoU: 0.1264, IoUs: [0.16396142 0.2115258  0.12991432 0.        ]
2025-09-09 11:31:54,323 - INFO - Saved best model at epoch 1 to runs/ResNet50UNet_20250909_112825/checkpoints/ResNet50UNet_best.pth
2025-09-09 11:31:55,184 - INFO - Epoch 2 | Batch 1/10 | Loss: 1.1240 | Avg Loss: 1.1240 | GPU Memory: 1322.2MB
2025-09-09 11:31:55,524 - INFO - Epoch 2 | Batch 2/10 | Loss: 1.0905 | Avg Loss: 1.1072 | GPU Memory: 1322.4MB
2025-09-09 11:31:55,852 - INFO - Epoch 2 | Batch 3/10 | Loss: 1.0790 | Avg Loss: 1.0978 | GPU Memory: 1322.9MB
2025-09-09 11:31:56,180 - INFO - Epoch 2 | Batch 4/10 | Loss: 1.0554 | Avg Loss: 1.0872 | GPU Memory: 1322.7MB
2025-09-09 11:31:56,387 - INFO - Epoch 2 | Batch 5/10 | Loss: 1.0408 | Avg Loss: 1.0779 | GPU Memory: 1321.7MB
2025-09-09 11:31:56,593 - INFO - Epoch 2 | Batch 6/10 | Loss: 1.0154 | Avg Loss: 1.0675 | GPU Memory: 1322.2MB
2025-09-09 11:31:56,851 - INFO - Epoch 2 | Batch 7/10 | Loss: 0.9954 | Avg Loss: 1.0572 | GPU Memory: 1320.8MB
2025-09-09 11:31:57,094 - INFO - Epoch 2 | Batch 8/10 | Loss: 0.9688 | Avg Loss: 1.0462 | GPU Memory: 1322.2MB
2025-09-09 11:31:57,293 - INFO - Epoch 2 | Batch 9/10 | Loss: 0.9507 | Avg Loss: 1.0356 | GPU Memory: 1322.4MB
2025-09-09 11:31:57,466 - INFO - Epoch 2 | Batch 10/10 | Loss: 0.9260 | Avg Loss: 1.0130 | GPU Memory: 1315.2MB
2025-09-09 11:31:58,218 - INFO - Epoch 2 completed. Loss: 1.0258, Time: 3.9s
2025-09-09 11:35:32,668 - INFO - Validation | Loss: 1.1459, mIoU: 0.4152, IoUs: [0.79007889 0.46564282 0.40496671 0.        ]
2025-09-09 11:35:33,233 - INFO - Saved best model at epoch 2 to runs/ResNet50UNet_20250909_112825/checkpoints/ResNet50UNet_best.pth
2025-09-09 11:35:34,097 - INFO - Epoch 3 | Batch 1/10 | Loss: 0.9036 | Avg Loss: 0.9036 | GPU Memory: 1322.2MB
2025-09-09 11:35:34,421 - INFO - Epoch 3 | Batch 2/10 | Loss: 0.8963 | Avg Loss: 0.9000 | GPU Memory: 1322.4MB
2025-09-09 11:35:34,767 - INFO - Epoch 3 | Batch 3/10 | Loss: 0.8606 | Avg Loss: 0.8869 | GPU Memory: 1322.9MB
2025-09-09 11:35:35,054 - INFO - Epoch 3 | Batch 4/10 | Loss: 0.8425 | Avg Loss: 0.8758 | GPU Memory: 1322.7MB
2025-09-09 11:35:35,244 - INFO - Epoch 3 | Batch 5/10 | Loss: 0.8207 | Avg Loss: 0.8648 | GPU Memory: 1321.7MB
2025-09-09 11:35:35,435 - INFO - Epoch 3 | Batch 6/10 | Loss: 0.7941 | Avg Loss: 0.8530 | GPU Memory: 1322.2MB
2025-09-09 11:35:35,633 - INFO - Epoch 3 | Batch 7/10 | Loss: 0.7887 | Avg Loss: 0.8438 | GPU Memory: 1320.8MB
2025-09-09 11:35:35,836 - INFO - Epoch 3 | Batch 8/10 | Loss: 0.7751 | Avg Loss: 0.8352 | GPU Memory: 1322.2MB
2025-09-09 11:35:36,038 - INFO - Epoch 3 | Batch 9/10 | Loss: 0.7393 | Avg Loss: 0.8245 | GPU Memory: 1322.4MB
2025-09-09 11:35:36,214 - INFO - Epoch 3 | Batch 10/10 | Loss: 0.7145 | Avg Loss: 0.8046 | GPU Memory: 1315.2MB
2025-09-09 11:35:36,924 - INFO - Epoch 3 completed. Loss: 0.8148, Time: 3.7s
2025-09-09 11:39:00,598 - INFO - Validation | Loss: 0.8678, mIoU: 0.5506, IoUs: [9.42730224e-01 6.95026135e-01 5.64248312e-01 4.39715895e-04]
2025-09-09 11:39:01,155 - INFO - Saved best model at epoch 3 to runs/ResNet50UNet_20250909_112825/checkpoints/ResNet50UNet_best.pth
2025-09-09 11:39:02,033 - INFO - Epoch 4 | Batch 1/10 | Loss: 0.6967 | Avg Loss: 0.6967 | GPU Memory: 1322.2MB
2025-09-09 11:39:02,336 - INFO - Epoch 4 | Batch 2/10 | Loss: 0.6783 | Avg Loss: 0.6875 | GPU Memory: 1322.4MB
2025-09-09 11:39:02,673 - INFO - Epoch 4 | Batch 3/10 | Loss: 0.6646 | Avg Loss: 0.6799 | GPU Memory: 1322.9MB
2025-09-09 11:39:02,976 - INFO - Epoch 4 | Batch 4/10 | Loss: 0.6515 | Avg Loss: 0.6728 | GPU Memory: 1322.7MB
2025-09-09 11:39:03,175 - INFO - Epoch 4 | Batch 5/10 | Loss: 0.6233 | Avg Loss: 0.6629 | GPU Memory: 1321.7MB
2025-09-09 11:39:03,378 - INFO - Epoch 4 | Batch 6/10 | Loss: 0.6120 | Avg Loss: 0.6544 | GPU Memory: 1322.2MB
2025-09-09 11:39:03,578 - INFO - Epoch 4 | Batch 7/10 | Loss: 0.5941 | Avg Loss: 0.6458 | GPU Memory: 1320.8MB
2025-09-09 11:39:03,777 - INFO - Epoch 4 | Batch 8/10 | Loss: 0.5757 | Avg Loss: 0.6370 | GPU Memory: 1322.2MB
2025-09-09 11:39:03,982 - INFO - Epoch 4 | Batch 9/10 | Loss: 0.5632 | Avg Loss: 0.6288 | GPU Memory: 1322.4MB
2025-09-09 11:39:04,158 - INFO - Epoch 4 | Batch 10/10 | Loss: 0.5356 | Avg Loss: 0.6128 | GPU Memory: 1315.2MB
2025-09-09 11:39:04,845 - INFO - Epoch 4 completed. Loss: 0.6206, Time: 3.7s
2025-09-09 11:42:26,617 - INFO - Validation | Loss: 0.6415, mIoU: 0.6603, IoUs: [0.97937989 0.87755524 0.67909663 0.10498531]
2025-09-09 11:42:27,160 - INFO - Saved best model at epoch 4 to runs/ResNet50UNet_20250909_112825/checkpoints/ResNet50UNet_best.pth
2025-09-09 11:42:28,036 - INFO - Epoch 5 | Batch 1/10 | Loss: 0.5227 | Avg Loss: 0.5227 | GPU Memory: 1322.2MB
2025-09-09 11:42:28,332 - INFO - Epoch 5 | Batch 2/10 | Loss: 0.5054 | Avg Loss: 0.5141 | GPU Memory: 1322.4MB
2025-09-09 11:42:28,679 - INFO - Epoch 5 | Batch 3/10 | Loss: 0.4738 | Avg Loss: 0.5007 | GPU Memory: 1322.9MB
2025-09-09 11:42:28,998 - INFO - Epoch 5 | Batch 4/10 | Loss: 0.5000 | Avg Loss: 0.5005 | GPU Memory: 1322.7MB
2025-09-09 11:42:29,200 - INFO - Epoch 5 | Batch 5/10 | Loss: 0.4767 | Avg Loss: 0.4957 | GPU Memory: 1321.7MB
2025-09-09 11:42:29,403 - INFO - Epoch 5 | Batch 6/10 | Loss: 0.4560 | Avg Loss: 0.4891 | GPU Memory: 1322.2MB
2025-09-09 11:42:29,606 - INFO - Epoch 5 | Batch 7/10 | Loss: 0.4404 | Avg Loss: 0.4822 | GPU Memory: 1320.8MB
2025-09-09 11:42:29,810 - INFO - Epoch 5 | Batch 8/10 | Loss: 0.4281 | Avg Loss: 0.4754 | GPU Memory: 1322.2MB
2025-09-09 11:42:30,011 - INFO - Epoch 5 | Batch 9/10 | Loss: 0.4150 | Avg Loss: 0.4687 | GPU Memory: 1322.4MB
2025-09-09 11:42:30,188 - INFO - Epoch 5 | Batch 10/10 | Loss: 0.4053 | Avg Loss: 0.4573 | GPU Memory: 1315.2MB
2025-09-09 11:42:30,917 - INFO - Epoch 5 completed. Loss: 0.4631, Time: 3.8s
2025-09-09 11:46:06,025 - INFO - Validation | Loss: 0.4334, mIoU: 0.7354, IoUs: [0.98795307 0.89953172 0.68921152 0.36505535]
2025-09-09 11:46:06,605 - INFO - Saved best model at epoch 5 to runs/ResNet50UNet_20250909_112825/checkpoints/ResNet50UNet_best.pth
2025-09-09 11:46:07,483 - INFO - Epoch 6 | Batch 1/10 | Loss: 0.3880 | Avg Loss: 0.3880 | GPU Memory: 1322.2MB
2025-09-09 11:46:07,815 - INFO - Epoch 6 | Batch 2/10 | Loss: 0.3910 | Avg Loss: 0.3895 | GPU Memory: 1322.4MB
2025-09-09 11:46:08,148 - INFO - Epoch 6 | Batch 3/10 | Loss: 0.3990 | Avg Loss: 0.3926 | GPU Memory: 1322.9MB
2025-09-09 11:46:08,459 - INFO - Epoch 6 | Batch 4/10 | Loss: 0.3806 | Avg Loss: 0.3896 | GPU Memory: 1322.7MB
2025-09-09 11:46:08,659 - INFO - Epoch 6 | Batch 5/10 | Loss: 0.3833 | Avg Loss: 0.3884 | GPU Memory: 1321.7MB
2025-09-09 11:46:08,903 - INFO - Epoch 6 | Batch 6/10 | Loss: 0.3772 | Avg Loss: 0.3865 | GPU Memory: 1322.2MB
2025-09-09 11:46:09,147 - INFO - Epoch 6 | Batch 7/10 | Loss: 0.3898 | Avg Loss: 0.3870 | GPU Memory: 1320.8MB
2025-09-09 11:46:09,362 - INFO - Epoch 6 | Batch 8/10 | Loss: 0.3857 | Avg Loss: 0.3868 | GPU Memory: 1322.2MB
2025-09-09 11:46:09,581 - INFO - Epoch 6 | Batch 9/10 | Loss: 0.3746 | Avg Loss: 0.3855 | GPU Memory: 1322.4MB
2025-09-09 11:46:09,809 - INFO - Epoch 6 | Batch 10/10 | Loss: 0.3676 | Avg Loss: 0.3791 | GPU Memory: 1315.2MB
2025-09-09 11:46:10,565 - INFO - Epoch 6 completed. Loss: 0.3839, Time: 4.0s
2025-09-09 11:49:41,599 - INFO - Validation | Loss: 0.4013, mIoU: 0.7505, IoUs: [0.99119587 0.9316972  0.71346817 0.36582532]
2025-09-09 11:49:42,144 - INFO - Saved best model at epoch 6 to runs/ResNet50UNet_20250909_112825/checkpoints/ResNet50UNet_best.pth
2025-09-09 11:49:43,021 - INFO - Epoch 7 | Batch 1/10 | Loss: 0.3689 | Avg Loss: 0.3689 | GPU Memory: 1322.2MB
2025-09-09 11:49:43,340 - INFO - Epoch 7 | Batch 2/10 | Loss: 0.3716 | Avg Loss: 0.3702 | GPU Memory: 1322.4MB
2025-09-09 11:49:43,655 - INFO - Epoch 7 | Batch 3/10 | Loss: 0.3848 | Avg Loss: 0.3751 | GPU Memory: 1322.9MB
2025-09-09 11:49:43,968 - INFO - Epoch 7 | Batch 4/10 | Loss: 0.3756 | Avg Loss: 0.3752 | GPU Memory: 1322.7MB
2025-09-09 11:49:44,160 - INFO - Epoch 7 | Batch 5/10 | Loss: 0.3674 | Avg Loss: 0.3737 | GPU Memory: 1321.7MB
2025-09-09 11:49:44,354 - INFO - Epoch 7 | Batch 6/10 | Loss: 0.3750 | Avg Loss: 0.3739 | GPU Memory: 1322.2MB
2025-09-09 11:49:44,554 - INFO - Epoch 7 | Batch 7/10 | Loss: 0.3732 | Avg Loss: 0.3738 | GPU Memory: 1320.8MB
2025-09-09 11:49:44,760 - INFO - Epoch 7 | Batch 8/10 | Loss: 0.3679 | Avg Loss: 0.3731 | GPU Memory: 1322.2MB
2025-09-09 11:49:44,961 - INFO - Epoch 7 | Batch 9/10 | Loss: 0.3668 | Avg Loss: 0.3724 | GPU Memory: 1322.4MB
2025-09-09 11:49:45,139 - INFO - Epoch 7 | Batch 10/10 | Loss: 0.3579 | Avg Loss: 0.3664 | GPU Memory: 1315.2MB
2025-09-09 11:49:45,838 - INFO - Epoch 7 completed. Loss: 0.3711, Time: 3.7s
2025-09-09 11:53:22,950 - INFO - Validation | Loss: 0.3863, mIoU: 0.7448, IoUs: [0.99121194 0.93196255 0.71800587 0.33788399]
2025-09-09 11:53:23,487 - INFO - Saved best model at epoch 7 to runs/ResNet50UNet_20250909_112825/checkpoints/ResNet50UNet_best.pth
2025-09-09 11:53:24,348 - INFO - Epoch 8 | Batch 1/10 | Loss: 0.3722 | Avg Loss: 0.3722 | GPU Memory: 1322.2MB
2025-09-09 11:53:24,670 - INFO - Epoch 8 | Batch 2/10 | Loss: 0.3718 | Avg Loss: 0.3720 | GPU Memory: 1322.4MB
2025-09-09 11:53:24,993 - INFO - Epoch 8 | Batch 3/10 | Loss: 0.3654 | Avg Loss: 0.3698 | GPU Memory: 1322.9MB
2025-09-09 11:53:25,303 - INFO - Epoch 8 | Batch 4/10 | Loss: 0.3618 | Avg Loss: 0.3678 | GPU Memory: 1322.7MB
2025-09-09 11:53:25,497 - INFO - Epoch 8 | Batch 5/10 | Loss: 0.3581 | Avg Loss: 0.3659 | GPU Memory: 1321.7MB
2025-09-09 11:53:25,697 - INFO - Epoch 8 | Batch 6/10 | Loss: 0.3543 | Avg Loss: 0.3639 | GPU Memory: 1322.2MB
2025-09-09 11:53:25,899 - INFO - Epoch 8 | Batch 7/10 | Loss: 0.3543 | Avg Loss: 0.3626 | GPU Memory: 1320.8MB
2025-09-09 11:53:26,106 - INFO - Epoch 8 | Batch 8/10 | Loss: 0.3491 | Avg Loss: 0.3609 | GPU Memory: 1322.2MB
2025-09-09 11:53:26,308 - INFO - Epoch 8 | Batch 9/10 | Loss: 0.3524 | Avg Loss: 0.3599 | GPU Memory: 1322.4MB
2025-09-09 11:53:26,482 - INFO - Epoch 8 | Batch 10/10 | Loss: 0.3534 | Avg Loss: 0.3549 | GPU Memory: 1315.2MB
2025-09-09 11:53:27,188 - INFO - Epoch 8 completed. Loss: 0.3594, Time: 3.7s
2025-09-09 11:57:02,989 - INFO - Validation | Loss: 0.3758, mIoU: 0.7562, IoUs: [0.9919147  0.92960185 0.71888357 0.38420384]
2025-09-09 11:57:03,543 - INFO - Saved best model at epoch 8 to runs/ResNet50UNet_20250909_112825/checkpoints/ResNet50UNet_best.pth
2025-09-09 11:57:04,412 - INFO - Epoch 9 | Batch 1/10 | Loss: 0.3536 | Avg Loss: 0.3536 | GPU Memory: 1322.2MB
2025-09-09 11:57:04,717 - INFO - Epoch 9 | Batch 2/10 | Loss: 0.3449 | Avg Loss: 0.3492 | GPU Memory: 1322.4MB
2025-09-09 11:57:05,086 - INFO - Epoch 9 | Batch 3/10 | Loss: 0.3474 | Avg Loss: 0.3486 | GPU Memory: 1322.9MB
2025-09-09 11:57:05,394 - INFO - Epoch 9 | Batch 4/10 | Loss: 0.3442 | Avg Loss: 0.3475 | GPU Memory: 1322.7MB
2025-09-09 11:57:05,593 - INFO - Epoch 9 | Batch 5/10 | Loss: 0.3414 | Avg Loss: 0.3463 | GPU Memory: 1321.7MB
2025-09-09 11:57:05,795 - INFO - Epoch 9 | Batch 6/10 | Loss: 0.3553 | Avg Loss: 0.3478 | GPU Memory: 1322.2MB
2025-09-09 11:57:06,006 - INFO - Epoch 9 | Batch 7/10 | Loss: 0.3568 | Avg Loss: 0.3491 | GPU Memory: 1320.8MB
2025-09-09 11:57:06,216 - INFO - Epoch 9 | Batch 8/10 | Loss: 0.3557 | Avg Loss: 0.3499 | GPU Memory: 1322.2MB
2025-09-09 11:57:06,471 - INFO - Epoch 9 | Batch 9/10 | Loss: 0.3504 | Avg Loss: 0.3500 | GPU Memory: 1322.4MB
2025-09-09 11:57:06,698 - INFO - Epoch 9 | Batch 10/10 | Loss: 0.3450 | Avg Loss: 0.3451 | GPU Memory: 1315.2MB
2025-09-09 11:57:07,432 - INFO - Epoch 9 completed. Loss: 0.3495, Time: 3.9s
2025-09-09 12:00:33,286 - INFO - Validation | Loss: 0.3656, mIoU: 0.7502, IoUs: [0.9919493  0.92720456 0.71674671 0.36471659]
2025-09-09 12:00:33,851 - INFO - Saved best model at epoch 9 to runs/ResNet50UNet_20250909_112825/checkpoints/ResNet50UNet_best.pth
2025-09-09 12:00:34,762 - INFO - Epoch 10 | Batch 1/10 | Loss: 0.3437 | Avg Loss: 0.3437 | GPU Memory: 1322.2MB
2025-09-09 12:00:35,110 - INFO - Epoch 10 | Batch 2/10 | Loss: 0.3502 | Avg Loss: 0.3470 | GPU Memory: 1322.4MB
2025-09-09 12:00:35,423 - INFO - Epoch 10 | Batch 3/10 | Loss: 0.3346 | Avg Loss: 0.3429 | GPU Memory: 1322.9MB
2025-09-09 12:00:35,749 - INFO - Epoch 10 | Batch 4/10 | Loss: 0.3552 | Avg Loss: 0.3460 | GPU Memory: 1322.7MB
2025-09-09 12:00:35,966 - INFO - Epoch 10 | Batch 5/10 | Loss: 0.3413 | Avg Loss: 0.3450 | GPU Memory: 1321.7MB
2025-09-09 12:00:36,210 - INFO - Epoch 10 | Batch 6/10 | Loss: 0.3310 | Avg Loss: 0.3427 | GPU Memory: 1322.2MB
2025-09-09 12:00:36,475 - INFO - Epoch 10 | Batch 7/10 | Loss: 0.3397 | Avg Loss: 0.3423 | GPU Memory: 1320.8MB
2025-09-09 12:00:36,737 - INFO - Epoch 10 | Batch 8/10 | Loss: 0.3346 | Avg Loss: 0.3413 | GPU Memory: 1322.2MB
2025-09-09 12:00:36,996 - INFO - Epoch 10 | Batch 9/10 | Loss: 0.3315 | Avg Loss: 0.3402 | GPU Memory: 1322.4MB
2025-09-09 12:00:37,227 - INFO - Epoch 10 | Batch 10/10 | Loss: 0.3334 | Avg Loss: 0.3354 | GPU Memory: 1315.2MB
2025-09-09 12:00:37,988 - INFO - Epoch 10 completed. Loss: 0.3396, Time: 4.1s
2025-09-09 12:04:03,988 - INFO - Validation | Loss: 0.3576, mIoU: 0.7586, IoUs: [0.99214507 0.92588215 0.6999558  0.41641197]
2025-09-09 12:04:04,851 - INFO - Saved periodic checkpoint at epoch 10 to runs/ResNet50UNet_20250909_112825/checkpoints/ResNet50UNet_epoch_10.pth
2025-09-09 12:04:05,412 - INFO - Saved best model at epoch 10 to runs/ResNet50UNet_20250909_112825/checkpoints/ResNet50UNet_best.pth
2025-09-09 12:04:06,284 - INFO - Epoch 11 | Batch 1/10 | Loss: 0.3501 | Avg Loss: 0.3501 | GPU Memory: 1322.2MB
2025-09-09 12:04:06,588 - INFO - Epoch 11 | Batch 2/10 | Loss: 0.3296 | Avg Loss: 0.3398 | GPU Memory: 1322.4MB
2025-09-09 12:04:06,912 - INFO - Epoch 11 | Batch 3/10 | Loss: 0.3297 | Avg Loss: 0.3365 | GPU Memory: 1322.9MB
2025-09-09 12:04:07,239 - INFO - Epoch 11 | Batch 4/10 | Loss: 0.3449 | Avg Loss: 0.3386 | GPU Memory: 1322.7MB
2025-09-09 12:04:07,432 - INFO - Epoch 11 | Batch 5/10 | Loss: 0.3281 | Avg Loss: 0.3365 | GPU Memory: 1321.7MB
2025-09-09 12:04:07,627 - INFO - Epoch 11 | Batch 6/10 | Loss: 0.3406 | Avg Loss: 0.3372 | GPU Memory: 1322.2MB
2025-09-09 12:04:07,829 - INFO - Epoch 11 | Batch 7/10 | Loss: 0.3259 | Avg Loss: 0.3356 | GPU Memory: 1320.8MB
2025-09-09 12:04:08,031 - INFO - Epoch 11 | Batch 8/10 | Loss: 0.3339 | Avg Loss: 0.3353 | GPU Memory: 1322.2MB
2025-09-09 12:04:08,232 - INFO - Epoch 11 | Batch 9/10 | Loss: 0.3285 | Avg Loss: 0.3346 | GPU Memory: 1322.4MB
2025-09-09 12:04:08,410 - INFO - Epoch 11 | Batch 10/10 | Loss: 0.3261 | Avg Loss: 0.3297 | GPU Memory: 1315.2MB
2025-09-09 12:04:09,162 - INFO - Epoch 11 completed. Loss: 0.3338, Time: 3.7s
2025-09-09 12:07:35,020 - INFO - Validation | Loss: 0.3550, mIoU: 0.7584, IoUs: [0.99215492 0.92704972 0.70012126 0.41445361]
2025-09-09 12:07:35,608 - INFO - Saved best model at epoch 11 to runs/ResNet50UNet_20250909_112825/checkpoints/ResNet50UNet_best.pth
2025-09-09 12:07:36,491 - INFO - Epoch 12 | Batch 1/10 | Loss: 0.3341 | Avg Loss: 0.3341 | GPU Memory: 1322.2MB
2025-09-09 12:07:36,806 - INFO - Epoch 12 | Batch 2/10 | Loss: 0.3397 | Avg Loss: 0.3369 | GPU Memory: 1322.4MB
2025-09-09 12:07:37,130 - INFO - Epoch 12 | Batch 3/10 | Loss: 0.3303 | Avg Loss: 0.3347 | GPU Memory: 1322.9MB
2025-09-09 12:07:37,467 - INFO - Epoch 12 | Batch 4/10 | Loss: 0.3323 | Avg Loss: 0.3341 | GPU Memory: 1322.7MB
2025-09-09 12:07:37,660 - INFO - Epoch 12 | Batch 5/10 | Loss: 0.3360 | Avg Loss: 0.3345 | GPU Memory: 1321.7MB
2025-09-09 12:07:37,857 - INFO - Epoch 12 | Batch 6/10 | Loss: 0.3328 | Avg Loss: 0.3342 | GPU Memory: 1322.2MB
2025-09-09 12:07:38,059 - INFO - Epoch 12 | Batch 7/10 | Loss: 0.3348 | Avg Loss: 0.3343 | GPU Memory: 1320.8MB
2025-09-09 12:07:38,261 - INFO - Epoch 12 | Batch 8/10 | Loss: 0.3291 | Avg Loss: 0.3336 | GPU Memory: 1322.2MB
2025-09-09 12:07:38,465 - INFO - Epoch 12 | Batch 9/10 | Loss: 0.3227 | Avg Loss: 0.3324 | GPU Memory: 1322.4MB
2025-09-09 12:07:38,643 - INFO - Epoch 12 | Batch 10/10 | Loss: 0.3295 | Avg Loss: 0.3280 | GPU Memory: 1315.2MB
2025-09-09 12:07:39,373 - INFO - Epoch 12 completed. Loss: 0.3321, Time: 3.8s
2025-09-09 12:11:02,888 - INFO - Validation | Loss: 0.3535, mIoU: 0.7586, IoUs: [0.99216937 0.92784357 0.70283328 0.4115119 ]
2025-09-09 12:11:03,448 - INFO - Saved best model at epoch 12 to runs/ResNet50UNet_20250909_112825/checkpoints/ResNet50UNet_best.pth
2025-09-09 12:11:04,316 - INFO - Epoch 13 | Batch 1/10 | Loss: 0.3380 | Avg Loss: 0.3380 | GPU Memory: 1322.2MB
2025-09-09 12:11:04,626 - INFO - Epoch 13 | Batch 2/10 | Loss: 0.3329 | Avg Loss: 0.3355 | GPU Memory: 1322.4MB
2025-09-09 12:11:04,955 - INFO - Epoch 13 | Batch 3/10 | Loss: 0.3218 | Avg Loss: 0.3309 | GPU Memory: 1322.9MB
2025-09-09 12:11:05,276 - INFO - Epoch 13 | Batch 4/10 | Loss: 0.3346 | Avg Loss: 0.3318 | GPU Memory: 1322.7MB
2025-09-09 12:11:05,466 - INFO - Epoch 13 | Batch 5/10 | Loss: 0.3248 | Avg Loss: 0.3304 | GPU Memory: 1321.7MB
2025-09-09 12:11:05,657 - INFO - Epoch 13 | Batch 6/10 | Loss: 0.3297 | Avg Loss: 0.3303 | GPU Memory: 1322.2MB
2025-09-09 12:11:05,897 - INFO - Epoch 13 | Batch 7/10 | Loss: 0.3338 | Avg Loss: 0.3308 | GPU Memory: 1320.8MB
2025-09-09 12:11:06,159 - INFO - Epoch 13 | Batch 8/10 | Loss: 0.3353 | Avg Loss: 0.3314 | GPU Memory: 1322.2MB
2025-09-09 12:11:06,410 - INFO - Epoch 13 | Batch 9/10 | Loss: 0.3324 | Avg Loss: 0.3315 | GPU Memory: 1322.4MB
2025-09-09 12:11:06,586 - INFO - Epoch 13 | Batch 10/10 | Loss: 0.3382 | Avg Loss: 0.3279 | GPU Memory: 1315.2MB
2025-09-09 12:11:07,336 - INFO - Epoch 13 completed. Loss: 0.3321, Time: 3.9s
2025-09-09 12:14:31,932 - INFO - Validation | Loss: 0.3519, mIoU: 0.7583, IoUs: [0.9921296  0.92841394 0.71108311 0.40146996]
2025-09-09 12:14:32,534 - INFO - Saved best model at epoch 13 to runs/ResNet50UNet_20250909_112825/checkpoints/ResNet50UNet_best.pth
2025-09-09 12:14:33,435 - INFO - Epoch 14 | Batch 1/10 | Loss: 0.3396 | Avg Loss: 0.3396 | GPU Memory: 1322.2MB
2025-09-09 12:14:33,733 - INFO - Epoch 14 | Batch 2/10 | Loss: 0.3395 | Avg Loss: 0.3395 | GPU Memory: 1322.4MB
2025-09-09 12:14:34,074 - INFO - Epoch 14 | Batch 3/10 | Loss: 0.3291 | Avg Loss: 0.3360 | GPU Memory: 1322.9MB
2025-09-09 12:14:34,390 - INFO - Epoch 14 | Batch 4/10 | Loss: 0.3334 | Avg Loss: 0.3354 | GPU Memory: 1322.7MB
2025-09-09 12:14:34,593 - INFO - Epoch 14 | Batch 5/10 | Loss: 0.3249 | Avg Loss: 0.3333 | GPU Memory: 1321.7MB
2025-09-09 12:14:34,797 - INFO - Epoch 14 | Batch 6/10 | Loss: 0.3371 | Avg Loss: 0.3339 | GPU Memory: 1322.2MB
2025-09-09 12:14:34,999 - INFO - Epoch 14 | Batch 7/10 | Loss: 0.3262 | Avg Loss: 0.3328 | GPU Memory: 1320.8MB
2025-09-09 12:14:35,198 - INFO - Epoch 14 | Batch 8/10 | Loss: 0.3242 | Avg Loss: 0.3317 | GPU Memory: 1322.2MB
2025-09-09 12:14:35,405 - INFO - Epoch 14 | Batch 9/10 | Loss: 0.3312 | Avg Loss: 0.3317 | GPU Memory: 1322.4MB
2025-09-09 12:14:35,584 - INFO - Epoch 14 | Batch 10/10 | Loss: 0.3232 | Avg Loss: 0.3268 | GPU Memory: 1315.2MB
2025-09-09 12:14:36,291 - INFO - Epoch 14 completed. Loss: 0.3309, Time: 3.8s
2025-09-09 12:18:01,927 - INFO - Validation | Loss: 0.3507, mIoU: 0.7583, IoUs: [0.99220529 0.92814232 0.70835931 0.40443217]
2025-09-09 12:18:02,493 - INFO - Saved best model at epoch 14 to runs/ResNet50UNet_20250909_112825/checkpoints/ResNet50UNet_best.pth
2025-09-09 12:18:03,377 - INFO - Epoch 15 | Batch 1/10 | Loss: 0.3315 | Avg Loss: 0.3315 | GPU Memory: 1322.2MB
2025-09-09 12:18:03,679 - INFO - Epoch 15 | Batch 2/10 | Loss: 0.3367 | Avg Loss: 0.3341 | GPU Memory: 1322.4MB
2025-09-09 12:18:04,016 - INFO - Epoch 15 | Batch 3/10 | Loss: 0.3460 | Avg Loss: 0.3381 | GPU Memory: 1322.9MB
2025-09-09 12:18:04,326 - INFO - Epoch 15 | Batch 4/10 | Loss: 0.3304 | Avg Loss: 0.3361 | GPU Memory: 1322.7MB
2025-09-09 12:18:04,519 - INFO - Epoch 15 | Batch 5/10 | Loss: 0.3252 | Avg Loss: 0.3339 | GPU Memory: 1321.7MB
2025-09-09 12:18:04,724 - INFO - Epoch 15 | Batch 6/10 | Loss: 0.3327 | Avg Loss: 0.3337 | GPU Memory: 1322.2MB
2025-09-09 12:18:04,925 - INFO - Epoch 15 | Batch 7/10 | Loss: 0.3267 | Avg Loss: 0.3327 | GPU Memory: 1320.8MB
2025-09-09 12:18:05,129 - INFO - Epoch 15 | Batch 8/10 | Loss: 0.3380 | Avg Loss: 0.3334 | GPU Memory: 1322.2MB
2025-09-09 12:18:05,334 - INFO - Epoch 15 | Batch 9/10 | Loss: 0.3229 | Avg Loss: 0.3322 | GPU Memory: 1322.4MB
2025-09-09 12:18:05,512 - INFO - Epoch 15 | Batch 10/10 | Loss: 0.3178 | Avg Loss: 0.3268 | GPU Memory: 1315.2MB
2025-09-09 12:18:06,256 - INFO - Epoch 15 completed. Loss: 0.3310, Time: 3.8s
2025-09-09 12:21:30,386 - INFO - Validation | Loss: 0.3498, mIoU: 0.7584, IoUs: [0.99219116 0.92744294 0.70575193 0.40807742]
2025-09-09 12:21:30,948 - INFO - Saved best model at epoch 15 to runs/ResNet50UNet_20250909_112825/checkpoints/ResNet50UNet_best.pth
2025-09-09 12:21:31,825 - INFO - Epoch 16 | Batch 1/10 | Loss: 0.3271 | Avg Loss: 0.3271 | GPU Memory: 1322.2MB
2025-09-09 12:21:32,153 - INFO - Epoch 16 | Batch 2/10 | Loss: 0.3339 | Avg Loss: 0.3305 | GPU Memory: 1322.4MB
2025-09-09 12:21:32,458 - INFO - Epoch 16 | Batch 3/10 | Loss: 0.3296 | Avg Loss: 0.3302 | GPU Memory: 1322.9MB
2025-09-09 12:21:32,786 - INFO - Epoch 16 | Batch 4/10 | Loss: 0.3286 | Avg Loss: 0.3298 | GPU Memory: 1322.7MB
2025-09-09 12:21:32,976 - INFO - Epoch 16 | Batch 5/10 | Loss: 0.3214 | Avg Loss: 0.3281 | GPU Memory: 1321.7MB
2025-09-09 12:21:33,173 - INFO - Epoch 16 | Batch 6/10 | Loss: 0.3210 | Avg Loss: 0.3269 | GPU Memory: 1322.2MB
2025-09-09 12:21:33,375 - INFO - Epoch 16 | Batch 7/10 | Loss: 0.3347 | Avg Loss: 0.3280 | GPU Memory: 1320.8MB
2025-09-09 12:21:33,576 - INFO - Epoch 16 | Batch 8/10 | Loss: 0.3267 | Avg Loss: 0.3279 | GPU Memory: 1322.2MB
2025-09-09 12:21:33,777 - INFO - Epoch 16 | Batch 9/10 | Loss: 0.3274 | Avg Loss: 0.3278 | GPU Memory: 1322.4MB
2025-09-09 12:21:33,955 - INFO - Epoch 16 | Batch 10/10 | Loss: 0.3442 | Avg Loss: 0.3252 | GPU Memory: 1315.2MB
2025-09-09 12:21:34,710 - INFO - Epoch 16 completed. Loss: 0.3293, Time: 3.8s
2025-09-09 12:24:56,481 - INFO - Validation | Loss: 0.3489, mIoU: 0.7576, IoUs: [0.99214119 0.92739173 0.71001167 0.40082441]
2025-09-09 12:24:57,026 - INFO - Saved best model at epoch 16 to runs/ResNet50UNet_20250909_112825/checkpoints/ResNet50UNet_best.pth
2025-09-09 12:24:57,890 - INFO - Epoch 17 | Batch 1/10 | Loss: 0.3295 | Avg Loss: 0.3295 | GPU Memory: 1322.2MB
2025-09-09 12:24:58,221 - INFO - Epoch 17 | Batch 2/10 | Loss: 0.3245 | Avg Loss: 0.3270 | GPU Memory: 1322.4MB
2025-09-09 12:24:58,557 - INFO - Epoch 17 | Batch 3/10 | Loss: 0.3435 | Avg Loss: 0.3325 | GPU Memory: 1322.9MB
2025-09-09 12:24:58,877 - INFO - Epoch 17 | Batch 4/10 | Loss: 0.3300 | Avg Loss: 0.3319 | GPU Memory: 1322.7MB
2025-09-09 12:24:59,067 - INFO - Epoch 17 | Batch 5/10 | Loss: 0.3159 | Avg Loss: 0.3287 | GPU Memory: 1321.7MB
2025-09-09 12:24:59,257 - INFO - Epoch 17 | Batch 6/10 | Loss: 0.3262 | Avg Loss: 0.3283 | GPU Memory: 1322.2MB
2025-09-09 12:24:59,450 - INFO - Epoch 17 | Batch 7/10 | Loss: 0.3305 | Avg Loss: 0.3286 | GPU Memory: 1320.8MB
2025-09-09 12:24:59,652 - INFO - Epoch 17 | Batch 8/10 | Loss: 0.3365 | Avg Loss: 0.3296 | GPU Memory: 1322.2MB
2025-09-09 12:24:59,853 - INFO - Epoch 17 | Batch 9/10 | Loss: 0.3244 | Avg Loss: 0.3290 | GPU Memory: 1322.4MB
2025-09-09 12:25:00,030 - INFO - Epoch 17 | Batch 10/10 | Loss: 0.3381 | Avg Loss: 0.3257 | GPU Memory: 1315.2MB
2025-09-09 12:25:00,753 - INFO - Epoch 17 completed. Loss: 0.3298, Time: 3.7s
2025-09-09 12:28:22,389 - INFO - Validation | Loss: 0.3486, mIoU: 0.7577, IoUs: [0.99212785 0.9278824  0.71450756 0.39643903]
2025-09-09 12:28:22,928 - INFO - Saved best model at epoch 17 to runs/ResNet50UNet_20250909_112825/checkpoints/ResNet50UNet_best.pth
2025-09-09 12:28:23,784 - INFO - Epoch 18 | Batch 1/10 | Loss: 0.3262 | Avg Loss: 0.3262 | GPU Memory: 1322.2MB
2025-09-09 12:28:24,122 - INFO - Epoch 18 | Batch 2/10 | Loss: 0.3281 | Avg Loss: 0.3271 | GPU Memory: 1322.4MB
2025-09-09 12:28:24,449 - INFO - Epoch 18 | Batch 3/10 | Loss: 0.3250 | Avg Loss: 0.3264 | GPU Memory: 1322.9MB
2025-09-09 12:28:24,767 - INFO - Epoch 18 | Batch 4/10 | Loss: 0.3318 | Avg Loss: 0.3278 | GPU Memory: 1322.7MB
2025-09-09 12:28:24,957 - INFO - Epoch 18 | Batch 5/10 | Loss: 0.3346 | Avg Loss: 0.3291 | GPU Memory: 1321.7MB
2025-09-09 12:28:25,149 - INFO - Epoch 18 | Batch 6/10 | Loss: 0.3338 | Avg Loss: 0.3299 | GPU Memory: 1322.2MB
2025-09-09 12:28:25,352 - INFO - Epoch 18 | Batch 7/10 | Loss: 0.3260 | Avg Loss: 0.3294 | GPU Memory: 1320.8MB
2025-09-09 12:28:25,555 - INFO - Epoch 18 | Batch 8/10 | Loss: 0.3295 | Avg Loss: 0.3294 | GPU Memory: 1322.2MB
2025-09-09 12:28:25,751 - INFO - Epoch 18 | Batch 9/10 | Loss: 0.3299 | Avg Loss: 0.3294 | GPU Memory: 1322.4MB
2025-09-09 12:28:25,928 - INFO - Epoch 18 | Batch 10/10 | Loss: 0.3251 | Avg Loss: 0.3249 | GPU Memory: 1315.2MB
2025-09-09 12:28:26,646 - INFO - Epoch 18 completed. Loss: 0.3290, Time: 3.7s
2025-09-09 12:31:46,352 - INFO - Validation | Loss: 0.3486, mIoU: 0.7573, IoUs: [0.99213747 0.92725978 0.70850253 0.40138277]
2025-09-09 12:31:46,897 - INFO - Saved best model at epoch 18 to runs/ResNet50UNet_20250909_112825/checkpoints/ResNet50UNet_best.pth
2025-09-09 12:31:47,757 - INFO - Epoch 19 | Batch 1/10 | Loss: 0.3295 | Avg Loss: 0.3295 | GPU Memory: 1322.2MB
2025-09-09 12:31:48,090 - INFO - Epoch 19 | Batch 2/10 | Loss: 0.3290 | Avg Loss: 0.3293 | GPU Memory: 1322.4MB
2025-09-09 12:31:48,406 - INFO - Epoch 19 | Batch 3/10 | Loss: 0.3221 | Avg Loss: 0.3269 | GPU Memory: 1322.9MB
2025-09-09 12:31:48,732 - INFO - Epoch 19 | Batch 4/10 | Loss: 0.3243 | Avg Loss: 0.3262 | GPU Memory: 1322.7MB
2025-09-09 12:31:48,920 - INFO - Epoch 19 | Batch 5/10 | Loss: 0.3248 | Avg Loss: 0.3260 | GPU Memory: 1321.7MB
2025-09-09 12:31:49,113 - INFO - Epoch 19 | Batch 6/10 | Loss: 0.3417 | Avg Loss: 0.3286 | GPU Memory: 1322.2MB
2025-09-09 12:31:49,314 - INFO - Epoch 19 | Batch 7/10 | Loss: 0.3302 | Avg Loss: 0.3288 | GPU Memory: 1320.8MB
2025-09-09 12:31:49,513 - INFO - Epoch 19 | Batch 8/10 | Loss: 0.3236 | Avg Loss: 0.3282 | GPU Memory: 1322.2MB
2025-09-09 12:31:49,716 - INFO - Epoch 19 | Batch 9/10 | Loss: 0.3296 | Avg Loss: 0.3283 | GPU Memory: 1322.4MB
2025-09-09 12:31:49,893 - INFO - Epoch 19 | Batch 10/10 | Loss: 0.3334 | Avg Loss: 0.3247 | GPU Memory: 1315.2MB
2025-09-09 12:31:50,619 - INFO - Epoch 19 completed. Loss: 0.3288, Time: 3.7s
2025-09-09 12:35:11,478 - INFO - Validation | Loss: 0.3485, mIoU: 0.7572, IoUs: [0.99213426 0.92738057 0.71429348 0.39495857]
2025-09-09 12:35:12,014 - INFO - Saved best model at epoch 19 to runs/ResNet50UNet_20250909_112825/checkpoints/ResNet50UNet_best.pth
2025-09-09 12:35:12,852 - INFO - Epoch 20 | Batch 1/10 | Loss: 0.3248 | Avg Loss: 0.3248 | GPU Memory: 1322.2MB
2025-09-09 12:35:13,190 - INFO - Epoch 20 | Batch 2/10 | Loss: 0.3266 | Avg Loss: 0.3257 | GPU Memory: 1322.4MB
2025-09-09 12:35:13,542 - INFO - Epoch 20 | Batch 3/10 | Loss: 0.3267 | Avg Loss: 0.3260 | GPU Memory: 1322.9MB
2025-09-09 12:35:13,871 - INFO - Epoch 20 | Batch 4/10 | Loss: 0.3221 | Avg Loss: 0.3251 | GPU Memory: 1322.7MB
2025-09-09 12:35:14,060 - INFO - Epoch 20 | Batch 5/10 | Loss: 0.3309 | Avg Loss: 0.3262 | GPU Memory: 1321.7MB
2025-09-09 12:35:14,256 - INFO - Epoch 20 | Batch 6/10 | Loss: 0.3348 | Avg Loss: 0.3277 | GPU Memory: 1322.2MB
2025-09-09 12:35:14,457 - INFO - Epoch 20 | Batch 7/10 | Loss: 0.3335 | Avg Loss: 0.3285 | GPU Memory: 1320.8MB
2025-09-09 12:35:14,659 - INFO - Epoch 20 | Batch 8/10 | Loss: 0.3381 | Avg Loss: 0.3297 | GPU Memory: 1322.2MB
2025-09-09 12:35:14,858 - INFO - Epoch 20 | Batch 9/10 | Loss: 0.3278 | Avg Loss: 0.3295 | GPU Memory: 1322.4MB
2025-09-09 12:35:15,034 - INFO - Epoch 20 | Batch 10/10 | Loss: 0.3263 | Avg Loss: 0.3251 | GPU Memory: 1315.2MB
2025-09-09 12:35:15,725 - INFO - Epoch 20 completed. Loss: 0.3292, Time: 3.7s
2025-09-09 12:38:35,831 - INFO - Validation | Loss: 0.3481, mIoU: 0.7564, IoUs: [0.99212826 0.92736367 0.71324633 0.39304068]
2025-09-09 12:38:36,603 - INFO - Saved periodic checkpoint at epoch 20 to runs/ResNet50UNet_20250909_112825/checkpoints/ResNet50UNet_epoch_20.pth
2025-09-09 12:38:37,139 - INFO - Saved best model at epoch 20 to runs/ResNet50UNet_20250909_112825/checkpoints/ResNet50UNet_best.pth
2025-09-09 12:38:37,998 - INFO - Epoch 21 | Batch 1/10 | Loss: 0.3475 | Avg Loss: 0.3475 | GPU Memory: 1322.2MB
2025-09-09 12:38:38,340 - INFO - Epoch 21 | Batch 2/10 | Loss: 0.3244 | Avg Loss: 0.3359 | GPU Memory: 1322.4MB
2025-09-09 12:38:38,647 - INFO - Epoch 21 | Batch 3/10 | Loss: 0.3322 | Avg Loss: 0.3347 | GPU Memory: 1322.9MB
2025-09-09 12:38:38,990 - INFO - Epoch 21 | Batch 4/10 | Loss: 0.3166 | Avg Loss: 0.3302 | GPU Memory: 1322.7MB
2025-09-09 12:38:39,181 - INFO - Epoch 21 | Batch 5/10 | Loss: 0.3261 | Avg Loss: 0.3294 | GPU Memory: 1321.7MB
2025-09-09 12:38:39,374 - INFO - Epoch 21 | Batch 6/10 | Loss: 0.3225 | Avg Loss: 0.3282 | GPU Memory: 1322.2MB
2025-09-09 12:38:39,576 - INFO - Epoch 21 | Batch 7/10 | Loss: 0.3383 | Avg Loss: 0.3297 | GPU Memory: 1320.8MB
2025-09-09 12:38:39,776 - INFO - Epoch 21 | Batch 8/10 | Loss: 0.3253 | Avg Loss: 0.3291 | GPU Memory: 1322.2MB
2025-09-09 12:38:39,978 - INFO - Epoch 21 | Batch 9/10 | Loss: 0.3375 | Avg Loss: 0.3300 | GPU Memory: 1322.4MB
2025-09-09 12:38:40,150 - INFO - Epoch 21 | Batch 10/10 | Loss: 0.3323 | Avg Loss: 0.3261 | GPU Memory: 1315.2MB
2025-09-09 12:38:40,867 - INFO - Epoch 21 completed. Loss: 0.3302, Time: 3.7s
2025-09-09 12:42:01,196 - INFO - Validation | Loss: 0.3481, mIoU: 0.7564, IoUs: [0.99212645 0.92800474 0.715605   0.39003868]
2025-09-09 12:42:01,736 - INFO - Saved best model at epoch 21 to runs/ResNet50UNet_20250909_112825/checkpoints/ResNet50UNet_best.pth
2025-09-09 12:42:02,572 - INFO - Epoch 22 | Batch 1/10 | Loss: 0.3274 | Avg Loss: 0.3274 | GPU Memory: 1322.2MB
2025-09-09 12:42:02,943 - INFO - Epoch 22 | Batch 2/10 | Loss: 0.3303 | Avg Loss: 0.3288 | GPU Memory: 1322.4MB
2025-09-09 12:42:03,256 - INFO - Epoch 22 | Batch 3/10 | Loss: 0.3304 | Avg Loss: 0.3294 | GPU Memory: 1322.9MB
2025-09-09 12:42:03,570 - INFO - Epoch 22 | Batch 4/10 | Loss: 0.3313 | Avg Loss: 0.3298 | GPU Memory: 1322.7MB
2025-09-09 12:42:03,768 - INFO - Epoch 22 | Batch 5/10 | Loss: 0.3250 | Avg Loss: 0.3289 | GPU Memory: 1321.7MB
2025-09-09 12:42:03,970 - INFO - Epoch 22 | Batch 6/10 | Loss: 0.3294 | Avg Loss: 0.3290 | GPU Memory: 1322.2MB
2025-09-09 12:42:04,159 - INFO - Epoch 22 | Batch 7/10 | Loss: 0.3285 | Avg Loss: 0.3289 | GPU Memory: 1320.8MB
2025-09-09 12:42:04,348 - INFO - Epoch 22 | Batch 8/10 | Loss: 0.3304 | Avg Loss: 0.3291 | GPU Memory: 1322.2MB
2025-09-09 12:42:04,543 - INFO - Epoch 22 | Batch 9/10 | Loss: 0.3244 | Avg Loss: 0.3286 | GPU Memory: 1322.4MB
2025-09-09 12:42:04,718 - INFO - Epoch 22 | Batch 10/10 | Loss: 0.3219 | Avg Loss: 0.3239 | GPU Memory: 1315.2MB
2025-09-09 12:42:05,437 - INFO - Epoch 22 completed. Loss: 0.3280, Time: 3.7s
2025-09-09 12:45:25,533 - INFO - Validation | Loss: 0.3487, mIoU: 0.7579, IoUs: [0.99217497 0.92778752 0.71170032 0.39978685]
2025-09-09 12:45:26,384 - INFO - Epoch 23 | Batch 1/10 | Loss: 0.3371 | Avg Loss: 0.3371 | GPU Memory: 1322.2MB
2025-09-09 12:45:26,720 - INFO - Epoch 23 | Batch 2/10 | Loss: 0.3377 | Avg Loss: 0.3374 | GPU Memory: 1322.4MB
2025-09-09 12:45:27,074 - INFO - Epoch 23 | Batch 3/10 | Loss: 0.3204 | Avg Loss: 0.3317 | GPU Memory: 1322.9MB
2025-09-09 12:45:27,386 - INFO - Epoch 23 | Batch 4/10 | Loss: 0.3298 | Avg Loss: 0.3313 | GPU Memory: 1322.7MB
2025-09-09 12:45:27,577 - INFO - Epoch 23 | Batch 5/10 | Loss: 0.3305 | Avg Loss: 0.3311 | GPU Memory: 1321.7MB
2025-09-09 12:45:27,767 - INFO - Epoch 23 | Batch 6/10 | Loss: 0.3214 | Avg Loss: 0.3295 | GPU Memory: 1322.2MB
2025-09-09 12:45:27,965 - INFO - Epoch 23 | Batch 7/10 | Loss: 0.3398 | Avg Loss: 0.3310 | GPU Memory: 1320.8MB
2025-09-09 12:45:28,167 - INFO - Epoch 23 | Batch 8/10 | Loss: 0.3236 | Avg Loss: 0.3300 | GPU Memory: 1322.2MB
2025-09-09 12:45:28,366 - INFO - Epoch 23 | Batch 9/10 | Loss: 0.3282 | Avg Loss: 0.3298 | GPU Memory: 1322.4MB
2025-09-09 12:45:28,542 - INFO - Epoch 23 | Batch 10/10 | Loss: 0.3244 | Avg Loss: 0.3252 | GPU Memory: 1315.2MB
2025-09-09 12:45:29,300 - INFO - Epoch 23 completed. Loss: 0.3294, Time: 3.8s
2025-09-09 12:48:49,193 - INFO - Validation | Loss: 0.3487, mIoU: 0.7582, IoUs: [0.99218259 0.92785401 0.70966259 0.40308094]
2025-09-09 12:48:50,032 - INFO - Epoch 24 | Batch 1/10 | Loss: 0.3250 | Avg Loss: 0.3250 | GPU Memory: 1322.2MB
2025-09-09 12:48:50,361 - INFO - Epoch 24 | Batch 2/10 | Loss: 0.3230 | Avg Loss: 0.3240 | GPU Memory: 1322.4MB
2025-09-09 12:48:50,692 - INFO - Epoch 24 | Batch 3/10 | Loss: 0.3347 | Avg Loss: 0.3276 | GPU Memory: 1322.9MB
2025-09-09 12:48:51,007 - INFO - Epoch 24 | Batch 4/10 | Loss: 0.3284 | Avg Loss: 0.3278 | GPU Memory: 1322.7MB
2025-09-09 12:48:51,198 - INFO - Epoch 24 | Batch 5/10 | Loss: 0.3338 | Avg Loss: 0.3290 | GPU Memory: 1321.7MB
2025-09-09 12:48:51,391 - INFO - Epoch 24 | Batch 6/10 | Loss: 0.3241 | Avg Loss: 0.3282 | GPU Memory: 1322.2MB
2025-09-09 12:48:51,591 - INFO - Epoch 24 | Batch 7/10 | Loss: 0.3293 | Avg Loss: 0.3283 | GPU Memory: 1320.8MB
2025-09-09 12:48:51,792 - INFO - Epoch 24 | Batch 8/10 | Loss: 0.3353 | Avg Loss: 0.3292 | GPU Memory: 1322.2MB
2025-09-09 12:48:51,993 - INFO - Epoch 24 | Batch 9/10 | Loss: 0.3203 | Avg Loss: 0.3282 | GPU Memory: 1322.4MB
2025-09-09 12:48:52,170 - INFO - Epoch 24 | Batch 10/10 | Loss: 0.3353 | Avg Loss: 0.3247 | GPU Memory: 1315.2MB
2025-09-09 12:48:52,900 - INFO - Epoch 24 completed. Loss: 0.3288, Time: 3.7s
2025-09-09 12:52:13,986 - INFO - Validation | Loss: 0.3483, mIoU: 0.7572, IoUs: [0.9921572  0.9273633  0.70864863 0.40058834]
2025-09-09 12:52:14,857 - INFO - Epoch 25 | Batch 1/10 | Loss: 0.3339 | Avg Loss: 0.3339 | GPU Memory: 1322.2MB
2025-09-09 12:52:15,178 - INFO - Epoch 25 | Batch 2/10 | Loss: 0.3298 | Avg Loss: 0.3319 | GPU Memory: 1322.4MB
2025-09-09 12:52:15,529 - INFO - Epoch 25 | Batch 3/10 | Loss: 0.3344 | Avg Loss: 0.3327 | GPU Memory: 1322.9MB
2025-09-09 12:52:15,819 - INFO - Epoch 25 | Batch 4/10 | Loss: 0.3215 | Avg Loss: 0.3299 | GPU Memory: 1322.7MB
2025-09-09 12:52:16,006 - INFO - Epoch 25 | Batch 5/10 | Loss: 0.3278 | Avg Loss: 0.3295 | GPU Memory: 1321.7MB
2025-09-09 12:52:16,202 - INFO - Epoch 25 | Batch 6/10 | Loss: 0.3341 | Avg Loss: 0.3303 | GPU Memory: 1322.2MB
2025-09-09 12:52:16,404 - INFO - Epoch 25 | Batch 7/10 | Loss: 0.3218 | Avg Loss: 0.3291 | GPU Memory: 1320.8MB
2025-09-09 12:52:16,604 - INFO - Epoch 25 | Batch 8/10 | Loss: 0.3266 | Avg Loss: 0.3287 | GPU Memory: 1322.2MB
2025-09-09 12:52:16,804 - INFO - Epoch 25 | Batch 9/10 | Loss: 0.3303 | Avg Loss: 0.3289 | GPU Memory: 1322.4MB
2025-09-09 12:52:16,979 - INFO - Epoch 25 | Batch 10/10 | Loss: 0.3222 | Avg Loss: 0.3242 | GPU Memory: 1315.2MB
2025-09-09 12:52:17,741 - INFO - Epoch 25 completed. Loss: 0.3283, Time: 3.8s
2025-09-09 12:55:40,592 - INFO - Validation | Loss: 0.3488, mIoU: 0.7573, IoUs: [0.99218435 0.92763852 0.70746523 0.40193844]
2025-09-09 12:55:40,595 - INFO - Training completed
2025-09-09 12:55:40,595 - INFO - Average Validation Loss: 0.4630 ± 0.2597
2025-09-09 12:55:40,595 - INFO - Average Validation mIoU: 0.7045 ± 0.1412
2025-09-09 12:55:40,595 - INFO - Average Per-class IoU: Class 0: 0.9482, Class 1: 0.8684, Class 2: 0.6671, Class 3: 0.3345
