2025-09-10 11:28:04,872 - INFO - Training ResNet50UNet_AIM Model using device: cuda
Run directory: runs/ResNet50UNet_AIM_20250910_112804
Configuration:
{
    "name": "ResNet50UNet_AIM",
    "data_root": "/media/be-light/Data/PG_Gdansk/Torun_secondment/Experiments/dataset/cityscapes",
    "num_classes": 4,
    "crop_size": 256,
    "batch_size": 2,
    "val_batch_size": 2,
    "num_epochs": 25,
    "lr": 0.0001,
    "log_dir": "runs",
    "resume": null,
    "early_stop_patience": 5
}using class weights: [1.0, 1.0, 1.0, 3.0] and gamma: 3.0

2025-09-10 11:28:04,873 - INFO - Training samples: 79, Validation samples: 20
2025-09-10 11:28:06,269 - INFO - Epoch 1 | Batch 1/40 | Loss: 2.4585 | Avg Loss: 2.4585 | GPU Memory: 12365.0MB
2025-09-10 11:28:06,588 - INFO - Epoch 1 | Batch 2/40 | Loss: 2.3671 | Avg Loss: 2.4128 | GPU Memory: 12362.3MB
2025-09-10 11:28:06,975 - INFO - Epoch 1 | Batch 3/40 | Loss: 2.2532 | Avg Loss: 2.3596 | GPU Memory: 12364.9MB
2025-09-10 11:28:07,271 - INFO - Epoch 1 | Batch 4/40 | Loss: 2.2163 | Avg Loss: 2.3238 | GPU Memory: 12369.9MB
2025-09-10 11:28:07,598 - INFO - Epoch 1 | Batch 5/40 | Loss: 2.1286 | Avg Loss: 2.2848 | GPU Memory: 12369.9MB
2025-09-10 11:28:07,928 - INFO - Epoch 1 | Batch 6/40 | Loss: 2.1374 | Avg Loss: 2.2602 | GPU Memory: 12369.9MB
2025-09-10 11:28:08,258 - INFO - Epoch 1 | Batch 7/40 | Loss: 2.0522 | Avg Loss: 2.2305 | GPU Memory: 12369.9MB
2025-09-10 11:28:08,589 - INFO - Epoch 1 | Batch 8/40 | Loss: 2.0133 | Avg Loss: 2.2033 | GPU Memory: 12369.9MB
2025-09-10 11:28:08,914 - INFO - Epoch 1 | Batch 9/40 | Loss: 2.0490 | Avg Loss: 2.1862 | GPU Memory: 12369.9MB
2025-09-10 11:28:09,245 - INFO - Epoch 1 | Batch 10/40 | Loss: 2.0240 | Avg Loss: 2.1700 | GPU Memory: 12369.9MB
2025-09-10 11:28:09,576 - INFO - Epoch 1 | Batch 11/40 | Loss: 1.9029 | Avg Loss: 2.1457 | GPU Memory: 12369.9MB
2025-09-10 11:28:09,902 - INFO - Epoch 1 | Batch 12/40 | Loss: 2.0020 | Avg Loss: 2.1337 | GPU Memory: 12369.9MB
2025-09-10 11:28:10,236 - INFO - Epoch 1 | Batch 13/40 | Loss: 1.8611 | Avg Loss: 2.1127 | GPU Memory: 12369.9MB
2025-09-10 11:28:10,567 - INFO - Epoch 1 | Batch 14/40 | Loss: 1.8380 | Avg Loss: 2.0931 | GPU Memory: 12369.9MB
2025-09-10 11:28:10,893 - INFO - Epoch 1 | Batch 15/40 | Loss: 1.8244 | Avg Loss: 2.0752 | GPU Memory: 12369.9MB
2025-09-10 11:28:11,223 - INFO - Epoch 1 | Batch 16/40 | Loss: 1.8684 | Avg Loss: 2.0623 | GPU Memory: 12369.9MB
2025-09-10 11:28:11,555 - INFO - Epoch 1 | Batch 17/40 | Loss: 1.8508 | Avg Loss: 2.0498 | GPU Memory: 12369.9MB
2025-09-10 11:28:11,881 - INFO - Epoch 1 | Batch 18/40 | Loss: 1.7286 | Avg Loss: 2.0320 | GPU Memory: 12369.9MB
2025-09-10 11:28:12,212 - INFO - Epoch 1 | Batch 19/40 | Loss: 1.9632 | Avg Loss: 2.0284 | GPU Memory: 12369.9MB
2025-09-10 11:28:12,544 - INFO - Epoch 1 | Batch 20/40 | Loss: 1.7879 | Avg Loss: 2.0163 | GPU Memory: 12369.9MB
2025-09-10 11:28:12,870 - INFO - Epoch 1 | Batch 21/40 | Loss: 1.7957 | Avg Loss: 2.0058 | GPU Memory: 12369.9MB
2025-09-10 11:28:13,201 - INFO - Epoch 1 | Batch 22/40 | Loss: 1.6302 | Avg Loss: 1.9888 | GPU Memory: 12369.9MB
2025-09-10 11:28:13,530 - INFO - Epoch 1 | Batch 23/40 | Loss: 1.7444 | Avg Loss: 1.9781 | GPU Memory: 12369.9MB
2025-09-10 11:28:13,857 - INFO - Epoch 1 | Batch 24/40 | Loss: 1.6878 | Avg Loss: 1.9660 | GPU Memory: 12369.9MB
2025-09-10 11:28:14,189 - INFO - Epoch 1 | Batch 25/40 | Loss: 1.5712 | Avg Loss: 1.9503 | GPU Memory: 12369.9MB
2025-09-10 11:28:14,516 - INFO - Epoch 1 | Batch 26/40 | Loss: 1.5166 | Avg Loss: 1.9336 | GPU Memory: 12369.9MB
2025-09-10 11:28:14,844 - INFO - Epoch 1 | Batch 27/40 | Loss: 1.8330 | Avg Loss: 1.9299 | GPU Memory: 12369.9MB
2025-09-10 11:28:15,177 - INFO - Epoch 1 | Batch 28/40 | Loss: 1.6259 | Avg Loss: 1.9190 | GPU Memory: 12369.9MB
2025-09-10 11:28:15,503 - INFO - Epoch 1 | Batch 29/40 | Loss: 1.4678 | Avg Loss: 1.9034 | GPU Memory: 12369.9MB
2025-09-10 11:28:15,834 - INFO - Epoch 1 | Batch 30/40 | Loss: 1.6433 | Avg Loss: 1.8948 | GPU Memory: 12369.9MB
2025-09-10 11:28:16,166 - INFO - Epoch 1 | Batch 31/40 | Loss: 1.4237 | Avg Loss: 1.8796 | GPU Memory: 12369.9MB
2025-09-10 11:28:16,493 - INFO - Epoch 1 | Batch 32/40 | Loss: 1.4284 | Avg Loss: 1.8655 | GPU Memory: 12369.9MB
2025-09-10 11:28:16,819 - INFO - Epoch 1 | Batch 33/40 | Loss: 1.4013 | Avg Loss: 1.8514 | GPU Memory: 12369.9MB
2025-09-10 11:28:17,153 - INFO - Epoch 1 | Batch 34/40 | Loss: 1.3823 | Avg Loss: 1.8376 | GPU Memory: 12369.9MB
2025-09-10 11:28:17,480 - INFO - Epoch 1 | Batch 35/40 | Loss: 1.3395 | Avg Loss: 1.8234 | GPU Memory: 12369.9MB
2025-09-10 11:28:17,811 - INFO - Epoch 1 | Batch 36/40 | Loss: 1.2951 | Avg Loss: 1.8087 | GPU Memory: 12369.9MB
2025-09-10 11:28:18,141 - INFO - Epoch 1 | Batch 37/40 | Loss: 1.6761 | Avg Loss: 1.8051 | GPU Memory: 12369.9MB
2025-09-10 11:28:18,468 - INFO - Epoch 1 | Batch 38/40 | Loss: 1.4450 | Avg Loss: 1.7956 | GPU Memory: 12369.9MB
2025-09-10 11:28:18,797 - INFO - Epoch 1 | Batch 39/40 | Loss: 1.2797 | Avg Loss: 1.7824 | GPU Memory: 12369.9MB
2025-09-10 11:28:19,319 - INFO - Epoch 1 | Batch 40/40 | Loss: 1.2155 | Avg Loss: 1.7530 | GPU Memory: 12367.3MB
2025-09-10 11:28:20,034 - INFO - Epoch 1 completed. Loss: 1.7752, Time: 15.1s
2025-09-10 11:29:13,237 - INFO - Validation | Loss: 1.4377, mIoU: 0.6898, IoUs: [0.97410519 0.8111946  0.56192421 0.41198276]
2025-09-10 11:29:15,861 - INFO - Saved best model at epoch 1 to runs/ResNet50UNet_AIM_20250910_112804/checkpoints/ResNet50UNet_AIM_best.pth
2025-09-10 11:29:16,625 - INFO - Epoch 2 | Batch 1/40 | Loss: 1.3702 | Avg Loss: 1.3702 | GPU Memory: 12366.2MB
2025-09-10 11:29:16,973 - INFO - Epoch 2 | Batch 2/40 | Loss: 1.1999 | Avg Loss: 1.2851 | GPU Memory: 12371.3MB
2025-09-10 11:29:17,313 - INFO - Epoch 2 | Batch 3/40 | Loss: 1.3625 | Avg Loss: 1.3109 | GPU Memory: 12371.0MB
2025-09-10 11:29:17,651 - INFO - Epoch 2 | Batch 4/40 | Loss: 1.1378 | Avg Loss: 1.2676 | GPU Memory: 12371.0MB
2025-09-10 11:29:17,977 - INFO - Epoch 2 | Batch 5/40 | Loss: 1.3131 | Avg Loss: 1.2767 | GPU Memory: 12371.0MB
2025-09-10 11:29:18,309 - INFO - Epoch 2 | Batch 6/40 | Loss: 1.5234 | Avg Loss: 1.3178 | GPU Memory: 12371.0MB
2025-09-10 11:29:18,640 - INFO - Epoch 2 | Batch 7/40 | Loss: 1.2776 | Avg Loss: 1.3121 | GPU Memory: 12371.0MB
2025-09-10 11:29:18,970 - INFO - Epoch 2 | Batch 8/40 | Loss: 1.0793 | Avg Loss: 1.2830 | GPU Memory: 12371.0MB
2025-09-10 11:29:19,302 - INFO - Epoch 2 | Batch 9/40 | Loss: 1.2397 | Avg Loss: 1.2782 | GPU Memory: 12371.0MB
2025-09-10 11:29:19,632 - INFO - Epoch 2 | Batch 10/40 | Loss: 1.1179 | Avg Loss: 1.2621 | GPU Memory: 12371.0MB
2025-09-10 11:29:19,959 - INFO - Epoch 2 | Batch 11/40 | Loss: 1.2095 | Avg Loss: 1.2574 | GPU Memory: 12371.0MB
2025-09-10 11:29:20,294 - INFO - Epoch 2 | Batch 12/40 | Loss: 1.1867 | Avg Loss: 1.2515 | GPU Memory: 12371.0MB
2025-09-10 11:29:20,625 - INFO - Epoch 2 | Batch 13/40 | Loss: 1.1497 | Avg Loss: 1.2436 | GPU Memory: 12371.0MB
2025-09-10 11:29:20,955 - INFO - Epoch 2 | Batch 14/40 | Loss: 1.1628 | Avg Loss: 1.2379 | GPU Memory: 12371.0MB
2025-09-10 11:29:21,285 - INFO - Epoch 2 | Batch 15/40 | Loss: 0.9897 | Avg Loss: 1.2213 | GPU Memory: 12371.0MB
2025-09-10 11:29:21,620 - INFO - Epoch 2 | Batch 16/40 | Loss: 1.1400 | Avg Loss: 1.2162 | GPU Memory: 12371.0MB
2025-09-10 11:29:21,951 - INFO - Epoch 2 | Batch 17/40 | Loss: 0.9826 | Avg Loss: 1.2025 | GPU Memory: 12371.0MB
2025-09-10 11:29:22,282 - INFO - Epoch 2 | Batch 18/40 | Loss: 0.9234 | Avg Loss: 1.1870 | GPU Memory: 12371.0MB
2025-09-10 11:29:22,618 - INFO - Epoch 2 | Batch 19/40 | Loss: 1.0261 | Avg Loss: 1.1785 | GPU Memory: 12371.0MB
2025-09-10 11:29:22,949 - INFO - Epoch 2 | Batch 20/40 | Loss: 1.0931 | Avg Loss: 1.1742 | GPU Memory: 12371.0MB
2025-09-10 11:29:23,281 - INFO - Epoch 2 | Batch 21/40 | Loss: 0.8705 | Avg Loss: 1.1598 | GPU Memory: 12371.0MB
2025-09-10 11:29:23,618 - INFO - Epoch 2 | Batch 22/40 | Loss: 1.1370 | Avg Loss: 1.1587 | GPU Memory: 12371.0MB
2025-09-10 11:29:23,948 - INFO - Epoch 2 | Batch 23/40 | Loss: 0.8204 | Avg Loss: 1.1440 | GPU Memory: 12371.0MB
2025-09-10 11:29:24,280 - INFO - Epoch 2 | Batch 24/40 | Loss: 1.0622 | Avg Loss: 1.1406 | GPU Memory: 12371.0MB
2025-09-10 11:29:24,617 - INFO - Epoch 2 | Batch 25/40 | Loss: 0.8259 | Avg Loss: 1.1280 | GPU Memory: 12371.0MB
2025-09-10 11:29:24,948 - INFO - Epoch 2 | Batch 26/40 | Loss: 0.8378 | Avg Loss: 1.1169 | GPU Memory: 12371.0MB
2025-09-10 11:29:25,280 - INFO - Epoch 2 | Batch 27/40 | Loss: 0.8480 | Avg Loss: 1.1069 | GPU Memory: 12371.0MB
2025-09-10 11:29:25,612 - INFO - Epoch 2 | Batch 28/40 | Loss: 0.9198 | Avg Loss: 1.1002 | GPU Memory: 12371.0MB
2025-09-10 11:29:25,944 - INFO - Epoch 2 | Batch 29/40 | Loss: 0.8032 | Avg Loss: 1.0900 | GPU Memory: 12371.0MB
2025-09-10 11:29:26,275 - INFO - Epoch 2 | Batch 30/40 | Loss: 0.9980 | Avg Loss: 1.0869 | GPU Memory: 12371.0MB
2025-09-10 11:29:26,610 - INFO - Epoch 2 | Batch 31/40 | Loss: 0.9162 | Avg Loss: 1.0814 | GPU Memory: 12371.0MB
2025-09-10 11:29:26,943 - INFO - Epoch 2 | Batch 32/40 | Loss: 0.7741 | Avg Loss: 1.0718 | GPU Memory: 12371.0MB
2025-09-10 11:29:27,277 - INFO - Epoch 2 | Batch 33/40 | Loss: 0.9356 | Avg Loss: 1.0677 | GPU Memory: 12371.0MB
2025-09-10 11:29:27,612 - INFO - Epoch 2 | Batch 34/40 | Loss: 0.7470 | Avg Loss: 1.0583 | GPU Memory: 12371.0MB
2025-09-10 11:29:27,942 - INFO - Epoch 2 | Batch 35/40 | Loss: 0.7427 | Avg Loss: 1.0492 | GPU Memory: 12371.0MB
2025-09-10 11:29:28,275 - INFO - Epoch 2 | Batch 36/40 | Loss: 0.6860 | Avg Loss: 1.0392 | GPU Memory: 12371.0MB
2025-09-10 11:29:28,610 - INFO - Epoch 2 | Batch 37/40 | Loss: 0.8841 | Avg Loss: 1.0350 | GPU Memory: 12371.0MB
2025-09-10 11:29:28,938 - INFO - Epoch 2 | Batch 38/40 | Loss: 0.6550 | Avg Loss: 1.0250 | GPU Memory: 12371.0MB
2025-09-10 11:29:29,273 - INFO - Epoch 2 | Batch 39/40 | Loss: 0.8898 | Avg Loss: 1.0215 | GPU Memory: 12371.0MB
2025-09-10 11:29:29,576 - INFO - Epoch 2 | Batch 40/40 | Loss: 1.1475 | Avg Loss: 1.0103 | GPU Memory: 12364.9MB
2025-09-10 11:29:30,333 - INFO - Epoch 2 completed. Loss: 1.0231, Time: 14.5s
2025-09-10 11:30:23,732 - INFO - Validation | Loss: 0.8794, mIoU: 0.7343, IoUs: [0.98670557 0.89707832 0.6082814  0.44519607]
2025-09-10 11:30:26,791 - INFO - Saved best model at epoch 2 to runs/ResNet50UNet_AIM_20250910_112804/checkpoints/ResNet50UNet_AIM_best.pth
2025-09-10 11:30:27,526 - INFO - Epoch 3 | Batch 1/40 | Loss: 0.8416 | Avg Loss: 0.8416 | GPU Memory: 12367.5MB
2025-09-10 11:30:27,847 - INFO - Epoch 3 | Batch 2/40 | Loss: 0.6145 | Avg Loss: 0.7280 | GPU Memory: 12367.5MB
2025-09-10 11:30:28,186 - INFO - Epoch 3 | Batch 3/40 | Loss: 0.8482 | Avg Loss: 0.7681 | GPU Memory: 12367.5MB
2025-09-10 11:30:28,512 - INFO - Epoch 3 | Batch 4/40 | Loss: 0.5952 | Avg Loss: 0.7249 | GPU Memory: 12367.5MB
2025-09-10 11:30:28,811 - INFO - Epoch 3 | Batch 5/40 | Loss: 0.7595 | Avg Loss: 0.7318 | GPU Memory: 12367.5MB
2025-09-10 11:30:29,142 - INFO - Epoch 3 | Batch 6/40 | Loss: 0.5965 | Avg Loss: 0.7092 | GPU Memory: 12367.5MB
2025-09-10 11:30:29,473 - INFO - Epoch 3 | Batch 7/40 | Loss: 0.5990 | Avg Loss: 0.6935 | GPU Memory: 12367.5MB
2025-09-10 11:30:29,803 - INFO - Epoch 3 | Batch 8/40 | Loss: 0.5561 | Avg Loss: 0.6763 | GPU Memory: 12367.5MB
2025-09-10 11:30:30,137 - INFO - Epoch 3 | Batch 9/40 | Loss: 0.7499 | Avg Loss: 0.6845 | GPU Memory: 12367.5MB
2025-09-10 11:30:30,465 - INFO - Epoch 3 | Batch 10/40 | Loss: 0.6359 | Avg Loss: 0.6796 | GPU Memory: 12367.5MB
2025-09-10 11:30:30,798 - INFO - Epoch 3 | Batch 11/40 | Loss: 1.0524 | Avg Loss: 0.7135 | GPU Memory: 12367.5MB
2025-09-10 11:30:31,132 - INFO - Epoch 3 | Batch 12/40 | Loss: 0.5472 | Avg Loss: 0.6997 | GPU Memory: 12367.5MB
2025-09-10 11:30:31,462 - INFO - Epoch 3 | Batch 13/40 | Loss: 0.5726 | Avg Loss: 0.6899 | GPU Memory: 12367.5MB
2025-09-10 11:30:31,797 - INFO - Epoch 3 | Batch 14/40 | Loss: 1.0358 | Avg Loss: 0.7146 | GPU Memory: 12367.5MB
2025-09-10 11:30:32,130 - INFO - Epoch 3 | Batch 15/40 | Loss: 0.4761 | Avg Loss: 0.6987 | GPU Memory: 12367.5MB
2025-09-10 11:30:32,458 - INFO - Epoch 3 | Batch 16/40 | Loss: 0.7697 | Avg Loss: 0.7031 | GPU Memory: 12367.5MB
2025-09-10 11:30:32,793 - INFO - Epoch 3 | Batch 17/40 | Loss: 0.6752 | Avg Loss: 0.7015 | GPU Memory: 12367.5MB
2025-09-10 11:30:33,127 - INFO - Epoch 3 | Batch 18/40 | Loss: 0.5765 | Avg Loss: 0.6946 | GPU Memory: 12367.5MB
2025-09-10 11:30:33,455 - INFO - Epoch 3 | Batch 19/40 | Loss: 0.6722 | Avg Loss: 0.6934 | GPU Memory: 12367.5MB
2025-09-10 11:30:33,790 - INFO - Epoch 3 | Batch 20/40 | Loss: 0.6746 | Avg Loss: 0.6924 | GPU Memory: 12367.5MB
2025-09-10 11:30:34,124 - INFO - Epoch 3 | Batch 21/40 | Loss: 0.6358 | Avg Loss: 0.6897 | GPU Memory: 12367.5MB
2025-09-10 11:30:34,452 - INFO - Epoch 3 | Batch 22/40 | Loss: 0.9390 | Avg Loss: 0.7011 | GPU Memory: 12367.5MB
2025-09-10 11:30:34,785 - INFO - Epoch 3 | Batch 23/40 | Loss: 0.5503 | Avg Loss: 0.6945 | GPU Memory: 12367.5MB
2025-09-10 11:30:35,120 - INFO - Epoch 3 | Batch 24/40 | Loss: 0.4704 | Avg Loss: 0.6852 | GPU Memory: 12367.5MB
2025-09-10 11:30:35,449 - INFO - Epoch 3 | Batch 25/40 | Loss: 0.6598 | Avg Loss: 0.6842 | GPU Memory: 12367.5MB
2025-09-10 11:30:35,781 - INFO - Epoch 3 | Batch 26/40 | Loss: 0.4329 | Avg Loss: 0.6745 | GPU Memory: 12367.5MB
2025-09-10 11:30:36,116 - INFO - Epoch 3 | Batch 27/40 | Loss: 0.4447 | Avg Loss: 0.6660 | GPU Memory: 12367.5MB
2025-09-10 11:30:36,444 - INFO - Epoch 3 | Batch 28/40 | Loss: 0.4250 | Avg Loss: 0.6574 | GPU Memory: 12367.5MB
2025-09-10 11:30:36,777 - INFO - Epoch 3 | Batch 29/40 | Loss: 0.5970 | Avg Loss: 0.6553 | GPU Memory: 12367.5MB
2025-09-10 11:30:37,113 - INFO - Epoch 3 | Batch 30/40 | Loss: 0.6178 | Avg Loss: 0.6541 | GPU Memory: 12367.5MB
2025-09-10 11:30:37,271 - INFO - Epoch 3 | Batch 31/40 | Loss: 0.5886 | Avg Loss: 0.6519 | GPU Memory: 12367.5MB
2025-09-10 11:30:37,615 - INFO - Epoch 3 | Batch 32/40 | Loss: 0.4213 | Avg Loss: 0.6447 | GPU Memory: 12367.5MB
2025-09-10 11:30:37,946 - INFO - Epoch 3 | Batch 33/40 | Loss: 0.3974 | Avg Loss: 0.6372 | GPU Memory: 12367.5MB
2025-09-10 11:30:38,280 - INFO - Epoch 3 | Batch 34/40 | Loss: 0.5924 | Avg Loss: 0.6359 | GPU Memory: 12367.5MB
2025-09-10 11:30:38,612 - INFO - Epoch 3 | Batch 35/40 | Loss: 0.3866 | Avg Loss: 0.6288 | GPU Memory: 12367.5MB
2025-09-10 11:30:38,942 - INFO - Epoch 3 | Batch 36/40 | Loss: 0.5857 | Avg Loss: 0.6276 | GPU Memory: 12367.5MB
2025-09-10 11:30:39,273 - INFO - Epoch 3 | Batch 37/40 | Loss: 0.3546 | Avg Loss: 0.6202 | GPU Memory: 12367.5MB
2025-09-10 11:30:39,609 - INFO - Epoch 3 | Batch 38/40 | Loss: 0.3749 | Avg Loss: 0.6138 | GPU Memory: 12367.5MB
2025-09-10 11:30:39,938 - INFO - Epoch 3 | Batch 39/40 | Loss: 0.6281 | Avg Loss: 0.6141 | GPU Memory: 12367.5MB
2025-09-10 11:30:40,240 - INFO - Epoch 3 | Batch 40/40 | Loss: 0.9371 | Avg Loss: 0.6105 | GPU Memory: 12364.9MB
2025-09-10 11:30:40,958 - INFO - Epoch 3 completed. Loss: 0.6182, Time: 14.2s
2025-09-10 11:31:34,119 - INFO - Validation | Loss: 0.6096, mIoU: 0.7541, IoUs: [0.98847386 0.89700712 0.66020474 0.47065746]
2025-09-10 11:31:37,159 - INFO - Saved best model at epoch 3 to runs/ResNet50UNet_AIM_20250910_112804/checkpoints/ResNet50UNet_AIM_best.pth
2025-09-10 11:31:37,918 - INFO - Epoch 4 | Batch 1/40 | Loss: 0.6421 | Avg Loss: 0.6421 | GPU Memory: 12367.5MB
2025-09-10 11:31:38,231 - INFO - Epoch 4 | Batch 2/40 | Loss: 0.5725 | Avg Loss: 0.6073 | GPU Memory: 12367.5MB
2025-09-10 11:31:38,571 - INFO - Epoch 4 | Batch 3/40 | Loss: 0.3314 | Avg Loss: 0.5153 | GPU Memory: 12367.5MB
2025-09-10 11:31:38,919 - INFO - Epoch 4 | Batch 4/40 | Loss: 0.3202 | Avg Loss: 0.4666 | GPU Memory: 12367.5MB
2025-09-10 11:31:39,253 - INFO - Epoch 4 | Batch 5/40 | Loss: 0.3211 | Avg Loss: 0.4375 | GPU Memory: 12367.5MB
2025-09-10 11:31:39,583 - INFO - Epoch 4 | Batch 6/40 | Loss: 0.5430 | Avg Loss: 0.4550 | GPU Memory: 12367.5MB
2025-09-10 11:31:39,912 - INFO - Epoch 4 | Batch 7/40 | Loss: 0.5402 | Avg Loss: 0.4672 | GPU Memory: 12367.5MB
2025-09-10 11:31:40,244 - INFO - Epoch 4 | Batch 8/40 | Loss: 0.5519 | Avg Loss: 0.4778 | GPU Memory: 12367.5MB
2025-09-10 11:31:40,577 - INFO - Epoch 4 | Batch 9/40 | Loss: 0.3037 | Avg Loss: 0.4585 | GPU Memory: 12367.5MB
2025-09-10 11:31:40,906 - INFO - Epoch 4 | Batch 10/40 | Loss: 0.4865 | Avg Loss: 0.4613 | GPU Memory: 12367.5MB
2025-09-10 11:31:41,239 - INFO - Epoch 4 | Batch 11/40 | Loss: 0.3131 | Avg Loss: 0.4478 | GPU Memory: 12367.5MB
2025-09-10 11:31:41,574 - INFO - Epoch 4 | Batch 12/40 | Loss: 0.5330 | Avg Loss: 0.4549 | GPU Memory: 12367.5MB
2025-09-10 11:31:41,905 - INFO - Epoch 4 | Batch 13/40 | Loss: 0.2841 | Avg Loss: 0.4418 | GPU Memory: 12367.5MB
2025-09-10 11:31:42,237 - INFO - Epoch 4 | Batch 14/40 | Loss: 0.3380 | Avg Loss: 0.4343 | GPU Memory: 12367.5MB
2025-09-10 11:31:42,572 - INFO - Epoch 4 | Batch 15/40 | Loss: 0.5558 | Avg Loss: 0.4424 | GPU Memory: 12367.5MB
2025-09-10 11:31:42,902 - INFO - Epoch 4 | Batch 16/40 | Loss: 0.4812 | Avg Loss: 0.4449 | GPU Memory: 12367.5MB
2025-09-10 11:31:43,234 - INFO - Epoch 4 | Batch 17/40 | Loss: 0.2757 | Avg Loss: 0.4349 | GPU Memory: 12367.5MB
2025-09-10 11:31:43,569 - INFO - Epoch 4 | Batch 18/40 | Loss: 0.5209 | Avg Loss: 0.4397 | GPU Memory: 12367.5MB
2025-09-10 11:31:43,900 - INFO - Epoch 4 | Batch 19/40 | Loss: 0.2768 | Avg Loss: 0.4311 | GPU Memory: 12367.5MB
2025-09-10 11:31:44,234 - INFO - Epoch 4 | Batch 20/40 | Loss: 0.2683 | Avg Loss: 0.4230 | GPU Memory: 12367.5MB
2025-09-10 11:31:44,569 - INFO - Epoch 4 | Batch 21/40 | Loss: 0.2539 | Avg Loss: 0.4149 | GPU Memory: 12367.5MB
2025-09-10 11:31:44,899 - INFO - Epoch 4 | Batch 22/40 | Loss: 0.5840 | Avg Loss: 0.4226 | GPU Memory: 12367.5MB
2025-09-10 11:31:45,233 - INFO - Epoch 4 | Batch 23/40 | Loss: 0.8788 | Avg Loss: 0.4424 | GPU Memory: 12367.5MB
2025-09-10 11:31:45,567 - INFO - Epoch 4 | Batch 24/40 | Loss: 0.4767 | Avg Loss: 0.4439 | GPU Memory: 12367.5MB
2025-09-10 11:31:45,897 - INFO - Epoch 4 | Batch 25/40 | Loss: 0.4837 | Avg Loss: 0.4455 | GPU Memory: 12367.5MB
2025-09-10 11:31:46,230 - INFO - Epoch 4 | Batch 26/40 | Loss: 0.4632 | Avg Loss: 0.4461 | GPU Memory: 12367.5MB
2025-09-10 11:31:46,564 - INFO - Epoch 4 | Batch 27/40 | Loss: 0.4690 | Avg Loss: 0.4470 | GPU Memory: 12367.5MB
2025-09-10 11:31:46,894 - INFO - Epoch 4 | Batch 28/40 | Loss: 0.4875 | Avg Loss: 0.4484 | GPU Memory: 12367.5MB
2025-09-10 11:31:47,227 - INFO - Epoch 4 | Batch 29/40 | Loss: 0.2947 | Avg Loss: 0.4431 | GPU Memory: 12367.5MB
2025-09-10 11:31:47,560 - INFO - Epoch 4 | Batch 30/40 | Loss: 0.3462 | Avg Loss: 0.4399 | GPU Memory: 12367.5MB
2025-09-10 11:31:47,890 - INFO - Epoch 4 | Batch 31/40 | Loss: 0.4004 | Avg Loss: 0.4386 | GPU Memory: 12367.5MB
2025-09-10 11:31:48,223 - INFO - Epoch 4 | Batch 32/40 | Loss: 0.2797 | Avg Loss: 0.4337 | GPU Memory: 12367.5MB
2025-09-10 11:31:48,557 - INFO - Epoch 4 | Batch 33/40 | Loss: 0.2674 | Avg Loss: 0.4286 | GPU Memory: 12367.5MB
2025-09-10 11:31:48,888 - INFO - Epoch 4 | Batch 34/40 | Loss: 0.2388 | Avg Loss: 0.4230 | GPU Memory: 12367.5MB
2025-09-10 11:31:49,222 - INFO - Epoch 4 | Batch 35/40 | Loss: 0.4338 | Avg Loss: 0.4234 | GPU Memory: 12367.5MB
2025-09-10 11:31:49,556 - INFO - Epoch 4 | Batch 36/40 | Loss: 0.2510 | Avg Loss: 0.4186 | GPU Memory: 12367.5MB
2025-09-10 11:31:49,885 - INFO - Epoch 4 | Batch 37/40 | Loss: 0.4577 | Avg Loss: 0.4196 | GPU Memory: 12367.5MB
2025-09-10 11:31:50,219 - INFO - Epoch 4 | Batch 38/40 | Loss: 0.4517 | Avg Loss: 0.4205 | GPU Memory: 12367.5MB
2025-09-10 11:31:50,555 - INFO - Epoch 4 | Batch 39/40 | Loss: 0.4104 | Avg Loss: 0.4202 | GPU Memory: 12367.5MB
2025-09-10 11:31:50,857 - INFO - Epoch 4 | Batch 40/40 | Loss: 0.2492 | Avg Loss: 0.4128 | GPU Memory: 12364.9MB
2025-09-10 11:31:51,602 - INFO - Epoch 4 completed. Loss: 0.4180, Time: 14.4s
2025-09-10 11:32:44,946 - INFO - Validation | Loss: 0.5218, mIoU: 0.7438, IoUs: [0.98621757 0.88380678 0.64035619 0.46493914]
2025-09-10 11:32:48,015 - INFO - Saved best model at epoch 4 to runs/ResNet50UNet_AIM_20250910_112804/checkpoints/ResNet50UNet_AIM_best.pth
2025-09-10 11:32:48,782 - INFO - Epoch 5 | Batch 1/40 | Loss: 0.3994 | Avg Loss: 0.3994 | GPU Memory: 12367.5MB
2025-09-10 11:32:49,121 - INFO - Epoch 5 | Batch 2/40 | Loss: 0.3854 | Avg Loss: 0.3924 | GPU Memory: 12367.5MB
2025-09-10 11:32:49,464 - INFO - Epoch 5 | Batch 3/40 | Loss: 0.2167 | Avg Loss: 0.3338 | GPU Memory: 12367.5MB
2025-09-10 11:32:49,803 - INFO - Epoch 5 | Batch 4/40 | Loss: 0.2309 | Avg Loss: 0.3081 | GPU Memory: 12367.5MB
2025-09-10 11:32:50,135 - INFO - Epoch 5 | Batch 5/40 | Loss: 0.2061 | Avg Loss: 0.2877 | GPU Memory: 12367.5MB
2025-09-10 11:32:50,464 - INFO - Epoch 5 | Batch 6/40 | Loss: 0.2766 | Avg Loss: 0.2858 | GPU Memory: 12367.5MB
2025-09-10 11:32:50,796 - INFO - Epoch 5 | Batch 7/40 | Loss: 0.2102 | Avg Loss: 0.2750 | GPU Memory: 12367.5MB
2025-09-10 11:32:51,130 - INFO - Epoch 5 | Batch 8/40 | Loss: 0.4710 | Avg Loss: 0.2995 | GPU Memory: 12367.5MB
2025-09-10 11:32:51,460 - INFO - Epoch 5 | Batch 9/40 | Loss: 0.2453 | Avg Loss: 0.2935 | GPU Memory: 12367.5MB
2025-09-10 11:32:51,792 - INFO - Epoch 5 | Batch 10/40 | Loss: 0.1992 | Avg Loss: 0.2841 | GPU Memory: 12367.5MB
2025-09-10 11:32:52,125 - INFO - Epoch 5 | Batch 11/40 | Loss: 0.2832 | Avg Loss: 0.2840 | GPU Memory: 12367.5MB
2025-09-10 11:32:52,454 - INFO - Epoch 5 | Batch 12/40 | Loss: 0.3352 | Avg Loss: 0.2883 | GPU Memory: 12367.5MB
2025-09-10 11:32:52,784 - INFO - Epoch 5 | Batch 13/40 | Loss: 0.1952 | Avg Loss: 0.2811 | GPU Memory: 12367.5MB
2025-09-10 11:32:53,117 - INFO - Epoch 5 | Batch 14/40 | Loss: 0.1823 | Avg Loss: 0.2740 | GPU Memory: 12367.5MB
2025-09-10 11:32:53,448 - INFO - Epoch 5 | Batch 15/40 | Loss: 0.4013 | Avg Loss: 0.2825 | GPU Memory: 12367.5MB
2025-09-10 11:32:53,779 - INFO - Epoch 5 | Batch 16/40 | Loss: 0.1868 | Avg Loss: 0.2765 | GPU Memory: 12367.5MB
2025-09-10 11:32:54,113 - INFO - Epoch 5 | Batch 17/40 | Loss: 0.4562 | Avg Loss: 0.2871 | GPU Memory: 12367.5MB
2025-09-10 11:32:54,443 - INFO - Epoch 5 | Batch 18/40 | Loss: 0.4698 | Avg Loss: 0.2973 | GPU Memory: 12367.5MB
2025-09-10 11:32:54,775 - INFO - Epoch 5 | Batch 19/40 | Loss: 0.4566 | Avg Loss: 0.3056 | GPU Memory: 12367.5MB
2025-09-10 11:32:55,109 - INFO - Epoch 5 | Batch 20/40 | Loss: 0.1807 | Avg Loss: 0.2994 | GPU Memory: 12367.5MB
2025-09-10 11:32:55,439 - INFO - Epoch 5 | Batch 21/40 | Loss: 0.8696 | Avg Loss: 0.3265 | GPU Memory: 12367.5MB
2025-09-10 11:32:55,770 - INFO - Epoch 5 | Batch 22/40 | Loss: 0.1898 | Avg Loss: 0.3203 | GPU Memory: 12367.5MB
2025-09-10 11:32:56,103 - INFO - Epoch 5 | Batch 23/40 | Loss: 0.5191 | Avg Loss: 0.3290 | GPU Memory: 12367.5MB
2025-09-10 11:32:56,432 - INFO - Epoch 5 | Batch 24/40 | Loss: 0.5409 | Avg Loss: 0.3378 | GPU Memory: 12367.5MB
2025-09-10 11:32:56,762 - INFO - Epoch 5 | Batch 25/40 | Loss: 0.1989 | Avg Loss: 0.3322 | GPU Memory: 12367.5MB
2025-09-10 11:32:57,095 - INFO - Epoch 5 | Batch 26/40 | Loss: 0.4740 | Avg Loss: 0.3377 | GPU Memory: 12367.5MB
2025-09-10 11:32:57,422 - INFO - Epoch 5 | Batch 27/40 | Loss: 0.2317 | Avg Loss: 0.3338 | GPU Memory: 12367.5MB
2025-09-10 11:32:57,755 - INFO - Epoch 5 | Batch 28/40 | Loss: 0.3734 | Avg Loss: 0.3352 | GPU Memory: 12367.5MB
2025-09-10 11:32:58,089 - INFO - Epoch 5 | Batch 29/40 | Loss: 0.8319 | Avg Loss: 0.3523 | GPU Memory: 12367.5MB
2025-09-10 11:32:58,418 - INFO - Epoch 5 | Batch 30/40 | Loss: 0.8266 | Avg Loss: 0.3681 | GPU Memory: 12367.5MB
2025-09-10 11:32:58,751 - INFO - Epoch 5 | Batch 31/40 | Loss: 0.1946 | Avg Loss: 0.3625 | GPU Memory: 12367.5MB
2025-09-10 11:32:59,084 - INFO - Epoch 5 | Batch 32/40 | Loss: 0.1809 | Avg Loss: 0.3569 | GPU Memory: 12367.5MB
2025-09-10 11:32:59,413 - INFO - Epoch 5 | Batch 33/40 | Loss: 0.3649 | Avg Loss: 0.3571 | GPU Memory: 12367.5MB
2025-09-10 11:32:59,747 - INFO - Epoch 5 | Batch 34/40 | Loss: 0.1859 | Avg Loss: 0.3521 | GPU Memory: 12367.5MB
2025-09-10 11:33:00,081 - INFO - Epoch 5 | Batch 35/40 | Loss: 0.3656 | Avg Loss: 0.3524 | GPU Memory: 12367.5MB
2025-09-10 11:33:00,409 - INFO - Epoch 5 | Batch 36/40 | Loss: 0.2091 | Avg Loss: 0.3485 | GPU Memory: 12367.5MB
2025-09-10 11:33:00,745 - INFO - Epoch 5 | Batch 37/40 | Loss: 0.3837 | Avg Loss: 0.3494 | GPU Memory: 12367.5MB
2025-09-10 11:33:01,078 - INFO - Epoch 5 | Batch 38/40 | Loss: 0.4314 | Avg Loss: 0.3516 | GPU Memory: 12367.5MB
2025-09-10 11:33:01,406 - INFO - Epoch 5 | Batch 39/40 | Loss: 0.1792 | Avg Loss: 0.3472 | GPU Memory: 12367.5MB
2025-09-10 11:33:01,707 - INFO - Epoch 5 | Batch 40/40 | Loss: 0.8292 | Avg Loss: 0.3488 | GPU Memory: 12364.9MB
2025-09-10 11:33:02,463 - INFO - Epoch 5 completed. Loss: 0.3533, Time: 14.4s
2025-09-10 11:33:55,539 - INFO - Validation | Loss: 0.4384, mIoU: 0.7754, IoUs: [0.99083381 0.91299173 0.72464598 0.473259  ]
2025-09-10 11:33:58,604 - INFO - Saved best model at epoch 5 to runs/ResNet50UNet_AIM_20250910_112804/checkpoints/ResNet50UNet_AIM_best.pth
2025-09-10 11:33:59,358 - INFO - Epoch 6 | Batch 1/40 | Loss: 0.1835 | Avg Loss: 0.1835 | GPU Memory: 12367.5MB
2025-09-10 11:33:59,698 - INFO - Epoch 6 | Batch 2/40 | Loss: 0.2215 | Avg Loss: 0.2025 | GPU Memory: 12367.5MB
2025-09-10 11:34:00,043 - INFO - Epoch 6 | Batch 3/40 | Loss: 0.2913 | Avg Loss: 0.2321 | GPU Memory: 12367.5MB
2025-09-10 11:34:00,377 - INFO - Epoch 6 | Batch 4/40 | Loss: 0.1675 | Avg Loss: 0.2159 | GPU Memory: 12367.5MB
2025-09-10 11:34:00,710 - INFO - Epoch 6 | Batch 5/40 | Loss: 0.2170 | Avg Loss: 0.2162 | GPU Memory: 12367.5MB
2025-09-10 11:34:01,044 - INFO - Epoch 6 | Batch 6/40 | Loss: 0.3982 | Avg Loss: 0.2465 | GPU Memory: 12367.5MB
2025-09-10 11:34:01,371 - INFO - Epoch 6 | Batch 7/40 | Loss: 0.2527 | Avg Loss: 0.2474 | GPU Memory: 12367.5MB
2025-09-10 11:34:01,702 - INFO - Epoch 6 | Batch 8/40 | Loss: 0.1747 | Avg Loss: 0.2383 | GPU Memory: 12367.5MB
2025-09-10 11:34:02,030 - INFO - Epoch 6 | Batch 9/40 | Loss: 0.2390 | Avg Loss: 0.2384 | GPU Memory: 12367.5MB
2025-09-10 11:34:02,359 - INFO - Epoch 6 | Batch 10/40 | Loss: 0.3983 | Avg Loss: 0.2544 | GPU Memory: 12367.5MB
2025-09-10 11:34:02,690 - INFO - Epoch 6 | Batch 11/40 | Loss: 0.1675 | Avg Loss: 0.2465 | GPU Memory: 12367.5MB
2025-09-10 11:34:03,022 - INFO - Epoch 6 | Batch 12/40 | Loss: 0.2908 | Avg Loss: 0.2502 | GPU Memory: 12367.5MB
2025-09-10 11:34:03,354 - INFO - Epoch 6 | Batch 13/40 | Loss: 0.3575 | Avg Loss: 0.2584 | GPU Memory: 12367.5MB
2025-09-10 11:34:03,688 - INFO - Epoch 6 | Batch 14/40 | Loss: 0.8025 | Avg Loss: 0.2973 | GPU Memory: 12367.5MB
2025-09-10 11:34:04,017 - INFO - Epoch 6 | Batch 15/40 | Loss: 0.1739 | Avg Loss: 0.2891 | GPU Memory: 12367.5MB
2025-09-10 11:34:04,349 - INFO - Epoch 6 | Batch 16/40 | Loss: 0.7957 | Avg Loss: 0.3207 | GPU Memory: 12367.5MB
2025-09-10 11:34:04,683 - INFO - Epoch 6 | Batch 17/40 | Loss: 0.1842 | Avg Loss: 0.3127 | GPU Memory: 12367.5MB
2025-09-10 11:34:05,012 - INFO - Epoch 6 | Batch 18/40 | Loss: 0.3602 | Avg Loss: 0.3153 | GPU Memory: 12367.5MB
2025-09-10 11:34:05,338 - INFO - Epoch 6 | Batch 19/40 | Loss: 0.4127 | Avg Loss: 0.3205 | GPU Memory: 12367.5MB
2025-09-10 11:34:05,671 - INFO - Epoch 6 | Batch 20/40 | Loss: 0.1736 | Avg Loss: 0.3131 | GPU Memory: 12367.5MB
2025-09-10 11:34:05,998 - INFO - Epoch 6 | Batch 21/40 | Loss: 0.1823 | Avg Loss: 0.3069 | GPU Memory: 12367.5MB
2025-09-10 11:34:06,327 - INFO - Epoch 6 | Batch 22/40 | Loss: 0.3568 | Avg Loss: 0.3092 | GPU Memory: 12367.5MB
2025-09-10 11:34:06,660 - INFO - Epoch 6 | Batch 23/40 | Loss: 0.7802 | Avg Loss: 0.3296 | GPU Memory: 12367.5MB
2025-09-10 11:34:06,988 - INFO - Epoch 6 | Batch 24/40 | Loss: 0.2836 | Avg Loss: 0.3277 | GPU Memory: 12367.5MB
2025-09-10 11:34:07,321 - INFO - Epoch 6 | Batch 25/40 | Loss: 0.1778 | Avg Loss: 0.3217 | GPU Memory: 12367.5MB
2025-09-10 11:34:07,654 - INFO - Epoch 6 | Batch 26/40 | Loss: 0.3473 | Avg Loss: 0.3227 | GPU Memory: 12367.5MB
2025-09-10 11:34:07,982 - INFO - Epoch 6 | Batch 27/40 | Loss: 0.1608 | Avg Loss: 0.3167 | GPU Memory: 12367.5MB
2025-09-10 11:34:08,315 - INFO - Epoch 6 | Batch 28/40 | Loss: 0.1708 | Avg Loss: 0.3115 | GPU Memory: 12367.5MB
2025-09-10 11:34:08,645 - INFO - Epoch 6 | Batch 29/40 | Loss: 0.1940 | Avg Loss: 0.3074 | GPU Memory: 12367.5MB
2025-09-10 11:34:08,974 - INFO - Epoch 6 | Batch 30/40 | Loss: 0.3646 | Avg Loss: 0.3093 | GPU Memory: 12367.5MB
2025-09-10 11:34:09,306 - INFO - Epoch 6 | Batch 31/40 | Loss: 0.7379 | Avg Loss: 0.3232 | GPU Memory: 12367.5MB
2025-09-10 11:34:09,643 - INFO - Epoch 6 | Batch 32/40 | Loss: 0.3809 | Avg Loss: 0.3250 | GPU Memory: 12367.5MB
2025-09-10 11:34:09,973 - INFO - Epoch 6 | Batch 33/40 | Loss: 0.2966 | Avg Loss: 0.3241 | GPU Memory: 12367.5MB
2025-09-10 11:34:10,306 - INFO - Epoch 6 | Batch 34/40 | Loss: 0.1848 | Avg Loss: 0.3200 | GPU Memory: 12367.5MB
2025-09-10 11:34:10,640 - INFO - Epoch 6 | Batch 35/40 | Loss: 0.1755 | Avg Loss: 0.3159 | GPU Memory: 12367.5MB
2025-09-10 11:34:10,969 - INFO - Epoch 6 | Batch 36/40 | Loss: 0.2140 | Avg Loss: 0.3131 | GPU Memory: 12367.5MB
2025-09-10 11:34:11,301 - INFO - Epoch 6 | Batch 37/40 | Loss: 0.2048 | Avg Loss: 0.3101 | GPU Memory: 12367.5MB
2025-09-10 11:34:11,635 - INFO - Epoch 6 | Batch 38/40 | Loss: 0.1613 | Avg Loss: 0.3062 | GPU Memory: 12367.5MB
2025-09-10 11:34:11,963 - INFO - Epoch 6 | Batch 39/40 | Loss: 0.2018 | Avg Loss: 0.3035 | GPU Memory: 12367.5MB
2025-09-10 11:34:12,264 - INFO - Epoch 6 | Batch 40/40 | Loss: 0.7878 | Avg Loss: 0.3058 | GPU Memory: 12364.9MB
2025-09-10 11:34:12,985 - INFO - Epoch 6 completed. Loss: 0.3097, Time: 14.4s
2025-09-10 11:35:06,198 - INFO - Validation | Loss: 0.4355, mIoU: 0.7675, IoUs: [0.99095818 0.91549616 0.69991381 0.46368647]
2025-09-10 11:35:09,225 - INFO - Saved best model at epoch 6 to runs/ResNet50UNet_AIM_20250910_112804/checkpoints/ResNet50UNet_AIM_best.pth
2025-09-10 11:35:10,000 - INFO - Epoch 7 | Batch 1/40 | Loss: 0.3555 | Avg Loss: 0.3555 | GPU Memory: 12367.5MB
2025-09-10 11:35:10,340 - INFO - Epoch 7 | Batch 2/40 | Loss: 0.7496 | Avg Loss: 0.5526 | GPU Memory: 12367.5MB
2025-09-10 11:35:10,683 - INFO - Epoch 7 | Batch 3/40 | Loss: 0.7780 | Avg Loss: 0.6277 | GPU Memory: 12367.5MB
2025-09-10 11:35:11,013 - INFO - Epoch 7 | Batch 4/40 | Loss: 0.2196 | Avg Loss: 0.5257 | GPU Memory: 12367.5MB
2025-09-10 11:35:11,337 - INFO - Epoch 7 | Batch 5/40 | Loss: 0.2022 | Avg Loss: 0.4610 | GPU Memory: 12367.5MB
2025-09-10 11:35:11,669 - INFO - Epoch 7 | Batch 6/40 | Loss: 0.1695 | Avg Loss: 0.4124 | GPU Memory: 12367.5MB
2025-09-10 11:35:11,999 - INFO - Epoch 7 | Batch 7/40 | Loss: 0.2359 | Avg Loss: 0.3872 | GPU Memory: 12367.5MB
2025-09-10 11:35:12,324 - INFO - Epoch 7 | Batch 8/40 | Loss: 0.2249 | Avg Loss: 0.3669 | GPU Memory: 12367.5MB
2025-09-10 11:35:12,656 - INFO - Epoch 7 | Batch 9/40 | Loss: 0.3672 | Avg Loss: 0.3669 | GPU Memory: 12367.5MB
2025-09-10 11:35:12,984 - INFO - Epoch 7 | Batch 10/40 | Loss: 0.2176 | Avg Loss: 0.3520 | GPU Memory: 12367.5MB
2025-09-10 11:35:13,313 - INFO - Epoch 7 | Batch 11/40 | Loss: 0.7466 | Avg Loss: 0.3879 | GPU Memory: 12367.5MB
2025-09-10 11:35:13,646 - INFO - Epoch 7 | Batch 12/40 | Loss: 0.1728 | Avg Loss: 0.3700 | GPU Memory: 12367.5MB
2025-09-10 11:35:13,976 - INFO - Epoch 7 | Batch 13/40 | Loss: 0.4032 | Avg Loss: 0.3725 | GPU Memory: 12367.5MB
2025-09-10 11:35:14,310 - INFO - Epoch 7 | Batch 14/40 | Loss: 0.1661 | Avg Loss: 0.3578 | GPU Memory: 12367.5MB
2025-09-10 11:35:14,643 - INFO - Epoch 7 | Batch 15/40 | Loss: 0.3321 | Avg Loss: 0.3561 | GPU Memory: 12367.5MB
2025-09-10 11:35:14,972 - INFO - Epoch 7 | Batch 16/40 | Loss: 0.1952 | Avg Loss: 0.3460 | GPU Memory: 12367.5MB
2025-09-10 11:35:15,308 - INFO - Epoch 7 | Batch 17/40 | Loss: 0.2779 | Avg Loss: 0.3420 | GPU Memory: 12367.5MB
2025-09-10 11:35:15,644 - INFO - Epoch 7 | Batch 18/40 | Loss: 0.2389 | Avg Loss: 0.3363 | GPU Memory: 12367.5MB
2025-09-10 11:35:15,971 - INFO - Epoch 7 | Batch 19/40 | Loss: 0.2016 | Avg Loss: 0.3292 | GPU Memory: 12367.5MB
2025-09-10 11:35:16,307 - INFO - Epoch 7 | Batch 20/40 | Loss: 0.1974 | Avg Loss: 0.3226 | GPU Memory: 12367.5MB
2025-09-10 11:35:16,640 - INFO - Epoch 7 | Batch 21/40 | Loss: 0.1611 | Avg Loss: 0.3149 | GPU Memory: 12367.5MB
2025-09-10 11:35:16,967 - INFO - Epoch 7 | Batch 22/40 | Loss: 0.2876 | Avg Loss: 0.3137 | GPU Memory: 12367.5MB
2025-09-10 11:35:17,301 - INFO - Epoch 7 | Batch 23/40 | Loss: 0.2033 | Avg Loss: 0.3089 | GPU Memory: 12367.5MB
2025-09-10 11:35:17,634 - INFO - Epoch 7 | Batch 24/40 | Loss: 0.1865 | Avg Loss: 0.3038 | GPU Memory: 12367.5MB
2025-09-10 11:35:17,962 - INFO - Epoch 7 | Batch 25/40 | Loss: 0.3622 | Avg Loss: 0.3061 | GPU Memory: 12367.5MB
2025-09-10 11:35:18,293 - INFO - Epoch 7 | Batch 26/40 | Loss: 0.2759 | Avg Loss: 0.3049 | GPU Memory: 12367.5MB
2025-09-10 11:35:18,627 - INFO - Epoch 7 | Batch 27/40 | Loss: 0.7727 | Avg Loss: 0.3223 | GPU Memory: 12367.5MB
2025-09-10 11:35:18,955 - INFO - Epoch 7 | Batch 28/40 | Loss: 0.2556 | Avg Loss: 0.3199 | GPU Memory: 12367.5MB
2025-09-10 11:35:19,287 - INFO - Epoch 7 | Batch 29/40 | Loss: 0.1658 | Avg Loss: 0.3146 | GPU Memory: 12367.5MB
2025-09-10 11:35:19,621 - INFO - Epoch 7 | Batch 30/40 | Loss: 0.2958 | Avg Loss: 0.3139 | GPU Memory: 12367.5MB
2025-09-10 11:35:19,949 - INFO - Epoch 7 | Batch 31/40 | Loss: 0.2572 | Avg Loss: 0.3121 | GPU Memory: 12367.5MB
2025-09-10 11:35:20,283 - INFO - Epoch 7 | Batch 32/40 | Loss: 0.1837 | Avg Loss: 0.3081 | GPU Memory: 12367.5MB
2025-09-10 11:35:20,617 - INFO - Epoch 7 | Batch 33/40 | Loss: 0.1589 | Avg Loss: 0.3036 | GPU Memory: 12367.5MB
2025-09-10 11:35:20,945 - INFO - Epoch 7 | Batch 34/40 | Loss: 0.1802 | Avg Loss: 0.3000 | GPU Memory: 12367.5MB
2025-09-10 11:35:21,278 - INFO - Epoch 7 | Batch 35/40 | Loss: 0.2494 | Avg Loss: 0.2985 | GPU Memory: 12367.5MB
2025-09-10 11:35:21,612 - INFO - Epoch 7 | Batch 36/40 | Loss: 0.1582 | Avg Loss: 0.2946 | GPU Memory: 12367.5MB
2025-09-10 11:35:21,941 - INFO - Epoch 7 | Batch 37/40 | Loss: 0.1738 | Avg Loss: 0.2913 | GPU Memory: 12367.5MB
2025-09-10 11:35:22,276 - INFO - Epoch 7 | Batch 38/40 | Loss: 0.1885 | Avg Loss: 0.2886 | GPU Memory: 12367.5MB
2025-09-10 11:35:22,610 - INFO - Epoch 7 | Batch 39/40 | Loss: 0.1600 | Avg Loss: 0.2853 | GPU Memory: 12367.5MB
2025-09-10 11:35:22,908 - INFO - Epoch 7 | Batch 40/40 | Loss: 0.6808 | Avg Loss: 0.2867 | GPU Memory: 12364.9MB
2025-09-10 11:35:23,611 - INFO - Epoch 7 completed. Loss: 0.2904, Time: 14.4s
2025-09-10 11:36:16,627 - INFO - Validation | Loss: 0.4446, mIoU: 0.7654, IoUs: [0.99127122 0.91765707 0.69001035 0.46264165]
2025-09-10 11:36:17,404 - INFO - Epoch 8 | Batch 1/40 | Loss: 0.2767 | Avg Loss: 0.2767 | GPU Memory: 12367.5MB
2025-09-10 11:36:17,743 - INFO - Epoch 8 | Batch 2/40 | Loss: 0.1604 | Avg Loss: 0.2186 | GPU Memory: 12367.5MB
2025-09-10 11:36:18,087 - INFO - Epoch 8 | Batch 3/40 | Loss: 0.2415 | Avg Loss: 0.2262 | GPU Memory: 12367.5MB
2025-09-10 11:36:18,424 - INFO - Epoch 8 | Batch 4/40 | Loss: 0.1672 | Avg Loss: 0.2115 | GPU Memory: 12367.5MB
2025-09-10 11:36:18,756 - INFO - Epoch 8 | Batch 5/40 | Loss: 0.1508 | Avg Loss: 0.1994 | GPU Memory: 12367.5MB
2025-09-10 11:36:19,088 - INFO - Epoch 8 | Batch 6/40 | Loss: 0.1748 | Avg Loss: 0.1953 | GPU Memory: 12367.5MB
2025-09-10 11:36:19,418 - INFO - Epoch 8 | Batch 7/40 | Loss: 0.4146 | Avg Loss: 0.2266 | GPU Memory: 12367.5MB
2025-09-10 11:36:19,748 - INFO - Epoch 8 | Batch 8/40 | Loss: 0.1952 | Avg Loss: 0.2227 | GPU Memory: 12367.5MB
2025-09-10 11:36:20,084 - INFO - Epoch 8 | Batch 9/40 | Loss: 0.2227 | Avg Loss: 0.2227 | GPU Memory: 12367.5MB
2025-09-10 11:36:20,413 - INFO - Epoch 8 | Batch 10/40 | Loss: 0.1704 | Avg Loss: 0.2174 | GPU Memory: 12367.5MB
2025-09-10 11:36:20,744 - INFO - Epoch 8 | Batch 11/40 | Loss: 0.1642 | Avg Loss: 0.2126 | GPU Memory: 12367.5MB
2025-09-10 11:36:21,077 - INFO - Epoch 8 | Batch 12/40 | Loss: 0.1717 | Avg Loss: 0.2092 | GPU Memory: 12367.5MB
2025-09-10 11:36:21,408 - INFO - Epoch 8 | Batch 13/40 | Loss: 0.7295 | Avg Loss: 0.2492 | GPU Memory: 12367.5MB
2025-09-10 11:36:21,742 - INFO - Epoch 8 | Batch 14/40 | Loss: 0.1520 | Avg Loss: 0.2423 | GPU Memory: 12367.5MB
2025-09-10 11:36:22,075 - INFO - Epoch 8 | Batch 15/40 | Loss: 0.3615 | Avg Loss: 0.2502 | GPU Memory: 12367.5MB
2025-09-10 11:36:22,403 - INFO - Epoch 8 | Batch 16/40 | Loss: 0.1814 | Avg Loss: 0.2459 | GPU Memory: 12367.5MB
2025-09-10 11:36:22,735 - INFO - Epoch 8 | Batch 17/40 | Loss: 0.1880 | Avg Loss: 0.2425 | GPU Memory: 12367.5MB
2025-09-10 11:36:23,068 - INFO - Epoch 8 | Batch 18/40 | Loss: 0.6985 | Avg Loss: 0.2678 | GPU Memory: 12367.5MB
2025-09-10 11:36:23,399 - INFO - Epoch 8 | Batch 19/40 | Loss: 0.1916 | Avg Loss: 0.2638 | GPU Memory: 12367.5MB
2025-09-10 11:36:23,730 - INFO - Epoch 8 | Batch 20/40 | Loss: 0.1522 | Avg Loss: 0.2583 | GPU Memory: 12367.5MB
2025-09-10 11:36:24,065 - INFO - Epoch 8 | Batch 21/40 | Loss: 0.2423 | Avg Loss: 0.2575 | GPU Memory: 12367.5MB
2025-09-10 11:36:24,398 - INFO - Epoch 8 | Batch 22/40 | Loss: 0.1411 | Avg Loss: 0.2522 | GPU Memory: 12367.5MB
2025-09-10 11:36:24,729 - INFO - Epoch 8 | Batch 23/40 | Loss: 0.1565 | Avg Loss: 0.2480 | GPU Memory: 12367.5MB
2025-09-10 11:36:25,063 - INFO - Epoch 8 | Batch 24/40 | Loss: 0.3973 | Avg Loss: 0.2543 | GPU Memory: 12367.5MB
2025-09-10 11:36:25,391 - INFO - Epoch 8 | Batch 25/40 | Loss: 0.2865 | Avg Loss: 0.2556 | GPU Memory: 12367.5MB
2025-09-10 11:36:25,723 - INFO - Epoch 8 | Batch 26/40 | Loss: 0.1529 | Avg Loss: 0.2516 | GPU Memory: 12367.5MB
2025-09-10 11:36:26,056 - INFO - Epoch 8 | Batch 27/40 | Loss: 0.1708 | Avg Loss: 0.2486 | GPU Memory: 12367.5MB
2025-09-10 11:36:26,385 - INFO - Epoch 8 | Batch 28/40 | Loss: 0.1908 | Avg Loss: 0.2465 | GPU Memory: 12367.5MB
2025-09-10 11:36:26,719 - INFO - Epoch 8 | Batch 29/40 | Loss: 0.1622 | Avg Loss: 0.2436 | GPU Memory: 12367.5MB
2025-09-10 11:36:27,053 - INFO - Epoch 8 | Batch 30/40 | Loss: 0.1776 | Avg Loss: 0.2414 | GPU Memory: 12367.5MB
2025-09-10 11:36:27,386 - INFO - Epoch 8 | Batch 31/40 | Loss: 0.1548 | Avg Loss: 0.2386 | GPU Memory: 12367.5MB
2025-09-10 11:36:27,718 - INFO - Epoch 8 | Batch 32/40 | Loss: 0.1543 | Avg Loss: 0.2360 | GPU Memory: 12367.5MB
2025-09-10 11:36:28,050 - INFO - Epoch 8 | Batch 33/40 | Loss: 0.1565 | Avg Loss: 0.2336 | GPU Memory: 12367.5MB
2025-09-10 11:36:28,381 - INFO - Epoch 8 | Batch 34/40 | Loss: 0.1711 | Avg Loss: 0.2318 | GPU Memory: 12367.5MB
2025-09-10 11:36:28,712 - INFO - Epoch 8 | Batch 35/40 | Loss: 0.2097 | Avg Loss: 0.2311 | GPU Memory: 12367.5MB
2025-09-10 11:36:29,045 - INFO - Epoch 8 | Batch 36/40 | Loss: 0.3387 | Avg Loss: 0.2341 | GPU Memory: 12367.5MB
2025-09-10 11:36:29,375 - INFO - Epoch 8 | Batch 37/40 | Loss: 0.1523 | Avg Loss: 0.2319 | GPU Memory: 12367.5MB
2025-09-10 11:36:29,705 - INFO - Epoch 8 | Batch 38/40 | Loss: 0.1480 | Avg Loss: 0.2297 | GPU Memory: 12367.5MB
2025-09-10 11:36:30,037 - INFO - Epoch 8 | Batch 39/40 | Loss: 0.1902 | Avg Loss: 0.2287 | GPU Memory: 12367.5MB
2025-09-10 11:36:30,335 - INFO - Epoch 8 | Batch 40/40 | Loss: 0.1525 | Avg Loss: 0.2249 | GPU Memory: 12364.9MB
2025-09-10 11:36:31,083 - INFO - Epoch 8 completed. Loss: 0.2277, Time: 14.5s
2025-09-10 11:37:24,165 - INFO - Validation | Loss: 0.4330, mIoU: 0.7706, IoUs: [0.99136532 0.91805926 0.69775468 0.47517645]
2025-09-10 11:37:27,218 - INFO - Saved best model at epoch 8 to runs/ResNet50UNet_AIM_20250910_112804/checkpoints/ResNet50UNet_AIM_best.pth
2025-09-10 11:37:27,983 - INFO - Epoch 9 | Batch 1/40 | Loss: 0.1601 | Avg Loss: 0.1601 | GPU Memory: 12367.5MB
2025-09-10 11:37:28,320 - INFO - Epoch 9 | Batch 2/40 | Loss: 0.1809 | Avg Loss: 0.1705 | GPU Memory: 12367.5MB
2025-09-10 11:37:28,657 - INFO - Epoch 9 | Batch 3/40 | Loss: 0.3173 | Avg Loss: 0.2194 | GPU Memory: 12367.5MB
2025-09-10 11:37:29,001 - INFO - Epoch 9 | Batch 4/40 | Loss: 0.1952 | Avg Loss: 0.2134 | GPU Memory: 12367.5MB
2025-09-10 11:37:29,330 - INFO - Epoch 9 | Batch 5/40 | Loss: 0.1868 | Avg Loss: 0.2081 | GPU Memory: 12367.5MB
2025-09-10 11:37:29,666 - INFO - Epoch 9 | Batch 6/40 | Loss: 0.1630 | Avg Loss: 0.2006 | GPU Memory: 12367.5MB
2025-09-10 11:37:29,995 - INFO - Epoch 9 | Batch 7/40 | Loss: 0.7244 | Avg Loss: 0.2754 | GPU Memory: 12367.5MB
2025-09-10 11:37:30,322 - INFO - Epoch 9 | Batch 8/40 | Loss: 0.2665 | Avg Loss: 0.2743 | GPU Memory: 12367.5MB
2025-09-10 11:37:30,654 - INFO - Epoch 9 | Batch 9/40 | Loss: 0.1631 | Avg Loss: 0.2619 | GPU Memory: 12367.5MB
2025-09-10 11:37:30,982 - INFO - Epoch 9 | Batch 10/40 | Loss: 0.1742 | Avg Loss: 0.2532 | GPU Memory: 12367.5MB
2025-09-10 11:37:31,313 - INFO - Epoch 9 | Batch 11/40 | Loss: 0.1533 | Avg Loss: 0.2441 | GPU Memory: 12367.5MB
2025-09-10 11:37:31,645 - INFO - Epoch 9 | Batch 12/40 | Loss: 0.1452 | Avg Loss: 0.2358 | GPU Memory: 12367.5MB
2025-09-10 11:37:31,975 - INFO - Epoch 9 | Batch 13/40 | Loss: 0.1607 | Avg Loss: 0.2301 | GPU Memory: 12367.5MB
2025-09-10 11:37:32,306 - INFO - Epoch 9 | Batch 14/40 | Loss: 0.1487 | Avg Loss: 0.2243 | GPU Memory: 12367.5MB
2025-09-10 11:37:32,640 - INFO - Epoch 9 | Batch 15/40 | Loss: 0.1712 | Avg Loss: 0.2207 | GPU Memory: 12367.5MB
2025-09-10 11:37:32,969 - INFO - Epoch 9 | Batch 16/40 | Loss: 0.1898 | Avg Loss: 0.2188 | GPU Memory: 12367.5MB
2025-09-10 11:37:33,299 - INFO - Epoch 9 | Batch 17/40 | Loss: 0.1604 | Avg Loss: 0.2154 | GPU Memory: 12367.5MB
2025-09-10 11:37:33,629 - INFO - Epoch 9 | Batch 18/40 | Loss: 0.1566 | Avg Loss: 0.2121 | GPU Memory: 12367.5MB
2025-09-10 11:37:33,960 - INFO - Epoch 9 | Batch 19/40 | Loss: 0.1354 | Avg Loss: 0.2081 | GPU Memory: 12367.5MB
2025-09-10 11:37:34,291 - INFO - Epoch 9 | Batch 20/40 | Loss: 0.1616 | Avg Loss: 0.2057 | GPU Memory: 12367.5MB
2025-09-10 11:37:34,623 - INFO - Epoch 9 | Batch 21/40 | Loss: 0.2110 | Avg Loss: 0.2060 | GPU Memory: 12367.5MB
2025-09-10 11:37:34,953 - INFO - Epoch 9 | Batch 22/40 | Loss: 0.1648 | Avg Loss: 0.2041 | GPU Memory: 12367.5MB
2025-09-10 11:37:35,284 - INFO - Epoch 9 | Batch 23/40 | Loss: 0.1498 | Avg Loss: 0.2017 | GPU Memory: 12367.5MB
2025-09-10 11:37:35,618 - INFO - Epoch 9 | Batch 24/40 | Loss: 0.3579 | Avg Loss: 0.2083 | GPU Memory: 12367.5MB
2025-09-10 11:37:35,948 - INFO - Epoch 9 | Batch 25/40 | Loss: 0.1645 | Avg Loss: 0.2065 | GPU Memory: 12367.5MB
2025-09-10 11:37:36,277 - INFO - Epoch 9 | Batch 26/40 | Loss: 0.1952 | Avg Loss: 0.2061 | GPU Memory: 12367.5MB
2025-09-10 11:37:36,608 - INFO - Epoch 9 | Batch 27/40 | Loss: 0.1396 | Avg Loss: 0.2036 | GPU Memory: 12367.5MB
2025-09-10 11:37:36,936 - INFO - Epoch 9 | Batch 28/40 | Loss: 0.2378 | Avg Loss: 0.2048 | GPU Memory: 12367.5MB
2025-09-10 11:37:37,264 - INFO - Epoch 9 | Batch 29/40 | Loss: 0.2020 | Avg Loss: 0.2047 | GPU Memory: 12367.5MB
2025-09-10 11:37:37,600 - INFO - Epoch 9 | Batch 30/40 | Loss: 0.1641 | Avg Loss: 0.2034 | GPU Memory: 12367.5MB
2025-09-10 11:37:37,929 - INFO - Epoch 9 | Batch 31/40 | Loss: 0.3650 | Avg Loss: 0.2086 | GPU Memory: 12367.5MB
2025-09-10 11:37:38,263 - INFO - Epoch 9 | Batch 32/40 | Loss: 0.1557 | Avg Loss: 0.2069 | GPU Memory: 12367.5MB
2025-09-10 11:37:38,597 - INFO - Epoch 9 | Batch 33/40 | Loss: 0.1395 | Avg Loss: 0.2049 | GPU Memory: 12367.5MB
2025-09-10 11:37:38,925 - INFO - Epoch 9 | Batch 34/40 | Loss: 0.2115 | Avg Loss: 0.2051 | GPU Memory: 12367.5MB
2025-09-10 11:37:39,260 - INFO - Epoch 9 | Batch 35/40 | Loss: 0.1264 | Avg Loss: 0.2028 | GPU Memory: 12367.5MB
2025-09-10 11:37:39,591 - INFO - Epoch 9 | Batch 36/40 | Loss: 0.1617 | Avg Loss: 0.2017 | GPU Memory: 12367.5MB
2025-09-10 11:37:39,919 - INFO - Epoch 9 | Batch 37/40 | Loss: 0.1770 | Avg Loss: 0.2010 | GPU Memory: 12367.5MB
2025-09-10 11:37:40,252 - INFO - Epoch 9 | Batch 38/40 | Loss: 0.1511 | Avg Loss: 0.1997 | GPU Memory: 12367.5MB
2025-09-10 11:37:40,586 - INFO - Epoch 9 | Batch 39/40 | Loss: 0.1504 | Avg Loss: 0.1984 | GPU Memory: 12367.5MB
2025-09-10 11:37:40,886 - INFO - Epoch 9 | Batch 40/40 | Loss: 0.6188 | Avg Loss: 0.2012 | GPU Memory: 12364.9MB
2025-09-10 11:37:41,605 - INFO - Epoch 9 completed. Loss: 0.2038, Time: 14.4s
2025-09-10 11:38:35,178 - INFO - Validation | Loss: 0.5584, mIoU: 0.7479, IoUs: [0.99146618 0.91891097 0.7985024  0.28263276]
2025-09-10 11:38:35,972 - INFO - Epoch 10 | Batch 1/40 | Loss: 0.1933 | Avg Loss: 0.1933 | GPU Memory: 12367.5MB
2025-09-10 11:38:36,333 - INFO - Epoch 10 | Batch 2/40 | Loss: 0.3518 | Avg Loss: 0.2725 | GPU Memory: 12367.5MB
2025-09-10 11:38:36,693 - INFO - Epoch 10 | Batch 3/40 | Loss: 0.1448 | Avg Loss: 0.2300 | GPU Memory: 12367.5MB
2025-09-10 11:38:37,024 - INFO - Epoch 10 | Batch 4/40 | Loss: 0.1648 | Avg Loss: 0.2137 | GPU Memory: 12367.5MB
2025-09-10 11:38:37,367 - INFO - Epoch 10 | Batch 5/40 | Loss: 0.1929 | Avg Loss: 0.2095 | GPU Memory: 12367.5MB
2025-09-10 11:38:37,699 - INFO - Epoch 10 | Batch 6/40 | Loss: 0.2741 | Avg Loss: 0.2203 | GPU Memory: 12367.5MB
2025-09-10 11:38:38,058 - INFO - Epoch 10 | Batch 7/40 | Loss: 0.1869 | Avg Loss: 0.2155 | GPU Memory: 12367.5MB
2025-09-10 11:38:38,412 - INFO - Epoch 10 | Batch 8/40 | Loss: 0.1349 | Avg Loss: 0.2054 | GPU Memory: 12367.5MB
2025-09-10 11:38:38,776 - INFO - Epoch 10 | Batch 9/40 | Loss: 0.2047 | Avg Loss: 0.2054 | GPU Memory: 12367.5MB
2025-09-10 11:38:39,139 - INFO - Epoch 10 | Batch 10/40 | Loss: 0.1470 | Avg Loss: 0.1995 | GPU Memory: 12367.5MB
2025-09-10 11:38:39,490 - INFO - Epoch 10 | Batch 11/40 | Loss: 0.1460 | Avg Loss: 0.1947 | GPU Memory: 12367.5MB
2025-09-10 11:38:39,820 - INFO - Epoch 10 | Batch 12/40 | Loss: 0.1473 | Avg Loss: 0.1907 | GPU Memory: 12367.5MB
2025-09-10 11:38:40,153 - INFO - Epoch 10 | Batch 13/40 | Loss: 0.2023 | Avg Loss: 0.1916 | GPU Memory: 12367.5MB
2025-09-10 11:38:40,489 - INFO - Epoch 10 | Batch 14/40 | Loss: 0.1682 | Avg Loss: 0.1899 | GPU Memory: 12367.5MB
2025-09-10 11:38:40,931 - INFO - Epoch 10 | Batch 15/40 | Loss: 0.1597 | Avg Loss: 0.1879 | GPU Memory: 12367.5MB
2025-09-10 11:38:41,382 - INFO - Epoch 10 | Batch 16/40 | Loss: 0.1479 | Avg Loss: 0.1854 | GPU Memory: 12367.5MB
2025-09-10 11:38:41,751 - INFO - Epoch 10 | Batch 17/40 | Loss: 0.1674 | Avg Loss: 0.1844 | GPU Memory: 12367.5MB
2025-09-10 11:38:42,087 - INFO - Epoch 10 | Batch 18/40 | Loss: 0.1579 | Avg Loss: 0.1829 | GPU Memory: 12367.5MB
2025-09-10 11:38:42,419 - INFO - Epoch 10 | Batch 19/40 | Loss: 0.6586 | Avg Loss: 0.2079 | GPU Memory: 12367.5MB
2025-09-10 11:38:42,754 - INFO - Epoch 10 | Batch 20/40 | Loss: 0.7054 | Avg Loss: 0.2328 | GPU Memory: 12367.5MB
2025-09-10 11:38:43,088 - INFO - Epoch 10 | Batch 21/40 | Loss: 0.1750 | Avg Loss: 0.2300 | GPU Memory: 12367.5MB
2025-09-10 11:38:43,432 - INFO - Epoch 10 | Batch 22/40 | Loss: 0.1234 | Avg Loss: 0.2252 | GPU Memory: 12367.5MB
2025-09-10 11:38:43,761 - INFO - Epoch 10 | Batch 23/40 | Loss: 0.1499 | Avg Loss: 0.2219 | GPU Memory: 12367.5MB
2025-09-10 11:38:44,090 - INFO - Epoch 10 | Batch 24/40 | Loss: 0.1672 | Avg Loss: 0.2196 | GPU Memory: 12367.5MB
2025-09-10 11:38:44,420 - INFO - Epoch 10 | Batch 25/40 | Loss: 0.1520 | Avg Loss: 0.2169 | GPU Memory: 12367.5MB
2025-09-10 11:38:44,750 - INFO - Epoch 10 | Batch 26/40 | Loss: 0.2688 | Avg Loss: 0.2189 | GPU Memory: 12367.5MB
2025-09-10 11:38:45,078 - INFO - Epoch 10 | Batch 27/40 | Loss: 0.1524 | Avg Loss: 0.2165 | GPU Memory: 12367.5MB
2025-09-10 11:38:45,407 - INFO - Epoch 10 | Batch 28/40 | Loss: 0.1464 | Avg Loss: 0.2140 | GPU Memory: 12367.5MB
2025-09-10 11:38:45,739 - INFO - Epoch 10 | Batch 29/40 | Loss: 0.1371 | Avg Loss: 0.2113 | GPU Memory: 12367.5MB
2025-09-10 11:38:46,069 - INFO - Epoch 10 | Batch 30/40 | Loss: 0.1580 | Avg Loss: 0.2095 | GPU Memory: 12367.5MB
2025-09-10 11:38:46,398 - INFO - Epoch 10 | Batch 31/40 | Loss: 0.5995 | Avg Loss: 0.2221 | GPU Memory: 12367.5MB
2025-09-10 11:38:46,729 - INFO - Epoch 10 | Batch 32/40 | Loss: 0.1335 | Avg Loss: 0.2193 | GPU Memory: 12367.5MB
2025-09-10 11:38:47,057 - INFO - Epoch 10 | Batch 33/40 | Loss: 0.1352 | Avg Loss: 0.2168 | GPU Memory: 12367.5MB
2025-09-10 11:38:47,385 - INFO - Epoch 10 | Batch 34/40 | Loss: 0.1959 | Avg Loss: 0.2162 | GPU Memory: 12367.5MB
2025-09-10 11:38:47,714 - INFO - Epoch 10 | Batch 35/40 | Loss: 0.1308 | Avg Loss: 0.2137 | GPU Memory: 12367.5MB
2025-09-10 11:38:48,041 - INFO - Epoch 10 | Batch 36/40 | Loss: 0.1511 | Avg Loss: 0.2120 | GPU Memory: 12367.5MB
2025-09-10 11:38:48,370 - INFO - Epoch 10 | Batch 37/40 | Loss: 0.1275 | Avg Loss: 0.2097 | GPU Memory: 12367.5MB
2025-09-10 11:38:48,697 - INFO - Epoch 10 | Batch 38/40 | Loss: 0.1576 | Avg Loss: 0.2083 | GPU Memory: 12367.5MB
2025-09-10 11:38:49,032 - INFO - Epoch 10 | Batch 39/40 | Loss: 0.1455 | Avg Loss: 0.2067 | GPU Memory: 12367.5MB
2025-09-10 11:38:49,331 - INFO - Epoch 10 | Batch 40/40 | Loss: 0.1342 | Avg Loss: 0.2032 | GPU Memory: 12364.9MB
2025-09-10 11:38:50,058 - INFO - Epoch 10 completed. Loss: 0.2058, Time: 14.9s
2025-09-10 11:39:43,398 - INFO - Validation | Loss: 0.5090, mIoU: 0.7514, IoUs: [0.99151588 0.91983802 0.7306436  0.36351051]
2025-09-10 11:39:51,333 - INFO - Saved periodic checkpoint at epoch 10 to runs/ResNet50UNet_AIM_20250910_112804/checkpoints/ResNet50UNet_AIM_epoch_10.pth
2025-09-10 11:39:52,079 - INFO - Epoch 11 | Batch 1/40 | Loss: 0.1414 | Avg Loss: 0.1414 | GPU Memory: 12367.5MB
2025-09-10 11:39:52,414 - INFO - Epoch 11 | Batch 2/40 | Loss: 0.1750 | Avg Loss: 0.1582 | GPU Memory: 12367.5MB
2025-09-10 11:39:52,751 - INFO - Epoch 11 | Batch 3/40 | Loss: 0.1820 | Avg Loss: 0.1661 | GPU Memory: 12367.5MB
2025-09-10 11:39:53,088 - INFO - Epoch 11 | Batch 4/40 | Loss: 0.1335 | Avg Loss: 0.1580 | GPU Memory: 12367.5MB
2025-09-10 11:39:53,418 - INFO - Epoch 11 | Batch 5/40 | Loss: 0.1701 | Avg Loss: 0.1604 | GPU Memory: 12367.5MB
2025-09-10 11:39:53,747 - INFO - Epoch 11 | Batch 6/40 | Loss: 0.1588 | Avg Loss: 0.1601 | GPU Memory: 12367.5MB
2025-09-10 11:39:54,075 - INFO - Epoch 11 | Batch 7/40 | Loss: 0.1362 | Avg Loss: 0.1567 | GPU Memory: 12367.5MB
2025-09-10 11:39:54,405 - INFO - Epoch 11 | Batch 8/40 | Loss: 0.1546 | Avg Loss: 0.1565 | GPU Memory: 12367.5MB
2025-09-10 11:39:54,734 - INFO - Epoch 11 | Batch 9/40 | Loss: 0.1588 | Avg Loss: 0.1567 | GPU Memory: 12367.5MB
2025-09-10 11:39:55,063 - INFO - Epoch 11 | Batch 10/40 | Loss: 0.1289 | Avg Loss: 0.1539 | GPU Memory: 12367.5MB
2025-09-10 11:39:55,393 - INFO - Epoch 11 | Batch 11/40 | Loss: 0.1846 | Avg Loss: 0.1567 | GPU Memory: 12367.5MB
2025-09-10 11:39:55,723 - INFO - Epoch 11 | Batch 12/40 | Loss: 0.1580 | Avg Loss: 0.1568 | GPU Memory: 12367.5MB
2025-09-10 11:39:56,051 - INFO - Epoch 11 | Batch 13/40 | Loss: 0.1421 | Avg Loss: 0.1557 | GPU Memory: 12367.5MB
2025-09-10 11:39:56,379 - INFO - Epoch 11 | Batch 14/40 | Loss: 0.1432 | Avg Loss: 0.1548 | GPU Memory: 12367.5MB
2025-09-10 11:39:56,710 - INFO - Epoch 11 | Batch 15/40 | Loss: 0.1273 | Avg Loss: 0.1530 | GPU Memory: 12367.5MB
2025-09-10 11:39:57,037 - INFO - Epoch 11 | Batch 16/40 | Loss: 0.1372 | Avg Loss: 0.1520 | GPU Memory: 12367.5MB
2025-09-10 11:39:57,367 - INFO - Epoch 11 | Batch 17/40 | Loss: 0.1785 | Avg Loss: 0.1535 | GPU Memory: 12367.5MB
2025-09-10 11:39:57,697 - INFO - Epoch 11 | Batch 18/40 | Loss: 0.1351 | Avg Loss: 0.1525 | GPU Memory: 12367.5MB
2025-09-10 11:39:58,027 - INFO - Epoch 11 | Batch 19/40 | Loss: 0.1290 | Avg Loss: 0.1513 | GPU Memory: 12367.5MB
2025-09-10 11:39:58,357 - INFO - Epoch 11 | Batch 20/40 | Loss: 0.1467 | Avg Loss: 0.1510 | GPU Memory: 12367.5MB
2025-09-10 11:39:58,685 - INFO - Epoch 11 | Batch 21/40 | Loss: 0.1732 | Avg Loss: 0.1521 | GPU Memory: 12367.5MB
2025-09-10 11:39:59,018 - INFO - Epoch 11 | Batch 22/40 | Loss: 0.1282 | Avg Loss: 0.1510 | GPU Memory: 12367.5MB
2025-09-10 11:39:59,349 - INFO - Epoch 11 | Batch 23/40 | Loss: 0.1725 | Avg Loss: 0.1520 | GPU Memory: 12367.5MB
2025-09-10 11:39:59,677 - INFO - Epoch 11 | Batch 24/40 | Loss: 0.6159 | Avg Loss: 0.1713 | GPU Memory: 12367.5MB
2025-09-10 11:40:00,009 - INFO - Epoch 11 | Batch 25/40 | Loss: 0.1372 | Avg Loss: 0.1699 | GPU Memory: 12367.5MB
2025-09-10 11:40:00,339 - INFO - Epoch 11 | Batch 26/40 | Loss: 0.1249 | Avg Loss: 0.1682 | GPU Memory: 12367.5MB
2025-09-10 11:40:00,667 - INFO - Epoch 11 | Batch 27/40 | Loss: 0.1826 | Avg Loss: 0.1687 | GPU Memory: 12367.5MB
2025-09-10 11:40:00,997 - INFO - Epoch 11 | Batch 28/40 | Loss: 0.1248 | Avg Loss: 0.1672 | GPU Memory: 12367.5MB
2025-09-10 11:40:01,328 - INFO - Epoch 11 | Batch 29/40 | Loss: 0.1331 | Avg Loss: 0.1660 | GPU Memory: 12367.5MB
2025-09-10 11:40:01,657 - INFO - Epoch 11 | Batch 30/40 | Loss: 0.1422 | Avg Loss: 0.1652 | GPU Memory: 12367.5MB
2025-09-10 11:40:01,987 - INFO - Epoch 11 | Batch 31/40 | Loss: 0.1483 | Avg Loss: 0.1646 | GPU Memory: 12367.5MB
2025-09-10 11:40:02,315 - INFO - Epoch 11 | Batch 32/40 | Loss: 0.1727 | Avg Loss: 0.1649 | GPU Memory: 12367.5MB
2025-09-10 11:40:02,645 - INFO - Epoch 11 | Batch 33/40 | Loss: 0.1418 | Avg Loss: 0.1642 | GPU Memory: 12367.5MB
2025-09-10 11:40:02,972 - INFO - Epoch 11 | Batch 34/40 | Loss: 0.1284 | Avg Loss: 0.1631 | GPU Memory: 12367.5MB
2025-09-10 11:40:03,302 - INFO - Epoch 11 | Batch 35/40 | Loss: 0.1431 | Avg Loss: 0.1626 | GPU Memory: 12367.5MB
2025-09-10 11:40:03,633 - INFO - Epoch 11 | Batch 36/40 | Loss: 0.1620 | Avg Loss: 0.1626 | GPU Memory: 12367.5MB
2025-09-10 11:40:03,963 - INFO - Epoch 11 | Batch 37/40 | Loss: 0.1270 | Avg Loss: 0.1616 | GPU Memory: 12367.5MB
2025-09-10 11:40:04,292 - INFO - Epoch 11 | Batch 38/40 | Loss: 0.1282 | Avg Loss: 0.1607 | GPU Memory: 12367.5MB
2025-09-10 11:40:04,619 - INFO - Epoch 11 | Batch 39/40 | Loss: 0.1369 | Avg Loss: 0.1601 | GPU Memory: 12367.5MB
2025-09-10 11:40:04,919 - INFO - Epoch 11 | Batch 40/40 | Loss: 0.6074 | Avg Loss: 0.1637 | GPU Memory: 12364.9MB
2025-09-10 11:40:05,634 - INFO - Epoch 11 completed. Loss: 0.1658, Time: 14.3s
2025-09-10 11:40:58,773 - INFO - Validation | Loss: 0.4507, mIoU: 0.7696, IoUs: [0.99164288 0.92080478 0.73316367 0.43294524]
2025-09-10 11:40:59,526 - INFO - Epoch 12 | Batch 1/40 | Loss: 0.1325 | Avg Loss: 0.1325 | GPU Memory: 12367.5MB
2025-09-10 11:40:59,845 - INFO - Epoch 12 | Batch 2/40 | Loss: 0.1325 | Avg Loss: 0.1325 | GPU Memory: 12367.5MB
2025-09-10 11:41:00,176 - INFO - Epoch 12 | Batch 3/40 | Loss: 0.1574 | Avg Loss: 0.1408 | GPU Memory: 12367.5MB
2025-09-10 11:41:00,525 - INFO - Epoch 12 | Batch 4/40 | Loss: 0.1348 | Avg Loss: 0.1393 | GPU Memory: 12367.5MB
2025-09-10 11:41:00,855 - INFO - Epoch 12 | Batch 5/40 | Loss: 0.1332 | Avg Loss: 0.1381 | GPU Memory: 12367.5MB
2025-09-10 11:41:01,184 - INFO - Epoch 12 | Batch 6/40 | Loss: 0.6219 | Avg Loss: 0.2187 | GPU Memory: 12367.5MB
2025-09-10 11:41:01,514 - INFO - Epoch 12 | Batch 7/40 | Loss: 0.1484 | Avg Loss: 0.2087 | GPU Memory: 12367.5MB
2025-09-10 11:41:01,844 - INFO - Epoch 12 | Batch 8/40 | Loss: 0.1294 | Avg Loss: 0.1988 | GPU Memory: 12367.5MB
2025-09-10 11:41:02,176 - INFO - Epoch 12 | Batch 9/40 | Loss: 0.1301 | Avg Loss: 0.1911 | GPU Memory: 12367.5MB
2025-09-10 11:41:02,506 - INFO - Epoch 12 | Batch 10/40 | Loss: 0.1273 | Avg Loss: 0.1848 | GPU Memory: 12367.5MB
2025-09-10 11:41:02,835 - INFO - Epoch 12 | Batch 11/40 | Loss: 0.1335 | Avg Loss: 0.1801 | GPU Memory: 12367.5MB
2025-09-10 11:41:03,166 - INFO - Epoch 12 | Batch 12/40 | Loss: 0.1463 | Avg Loss: 0.1773 | GPU Memory: 12367.5MB
2025-09-10 11:41:03,497 - INFO - Epoch 12 | Batch 13/40 | Loss: 0.1631 | Avg Loss: 0.1762 | GPU Memory: 12367.5MB
2025-09-10 11:41:03,825 - INFO - Epoch 12 | Batch 14/40 | Loss: 0.1456 | Avg Loss: 0.1740 | GPU Memory: 12367.5MB
2025-09-10 11:41:04,154 - INFO - Epoch 12 | Batch 15/40 | Loss: 0.6328 | Avg Loss: 0.2046 | GPU Memory: 12367.5MB
2025-09-10 11:41:04,485 - INFO - Epoch 12 | Batch 16/40 | Loss: 0.1331 | Avg Loss: 0.2001 | GPU Memory: 12367.5MB
2025-09-10 11:41:04,812 - INFO - Epoch 12 | Batch 17/40 | Loss: 0.1268 | Avg Loss: 0.1958 | GPU Memory: 12367.5MB
2025-09-10 11:41:05,141 - INFO - Epoch 12 | Batch 18/40 | Loss: 0.1400 | Avg Loss: 0.1927 | GPU Memory: 12367.5MB
2025-09-10 11:41:05,470 - INFO - Epoch 12 | Batch 19/40 | Loss: 0.1433 | Avg Loss: 0.1901 | GPU Memory: 12367.5MB
2025-09-10 11:41:05,800 - INFO - Epoch 12 | Batch 20/40 | Loss: 0.1816 | Avg Loss: 0.1897 | GPU Memory: 12367.5MB
2025-09-10 11:41:06,131 - INFO - Epoch 12 | Batch 21/40 | Loss: 0.1524 | Avg Loss: 0.1879 | GPU Memory: 12367.5MB
2025-09-10 11:41:06,459 - INFO - Epoch 12 | Batch 22/40 | Loss: 0.1507 | Avg Loss: 0.1862 | GPU Memory: 12367.5MB
2025-09-10 11:41:06,791 - INFO - Epoch 12 | Batch 23/40 | Loss: 0.1284 | Avg Loss: 0.1837 | GPU Memory: 12367.5MB
2025-09-10 11:41:07,121 - INFO - Epoch 12 | Batch 24/40 | Loss: 0.1513 | Avg Loss: 0.1823 | GPU Memory: 12367.5MB
2025-09-10 11:41:07,451 - INFO - Epoch 12 | Batch 25/40 | Loss: 0.1271 | Avg Loss: 0.1801 | GPU Memory: 12367.5MB
2025-09-10 11:41:07,783 - INFO - Epoch 12 | Batch 26/40 | Loss: 0.1279 | Avg Loss: 0.1781 | GPU Memory: 12367.5MB
2025-09-10 11:41:08,114 - INFO - Epoch 12 | Batch 27/40 | Loss: 0.1438 | Avg Loss: 0.1769 | GPU Memory: 12367.5MB
2025-09-10 11:41:08,446 - INFO - Epoch 12 | Batch 28/40 | Loss: 0.1476 | Avg Loss: 0.1758 | GPU Memory: 12367.5MB
2025-09-10 11:41:08,778 - INFO - Epoch 12 | Batch 29/40 | Loss: 0.1255 | Avg Loss: 0.1741 | GPU Memory: 12367.5MB
2025-09-10 11:41:09,110 - INFO - Epoch 12 | Batch 30/40 | Loss: 0.1280 | Avg Loss: 0.1725 | GPU Memory: 12367.5MB
2025-09-10 11:41:09,439 - INFO - Epoch 12 | Batch 31/40 | Loss: 0.1300 | Avg Loss: 0.1712 | GPU Memory: 12367.5MB
2025-09-10 11:41:09,770 - INFO - Epoch 12 | Batch 32/40 | Loss: 0.1515 | Avg Loss: 0.1706 | GPU Memory: 12367.5MB
2025-09-10 11:41:10,101 - INFO - Epoch 12 | Batch 33/40 | Loss: 0.6100 | Avg Loss: 0.1839 | GPU Memory: 12367.5MB
2025-09-10 11:41:10,431 - INFO - Epoch 12 | Batch 34/40 | Loss: 0.1270 | Avg Loss: 0.1822 | GPU Memory: 12367.5MB
2025-09-10 11:41:10,759 - INFO - Epoch 12 | Batch 35/40 | Loss: 0.1793 | Avg Loss: 0.1821 | GPU Memory: 12367.5MB
2025-09-10 11:41:11,091 - INFO - Epoch 12 | Batch 36/40 | Loss: 0.1593 | Avg Loss: 0.1815 | GPU Memory: 12367.5MB
2025-09-10 11:41:11,420 - INFO - Epoch 12 | Batch 37/40 | Loss: 0.1431 | Avg Loss: 0.1804 | GPU Memory: 12367.5MB
2025-09-10 11:41:11,751 - INFO - Epoch 12 | Batch 38/40 | Loss: 0.1626 | Avg Loss: 0.1800 | GPU Memory: 12367.5MB
2025-09-10 11:41:12,082 - INFO - Epoch 12 | Batch 39/40 | Loss: 0.1414 | Avg Loss: 0.1790 | GPU Memory: 12367.5MB
2025-09-10 11:41:12,379 - INFO - Epoch 12 | Batch 40/40 | Loss: 0.1246 | Avg Loss: 0.1761 | GPU Memory: 12364.9MB
2025-09-10 11:41:13,091 - INFO - Epoch 12 completed. Loss: 0.1783, Time: 14.3s
2025-09-10 11:42:06,702 - INFO - Validation | Loss: 0.4763, mIoU: 0.7592, IoUs: [0.99160465 0.92050133 0.7330559  0.39162507]
2025-09-10 11:42:06,703 - INFO - Early stopping triggered after 5 epochs with no improvement.
2025-09-10 11:42:06,704 - INFO - Training completed
2025-09-10 11:42:06,704 - INFO - Average Validation Loss: 0.5995  0.2797
2025-09-10 11:42:06,704 - INFO - Average Validation mIoU: 0.7524  0.0223
2025-09-10 11:42:06,704 - INFO - Average Per-class IoU: Class 0: 0.9888, Class 1: 0.9028, Class 2: 0.6899, Class 3: 0.4282
