2025-09-11 14:30:01,673 - INFO - Training UNET_OCT_AIM Model using device: cuda
Run directory: runs/UNET_OCT_AIM_20250911_143001
Configuration:
{
    "name": "UNET_OCT_AIM",
    "data_root": "/media/be-light/Data/PG_Gdansk/Torun_secondment/Experiments/dataset/cityscapes",
    "num_classes": 4,
    "crop_size": 256,
    "batch_size": 4,
    "val_batch_size": 4,
    "num_epochs": 25,
    "lr": 0.0001,
    "log_dir": "runs",
    "resume": null,
    "early_stop_patience": 5
}using class weights: [1.0, 1.0, 1.0, 3.0]

2025-09-11 14:30:01,674 - INFO - Training samples: 79, Validation samples: 20
2025-09-11 14:30:02,996 - INFO - Epoch 1 | Batch 1/20 | Loss: 2.5114 | Avg Loss: 2.5114 | GPU Memory: 8826.1MB
2025-09-11 14:30:03,274 - INFO - Epoch 1 | Batch 2/20 | Loss: 2.4515 | Avg Loss: 2.4814 | GPU Memory: 8825.8MB
2025-09-11 14:30:03,548 - INFO - Epoch 1 | Batch 3/20 | Loss: 2.4350 | Avg Loss: 2.4660 | GPU Memory: 8827.3MB
2025-09-11 14:30:03,824 - INFO - Epoch 1 | Batch 4/20 | Loss: 2.3968 | Avg Loss: 2.4487 | GPU Memory: 8826.2MB
2025-09-11 14:30:04,153 - INFO - Epoch 1 | Batch 5/20 | Loss: 2.3883 | Avg Loss: 2.4366 | GPU Memory: 8827.1MB
2025-09-11 14:30:04,529 - INFO - Epoch 1 | Batch 6/20 | Loss: 2.3561 | Avg Loss: 2.4232 | GPU Memory: 8825.3MB
2025-09-11 14:30:04,917 - INFO - Epoch 1 | Batch 7/20 | Loss: 2.3880 | Avg Loss: 2.4181 | GPU Memory: 8827.3MB
2025-09-11 14:30:05,294 - INFO - Epoch 1 | Batch 8/20 | Loss: 2.3235 | Avg Loss: 2.4063 | GPU Memory: 8827.3MB
2025-09-11 14:30:05,574 - INFO - Epoch 1 | Batch 9/20 | Loss: 2.3041 | Avg Loss: 2.3950 | GPU Memory: 8826.2MB
2025-09-11 14:30:05,893 - INFO - Epoch 1 | Batch 10/20 | Loss: 2.2588 | Avg Loss: 2.3814 | GPU Memory: 8827.1MB
2025-09-11 14:30:06,179 - INFO - Epoch 1 | Batch 11/20 | Loss: 2.2459 | Avg Loss: 2.3690 | GPU Memory: 8825.3MB
2025-09-11 14:30:06,453 - INFO - Epoch 1 | Batch 12/20 | Loss: 2.2831 | Avg Loss: 2.3619 | GPU Memory: 8827.3MB
2025-09-11 14:30:06,722 - INFO - Epoch 1 | Batch 13/20 | Loss: 2.2510 | Avg Loss: 2.3534 | GPU Memory: 8827.3MB
2025-09-11 14:30:07,001 - INFO - Epoch 1 | Batch 14/20 | Loss: 2.2047 | Avg Loss: 2.3427 | GPU Memory: 8826.2MB
2025-09-11 14:30:07,272 - INFO - Epoch 1 | Batch 15/20 | Loss: 2.2341 | Avg Loss: 2.3355 | GPU Memory: 8827.1MB
2025-09-11 14:30:07,553 - INFO - Epoch 1 | Batch 16/20 | Loss: 2.2039 | Avg Loss: 2.3273 | GPU Memory: 8825.3MB
2025-09-11 14:30:07,828 - INFO - Epoch 1 | Batch 17/20 | Loss: 2.2118 | Avg Loss: 2.3205 | GPU Memory: 8827.3MB
2025-09-11 14:30:08,101 - INFO - Epoch 1 | Batch 18/20 | Loss: 2.1283 | Avg Loss: 2.3098 | GPU Memory: 8827.3MB
2025-09-11 14:30:08,369 - INFO - Epoch 1 | Batch 19/20 | Loss: 2.1514 | Avg Loss: 2.3015 | GPU Memory: 8826.2MB
2025-09-11 14:30:08,760 - INFO - Epoch 1 | Batch 20/20 | Loss: 2.1446 | Avg Loss: 2.2668 | GPU Memory: 8829.1MB
2025-09-11 14:30:09,509 - INFO - Epoch 1 completed. Loss: 2.2955, Time: 7.8s
2025-09-11 14:31:02,637 - INFO - Validation | Loss: 2.2820, mIoU: 0.3721, IoUs: [0.66475946 0.22354349 0.30184052 0.29808814]
2025-09-11 14:31:04,417 - INFO - Saved best model at epoch 1 to runs/UNET_OCT_AIM_20250911_143001/checkpoints/UNET_OCT_AIM_best.pth
2025-09-11 14:31:05,168 - INFO - Epoch 2 | Batch 1/20 | Loss: 2.1387 | Avg Loss: 2.1387 | GPU Memory: 8824.8MB
2025-09-11 14:31:05,491 - INFO - Epoch 2 | Batch 2/20 | Loss: 2.1256 | Avg Loss: 2.1322 | GPU Memory: 8828.3MB
2025-09-11 14:31:05,834 - INFO - Epoch 2 | Batch 3/20 | Loss: 2.0569 | Avg Loss: 2.1071 | GPU Memory: 8827.3MB
2025-09-11 14:31:06,169 - INFO - Epoch 2 | Batch 4/20 | Loss: 2.0840 | Avg Loss: 2.1013 | GPU Memory: 8826.2MB
2025-09-11 14:31:06,432 - INFO - Epoch 2 | Batch 5/20 | Loss: 2.0475 | Avg Loss: 2.0906 | GPU Memory: 8827.1MB
2025-09-11 14:31:06,696 - INFO - Epoch 2 | Batch 6/20 | Loss: 2.0316 | Avg Loss: 2.0807 | GPU Memory: 8825.3MB
2025-09-11 14:31:06,961 - INFO - Epoch 2 | Batch 7/20 | Loss: 2.0052 | Avg Loss: 2.0699 | GPU Memory: 8827.3MB
2025-09-11 14:31:07,229 - INFO - Epoch 2 | Batch 8/20 | Loss: 1.9749 | Avg Loss: 2.0581 | GPU Memory: 8827.3MB
2025-09-11 14:31:07,494 - INFO - Epoch 2 | Batch 9/20 | Loss: 2.0782 | Avg Loss: 2.0603 | GPU Memory: 8826.2MB
2025-09-11 14:31:07,759 - INFO - Epoch 2 | Batch 10/20 | Loss: 1.9967 | Avg Loss: 2.0540 | GPU Memory: 8827.1MB
2025-09-11 14:31:08,024 - INFO - Epoch 2 | Batch 11/20 | Loss: 1.9422 | Avg Loss: 2.0438 | GPU Memory: 8825.3MB
2025-09-11 14:31:08,290 - INFO - Epoch 2 | Batch 12/20 | Loss: 1.9101 | Avg Loss: 2.0326 | GPU Memory: 8827.3MB
2025-09-11 14:31:08,555 - INFO - Epoch 2 | Batch 13/20 | Loss: 1.8922 | Avg Loss: 2.0218 | GPU Memory: 8827.3MB
2025-09-11 14:31:08,820 - INFO - Epoch 2 | Batch 14/20 | Loss: 1.9296 | Avg Loss: 2.0153 | GPU Memory: 8826.2MB
2025-09-11 14:31:09,085 - INFO - Epoch 2 | Batch 15/20 | Loss: 1.8926 | Avg Loss: 2.0071 | GPU Memory: 8827.1MB
2025-09-11 14:31:09,350 - INFO - Epoch 2 | Batch 16/20 | Loss: 1.9330 | Avg Loss: 2.0025 | GPU Memory: 8825.3MB
2025-09-11 14:31:09,617 - INFO - Epoch 2 | Batch 17/20 | Loss: 1.8532 | Avg Loss: 1.9937 | GPU Memory: 8827.3MB
2025-09-11 14:31:09,881 - INFO - Epoch 2 | Batch 18/20 | Loss: 1.8411 | Avg Loss: 1.9852 | GPU Memory: 8827.3MB
2025-09-11 14:31:10,145 - INFO - Epoch 2 | Batch 19/20 | Loss: 1.8454 | Avg Loss: 1.9778 | GPU Memory: 8826.2MB
2025-09-11 14:31:10,394 - INFO - Epoch 2 | Batch 20/20 | Loss: 1.8962 | Avg Loss: 1.9501 | GPU Memory: 8829.1MB
2025-09-11 14:31:11,112 - INFO - Epoch 2 completed. Loss: 1.9747, Time: 6.7s
2025-09-11 14:32:03,095 - INFO - Validation | Loss: 1.9535, mIoU: 0.6336, IoUs: [0.94272214 0.59149799 0.60735503 0.39264627]
2025-09-11 14:32:05,126 - INFO - Saved best model at epoch 2 to runs/UNET_OCT_AIM_20250911_143001/checkpoints/UNET_OCT_AIM_best.pth
2025-09-11 14:32:05,857 - INFO - Epoch 3 | Batch 1/20 | Loss: 1.8516 | Avg Loss: 1.8516 | GPU Memory: 8824.8MB
2025-09-11 14:32:06,195 - INFO - Epoch 3 | Batch 2/20 | Loss: 1.8697 | Avg Loss: 1.8607 | GPU Memory: 8828.3MB
2025-09-11 14:32:06,528 - INFO - Epoch 3 | Batch 3/20 | Loss: 1.7950 | Avg Loss: 1.8388 | GPU Memory: 8827.3MB
2025-09-11 14:32:06,876 - INFO - Epoch 3 | Batch 4/20 | Loss: 1.8447 | Avg Loss: 1.8402 | GPU Memory: 8826.2MB
2025-09-11 14:32:07,139 - INFO - Epoch 3 | Batch 5/20 | Loss: 1.8736 | Avg Loss: 1.8469 | GPU Memory: 8827.1MB
2025-09-11 14:32:07,402 - INFO - Epoch 3 | Batch 6/20 | Loss: 1.7078 | Avg Loss: 1.8237 | GPU Memory: 8825.3MB
2025-09-11 14:32:07,666 - INFO - Epoch 3 | Batch 7/20 | Loss: 1.6908 | Avg Loss: 1.8047 | GPU Memory: 8827.3MB
2025-09-11 14:32:07,931 - INFO - Epoch 3 | Batch 8/20 | Loss: 1.7511 | Avg Loss: 1.7980 | GPU Memory: 8827.3MB
2025-09-11 14:32:08,198 - INFO - Epoch 3 | Batch 9/20 | Loss: 1.6385 | Avg Loss: 1.7803 | GPU Memory: 8826.2MB
2025-09-11 14:32:08,460 - INFO - Epoch 3 | Batch 10/20 | Loss: 1.6417 | Avg Loss: 1.7665 | GPU Memory: 8827.1MB
2025-09-11 14:32:08,723 - INFO - Epoch 3 | Batch 11/20 | Loss: 1.6503 | Avg Loss: 1.7559 | GPU Memory: 8825.3MB
2025-09-11 14:32:08,988 - INFO - Epoch 3 | Batch 12/20 | Loss: 1.6126 | Avg Loss: 1.7440 | GPU Memory: 8827.3MB
2025-09-11 14:32:09,253 - INFO - Epoch 3 | Batch 13/20 | Loss: 1.6802 | Avg Loss: 1.7390 | GPU Memory: 8827.3MB
2025-09-11 14:32:09,517 - INFO - Epoch 3 | Batch 14/20 | Loss: 1.5601 | Avg Loss: 1.7263 | GPU Memory: 8826.2MB
2025-09-11 14:32:09,782 - INFO - Epoch 3 | Batch 15/20 | Loss: 1.6440 | Avg Loss: 1.7208 | GPU Memory: 8827.1MB
2025-09-11 14:32:10,046 - INFO - Epoch 3 | Batch 16/20 | Loss: 1.6000 | Avg Loss: 1.7132 | GPU Memory: 8825.3MB
2025-09-11 14:32:10,311 - INFO - Epoch 3 | Batch 17/20 | Loss: 1.6491 | Avg Loss: 1.7095 | GPU Memory: 8827.3MB
2025-09-11 14:32:10,577 - INFO - Epoch 3 | Batch 18/20 | Loss: 1.5557 | Avg Loss: 1.7009 | GPU Memory: 8827.3MB
2025-09-11 14:32:10,840 - INFO - Epoch 3 | Batch 19/20 | Loss: 1.5787 | Avg Loss: 1.6945 | GPU Memory: 8826.2MB
2025-09-11 14:32:11,089 - INFO - Epoch 3 | Batch 20/20 | Loss: 1.4947 | Avg Loss: 1.6658 | GPU Memory: 8829.1MB
2025-09-11 14:32:11,807 - INFO - Epoch 3 completed. Loss: 1.6869, Time: 6.7s
2025-09-11 14:33:04,197 - INFO - Validation | Loss: 1.5844, mIoU: 0.7219, IoUs: [0.97652704 0.85065241 0.61941029 0.44099577]
2025-09-11 14:33:06,339 - INFO - Saved best model at epoch 3 to runs/UNET_OCT_AIM_20250911_143001/checkpoints/UNET_OCT_AIM_best.pth
2025-09-11 14:33:07,087 - INFO - Epoch 4 | Batch 1/20 | Loss: 1.5133 | Avg Loss: 1.5133 | GPU Memory: 8824.8MB
2025-09-11 14:33:07,414 - INFO - Epoch 4 | Batch 2/20 | Loss: 1.4509 | Avg Loss: 1.4821 | GPU Memory: 8828.3MB
2025-09-11 14:33:07,756 - INFO - Epoch 4 | Batch 3/20 | Loss: 1.4198 | Avg Loss: 1.4613 | GPU Memory: 8827.3MB
2025-09-11 14:33:08,095 - INFO - Epoch 4 | Batch 4/20 | Loss: 1.5126 | Avg Loss: 1.4741 | GPU Memory: 8826.2MB
2025-09-11 14:33:08,361 - INFO - Epoch 4 | Batch 5/20 | Loss: 1.4805 | Avg Loss: 1.4754 | GPU Memory: 8827.1MB
2025-09-11 14:33:08,623 - INFO - Epoch 4 | Batch 6/20 | Loss: 1.4538 | Avg Loss: 1.4718 | GPU Memory: 8825.3MB
2025-09-11 14:33:08,888 - INFO - Epoch 4 | Batch 7/20 | Loss: 1.4382 | Avg Loss: 1.4670 | GPU Memory: 8827.3MB
2025-09-11 14:33:09,155 - INFO - Epoch 4 | Batch 8/20 | Loss: 1.4252 | Avg Loss: 1.4618 | GPU Memory: 8827.3MB
2025-09-11 14:33:09,419 - INFO - Epoch 4 | Batch 9/20 | Loss: 1.3953 | Avg Loss: 1.4544 | GPU Memory: 8826.2MB
2025-09-11 14:33:09,685 - INFO - Epoch 4 | Batch 10/20 | Loss: 1.4093 | Avg Loss: 1.4499 | GPU Memory: 8827.1MB
2025-09-11 14:33:09,949 - INFO - Epoch 4 | Batch 11/20 | Loss: 1.3520 | Avg Loss: 1.4410 | GPU Memory: 8825.3MB
2025-09-11 14:33:10,212 - INFO - Epoch 4 | Batch 12/20 | Loss: 1.3349 | Avg Loss: 1.4321 | GPU Memory: 8827.3MB
2025-09-11 14:33:10,478 - INFO - Epoch 4 | Batch 13/20 | Loss: 1.3842 | Avg Loss: 1.4285 | GPU Memory: 8827.3MB
2025-09-11 14:33:10,743 - INFO - Epoch 4 | Batch 14/20 | Loss: 1.2720 | Avg Loss: 1.4173 | GPU Memory: 8826.2MB
2025-09-11 14:33:11,005 - INFO - Epoch 4 | Batch 15/20 | Loss: 1.2819 | Avg Loss: 1.4083 | GPU Memory: 8827.1MB
2025-09-11 14:33:11,269 - INFO - Epoch 4 | Batch 16/20 | Loss: 1.2960 | Avg Loss: 1.4012 | GPU Memory: 8825.3MB
2025-09-11 14:33:11,535 - INFO - Epoch 4 | Batch 17/20 | Loss: 1.2611 | Avg Loss: 1.3930 | GPU Memory: 8827.3MB
2025-09-11 14:33:11,797 - INFO - Epoch 4 | Batch 18/20 | Loss: 1.2576 | Avg Loss: 1.3855 | GPU Memory: 8827.3MB
2025-09-11 14:33:12,062 - INFO - Epoch 4 | Batch 19/20 | Loss: 1.2141 | Avg Loss: 1.3765 | GPU Memory: 8826.2MB
2025-09-11 14:33:12,311 - INFO - Epoch 4 | Batch 20/20 | Loss: 1.3115 | Avg Loss: 1.3568 | GPU Memory: 8829.1MB
2025-09-11 14:33:13,037 - INFO - Epoch 4 completed. Loss: 1.3740, Time: 6.7s
2025-09-11 14:34:05,091 - INFO - Validation | Loss: 1.2953, mIoU: 0.7563, IoUs: [0.98413875 0.89570386 0.67964635 0.46587505]
2025-09-11 14:34:07,144 - INFO - Saved best model at epoch 4 to runs/UNET_OCT_AIM_20250911_143001/checkpoints/UNET_OCT_AIM_best.pth
2025-09-11 14:34:07,894 - INFO - Epoch 5 | Batch 1/20 | Loss: 1.2766 | Avg Loss: 1.2766 | GPU Memory: 8824.8MB
2025-09-11 14:34:08,225 - INFO - Epoch 5 | Batch 2/20 | Loss: 1.3807 | Avg Loss: 1.3287 | GPU Memory: 8828.3MB
2025-09-11 14:34:08,565 - INFO - Epoch 5 | Batch 3/20 | Loss: 1.1949 | Avg Loss: 1.2841 | GPU Memory: 8827.3MB
2025-09-11 14:34:08,891 - INFO - Epoch 5 | Batch 4/20 | Loss: 1.2048 | Avg Loss: 1.2642 | GPU Memory: 8826.2MB
2025-09-11 14:34:09,036 - INFO - Epoch 5 | Batch 5/20 | Loss: 1.1642 | Avg Loss: 1.2442 | GPU Memory: 8827.1MB
2025-09-11 14:34:09,307 - INFO - Epoch 5 | Batch 6/20 | Loss: 1.1389 | Avg Loss: 1.2267 | GPU Memory: 8825.3MB
2025-09-11 14:34:09,571 - INFO - Epoch 5 | Batch 7/20 | Loss: 1.1352 | Avg Loss: 1.2136 | GPU Memory: 8827.3MB
2025-09-11 14:34:09,836 - INFO - Epoch 5 | Batch 8/20 | Loss: 1.1142 | Avg Loss: 1.2012 | GPU Memory: 8827.3MB
2025-09-11 14:34:10,100 - INFO - Epoch 5 | Batch 9/20 | Loss: 1.1269 | Avg Loss: 1.1929 | GPU Memory: 8826.2MB
2025-09-11 14:34:10,365 - INFO - Epoch 5 | Batch 10/20 | Loss: 1.1052 | Avg Loss: 1.1842 | GPU Memory: 8827.1MB
2025-09-11 14:34:10,630 - INFO - Epoch 5 | Batch 11/20 | Loss: 1.1465 | Avg Loss: 1.1807 | GPU Memory: 8825.3MB
2025-09-11 14:34:10,894 - INFO - Epoch 5 | Batch 12/20 | Loss: 1.0562 | Avg Loss: 1.1704 | GPU Memory: 8827.3MB
2025-09-11 14:34:11,159 - INFO - Epoch 5 | Batch 13/20 | Loss: 1.0480 | Avg Loss: 1.1609 | GPU Memory: 8827.3MB
2025-09-11 14:34:11,421 - INFO - Epoch 5 | Batch 14/20 | Loss: 1.0760 | Avg Loss: 1.1549 | GPU Memory: 8826.2MB
2025-09-11 14:34:11,684 - INFO - Epoch 5 | Batch 15/20 | Loss: 1.0698 | Avg Loss: 1.1492 | GPU Memory: 8827.1MB
2025-09-11 14:34:11,949 - INFO - Epoch 5 | Batch 16/20 | Loss: 1.0616 | Avg Loss: 1.1437 | GPU Memory: 8825.3MB
2025-09-11 14:34:12,212 - INFO - Epoch 5 | Batch 17/20 | Loss: 1.0424 | Avg Loss: 1.1378 | GPU Memory: 8827.3MB
2025-09-11 14:34:12,476 - INFO - Epoch 5 | Batch 18/20 | Loss: 1.0337 | Avg Loss: 1.1320 | GPU Memory: 8827.3MB
2025-09-11 14:34:12,735 - INFO - Epoch 5 | Batch 19/20 | Loss: 0.9959 | Avg Loss: 1.1248 | GPU Memory: 8826.2MB
2025-09-11 14:34:12,981 - INFO - Epoch 5 | Batch 20/20 | Loss: 0.9886 | Avg Loss: 1.1057 | GPU Memory: 8829.1MB
2025-09-11 14:34:13,708 - INFO - Epoch 5 completed. Loss: 1.1196, Time: 6.6s
2025-09-11 14:35:05,766 - INFO - Validation | Loss: 1.0641, mIoU: 0.7531, IoUs: [0.98530976 0.86646791 0.77393247 0.38657641]
2025-09-11 14:35:07,802 - INFO - Saved best model at epoch 5 to runs/UNET_OCT_AIM_20250911_143001/checkpoints/UNET_OCT_AIM_best.pth
2025-09-11 14:35:08,559 - INFO - Epoch 6 | Batch 1/20 | Loss: 0.9725 | Avg Loss: 0.9725 | GPU Memory: 8824.8MB
2025-09-11 14:35:08,863 - INFO - Epoch 6 | Batch 2/20 | Loss: 0.9850 | Avg Loss: 0.9788 | GPU Memory: 8828.3MB
2025-09-11 14:35:09,202 - INFO - Epoch 6 | Batch 3/20 | Loss: 0.9730 | Avg Loss: 0.9768 | GPU Memory: 8827.3MB
2025-09-11 14:35:09,541 - INFO - Epoch 6 | Batch 4/20 | Loss: 0.9830 | Avg Loss: 0.9784 | GPU Memory: 8826.2MB
2025-09-11 14:35:09,804 - INFO - Epoch 6 | Batch 5/20 | Loss: 0.9440 | Avg Loss: 0.9715 | GPU Memory: 8827.1MB
2025-09-11 14:35:10,066 - INFO - Epoch 6 | Batch 6/20 | Loss: 1.0927 | Avg Loss: 0.9917 | GPU Memory: 8825.3MB
2025-09-11 14:35:10,331 - INFO - Epoch 6 | Batch 7/20 | Loss: 1.0907 | Avg Loss: 1.0058 | GPU Memory: 8827.3MB
2025-09-11 14:35:10,596 - INFO - Epoch 6 | Batch 8/20 | Loss: 0.9571 | Avg Loss: 0.9998 | GPU Memory: 8827.3MB
2025-09-11 14:35:10,860 - INFO - Epoch 6 | Batch 9/20 | Loss: 0.9870 | Avg Loss: 0.9983 | GPU Memory: 8826.2MB
2025-09-11 14:35:11,125 - INFO - Epoch 6 | Batch 10/20 | Loss: 0.9433 | Avg Loss: 0.9928 | GPU Memory: 8827.1MB
2025-09-11 14:35:11,389 - INFO - Epoch 6 | Batch 11/20 | Loss: 0.9849 | Avg Loss: 0.9921 | GPU Memory: 8825.3MB
2025-09-11 14:35:11,653 - INFO - Epoch 6 | Batch 12/20 | Loss: 0.9547 | Avg Loss: 0.9890 | GPU Memory: 8827.3MB
2025-09-11 14:35:11,918 - INFO - Epoch 6 | Batch 13/20 | Loss: 1.0747 | Avg Loss: 0.9956 | GPU Memory: 8827.3MB
2025-09-11 14:35:12,182 - INFO - Epoch 6 | Batch 14/20 | Loss: 0.9831 | Avg Loss: 0.9947 | GPU Memory: 8826.2MB
2025-09-11 14:35:12,448 - INFO - Epoch 6 | Batch 15/20 | Loss: 0.9389 | Avg Loss: 0.9910 | GPU Memory: 8827.1MB
2025-09-11 14:35:12,714 - INFO - Epoch 6 | Batch 16/20 | Loss: 0.9369 | Avg Loss: 0.9876 | GPU Memory: 8825.3MB
2025-09-11 14:35:12,978 - INFO - Epoch 6 | Batch 17/20 | Loss: 0.9344 | Avg Loss: 0.9845 | GPU Memory: 8827.3MB
2025-09-11 14:35:13,244 - INFO - Epoch 6 | Batch 18/20 | Loss: 0.9516 | Avg Loss: 0.9826 | GPU Memory: 8827.3MB
2025-09-11 14:35:13,512 - INFO - Epoch 6 | Batch 19/20 | Loss: 0.9527 | Avg Loss: 0.9811 | GPU Memory: 8826.2MB
2025-09-11 14:35:13,758 - INFO - Epoch 6 | Batch 20/20 | Loss: 0.9344 | Avg Loss: 0.9671 | GPU Memory: 8829.1MB
2025-09-11 14:35:14,479 - INFO - Epoch 6 completed. Loss: 0.9793, Time: 6.7s
2025-09-11 14:36:06,392 - INFO - Validation | Loss: 1.0248, mIoU: 0.7706, IoUs: [0.98784524 0.87725214 0.79559462 0.4215373 ]
2025-09-11 14:36:08,424 - INFO - Saved best model at epoch 6 to runs/UNET_OCT_AIM_20250911_143001/checkpoints/UNET_OCT_AIM_best.pth
2025-09-11 14:36:09,143 - INFO - Epoch 7 | Batch 1/20 | Loss: 0.9612 | Avg Loss: 0.9612 | GPU Memory: 8824.8MB
2025-09-11 14:36:09,452 - INFO - Epoch 7 | Batch 2/20 | Loss: 0.9277 | Avg Loss: 0.9445 | GPU Memory: 8828.3MB
2025-09-11 14:36:09,783 - INFO - Epoch 7 | Batch 3/20 | Loss: 0.9402 | Avg Loss: 0.9430 | GPU Memory: 8827.3MB
2025-09-11 14:36:10,130 - INFO - Epoch 7 | Batch 4/20 | Loss: 0.9739 | Avg Loss: 0.9508 | GPU Memory: 8826.2MB
2025-09-11 14:36:10,377 - INFO - Epoch 7 | Batch 5/20 | Loss: 0.9101 | Avg Loss: 0.9426 | GPU Memory: 8827.1MB
2025-09-11 14:36:10,625 - INFO - Epoch 7 | Batch 6/20 | Loss: 0.9357 | Avg Loss: 0.9415 | GPU Memory: 8825.3MB
2025-09-11 14:36:10,891 - INFO - Epoch 7 | Batch 7/20 | Loss: 0.9428 | Avg Loss: 0.9417 | GPU Memory: 8827.3MB
2025-09-11 14:36:11,154 - INFO - Epoch 7 | Batch 8/20 | Loss: 0.9391 | Avg Loss: 0.9413 | GPU Memory: 8827.3MB
2025-09-11 14:36:11,419 - INFO - Epoch 7 | Batch 9/20 | Loss: 0.9186 | Avg Loss: 0.9388 | GPU Memory: 8826.2MB
2025-09-11 14:36:11,684 - INFO - Epoch 7 | Batch 10/20 | Loss: 0.9384 | Avg Loss: 0.9388 | GPU Memory: 8827.1MB
2025-09-11 14:36:11,947 - INFO - Epoch 7 | Batch 11/20 | Loss: 0.9355 | Avg Loss: 0.9385 | GPU Memory: 8825.3MB
2025-09-11 14:36:12,211 - INFO - Epoch 7 | Batch 12/20 | Loss: 0.9063 | Avg Loss: 0.9358 | GPU Memory: 8827.3MB
2025-09-11 14:36:12,476 - INFO - Epoch 7 | Batch 13/20 | Loss: 0.9839 | Avg Loss: 0.9395 | GPU Memory: 8827.3MB
2025-09-11 14:36:12,739 - INFO - Epoch 7 | Batch 14/20 | Loss: 0.9144 | Avg Loss: 0.9377 | GPU Memory: 8826.2MB
2025-09-11 14:36:13,004 - INFO - Epoch 7 | Batch 15/20 | Loss: 1.0594 | Avg Loss: 0.9458 | GPU Memory: 8827.1MB
2025-09-11 14:36:13,270 - INFO - Epoch 7 | Batch 16/20 | Loss: 0.9394 | Avg Loss: 0.9454 | GPU Memory: 8825.3MB
2025-09-11 14:36:13,537 - INFO - Epoch 7 | Batch 17/20 | Loss: 1.0376 | Avg Loss: 0.9508 | GPU Memory: 8827.3MB
2025-09-11 14:36:13,803 - INFO - Epoch 7 | Batch 18/20 | Loss: 0.9166 | Avg Loss: 0.9489 | GPU Memory: 8827.3MB
2025-09-11 14:36:14,069 - INFO - Epoch 7 | Batch 19/20 | Loss: 0.9663 | Avg Loss: 0.9499 | GPU Memory: 8826.2MB
2025-09-11 14:36:14,317 - INFO - Epoch 7 | Batch 20/20 | Loss: 0.9072 | Avg Loss: 0.9364 | GPU Memory: 8829.1MB
2025-09-11 14:36:15,032 - INFO - Epoch 7 completed. Loss: 0.9482, Time: 6.6s
2025-09-11 14:37:07,014 - INFO - Validation | Loss: 1.0100, mIoU: 0.7718, IoUs: [0.98802246 0.88341365 0.74770104 0.46786504]
2025-09-11 14:37:09,133 - INFO - Saved best model at epoch 7 to runs/UNET_OCT_AIM_20250911_143001/checkpoints/UNET_OCT_AIM_best.pth
2025-09-11 14:37:09,874 - INFO - Epoch 8 | Batch 1/20 | Loss: 0.8900 | Avg Loss: 0.8900 | GPU Memory: 8824.8MB
2025-09-11 14:37:10,189 - INFO - Epoch 8 | Batch 2/20 | Loss: 0.8924 | Avg Loss: 0.8912 | GPU Memory: 8828.3MB
2025-09-11 14:37:10,544 - INFO - Epoch 8 | Batch 3/20 | Loss: 0.9638 | Avg Loss: 0.9154 | GPU Memory: 8827.3MB
2025-09-11 14:37:10,875 - INFO - Epoch 8 | Batch 4/20 | Loss: 0.9323 | Avg Loss: 0.9197 | GPU Memory: 8826.2MB
2025-09-11 14:37:11,141 - INFO - Epoch 8 | Batch 5/20 | Loss: 0.9253 | Avg Loss: 0.9208 | GPU Memory: 8827.1MB
2025-09-11 14:37:11,405 - INFO - Epoch 8 | Batch 6/20 | Loss: 1.0159 | Avg Loss: 0.9366 | GPU Memory: 8825.3MB
2025-09-11 14:37:11,669 - INFO - Epoch 8 | Batch 7/20 | Loss: 0.9053 | Avg Loss: 0.9322 | GPU Memory: 8827.3MB
2025-09-11 14:37:11,933 - INFO - Epoch 8 | Batch 8/20 | Loss: 0.9049 | Avg Loss: 0.9288 | GPU Memory: 8827.3MB
2025-09-11 14:37:12,199 - INFO - Epoch 8 | Batch 9/20 | Loss: 0.9050 | Avg Loss: 0.9261 | GPU Memory: 8826.2MB
2025-09-11 14:37:12,465 - INFO - Epoch 8 | Batch 10/20 | Loss: 0.9037 | Avg Loss: 0.9239 | GPU Memory: 8827.1MB
2025-09-11 14:37:12,727 - INFO - Epoch 8 | Batch 11/20 | Loss: 0.9076 | Avg Loss: 0.9224 | GPU Memory: 8825.3MB
2025-09-11 14:37:12,991 - INFO - Epoch 8 | Batch 12/20 | Loss: 0.9029 | Avg Loss: 0.9208 | GPU Memory: 8827.3MB
2025-09-11 14:37:13,257 - INFO - Epoch 8 | Batch 13/20 | Loss: 0.9052 | Avg Loss: 0.9196 | GPU Memory: 8827.3MB
2025-09-11 14:37:13,520 - INFO - Epoch 8 | Batch 14/20 | Loss: 0.9394 | Avg Loss: 0.9210 | GPU Memory: 8826.2MB
2025-09-11 14:37:13,785 - INFO - Epoch 8 | Batch 15/20 | Loss: 0.9028 | Avg Loss: 0.9198 | GPU Memory: 8827.1MB
2025-09-11 14:37:14,050 - INFO - Epoch 8 | Batch 16/20 | Loss: 0.8889 | Avg Loss: 0.9178 | GPU Memory: 8825.3MB
2025-09-11 14:37:14,315 - INFO - Epoch 8 | Batch 17/20 | Loss: 0.9027 | Avg Loss: 0.9170 | GPU Memory: 8827.3MB
2025-09-11 14:37:14,581 - INFO - Epoch 8 | Batch 18/20 | Loss: 0.9214 | Avg Loss: 0.9172 | GPU Memory: 8827.3MB
2025-09-11 14:37:14,845 - INFO - Epoch 8 | Batch 19/20 | Loss: 0.9951 | Avg Loss: 0.9213 | GPU Memory: 8826.2MB
2025-09-11 14:37:15,093 - INFO - Epoch 8 | Batch 20/20 | Loss: 0.8939 | Avg Loss: 0.9088 | GPU Memory: 8829.1MB
2025-09-11 14:37:15,812 - INFO - Epoch 8 completed. Loss: 0.9203, Time: 6.7s
2025-09-11 14:38:07,794 - INFO - Validation | Loss: 0.9971, mIoU: 0.7609, IoUs: [0.98797736 0.8881229  0.69761388 0.47005413]
2025-09-11 14:38:09,942 - INFO - Saved best model at epoch 8 to runs/UNET_OCT_AIM_20250911_143001/checkpoints/UNET_OCT_AIM_best.pth
2025-09-11 14:38:10,695 - INFO - Epoch 9 | Batch 1/20 | Loss: 0.9001 | Avg Loss: 0.9001 | GPU Memory: 8824.8MB
2025-09-11 14:38:11,000 - INFO - Epoch 9 | Batch 2/20 | Loss: 0.8876 | Avg Loss: 0.8939 | GPU Memory: 8828.3MB
2025-09-11 14:38:11,341 - INFO - Epoch 9 | Batch 3/20 | Loss: 0.8702 | Avg Loss: 0.8860 | GPU Memory: 8827.3MB
2025-09-11 14:38:11,671 - INFO - Epoch 9 | Batch 4/20 | Loss: 0.8835 | Avg Loss: 0.8854 | GPU Memory: 8826.2MB
2025-09-11 14:38:11,933 - INFO - Epoch 9 | Batch 5/20 | Loss: 0.9152 | Avg Loss: 0.8913 | GPU Memory: 8827.1MB
2025-09-11 14:38:12,195 - INFO - Epoch 9 | Batch 6/20 | Loss: 0.9148 | Avg Loss: 0.8953 | GPU Memory: 8825.3MB
2025-09-11 14:38:12,460 - INFO - Epoch 9 | Batch 7/20 | Loss: 0.9014 | Avg Loss: 0.8961 | GPU Memory: 8827.3MB
2025-09-11 14:38:12,726 - INFO - Epoch 9 | Batch 8/20 | Loss: 0.9126 | Avg Loss: 0.8982 | GPU Memory: 8827.3MB
2025-09-11 14:38:12,991 - INFO - Epoch 9 | Batch 9/20 | Loss: 0.9157 | Avg Loss: 0.9001 | GPU Memory: 8826.2MB
2025-09-11 14:38:13,256 - INFO - Epoch 9 | Batch 10/20 | Loss: 0.9068 | Avg Loss: 0.9008 | GPU Memory: 8827.1MB
2025-09-11 14:38:13,519 - INFO - Epoch 9 | Batch 11/20 | Loss: 0.8642 | Avg Loss: 0.8975 | GPU Memory: 8825.3MB
2025-09-11 14:38:13,786 - INFO - Epoch 9 | Batch 12/20 | Loss: 0.8653 | Avg Loss: 0.8948 | GPU Memory: 8827.3MB
2025-09-11 14:38:14,051 - INFO - Epoch 9 | Batch 13/20 | Loss: 0.8759 | Avg Loss: 0.8933 | GPU Memory: 8827.3MB
2025-09-11 14:38:14,314 - INFO - Epoch 9 | Batch 14/20 | Loss: 0.9064 | Avg Loss: 0.8943 | GPU Memory: 8826.2MB
2025-09-11 14:38:14,579 - INFO - Epoch 9 | Batch 15/20 | Loss: 0.8846 | Avg Loss: 0.8936 | GPU Memory: 8827.1MB
2025-09-11 14:38:14,844 - INFO - Epoch 9 | Batch 16/20 | Loss: 0.8815 | Avg Loss: 0.8929 | GPU Memory: 8825.3MB
2025-09-11 14:38:15,105 - INFO - Epoch 9 | Batch 17/20 | Loss: 0.8734 | Avg Loss: 0.8917 | GPU Memory: 8827.3MB
2025-09-11 14:38:15,371 - INFO - Epoch 9 | Batch 18/20 | Loss: 0.8527 | Avg Loss: 0.8896 | GPU Memory: 8827.3MB
2025-09-11 14:38:15,637 - INFO - Epoch 9 | Batch 19/20 | Loss: 0.8666 | Avg Loss: 0.8884 | GPU Memory: 8826.2MB
2025-09-11 14:38:15,885 - INFO - Epoch 9 | Batch 20/20 | Loss: 0.8593 | Avg Loss: 0.8762 | GPU Memory: 8829.1MB
2025-09-11 14:38:16,618 - INFO - Epoch 9 completed. Loss: 0.8873, Time: 6.7s
2025-09-11 14:39:08,672 - INFO - Validation | Loss: 0.9780, mIoU: 0.7723, IoUs: [0.98848989 0.88664711 0.74609725 0.46786314]
2025-09-11 14:39:10,854 - INFO - Saved best model at epoch 9 to runs/UNET_OCT_AIM_20250911_143001/checkpoints/UNET_OCT_AIM_best.pth
2025-09-11 14:39:11,603 - INFO - Epoch 10 | Batch 1/20 | Loss: 0.8607 | Avg Loss: 0.8607 | GPU Memory: 8824.8MB
2025-09-11 14:39:11,937 - INFO - Epoch 10 | Batch 2/20 | Loss: 0.8595 | Avg Loss: 0.8601 | GPU Memory: 8828.3MB
2025-09-11 14:39:12,275 - INFO - Epoch 10 | Batch 3/20 | Loss: 0.8688 | Avg Loss: 0.8630 | GPU Memory: 8827.3MB
2025-09-11 14:39:12,609 - INFO - Epoch 10 | Batch 4/20 | Loss: 0.9019 | Avg Loss: 0.8727 | GPU Memory: 8826.2MB
2025-09-11 14:39:12,874 - INFO - Epoch 10 | Batch 5/20 | Loss: 0.8667 | Avg Loss: 0.8715 | GPU Memory: 8827.1MB
2025-09-11 14:39:13,137 - INFO - Epoch 10 | Batch 6/20 | Loss: 0.8679 | Avg Loss: 0.8709 | GPU Memory: 8825.3MB
2025-09-11 14:39:13,402 - INFO - Epoch 10 | Batch 7/20 | Loss: 0.8990 | Avg Loss: 0.8749 | GPU Memory: 8827.3MB
2025-09-11 14:39:13,668 - INFO - Epoch 10 | Batch 8/20 | Loss: 0.8745 | Avg Loss: 0.8749 | GPU Memory: 8827.3MB
2025-09-11 14:39:13,931 - INFO - Epoch 10 | Batch 9/20 | Loss: 0.8381 | Avg Loss: 0.8708 | GPU Memory: 8826.2MB
2025-09-11 14:39:14,196 - INFO - Epoch 10 | Batch 10/20 | Loss: 0.8995 | Avg Loss: 0.8737 | GPU Memory: 8827.1MB
2025-09-11 14:39:14,461 - INFO - Epoch 10 | Batch 11/20 | Loss: 0.8245 | Avg Loss: 0.8692 | GPU Memory: 8825.3MB
2025-09-11 14:39:14,726 - INFO - Epoch 10 | Batch 12/20 | Loss: 0.8624 | Avg Loss: 0.8686 | GPU Memory: 8827.3MB
2025-09-11 14:39:14,989 - INFO - Epoch 10 | Batch 13/20 | Loss: 0.8393 | Avg Loss: 0.8664 | GPU Memory: 8827.3MB
2025-09-11 14:39:15,254 - INFO - Epoch 10 | Batch 14/20 | Loss: 0.8435 | Avg Loss: 0.8648 | GPU Memory: 8826.2MB
2025-09-11 14:39:15,516 - INFO - Epoch 10 | Batch 15/20 | Loss: 0.8404 | Avg Loss: 0.8631 | GPU Memory: 8827.1MB
2025-09-11 14:39:15,780 - INFO - Epoch 10 | Batch 16/20 | Loss: 0.8547 | Avg Loss: 0.8626 | GPU Memory: 8825.3MB
2025-09-11 14:39:16,044 - INFO - Epoch 10 | Batch 17/20 | Loss: 0.8400 | Avg Loss: 0.8613 | GPU Memory: 8827.3MB
2025-09-11 14:39:16,306 - INFO - Epoch 10 | Batch 18/20 | Loss: 0.8840 | Avg Loss: 0.8625 | GPU Memory: 8827.3MB
2025-09-11 14:39:16,572 - INFO - Epoch 10 | Batch 19/20 | Loss: 0.8894 | Avg Loss: 0.8639 | GPU Memory: 8826.2MB
2025-09-11 14:39:16,821 - INFO - Epoch 10 | Batch 20/20 | Loss: 0.9086 | Avg Loss: 0.8548 | GPU Memory: 8829.1MB
2025-09-11 14:39:17,558 - INFO - Epoch 10 completed. Loss: 0.8656, Time: 6.7s
2025-09-11 14:40:09,622 - INFO - Validation | Loss: 0.9550, mIoU: 0.7727, IoUs: [0.98854015 0.89526966 0.73564739 0.4715234 ]
2025-09-11 14:40:15,302 - INFO - Saved periodic checkpoint at epoch 10 to runs/UNET_OCT_AIM_20250911_143001/checkpoints/UNET_OCT_AIM_epoch_10.pth
2025-09-11 14:40:17,352 - INFO - Saved best model at epoch 10 to runs/UNET_OCT_AIM_20250911_143001/checkpoints/UNET_OCT_AIM_best.pth
2025-09-11 14:40:18,100 - INFO - Epoch 11 | Batch 1/20 | Loss: 0.8923 | Avg Loss: 0.8923 | GPU Memory: 8824.8MB
2025-09-11 14:40:18,435 - INFO - Epoch 11 | Batch 2/20 | Loss: 0.8364 | Avg Loss: 0.8644 | GPU Memory: 8828.3MB
2025-09-11 14:40:18,781 - INFO - Epoch 11 | Batch 3/20 | Loss: 0.8618 | Avg Loss: 0.8635 | GPU Memory: 8827.3MB
2025-09-11 14:40:19,105 - INFO - Epoch 11 | Batch 4/20 | Loss: 0.8199 | Avg Loss: 0.8526 | GPU Memory: 8826.2MB
2025-09-11 14:40:19,366 - INFO - Epoch 11 | Batch 5/20 | Loss: 0.8248 | Avg Loss: 0.8470 | GPU Memory: 8827.1MB
2025-09-11 14:40:19,629 - INFO - Epoch 11 | Batch 6/20 | Loss: 0.8256 | Avg Loss: 0.8435 | GPU Memory: 8825.3MB
2025-09-11 14:40:19,891 - INFO - Epoch 11 | Batch 7/20 | Loss: 0.8539 | Avg Loss: 0.8449 | GPU Memory: 8827.3MB
2025-09-11 14:40:20,157 - INFO - Epoch 11 | Batch 8/20 | Loss: 0.8528 | Avg Loss: 0.8459 | GPU Memory: 8827.3MB
2025-09-11 14:40:20,424 - INFO - Epoch 11 | Batch 9/20 | Loss: 0.8891 | Avg Loss: 0.8507 | GPU Memory: 8826.2MB
2025-09-11 14:40:20,686 - INFO - Epoch 11 | Batch 10/20 | Loss: 0.8799 | Avg Loss: 0.8536 | GPU Memory: 8827.1MB
2025-09-11 14:40:20,952 - INFO - Epoch 11 | Batch 11/20 | Loss: 0.8411 | Avg Loss: 0.8525 | GPU Memory: 8825.3MB
2025-09-11 14:40:21,218 - INFO - Epoch 11 | Batch 12/20 | Loss: 0.8316 | Avg Loss: 0.8507 | GPU Memory: 8827.3MB
2025-09-11 14:40:21,482 - INFO - Epoch 11 | Batch 13/20 | Loss: 0.8437 | Avg Loss: 0.8502 | GPU Memory: 8827.3MB
2025-09-11 14:40:21,747 - INFO - Epoch 11 | Batch 14/20 | Loss: 0.8462 | Avg Loss: 0.8499 | GPU Memory: 8826.2MB
2025-09-11 14:40:22,011 - INFO - Epoch 11 | Batch 15/20 | Loss: 0.9425 | Avg Loss: 0.8561 | GPU Memory: 8827.1MB
2025-09-11 14:40:22,273 - INFO - Epoch 11 | Batch 16/20 | Loss: 0.8529 | Avg Loss: 0.8559 | GPU Memory: 8825.3MB
2025-09-11 14:40:22,538 - INFO - Epoch 11 | Batch 17/20 | Loss: 0.8351 | Avg Loss: 0.8547 | GPU Memory: 8827.3MB
2025-09-11 14:40:22,804 - INFO - Epoch 11 | Batch 18/20 | Loss: 0.8808 | Avg Loss: 0.8561 | GPU Memory: 8827.3MB
2025-09-11 14:40:23,066 - INFO - Epoch 11 | Batch 19/20 | Loss: 0.8310 | Avg Loss: 0.8548 | GPU Memory: 8826.2MB
2025-09-11 14:40:23,314 - INFO - Epoch 11 | Batch 20/20 | Loss: 0.8541 | Avg Loss: 0.8441 | GPU Memory: 8829.1MB
2025-09-11 14:40:24,055 - INFO - Epoch 11 completed. Loss: 0.8548, Time: 6.7s
2025-09-11 14:41:16,115 - INFO - Validation | Loss: 0.9487, mIoU: 0.7699, IoUs: [0.98855951 0.88878083 0.72904034 0.47321542]
2025-09-11 14:41:18,235 - INFO - Saved best model at epoch 11 to runs/UNET_OCT_AIM_20250911_143001/checkpoints/UNET_OCT_AIM_best.pth
2025-09-11 14:41:18,992 - INFO - Epoch 12 | Batch 1/20 | Loss: 0.8459 | Avg Loss: 0.8459 | GPU Memory: 8824.8MB
2025-09-11 14:41:19,319 - INFO - Epoch 12 | Batch 2/20 | Loss: 0.8566 | Avg Loss: 0.8512 | GPU Memory: 8828.3MB
2025-09-11 14:41:19,656 - INFO - Epoch 12 | Batch 3/20 | Loss: 0.8317 | Avg Loss: 0.8447 | GPU Memory: 8827.3MB
2025-09-11 14:41:19,991 - INFO - Epoch 12 | Batch 4/20 | Loss: 0.8462 | Avg Loss: 0.8451 | GPU Memory: 8826.2MB
2025-09-11 14:41:20,253 - INFO - Epoch 12 | Batch 5/20 | Loss: 0.8326 | Avg Loss: 0.8426 | GPU Memory: 8827.1MB
2025-09-11 14:41:20,516 - INFO - Epoch 12 | Batch 6/20 | Loss: 0.8530 | Avg Loss: 0.8443 | GPU Memory: 8825.3MB
2025-09-11 14:41:20,782 - INFO - Epoch 12 | Batch 7/20 | Loss: 0.8316 | Avg Loss: 0.8425 | GPU Memory: 8827.3MB
2025-09-11 14:41:21,045 - INFO - Epoch 12 | Batch 8/20 | Loss: 0.8431 | Avg Loss: 0.8426 | GPU Memory: 8827.3MB
2025-09-11 14:41:21,312 - INFO - Epoch 12 | Batch 9/20 | Loss: 0.8267 | Avg Loss: 0.8408 | GPU Memory: 8826.2MB
2025-09-11 14:41:21,579 - INFO - Epoch 12 | Batch 10/20 | Loss: 0.9204 | Avg Loss: 0.8488 | GPU Memory: 8827.1MB
2025-09-11 14:41:21,843 - INFO - Epoch 12 | Batch 11/20 | Loss: 0.8239 | Avg Loss: 0.8465 | GPU Memory: 8825.3MB
2025-09-11 14:41:22,110 - INFO - Epoch 12 | Batch 12/20 | Loss: 0.8386 | Avg Loss: 0.8459 | GPU Memory: 8827.3MB
2025-09-11 14:41:22,375 - INFO - Epoch 12 | Batch 13/20 | Loss: 0.8595 | Avg Loss: 0.8469 | GPU Memory: 8827.3MB
2025-09-11 14:41:22,640 - INFO - Epoch 12 | Batch 14/20 | Loss: 0.8627 | Avg Loss: 0.8480 | GPU Memory: 8826.2MB
2025-09-11 14:41:22,904 - INFO - Epoch 12 | Batch 15/20 | Loss: 0.8305 | Avg Loss: 0.8469 | GPU Memory: 8827.1MB
2025-09-11 14:41:23,169 - INFO - Epoch 12 | Batch 16/20 | Loss: 0.8448 | Avg Loss: 0.8467 | GPU Memory: 8825.3MB
2025-09-11 14:41:23,432 - INFO - Epoch 12 | Batch 17/20 | Loss: 0.8257 | Avg Loss: 0.8455 | GPU Memory: 8827.3MB
2025-09-11 14:41:23,699 - INFO - Epoch 12 | Batch 18/20 | Loss: 0.8681 | Avg Loss: 0.8468 | GPU Memory: 8827.3MB
2025-09-11 14:41:23,963 - INFO - Epoch 12 | Batch 19/20 | Loss: 0.8437 | Avg Loss: 0.8466 | GPU Memory: 8826.2MB
2025-09-11 14:41:24,210 - INFO - Epoch 12 | Batch 20/20 | Loss: 0.8285 | Avg Loss: 0.8353 | GPU Memory: 8829.1MB
2025-09-11 14:41:24,937 - INFO - Epoch 12 completed. Loss: 0.8459, Time: 6.7s
2025-09-11 14:42:16,799 - INFO - Validation | Loss: 0.9431, mIoU: 0.7780, IoUs: [0.98864881 0.8922313  0.75548393 0.47556807]
2025-09-11 14:42:18,928 - INFO - Saved best model at epoch 12 to runs/UNET_OCT_AIM_20250911_143001/checkpoints/UNET_OCT_AIM_best.pth
2025-09-11 14:42:19,670 - INFO - Epoch 13 | Batch 1/20 | Loss: 0.8473 | Avg Loss: 0.8473 | GPU Memory: 8824.8MB
2025-09-11 14:42:19,988 - INFO - Epoch 13 | Batch 2/20 | Loss: 0.8624 | Avg Loss: 0.8549 | GPU Memory: 8828.3MB
2025-09-11 14:42:20,335 - INFO - Epoch 13 | Batch 3/20 | Loss: 0.8623 | Avg Loss: 0.8573 | GPU Memory: 8827.3MB
2025-09-11 14:42:20,665 - INFO - Epoch 13 | Batch 4/20 | Loss: 0.8282 | Avg Loss: 0.8501 | GPU Memory: 8826.2MB
2025-09-11 14:42:20,928 - INFO - Epoch 13 | Batch 5/20 | Loss: 0.8714 | Avg Loss: 0.8543 | GPU Memory: 8827.1MB
2025-09-11 14:42:21,190 - INFO - Epoch 13 | Batch 6/20 | Loss: 0.8473 | Avg Loss: 0.8532 | GPU Memory: 8825.3MB
2025-09-11 14:42:21,452 - INFO - Epoch 13 | Batch 7/20 | Loss: 0.8482 | Avg Loss: 0.8525 | GPU Memory: 8827.3MB
2025-09-11 14:42:21,719 - INFO - Epoch 13 | Batch 8/20 | Loss: 0.8196 | Avg Loss: 0.8483 | GPU Memory: 8827.3MB
2025-09-11 14:42:21,986 - INFO - Epoch 13 | Batch 9/20 | Loss: 0.9059 | Avg Loss: 0.8547 | GPU Memory: 8826.2MB
2025-09-11 14:42:22,248 - INFO - Epoch 13 | Batch 10/20 | Loss: 0.8463 | Avg Loss: 0.8539 | GPU Memory: 8827.1MB
2025-09-11 14:42:22,514 - INFO - Epoch 13 | Batch 11/20 | Loss: 0.8632 | Avg Loss: 0.8547 | GPU Memory: 8825.3MB
2025-09-11 14:42:22,780 - INFO - Epoch 13 | Batch 12/20 | Loss: 0.8229 | Avg Loss: 0.8521 | GPU Memory: 8827.3MB
2025-09-11 14:42:23,044 - INFO - Epoch 13 | Batch 13/20 | Loss: 0.8502 | Avg Loss: 0.8519 | GPU Memory: 8827.3MB
2025-09-11 14:42:23,310 - INFO - Epoch 13 | Batch 14/20 | Loss: 0.8556 | Avg Loss: 0.8522 | GPU Memory: 8826.2MB
2025-09-11 14:42:23,576 - INFO - Epoch 13 | Batch 15/20 | Loss: 0.8288 | Avg Loss: 0.8506 | GPU Memory: 8827.1MB
2025-09-11 14:42:23,839 - INFO - Epoch 13 | Batch 16/20 | Loss: 0.8465 | Avg Loss: 0.8504 | GPU Memory: 8825.3MB
2025-09-11 14:42:24,104 - INFO - Epoch 13 | Batch 17/20 | Loss: 0.8344 | Avg Loss: 0.8494 | GPU Memory: 8827.3MB
2025-09-11 14:42:24,371 - INFO - Epoch 13 | Batch 18/20 | Loss: 0.8458 | Avg Loss: 0.8492 | GPU Memory: 8827.3MB
2025-09-11 14:42:24,635 - INFO - Epoch 13 | Batch 19/20 | Loss: 0.8311 | Avg Loss: 0.8483 | GPU Memory: 8826.2MB
2025-09-11 14:42:24,882 - INFO - Epoch 13 | Batch 20/20 | Loss: 0.8884 | Avg Loss: 0.8392 | GPU Memory: 8829.1MB
2025-09-11 14:42:25,610 - INFO - Epoch 13 completed. Loss: 0.8498, Time: 6.7s
2025-09-11 14:43:17,811 - INFO - Validation | Loss: 0.9385, mIoU: 0.7875, IoUs: [0.98838108 0.89326507 0.79999187 0.46824452]
2025-09-11 14:43:19,967 - INFO - Saved best model at epoch 13 to runs/UNET_OCT_AIM_20250911_143001/checkpoints/UNET_OCT_AIM_best.pth
2025-09-11 14:43:20,706 - INFO - Epoch 14 | Batch 1/20 | Loss: 0.8418 | Avg Loss: 0.8418 | GPU Memory: 8824.8MB
2025-09-11 14:43:21,048 - INFO - Epoch 14 | Batch 2/20 | Loss: 0.8312 | Avg Loss: 0.8365 | GPU Memory: 8828.3MB
2025-09-11 14:43:21,384 - INFO - Epoch 14 | Batch 3/20 | Loss: 0.8569 | Avg Loss: 0.8433 | GPU Memory: 8827.3MB
2025-09-11 14:43:21,724 - INFO - Epoch 14 | Batch 4/20 | Loss: 0.8618 | Avg Loss: 0.8479 | GPU Memory: 8826.2MB
2025-09-11 14:43:21,988 - INFO - Epoch 14 | Batch 5/20 | Loss: 0.8357 | Avg Loss: 0.8455 | GPU Memory: 8827.1MB
2025-09-11 14:43:22,251 - INFO - Epoch 14 | Batch 6/20 | Loss: 0.8409 | Avg Loss: 0.8447 | GPU Memory: 8825.3MB
2025-09-11 14:43:22,514 - INFO - Epoch 14 | Batch 7/20 | Loss: 0.8949 | Avg Loss: 0.8519 | GPU Memory: 8827.3MB
2025-09-11 14:43:22,781 - INFO - Epoch 14 | Batch 8/20 | Loss: 0.8827 | Avg Loss: 0.8558 | GPU Memory: 8827.3MB
2025-09-11 14:43:23,045 - INFO - Epoch 14 | Batch 9/20 | Loss: 0.8152 | Avg Loss: 0.8512 | GPU Memory: 8826.2MB
2025-09-11 14:43:23,308 - INFO - Epoch 14 | Batch 10/20 | Loss: 0.8377 | Avg Loss: 0.8499 | GPU Memory: 8827.1MB
2025-09-11 14:43:23,572 - INFO - Epoch 14 | Batch 11/20 | Loss: 0.8518 | Avg Loss: 0.8501 | GPU Memory: 8825.3MB
2025-09-11 14:43:23,836 - INFO - Epoch 14 | Batch 12/20 | Loss: 0.8477 | Avg Loss: 0.8499 | GPU Memory: 8827.3MB
2025-09-11 14:43:24,102 - INFO - Epoch 14 | Batch 13/20 | Loss: 0.8745 | Avg Loss: 0.8518 | GPU Memory: 8827.3MB
2025-09-11 14:43:24,367 - INFO - Epoch 14 | Batch 14/20 | Loss: 0.8333 | Avg Loss: 0.8504 | GPU Memory: 8826.2MB
2025-09-11 14:43:24,629 - INFO - Epoch 14 | Batch 15/20 | Loss: 0.8370 | Avg Loss: 0.8495 | GPU Memory: 8827.1MB
2025-09-11 14:43:24,895 - INFO - Epoch 14 | Batch 16/20 | Loss: 0.8702 | Avg Loss: 0.8508 | GPU Memory: 8825.3MB
2025-09-11 14:43:25,160 - INFO - Epoch 14 | Batch 17/20 | Loss: 0.8372 | Avg Loss: 0.8500 | GPU Memory: 8827.3MB
2025-09-11 14:43:25,428 - INFO - Epoch 14 | Batch 18/20 | Loss: 0.8416 | Avg Loss: 0.8496 | GPU Memory: 8827.3MB
2025-09-11 14:43:25,693 - INFO - Epoch 14 | Batch 19/20 | Loss: 0.8305 | Avg Loss: 0.8486 | GPU Memory: 8826.2MB
2025-09-11 14:43:25,941 - INFO - Epoch 14 | Batch 20/20 | Loss: 0.8237 | Avg Loss: 0.8370 | GPU Memory: 8829.1MB
2025-09-11 14:43:26,668 - INFO - Epoch 14 completed. Loss: 0.8476, Time: 6.7s
2025-09-11 14:44:18,600 - INFO - Validation | Loss: 0.9351, mIoU: 0.7759, IoUs: [0.9887339  0.88795533 0.75193813 0.47501318]
2025-09-11 14:44:20,728 - INFO - Saved best model at epoch 14 to runs/UNET_OCT_AIM_20250911_143001/checkpoints/UNET_OCT_AIM_best.pth
2025-09-11 14:44:21,467 - INFO - Epoch 15 | Batch 1/20 | Loss: 0.8129 | Avg Loss: 0.8129 | GPU Memory: 8824.8MB
2025-09-11 14:44:21,796 - INFO - Epoch 15 | Batch 2/20 | Loss: 0.8300 | Avg Loss: 0.8215 | GPU Memory: 8828.3MB
2025-09-11 14:44:22,139 - INFO - Epoch 15 | Batch 3/20 | Loss: 0.8304 | Avg Loss: 0.8245 | GPU Memory: 8827.3MB
2025-09-11 14:44:22,473 - INFO - Epoch 15 | Batch 4/20 | Loss: 0.8847 | Avg Loss: 0.8395 | GPU Memory: 8826.2MB
2025-09-11 14:44:22,737 - INFO - Epoch 15 | Batch 5/20 | Loss: 0.8327 | Avg Loss: 0.8381 | GPU Memory: 8827.1MB
2025-09-11 14:44:22,998 - INFO - Epoch 15 | Batch 6/20 | Loss: 0.8416 | Avg Loss: 0.8387 | GPU Memory: 8825.3MB
2025-09-11 14:44:23,261 - INFO - Epoch 15 | Batch 7/20 | Loss: 0.8445 | Avg Loss: 0.8395 | GPU Memory: 8827.3MB
2025-09-11 14:44:23,527 - INFO - Epoch 15 | Batch 8/20 | Loss: 1.0807 | Avg Loss: 0.8697 | GPU Memory: 8827.3MB
2025-09-11 14:44:23,790 - INFO - Epoch 15 | Batch 9/20 | Loss: 0.8619 | Avg Loss: 0.8688 | GPU Memory: 8826.2MB
2025-09-11 14:44:24,054 - INFO - Epoch 15 | Batch 10/20 | Loss: 0.8542 | Avg Loss: 0.8674 | GPU Memory: 8827.1MB
2025-09-11 14:44:24,320 - INFO - Epoch 15 | Batch 11/20 | Loss: 0.9390 | Avg Loss: 0.8739 | GPU Memory: 8825.3MB
2025-09-11 14:44:24,584 - INFO - Epoch 15 | Batch 12/20 | Loss: 0.8265 | Avg Loss: 0.8699 | GPU Memory: 8827.3MB
2025-09-11 14:44:24,849 - INFO - Epoch 15 | Batch 13/20 | Loss: 0.8339 | Avg Loss: 0.8672 | GPU Memory: 8827.3MB
2025-09-11 14:44:25,115 - INFO - Epoch 15 | Batch 14/20 | Loss: 0.8219 | Avg Loss: 0.8639 | GPU Memory: 8826.2MB
2025-09-11 14:44:25,379 - INFO - Epoch 15 | Batch 15/20 | Loss: 0.8495 | Avg Loss: 0.8630 | GPU Memory: 8827.1MB
2025-09-11 14:44:25,644 - INFO - Epoch 15 | Batch 16/20 | Loss: 0.8320 | Avg Loss: 0.8610 | GPU Memory: 8825.3MB
2025-09-11 14:44:25,908 - INFO - Epoch 15 | Batch 17/20 | Loss: 0.8250 | Avg Loss: 0.8589 | GPU Memory: 8827.3MB
2025-09-11 14:44:26,173 - INFO - Epoch 15 | Batch 18/20 | Loss: 0.8388 | Avg Loss: 0.8578 | GPU Memory: 8827.3MB
2025-09-11 14:44:26,438 - INFO - Epoch 15 | Batch 19/20 | Loss: 0.8154 | Avg Loss: 0.8556 | GPU Memory: 8826.2MB
2025-09-11 14:44:26,685 - INFO - Epoch 15 | Batch 20/20 | Loss: 0.8246 | Avg Loss: 0.8437 | GPU Memory: 8829.1MB
2025-09-11 14:44:27,413 - INFO - Epoch 15 completed. Loss: 0.8544, Time: 6.7s
2025-09-11 14:45:19,152 - INFO - Validation | Loss: 0.9353, mIoU: 0.7807, IoUs: [0.98893937 0.89170187 0.76366513 0.47831235]
2025-09-11 14:45:19,919 - INFO - Epoch 16 | Batch 1/20 | Loss: 0.8275 | Avg Loss: 0.8275 | GPU Memory: 8824.8MB
2025-09-11 14:45:20,233 - INFO - Epoch 16 | Batch 2/20 | Loss: 0.9159 | Avg Loss: 0.8717 | GPU Memory: 8828.3MB
2025-09-11 14:45:20,591 - INFO - Epoch 16 | Batch 3/20 | Loss: 0.8557 | Avg Loss: 0.8664 | GPU Memory: 8827.3MB
2025-09-11 14:45:20,925 - INFO - Epoch 16 | Batch 4/20 | Loss: 0.8449 | Avg Loss: 0.8610 | GPU Memory: 8826.2MB
2025-09-11 14:45:21,188 - INFO - Epoch 16 | Batch 5/20 | Loss: 0.8379 | Avg Loss: 0.8564 | GPU Memory: 8827.1MB
2025-09-11 14:45:21,452 - INFO - Epoch 16 | Batch 6/20 | Loss: 0.8458 | Avg Loss: 0.8546 | GPU Memory: 8825.3MB
2025-09-11 14:45:21,715 - INFO - Epoch 16 | Batch 7/20 | Loss: 0.8507 | Avg Loss: 0.8540 | GPU Memory: 8827.3MB
2025-09-11 14:45:21,979 - INFO - Epoch 16 | Batch 8/20 | Loss: 0.8399 | Avg Loss: 0.8523 | GPU Memory: 8827.3MB
2025-09-11 14:45:22,245 - INFO - Epoch 16 | Batch 9/20 | Loss: 0.8351 | Avg Loss: 0.8504 | GPU Memory: 8826.2MB
2025-09-11 14:45:22,510 - INFO - Epoch 16 | Batch 10/20 | Loss: 0.8130 | Avg Loss: 0.8466 | GPU Memory: 8827.1MB
2025-09-11 14:45:22,771 - INFO - Epoch 16 | Batch 11/20 | Loss: 0.9017 | Avg Loss: 0.8516 | GPU Memory: 8825.3MB
2025-09-11 14:45:23,035 - INFO - Epoch 16 | Batch 12/20 | Loss: 0.8378 | Avg Loss: 0.8505 | GPU Memory: 8827.3MB
2025-09-11 14:45:23,302 - INFO - Epoch 16 | Batch 13/20 | Loss: 0.8337 | Avg Loss: 0.8492 | GPU Memory: 8827.3MB
2025-09-11 14:45:23,567 - INFO - Epoch 16 | Batch 14/20 | Loss: 0.8099 | Avg Loss: 0.8464 | GPU Memory: 8826.2MB
2025-09-11 14:45:23,832 - INFO - Epoch 16 | Batch 15/20 | Loss: 0.9074 | Avg Loss: 0.8505 | GPU Memory: 8827.1MB
2025-09-11 14:45:24,098 - INFO - Epoch 16 | Batch 16/20 | Loss: 0.8530 | Avg Loss: 0.8506 | GPU Memory: 8825.3MB
2025-09-11 14:45:24,362 - INFO - Epoch 16 | Batch 17/20 | Loss: 0.8165 | Avg Loss: 0.8486 | GPU Memory: 8827.3MB
2025-09-11 14:45:24,628 - INFO - Epoch 16 | Batch 18/20 | Loss: 0.8378 | Avg Loss: 0.8480 | GPU Memory: 8827.3MB
2025-09-11 14:45:24,892 - INFO - Epoch 16 | Batch 19/20 | Loss: 0.8493 | Avg Loss: 0.8481 | GPU Memory: 8826.2MB
2025-09-11 14:45:25,140 - INFO - Epoch 16 | Batch 20/20 | Loss: 0.8055 | Avg Loss: 0.8359 | GPU Memory: 8829.1MB
2025-09-11 14:45:25,867 - INFO - Epoch 16 completed. Loss: 0.8465, Time: 6.7s
2025-09-11 14:46:18,062 - INFO - Validation | Loss: 0.9379, mIoU: 0.7774, IoUs: [0.98893291 0.89169716 0.75558994 0.47349039]
2025-09-11 14:46:18,817 - INFO - Epoch 17 | Batch 1/20 | Loss: 0.8768 | Avg Loss: 0.8768 | GPU Memory: 8824.8MB
2025-09-11 14:46:19,151 - INFO - Epoch 17 | Batch 2/20 | Loss: 0.8535 | Avg Loss: 0.8652 | GPU Memory: 8828.3MB
2025-09-11 14:46:19,489 - INFO - Epoch 17 | Batch 3/20 | Loss: 0.8557 | Avg Loss: 0.8620 | GPU Memory: 8827.3MB
2025-09-11 14:46:19,819 - INFO - Epoch 17 | Batch 4/20 | Loss: 0.8273 | Avg Loss: 0.8533 | GPU Memory: 8826.2MB
2025-09-11 14:46:20,084 - INFO - Epoch 17 | Batch 5/20 | Loss: 0.8103 | Avg Loss: 0.8447 | GPU Memory: 8827.1MB
2025-09-11 14:46:20,349 - INFO - Epoch 17 | Batch 6/20 | Loss: 0.9168 | Avg Loss: 0.8567 | GPU Memory: 8825.3MB
2025-09-11 14:46:20,614 - INFO - Epoch 17 | Batch 7/20 | Loss: 0.8249 | Avg Loss: 0.8522 | GPU Memory: 8827.3MB
2025-09-11 14:46:20,880 - INFO - Epoch 17 | Batch 8/20 | Loss: 0.8174 | Avg Loss: 0.8478 | GPU Memory: 8827.3MB
2025-09-11 14:46:21,145 - INFO - Epoch 17 | Batch 9/20 | Loss: 0.8386 | Avg Loss: 0.8468 | GPU Memory: 8826.2MB
2025-09-11 14:46:21,410 - INFO - Epoch 17 | Batch 10/20 | Loss: 0.8553 | Avg Loss: 0.8477 | GPU Memory: 8827.1MB
2025-09-11 14:46:21,674 - INFO - Epoch 17 | Batch 11/20 | Loss: 0.8858 | Avg Loss: 0.8511 | GPU Memory: 8825.3MB
2025-09-11 14:46:21,939 - INFO - Epoch 17 | Batch 12/20 | Loss: 0.8049 | Avg Loss: 0.8473 | GPU Memory: 8827.3MB
2025-09-11 14:46:22,204 - INFO - Epoch 17 | Batch 13/20 | Loss: 0.8307 | Avg Loss: 0.8460 | GPU Memory: 8827.3MB
2025-09-11 14:46:22,469 - INFO - Epoch 17 | Batch 14/20 | Loss: 0.8168 | Avg Loss: 0.8439 | GPU Memory: 8826.2MB
2025-09-11 14:46:22,734 - INFO - Epoch 17 | Batch 15/20 | Loss: 0.8563 | Avg Loss: 0.8447 | GPU Memory: 8827.1MB
2025-09-11 14:46:22,998 - INFO - Epoch 17 | Batch 16/20 | Loss: 0.8341 | Avg Loss: 0.8441 | GPU Memory: 8825.3MB
2025-09-11 14:46:23,262 - INFO - Epoch 17 | Batch 17/20 | Loss: 0.8798 | Avg Loss: 0.8462 | GPU Memory: 8827.3MB
2025-09-11 14:46:23,527 - INFO - Epoch 17 | Batch 18/20 | Loss: 0.8444 | Avg Loss: 0.8461 | GPU Memory: 8827.3MB
2025-09-11 14:46:23,791 - INFO - Epoch 17 | Batch 19/20 | Loss: 0.8435 | Avg Loss: 0.8459 | GPU Memory: 8826.2MB
2025-09-11 14:46:24,037 - INFO - Epoch 17 | Batch 20/20 | Loss: 0.8765 | Avg Loss: 0.8365 | GPU Memory: 8829.1MB
2025-09-11 14:46:24,763 - INFO - Epoch 17 completed. Loss: 0.8471, Time: 6.7s
2025-09-11 14:47:16,897 - INFO - Validation | Loss: 0.9377, mIoU: 0.7682, IoUs: [0.98883469 0.89009714 0.72220415 0.47160707]
2025-09-11 14:47:17,657 - INFO - Epoch 18 | Batch 1/20 | Loss: 0.8042 | Avg Loss: 0.8042 | GPU Memory: 8824.8MB
2025-09-11 14:47:17,987 - INFO - Epoch 18 | Batch 2/20 | Loss: 0.8186 | Avg Loss: 0.8114 | GPU Memory: 8828.3MB
2025-09-11 14:47:18,320 - INFO - Epoch 18 | Batch 3/20 | Loss: 0.8455 | Avg Loss: 0.8228 | GPU Memory: 8827.3MB
2025-09-11 14:47:18,658 - INFO - Epoch 18 | Batch 4/20 | Loss: 0.8277 | Avg Loss: 0.8240 | GPU Memory: 8826.2MB
2025-09-11 14:47:18,922 - INFO - Epoch 18 | Batch 5/20 | Loss: 0.8563 | Avg Loss: 0.8305 | GPU Memory: 8827.1MB
2025-09-11 14:47:19,187 - INFO - Epoch 18 | Batch 6/20 | Loss: 0.8276 | Avg Loss: 0.8300 | GPU Memory: 8825.3MB
2025-09-11 14:47:19,450 - INFO - Epoch 18 | Batch 7/20 | Loss: 0.8413 | Avg Loss: 0.8316 | GPU Memory: 8827.3MB
2025-09-11 14:47:19,717 - INFO - Epoch 18 | Batch 8/20 | Loss: 0.8432 | Avg Loss: 0.8331 | GPU Memory: 8827.3MB
2025-09-11 14:47:19,981 - INFO - Epoch 18 | Batch 9/20 | Loss: 0.8454 | Avg Loss: 0.8344 | GPU Memory: 8826.2MB
2025-09-11 14:47:20,245 - INFO - Epoch 18 | Batch 10/20 | Loss: 0.8385 | Avg Loss: 0.8348 | GPU Memory: 8827.1MB
2025-09-11 14:47:20,510 - INFO - Epoch 18 | Batch 11/20 | Loss: 0.8283 | Avg Loss: 0.8342 | GPU Memory: 8825.3MB
2025-09-11 14:47:20,773 - INFO - Epoch 18 | Batch 12/20 | Loss: 0.8416 | Avg Loss: 0.8349 | GPU Memory: 8827.3MB
2025-09-11 14:47:21,037 - INFO - Epoch 18 | Batch 13/20 | Loss: 0.8354 | Avg Loss: 0.8349 | GPU Memory: 8827.3MB
2025-09-11 14:47:21,304 - INFO - Epoch 18 | Batch 14/20 | Loss: 0.8264 | Avg Loss: 0.8343 | GPU Memory: 8826.2MB
2025-09-11 14:47:21,567 - INFO - Epoch 18 | Batch 15/20 | Loss: 0.8382 | Avg Loss: 0.8346 | GPU Memory: 8827.1MB
2025-09-11 14:47:21,831 - INFO - Epoch 18 | Batch 16/20 | Loss: 0.8725 | Avg Loss: 0.8369 | GPU Memory: 8825.3MB
2025-09-11 14:47:22,095 - INFO - Epoch 18 | Batch 17/20 | Loss: 0.8848 | Avg Loss: 0.8397 | GPU Memory: 8827.3MB
2025-09-11 14:47:22,361 - INFO - Epoch 18 | Batch 18/20 | Loss: 0.9037 | Avg Loss: 0.8433 | GPU Memory: 8827.3MB
2025-09-11 14:47:22,628 - INFO - Epoch 18 | Batch 19/20 | Loss: 0.9365 | Avg Loss: 0.8482 | GPU Memory: 8826.2MB
2025-09-11 14:47:22,877 - INFO - Epoch 18 | Batch 20/20 | Loss: 0.8199 | Avg Loss: 0.8365 | GPU Memory: 8829.1MB
2025-09-11 14:47:23,602 - INFO - Epoch 18 completed. Loss: 0.8471, Time: 6.7s
2025-09-11 14:48:15,654 - INFO - Validation | Loss: 0.9416, mIoU: 0.7693, IoUs: [0.98874741 0.89140387 0.72322445 0.47388793]
2025-09-11 14:48:16,417 - INFO - Epoch 19 | Batch 1/20 | Loss: 0.8621 | Avg Loss: 0.8621 | GPU Memory: 8824.8MB
2025-09-11 14:48:16,736 - INFO - Epoch 19 | Batch 2/20 | Loss: 0.8468 | Avg Loss: 0.8545 | GPU Memory: 8828.3MB
2025-09-11 14:48:17,089 - INFO - Epoch 19 | Batch 3/20 | Loss: 0.8324 | Avg Loss: 0.8471 | GPU Memory: 8827.3MB
2025-09-11 14:48:17,416 - INFO - Epoch 19 | Batch 4/20 | Loss: 0.8191 | Avg Loss: 0.8401 | GPU Memory: 8826.2MB
2025-09-11 14:48:17,680 - INFO - Epoch 19 | Batch 5/20 | Loss: 0.8445 | Avg Loss: 0.8410 | GPU Memory: 8827.1MB
2025-09-11 14:48:17,941 - INFO - Epoch 19 | Batch 6/20 | Loss: 0.9206 | Avg Loss: 0.8543 | GPU Memory: 8825.3MB
2025-09-11 14:48:18,207 - INFO - Epoch 19 | Batch 7/20 | Loss: 0.8488 | Avg Loss: 0.8535 | GPU Memory: 8827.3MB
2025-09-11 14:48:18,473 - INFO - Epoch 19 | Batch 8/20 | Loss: 0.8958 | Avg Loss: 0.8588 | GPU Memory: 8827.3MB
2025-09-11 14:48:18,738 - INFO - Epoch 19 | Batch 9/20 | Loss: 0.8091 | Avg Loss: 0.8533 | GPU Memory: 8826.2MB
2025-09-11 14:48:19,004 - INFO - Epoch 19 | Batch 10/20 | Loss: 0.8226 | Avg Loss: 0.8502 | GPU Memory: 8827.1MB
2025-09-11 14:48:19,269 - INFO - Epoch 19 | Batch 11/20 | Loss: 0.8244 | Avg Loss: 0.8479 | GPU Memory: 8825.3MB
2025-09-11 14:48:19,533 - INFO - Epoch 19 | Batch 12/20 | Loss: 0.8331 | Avg Loss: 0.8466 | GPU Memory: 8827.3MB
2025-09-11 14:48:19,799 - INFO - Epoch 19 | Batch 13/20 | Loss: 0.8461 | Avg Loss: 0.8466 | GPU Memory: 8827.3MB
2025-09-11 14:48:20,065 - INFO - Epoch 19 | Batch 14/20 | Loss: 0.8610 | Avg Loss: 0.8476 | GPU Memory: 8826.2MB
2025-09-11 14:48:20,326 - INFO - Epoch 19 | Batch 15/20 | Loss: 0.8099 | Avg Loss: 0.8451 | GPU Memory: 8827.1MB
2025-09-11 14:48:20,591 - INFO - Epoch 19 | Batch 16/20 | Loss: 0.8338 | Avg Loss: 0.8444 | GPU Memory: 8825.3MB
2025-09-11 14:48:20,858 - INFO - Epoch 19 | Batch 17/20 | Loss: 0.8136 | Avg Loss: 0.8426 | GPU Memory: 8827.3MB
2025-09-11 14:48:21,119 - INFO - Epoch 19 | Batch 18/20 | Loss: 0.9264 | Avg Loss: 0.8472 | GPU Memory: 8827.3MB
2025-09-11 14:48:21,383 - INFO - Epoch 19 | Batch 19/20 | Loss: 0.8984 | Avg Loss: 0.8499 | GPU Memory: 8826.2MB
2025-09-11 14:48:21,631 - INFO - Epoch 19 | Batch 20/20 | Loss: 0.8582 | Avg Loss: 0.8396 | GPU Memory: 8829.1MB
2025-09-11 14:48:22,356 - INFO - Epoch 19 completed. Loss: 0.8502, Time: 6.7s
2025-09-11 14:49:14,433 - INFO - Validation | Loss: 0.9353, mIoU: 0.7718, IoUs: [0.98887041 0.89197694 0.73245076 0.47384576]
2025-09-11 14:49:14,434 - INFO - Early stopping triggered after 5 epochs with no improvement.
2025-09-11 14:49:14,434 - INFO - Training completed
2025-09-11 14:49:14,435 - INFO - Average Validation Loss: 1.1367 ± 0.3747
2025-09-11 14:49:14,435 - INFO - Average Validation mIoU: 0.7402 ± 0.0928
2025-09-11 14:49:14,435 - INFO - Average Per-class IoU: Class 0: 0.9681, Class 1: 0.8357, Class 2: 0.7073, Class 3: 0.4498
