2025-09-10 09:22:36,096 - INFO - Training ResNet50UNet_AIM Model using device: cuda
Run directory: runs/ResNet50UNet_AIM_20250910_092236
Configuration:
{
    "name": "ResNet50UNet_AIM",
    "data_root": "/media/be-light/Data/PG_Gdansk/Torun_secondment/Experiments/dataset/cityscapes",
    "num_classes": 4,
    "crop_size": 256,
    "batch_size": 2,
    "val_batch_size": 2,
    "num_epochs": 25,
    "lr": 0.0001,
    "log_dir": "runs",
    "resume": null,
    "early_stop_patience": 5
}
2025-09-10 09:22:36,097 - INFO - Training samples: 79, Validation samples: 20
2025-09-10 09:22:37,515 - INFO - Epoch 1 | Batch 1/40 | Loss: 2.4773 | Avg Loss: 2.4773 | GPU Memory: 12365.0MB
2025-09-10 09:22:37,824 - INFO - Epoch 1 | Batch 2/40 | Loss: 2.3723 | Avg Loss: 2.4248 | GPU Memory: 12366.1MB
2025-09-10 09:22:38,175 - INFO - Epoch 1 | Batch 3/40 | Loss: 2.2939 | Avg Loss: 2.3812 | GPU Memory: 12368.2MB
2025-09-10 09:22:38,493 - INFO - Epoch 1 | Batch 4/40 | Loss: 2.2073 | Avg Loss: 2.3377 | GPU Memory: 12369.7MB
2025-09-10 09:22:38,826 - INFO - Epoch 1 | Batch 5/40 | Loss: 2.2168 | Avg Loss: 2.3135 | GPU Memory: 12367.8MB
2025-09-10 09:22:39,155 - INFO - Epoch 1 | Batch 6/40 | Loss: 2.1783 | Avg Loss: 2.2910 | GPU Memory: 12367.8MB
2025-09-10 09:22:39,484 - INFO - Epoch 1 | Batch 7/40 | Loss: 2.1153 | Avg Loss: 2.2659 | GPU Memory: 12367.8MB
2025-09-10 09:22:39,829 - INFO - Epoch 1 | Batch 8/40 | Loss: 2.0894 | Avg Loss: 2.2438 | GPU Memory: 12367.8MB
2025-09-10 09:22:40,153 - INFO - Epoch 1 | Batch 9/40 | Loss: 2.0756 | Avg Loss: 2.2251 | GPU Memory: 12367.8MB
2025-09-10 09:22:40,483 - INFO - Epoch 1 | Batch 10/40 | Loss: 2.0411 | Avg Loss: 2.2067 | GPU Memory: 12367.8MB
2025-09-10 09:22:40,811 - INFO - Epoch 1 | Batch 11/40 | Loss: 2.0027 | Avg Loss: 2.1882 | GPU Memory: 12367.8MB
2025-09-10 09:22:41,141 - INFO - Epoch 1 | Batch 12/40 | Loss: 1.9646 | Avg Loss: 2.1695 | GPU Memory: 12367.8MB
2025-09-10 09:22:41,467 - INFO - Epoch 1 | Batch 13/40 | Loss: 1.9616 | Avg Loss: 2.1536 | GPU Memory: 12367.8MB
2025-09-10 09:22:41,800 - INFO - Epoch 1 | Batch 14/40 | Loss: 1.9167 | Avg Loss: 2.1366 | GPU Memory: 12367.8MB
2025-09-10 09:22:42,125 - INFO - Epoch 1 | Batch 15/40 | Loss: 1.8756 | Avg Loss: 2.1192 | GPU Memory: 12367.8MB
2025-09-10 09:22:42,452 - INFO - Epoch 1 | Batch 16/40 | Loss: 1.8538 | Avg Loss: 2.1026 | GPU Memory: 12367.8MB
2025-09-10 09:22:42,787 - INFO - Epoch 1 | Batch 17/40 | Loss: 1.8487 | Avg Loss: 2.0877 | GPU Memory: 12367.8MB
2025-09-10 09:22:43,117 - INFO - Epoch 1 | Batch 18/40 | Loss: 1.7963 | Avg Loss: 2.0715 | GPU Memory: 12367.8MB
2025-09-10 09:22:43,449 - INFO - Epoch 1 | Batch 19/40 | Loss: 1.7671 | Avg Loss: 2.0555 | GPU Memory: 12367.8MB
2025-09-10 09:22:43,781 - INFO - Epoch 1 | Batch 20/40 | Loss: 1.7317 | Avg Loss: 2.0393 | GPU Memory: 12367.8MB
2025-09-10 09:22:44,114 - INFO - Epoch 1 | Batch 21/40 | Loss: 1.7014 | Avg Loss: 2.0232 | GPU Memory: 12367.8MB
2025-09-10 09:22:44,443 - INFO - Epoch 1 | Batch 22/40 | Loss: 1.7157 | Avg Loss: 2.0092 | GPU Memory: 12367.8MB
2025-09-10 09:22:44,778 - INFO - Epoch 1 | Batch 23/40 | Loss: 1.6743 | Avg Loss: 1.9947 | GPU Memory: 12367.8MB
2025-09-10 09:22:45,106 - INFO - Epoch 1 | Batch 24/40 | Loss: 1.6450 | Avg Loss: 1.9801 | GPU Memory: 12367.8MB
2025-09-10 09:22:45,436 - INFO - Epoch 1 | Batch 25/40 | Loss: 1.6255 | Avg Loss: 1.9659 | GPU Memory: 12367.8MB
2025-09-10 09:22:45,769 - INFO - Epoch 1 | Batch 26/40 | Loss: 1.5690 | Avg Loss: 1.9507 | GPU Memory: 12367.8MB
2025-09-10 09:22:46,096 - INFO - Epoch 1 | Batch 27/40 | Loss: 1.5328 | Avg Loss: 1.9352 | GPU Memory: 12367.8MB
2025-09-10 09:22:46,430 - INFO - Epoch 1 | Batch 28/40 | Loss: 1.5797 | Avg Loss: 1.9225 | GPU Memory: 12367.8MB
2025-09-10 09:22:46,761 - INFO - Epoch 1 | Batch 29/40 | Loss: 1.5483 | Avg Loss: 1.9096 | GPU Memory: 12367.8MB
2025-09-10 09:22:47,092 - INFO - Epoch 1 | Batch 30/40 | Loss: 1.5100 | Avg Loss: 1.8963 | GPU Memory: 12367.8MB
2025-09-10 09:22:47,421 - INFO - Epoch 1 | Batch 31/40 | Loss: 1.4429 | Avg Loss: 1.8816 | GPU Memory: 12367.8MB
2025-09-10 09:22:47,760 - INFO - Epoch 1 | Batch 32/40 | Loss: 1.4894 | Avg Loss: 1.8694 | GPU Memory: 12367.8MB
2025-09-10 09:22:48,087 - INFO - Epoch 1 | Batch 33/40 | Loss: 1.3902 | Avg Loss: 1.8549 | GPU Memory: 12367.8MB
2025-09-10 09:22:48,419 - INFO - Epoch 1 | Batch 34/40 | Loss: 1.3666 | Avg Loss: 1.8405 | GPU Memory: 12367.8MB
2025-09-10 09:22:48,751 - INFO - Epoch 1 | Batch 35/40 | Loss: 1.3792 | Avg Loss: 1.8273 | GPU Memory: 12367.8MB
2025-09-10 09:22:49,077 - INFO - Epoch 1 | Batch 36/40 | Loss: 1.3317 | Avg Loss: 1.8136 | GPU Memory: 12367.8MB
2025-09-10 09:22:49,410 - INFO - Epoch 1 | Batch 37/40 | Loss: 1.3335 | Avg Loss: 1.8006 | GPU Memory: 12367.8MB
2025-09-10 09:22:49,740 - INFO - Epoch 1 | Batch 38/40 | Loss: 1.2435 | Avg Loss: 1.7859 | GPU Memory: 12367.8MB
2025-09-10 09:22:50,072 - INFO - Epoch 1 | Batch 39/40 | Loss: 1.3068 | Avg Loss: 1.7736 | GPU Memory: 12367.8MB
2025-09-10 09:22:50,591 - INFO - Epoch 1 | Batch 40/40 | Loss: 1.2018 | Avg Loss: 1.7443 | GPU Memory: 12366.4MB
2025-09-10 09:22:51,288 - INFO - Epoch 1 completed. Loss: 1.7664, Time: 15.2s
2025-09-10 09:23:44,482 - INFO - Validation | Loss: 1.2983, mIoU: 0.7353, IoUs: [0.98104877 0.84150868 0.65952243 0.45892801]
2025-09-10 09:23:47,333 - INFO - Saved best model at epoch 1 to runs/ResNet50UNet_AIM_20250910_092236/checkpoints/ResNet50UNet_AIM_best.pth
2025-09-10 09:23:48,084 - INFO - Epoch 2 | Batch 1/40 | Loss: 1.2213 | Avg Loss: 1.2213 | GPU Memory: 12367.0MB
2025-09-10 09:23:48,425 - INFO - Epoch 2 | Batch 2/40 | Loss: 1.1553 | Avg Loss: 1.1883 | GPU Memory: 12371.2MB
2025-09-10 09:23:48,759 - INFO - Epoch 2 | Batch 3/40 | Loss: 1.2142 | Avg Loss: 1.1969 | GPU Memory: 12370.4MB
2025-09-10 09:23:49,089 - INFO - Epoch 2 | Batch 4/40 | Loss: 1.1614 | Avg Loss: 1.1881 | GPU Memory: 12367.8MB
2025-09-10 09:23:49,417 - INFO - Epoch 2 | Batch 5/40 | Loss: 1.1650 | Avg Loss: 1.1835 | GPU Memory: 12367.8MB
2025-09-10 09:23:49,743 - INFO - Epoch 2 | Batch 6/40 | Loss: 1.1544 | Avg Loss: 1.1786 | GPU Memory: 12367.8MB
2025-09-10 09:23:50,073 - INFO - Epoch 2 | Batch 7/40 | Loss: 1.0534 | Avg Loss: 1.1607 | GPU Memory: 12367.8MB
2025-09-10 09:23:50,401 - INFO - Epoch 2 | Batch 8/40 | Loss: 1.0731 | Avg Loss: 1.1498 | GPU Memory: 12367.8MB
2025-09-10 09:23:50,730 - INFO - Epoch 2 | Batch 9/40 | Loss: 1.0339 | Avg Loss: 1.1369 | GPU Memory: 12367.8MB
2025-09-10 09:23:51,059 - INFO - Epoch 2 | Batch 10/40 | Loss: 1.0774 | Avg Loss: 1.1309 | GPU Memory: 12367.8MB
2025-09-10 09:23:51,385 - INFO - Epoch 2 | Batch 11/40 | Loss: 1.0222 | Avg Loss: 1.1211 | GPU Memory: 12367.8MB
2025-09-10 09:23:51,714 - INFO - Epoch 2 | Batch 12/40 | Loss: 1.0148 | Avg Loss: 1.1122 | GPU Memory: 12367.8MB
2025-09-10 09:23:52,042 - INFO - Epoch 2 | Batch 13/40 | Loss: 1.0119 | Avg Loss: 1.1045 | GPU Memory: 12367.8MB
2025-09-10 09:23:52,406 - INFO - Epoch 2 | Batch 14/40 | Loss: 0.9633 | Avg Loss: 1.0944 | GPU Memory: 12367.8MB
2025-09-10 09:23:52,858 - INFO - Epoch 2 | Batch 15/40 | Loss: 0.9292 | Avg Loss: 1.0834 | GPU Memory: 12367.8MB
2025-09-10 09:23:53,309 - INFO - Epoch 2 | Batch 16/40 | Loss: 0.9279 | Avg Loss: 1.0737 | GPU Memory: 12367.8MB
2025-09-10 09:23:53,686 - INFO - Epoch 2 | Batch 17/40 | Loss: 0.9108 | Avg Loss: 1.0641 | GPU Memory: 12367.8MB
2025-09-10 09:23:54,018 - INFO - Epoch 2 | Batch 18/40 | Loss: 0.8774 | Avg Loss: 1.0537 | GPU Memory: 12367.8MB
2025-09-10 09:23:54,340 - INFO - Epoch 2 | Batch 19/40 | Loss: 0.8373 | Avg Loss: 1.0423 | GPU Memory: 12367.8MB
2025-09-10 09:23:54,711 - INFO - Epoch 2 | Batch 20/40 | Loss: 0.8285 | Avg Loss: 1.0316 | GPU Memory: 12367.8MB
2025-09-10 09:23:55,093 - INFO - Epoch 2 | Batch 21/40 | Loss: 0.8662 | Avg Loss: 1.0237 | GPU Memory: 12367.8MB
2025-09-10 09:23:55,417 - INFO - Epoch 2 | Batch 22/40 | Loss: 0.8007 | Avg Loss: 1.0136 | GPU Memory: 12367.8MB
2025-09-10 09:23:55,741 - INFO - Epoch 2 | Batch 23/40 | Loss: 0.8726 | Avg Loss: 1.0075 | GPU Memory: 12367.8MB
2025-09-10 09:23:56,068 - INFO - Epoch 2 | Batch 24/40 | Loss: 0.7755 | Avg Loss: 0.9978 | GPU Memory: 12367.8MB
2025-09-10 09:23:56,394 - INFO - Epoch 2 | Batch 25/40 | Loss: 0.7661 | Avg Loss: 0.9885 | GPU Memory: 12367.8MB
2025-09-10 09:23:56,745 - INFO - Epoch 2 | Batch 26/40 | Loss: 0.7349 | Avg Loss: 0.9788 | GPU Memory: 12367.8MB
2025-09-10 09:23:57,071 - INFO - Epoch 2 | Batch 27/40 | Loss: 0.7982 | Avg Loss: 0.9721 | GPU Memory: 12367.8MB
2025-09-10 09:23:57,395 - INFO - Epoch 2 | Batch 28/40 | Loss: 0.7181 | Avg Loss: 0.9630 | GPU Memory: 12367.8MB
2025-09-10 09:23:57,721 - INFO - Epoch 2 | Batch 29/40 | Loss: 0.7490 | Avg Loss: 0.9557 | GPU Memory: 12367.8MB
2025-09-10 09:23:58,047 - INFO - Epoch 2 | Batch 30/40 | Loss: 0.6748 | Avg Loss: 0.9463 | GPU Memory: 12367.8MB
2025-09-10 09:23:58,368 - INFO - Epoch 2 | Batch 31/40 | Loss: 0.6617 | Avg Loss: 0.9371 | GPU Memory: 12367.8MB
2025-09-10 09:23:58,694 - INFO - Epoch 2 | Batch 32/40 | Loss: 0.7245 | Avg Loss: 0.9305 | GPU Memory: 12367.8MB
2025-09-10 09:23:59,019 - INFO - Epoch 2 | Batch 33/40 | Loss: 0.6439 | Avg Loss: 0.9218 | GPU Memory: 12367.8MB
2025-09-10 09:23:59,346 - INFO - Epoch 2 | Batch 34/40 | Loss: 0.6436 | Avg Loss: 0.9136 | GPU Memory: 12367.8MB
2025-09-10 09:23:59,673 - INFO - Epoch 2 | Batch 35/40 | Loss: 0.7857 | Avg Loss: 0.9099 | GPU Memory: 12367.8MB
2025-09-10 09:24:00,014 - INFO - Epoch 2 | Batch 36/40 | Loss: 0.6735 | Avg Loss: 0.9034 | GPU Memory: 12367.8MB
2025-09-10 09:24:00,381 - INFO - Epoch 2 | Batch 37/40 | Loss: 0.5966 | Avg Loss: 0.8951 | GPU Memory: 12367.8MB
2025-09-10 09:24:00,725 - INFO - Epoch 2 | Batch 38/40 | Loss: 0.6801 | Avg Loss: 0.8894 | GPU Memory: 12367.8MB
2025-09-10 09:24:01,056 - INFO - Epoch 2 | Batch 39/40 | Loss: 0.7289 | Avg Loss: 0.8853 | GPU Memory: 12367.8MB
2025-09-10 09:24:01,352 - INFO - Epoch 2 | Batch 40/40 | Loss: 0.6360 | Avg Loss: 0.8711 | GPU Memory: 12365.0MB
2025-09-10 09:24:02,058 - INFO - Epoch 2 completed. Loss: 0.8822, Time: 14.7s
2025-09-10 09:24:55,229 - INFO - Validation | Loss: 0.6400, mIoU: 0.7080, IoUs: [0.98769504 0.89850556 0.68307179 0.26266368]
2025-09-10 09:24:58,165 - INFO - Saved best model at epoch 2 to runs/ResNet50UNet_AIM_20250910_092236/checkpoints/ResNet50UNet_AIM_best.pth
2025-09-10 09:24:58,873 - INFO - Epoch 3 | Batch 1/40 | Loss: 0.6116 | Avg Loss: 0.6116 | GPU Memory: 12369.3MB
2025-09-10 09:24:59,190 - INFO - Epoch 3 | Batch 2/40 | Loss: 0.6008 | Avg Loss: 0.6062 | GPU Memory: 12367.8MB
2025-09-10 09:24:59,508 - INFO - Epoch 3 | Batch 3/40 | Loss: 0.5871 | Avg Loss: 0.5998 | GPU Memory: 12367.8MB
2025-09-10 09:24:59,852 - INFO - Epoch 3 | Batch 4/40 | Loss: 0.6139 | Avg Loss: 0.6033 | GPU Memory: 12367.8MB
2025-09-10 09:25:00,152 - INFO - Epoch 3 | Batch 5/40 | Loss: 0.5836 | Avg Loss: 0.5994 | GPU Memory: 12367.8MB
2025-09-10 09:25:00,476 - INFO - Epoch 3 | Batch 6/40 | Loss: 0.5008 | Avg Loss: 0.5830 | GPU Memory: 12367.8MB
2025-09-10 09:25:00,804 - INFO - Epoch 3 | Batch 7/40 | Loss: 0.5706 | Avg Loss: 0.5812 | GPU Memory: 12367.8MB
2025-09-10 09:25:01,134 - INFO - Epoch 3 | Batch 8/40 | Loss: 0.5157 | Avg Loss: 0.5730 | GPU Memory: 12367.8MB
2025-09-10 09:25:01,461 - INFO - Epoch 3 | Batch 9/40 | Loss: 0.5001 | Avg Loss: 0.5649 | GPU Memory: 12367.8MB
2025-09-10 09:25:01,789 - INFO - Epoch 3 | Batch 10/40 | Loss: 0.5424 | Avg Loss: 0.5627 | GPU Memory: 12367.8MB
2025-09-10 09:25:01,947 - INFO - Epoch 3 | Batch 11/40 | Loss: 0.5542 | Avg Loss: 0.5619 | GPU Memory: 12367.8MB
2025-09-10 09:25:02,280 - INFO - Epoch 3 | Batch 12/40 | Loss: 0.4785 | Avg Loss: 0.5549 | GPU Memory: 12367.8MB
2025-09-10 09:25:02,609 - INFO - Epoch 3 | Batch 13/40 | Loss: 0.5563 | Avg Loss: 0.5550 | GPU Memory: 12367.8MB
2025-09-10 09:25:02,939 - INFO - Epoch 3 | Batch 14/40 | Loss: 0.4628 | Avg Loss: 0.5485 | GPU Memory: 12367.8MB
2025-09-10 09:25:03,267 - INFO - Epoch 3 | Batch 15/40 | Loss: 0.5393 | Avg Loss: 0.5478 | GPU Memory: 12367.8MB
2025-09-10 09:25:03,595 - INFO - Epoch 3 | Batch 16/40 | Loss: 0.4405 | Avg Loss: 0.5411 | GPU Memory: 12367.8MB
2025-09-10 09:25:03,921 - INFO - Epoch 3 | Batch 17/40 | Loss: 0.4288 | Avg Loss: 0.5345 | GPU Memory: 12367.8MB
2025-09-10 09:25:04,258 - INFO - Epoch 3 | Batch 18/40 | Loss: 0.4422 | Avg Loss: 0.5294 | GPU Memory: 12367.8MB
2025-09-10 09:25:04,712 - INFO - Epoch 3 | Batch 19/40 | Loss: 0.4447 | Avg Loss: 0.5249 | GPU Memory: 12367.8MB
2025-09-10 09:25:05,162 - INFO - Epoch 3 | Batch 20/40 | Loss: 0.4131 | Avg Loss: 0.5193 | GPU Memory: 12367.8MB
2025-09-10 09:25:05,575 - INFO - Epoch 3 | Batch 21/40 | Loss: 0.5308 | Avg Loss: 0.5199 | GPU Memory: 12367.8MB
2025-09-10 09:25:06,005 - INFO - Epoch 3 | Batch 22/40 | Loss: 0.5271 | Avg Loss: 0.5202 | GPU Memory: 12367.8MB
2025-09-10 09:25:06,345 - INFO - Epoch 3 | Batch 23/40 | Loss: 0.6260 | Avg Loss: 0.5248 | GPU Memory: 12367.8MB
2025-09-10 09:25:06,670 - INFO - Epoch 3 | Batch 24/40 | Loss: 0.5016 | Avg Loss: 0.5238 | GPU Memory: 12367.8MB
2025-09-10 09:25:06,994 - INFO - Epoch 3 | Batch 25/40 | Loss: 0.4917 | Avg Loss: 0.5226 | GPU Memory: 12367.8MB
2025-09-10 09:25:07,325 - INFO - Epoch 3 | Batch 26/40 | Loss: 0.3759 | Avg Loss: 0.5169 | GPU Memory: 12367.8MB
2025-09-10 09:25:07,652 - INFO - Epoch 3 | Batch 27/40 | Loss: 0.3768 | Avg Loss: 0.5117 | GPU Memory: 12367.8MB
2025-09-10 09:25:07,976 - INFO - Epoch 3 | Batch 28/40 | Loss: 0.4625 | Avg Loss: 0.5100 | GPU Memory: 12367.8MB
2025-09-10 09:25:08,301 - INFO - Epoch 3 | Batch 29/40 | Loss: 0.3633 | Avg Loss: 0.5049 | GPU Memory: 12367.8MB
2025-09-10 09:25:08,629 - INFO - Epoch 3 | Batch 30/40 | Loss: 0.4661 | Avg Loss: 0.5036 | GPU Memory: 12367.8MB
2025-09-10 09:25:08,950 - INFO - Epoch 3 | Batch 31/40 | Loss: 0.4706 | Avg Loss: 0.5026 | GPU Memory: 12367.8MB
2025-09-10 09:25:09,274 - INFO - Epoch 3 | Batch 32/40 | Loss: 0.5951 | Avg Loss: 0.5054 | GPU Memory: 12367.8MB
2025-09-10 09:25:09,598 - INFO - Epoch 3 | Batch 33/40 | Loss: 0.3483 | Avg Loss: 0.5007 | GPU Memory: 12367.8MB
2025-09-10 09:25:09,927 - INFO - Epoch 3 | Batch 34/40 | Loss: 0.4902 | Avg Loss: 0.5004 | GPU Memory: 12367.8MB
2025-09-10 09:25:10,252 - INFO - Epoch 3 | Batch 35/40 | Loss: 0.4806 | Avg Loss: 0.4998 | GPU Memory: 12367.8MB
2025-09-10 09:25:10,577 - INFO - Epoch 3 | Batch 36/40 | Loss: 0.4334 | Avg Loss: 0.4980 | GPU Memory: 12367.8MB
2025-09-10 09:25:10,901 - INFO - Epoch 3 | Batch 37/40 | Loss: 0.3442 | Avg Loss: 0.4938 | GPU Memory: 12367.8MB
2025-09-10 09:25:11,228 - INFO - Epoch 3 | Batch 38/40 | Loss: 0.4632 | Avg Loss: 0.4930 | GPU Memory: 12367.8MB
2025-09-10 09:25:11,565 - INFO - Epoch 3 | Batch 39/40 | Loss: 0.3152 | Avg Loss: 0.4884 | GPU Memory: 12367.8MB
2025-09-10 09:25:11,893 - INFO - Epoch 3 | Batch 40/40 | Loss: 0.3041 | Avg Loss: 0.4800 | GPU Memory: 12365.0MB
2025-09-10 09:25:12,618 - INFO - Epoch 3 completed. Loss: 0.4861, Time: 14.5s
2025-09-10 09:26:05,725 - INFO - Validation | Loss: 0.4524, mIoU: 0.7566, IoUs: [0.98674837 0.88882348 0.67580594 0.47493603]
2025-09-10 09:26:08,523 - INFO - Saved best model at epoch 3 to runs/ResNet50UNet_AIM_20250910_092236/checkpoints/ResNet50UNet_AIM_best.pth
2025-09-10 09:26:09,251 - INFO - Epoch 4 | Batch 1/40 | Loss: 0.4403 | Avg Loss: 0.4403 | GPU Memory: 12369.3MB
2025-09-10 09:26:09,557 - INFO - Epoch 4 | Batch 2/40 | Loss: 0.3042 | Avg Loss: 0.3722 | GPU Memory: 12367.8MB
2025-09-10 09:26:09,899 - INFO - Epoch 4 | Batch 3/40 | Loss: 0.2973 | Avg Loss: 0.3473 | GPU Memory: 12367.8MB
2025-09-10 09:26:10,243 - INFO - Epoch 4 | Batch 4/40 | Loss: 0.4312 | Avg Loss: 0.3682 | GPU Memory: 12367.8MB
2025-09-10 09:26:10,544 - INFO - Epoch 4 | Batch 5/40 | Loss: 0.3018 | Avg Loss: 0.3550 | GPU Memory: 12367.8MB
2025-09-10 09:26:10,869 - INFO - Epoch 4 | Batch 6/40 | Loss: 0.4313 | Avg Loss: 0.3677 | GPU Memory: 12367.8MB
2025-09-10 09:26:11,198 - INFO - Epoch 4 | Batch 7/40 | Loss: 0.5918 | Avg Loss: 0.3997 | GPU Memory: 12367.8MB
2025-09-10 09:26:11,521 - INFO - Epoch 4 | Batch 8/40 | Loss: 0.2919 | Avg Loss: 0.3862 | GPU Memory: 12367.8MB
2025-09-10 09:26:11,850 - INFO - Epoch 4 | Batch 9/40 | Loss: 0.5701 | Avg Loss: 0.4066 | GPU Memory: 12367.8MB
2025-09-10 09:26:12,176 - INFO - Epoch 4 | Batch 10/40 | Loss: 0.2673 | Avg Loss: 0.3927 | GPU Memory: 12367.8MB
2025-09-10 09:26:12,504 - INFO - Epoch 4 | Batch 11/40 | Loss: 0.5580 | Avg Loss: 0.4077 | GPU Memory: 12367.8MB
2025-09-10 09:26:12,948 - INFO - Epoch 4 | Batch 12/40 | Loss: 0.4062 | Avg Loss: 0.4076 | GPU Memory: 12367.8MB
2025-09-10 09:26:13,397 - INFO - Epoch 4 | Batch 13/40 | Loss: 0.4227 | Avg Loss: 0.4088 | GPU Memory: 12367.8MB
2025-09-10 09:26:13,805 - INFO - Epoch 4 | Batch 14/40 | Loss: 0.2901 | Avg Loss: 0.4003 | GPU Memory: 12367.8MB
2025-09-10 09:26:14,171 - INFO - Epoch 4 | Batch 15/40 | Loss: 0.2868 | Avg Loss: 0.3927 | GPU Memory: 12367.8MB
2025-09-10 09:26:14,501 - INFO - Epoch 4 | Batch 16/40 | Loss: 0.2758 | Avg Loss: 0.3854 | GPU Memory: 12367.8MB
2025-09-10 09:26:14,827 - INFO - Epoch 4 | Batch 17/40 | Loss: 0.4164 | Avg Loss: 0.3872 | GPU Memory: 12367.8MB
2025-09-10 09:26:15,150 - INFO - Epoch 4 | Batch 18/40 | Loss: 0.2554 | Avg Loss: 0.3799 | GPU Memory: 12367.8MB
2025-09-10 09:26:15,474 - INFO - Epoch 4 | Batch 19/40 | Loss: 0.2566 | Avg Loss: 0.3734 | GPU Memory: 12367.8MB
2025-09-10 09:26:15,798 - INFO - Epoch 4 | Batch 20/40 | Loss: 0.5686 | Avg Loss: 0.3832 | GPU Memory: 12367.8MB
2025-09-10 09:26:16,122 - INFO - Epoch 4 | Batch 21/40 | Loss: 0.4077 | Avg Loss: 0.3843 | GPU Memory: 12367.8MB
2025-09-10 09:26:16,447 - INFO - Epoch 4 | Batch 22/40 | Loss: 0.2559 | Avg Loss: 0.3785 | GPU Memory: 12367.8MB
2025-09-10 09:26:16,770 - INFO - Epoch 4 | Batch 23/40 | Loss: 0.5592 | Avg Loss: 0.3864 | GPU Memory: 12367.8MB
2025-09-10 09:26:17,092 - INFO - Epoch 4 | Batch 24/40 | Loss: 0.2347 | Avg Loss: 0.3800 | GPU Memory: 12367.8MB
2025-09-10 09:26:17,478 - INFO - Epoch 4 | Batch 25/40 | Loss: 0.2403 | Avg Loss: 0.3745 | GPU Memory: 12367.8MB
2025-09-10 09:26:17,845 - INFO - Epoch 4 | Batch 26/40 | Loss: 0.2392 | Avg Loss: 0.3693 | GPU Memory: 12367.8MB
2025-09-10 09:26:18,241 - INFO - Epoch 4 | Batch 27/40 | Loss: 0.2387 | Avg Loss: 0.3644 | GPU Memory: 12367.8MB
2025-09-10 09:26:18,685 - INFO - Epoch 4 | Batch 28/40 | Loss: 0.2363 | Avg Loss: 0.3598 | GPU Memory: 12367.8MB
2025-09-10 09:26:19,130 - INFO - Epoch 4 | Batch 29/40 | Loss: 0.4275 | Avg Loss: 0.3622 | GPU Memory: 12367.8MB
2025-09-10 09:26:19,541 - INFO - Epoch 4 | Batch 30/40 | Loss: 0.2340 | Avg Loss: 0.3579 | GPU Memory: 12367.8MB
2025-09-10 09:26:19,978 - INFO - Epoch 4 | Batch 31/40 | Loss: 0.3866 | Avg Loss: 0.3588 | GPU Memory: 12367.8MB
2025-09-10 09:26:20,433 - INFO - Epoch 4 | Batch 32/40 | Loss: 0.2272 | Avg Loss: 0.3547 | GPU Memory: 12367.8MB
2025-09-10 09:26:20,885 - INFO - Epoch 4 | Batch 33/40 | Loss: 0.3652 | Avg Loss: 0.3550 | GPU Memory: 12367.8MB
2025-09-10 09:26:21,304 - INFO - Epoch 4 | Batch 34/40 | Loss: 0.3925 | Avg Loss: 0.3561 | GPU Memory: 12367.8MB
2025-09-10 09:26:21,631 - INFO - Epoch 4 | Batch 35/40 | Loss: 0.2263 | Avg Loss: 0.3524 | GPU Memory: 12367.8MB
2025-09-10 09:26:22,005 - INFO - Epoch 4 | Batch 36/40 | Loss: 0.3737 | Avg Loss: 0.3530 | GPU Memory: 12367.8MB
2025-09-10 09:26:22,428 - INFO - Epoch 4 | Batch 37/40 | Loss: 0.2291 | Avg Loss: 0.3497 | GPU Memory: 12367.8MB
2025-09-10 09:26:22,794 - INFO - Epoch 4 | Batch 38/40 | Loss: 0.2794 | Avg Loss: 0.3478 | GPU Memory: 12367.8MB
2025-09-10 09:26:23,151 - INFO - Epoch 4 | Batch 39/40 | Loss: 0.3485 | Avg Loss: 0.3478 | GPU Memory: 12367.8MB
2025-09-10 09:26:23,457 - INFO - Epoch 4 | Batch 40/40 | Loss: 0.2017 | Avg Loss: 0.3417 | GPU Memory: 12365.0MB
2025-09-10 09:26:24,131 - INFO - Epoch 4 completed. Loss: 0.3460, Time: 15.6s
2025-09-10 09:27:18,977 - INFO - Validation | Loss: 0.3752, mIoU: 0.7659, IoUs: [0.99046838 0.91266192 0.7037549  0.45662054]
2025-09-10 09:27:21,804 - INFO - Saved best model at epoch 4 to runs/ResNet50UNet_AIM_20250910_092236/checkpoints/ResNet50UNet_AIM_best.pth
2025-09-10 09:27:22,553 - INFO - Epoch 5 | Batch 1/40 | Loss: 0.2063 | Avg Loss: 0.2063 | GPU Memory: 12369.3MB
2025-09-10 09:27:22,894 - INFO - Epoch 5 | Batch 2/40 | Loss: 0.5382 | Avg Loss: 0.3723 | GPU Memory: 12367.8MB
2025-09-10 09:27:23,231 - INFO - Epoch 5 | Batch 3/40 | Loss: 0.1963 | Avg Loss: 0.3136 | GPU Memory: 12367.8MB
2025-09-10 09:27:23,576 - INFO - Epoch 5 | Batch 4/40 | Loss: 0.2189 | Avg Loss: 0.2899 | GPU Memory: 12367.8MB
2025-09-10 09:27:23,908 - INFO - Epoch 5 | Batch 5/40 | Loss: 0.3455 | Avg Loss: 0.3010 | GPU Memory: 12367.8MB
2025-09-10 09:27:24,239 - INFO - Epoch 5 | Batch 6/40 | Loss: 0.1993 | Avg Loss: 0.2841 | GPU Memory: 12367.8MB
2025-09-10 09:27:24,569 - INFO - Epoch 5 | Batch 7/40 | Loss: 0.3319 | Avg Loss: 0.2909 | GPU Memory: 12367.8MB
2025-09-10 09:27:24,905 - INFO - Epoch 5 | Batch 8/40 | Loss: 0.1969 | Avg Loss: 0.2792 | GPU Memory: 12367.8MB
2025-09-10 09:27:25,233 - INFO - Epoch 5 | Batch 9/40 | Loss: 0.2321 | Avg Loss: 0.2739 | GPU Memory: 12367.8MB
2025-09-10 09:27:25,567 - INFO - Epoch 5 | Batch 10/40 | Loss: 0.5336 | Avg Loss: 0.2999 | GPU Memory: 12367.8MB
2025-09-10 09:27:25,898 - INFO - Epoch 5 | Batch 11/40 | Loss: 0.3138 | Avg Loss: 0.3012 | GPU Memory: 12367.8MB
2025-09-10 09:27:26,227 - INFO - Epoch 5 | Batch 12/40 | Loss: 0.3132 | Avg Loss: 0.3022 | GPU Memory: 12367.8MB
2025-09-10 09:27:26,560 - INFO - Epoch 5 | Batch 13/40 | Loss: 0.2806 | Avg Loss: 0.3005 | GPU Memory: 12367.8MB
2025-09-10 09:27:26,894 - INFO - Epoch 5 | Batch 14/40 | Loss: 0.2768 | Avg Loss: 0.2988 | GPU Memory: 12367.8MB
2025-09-10 09:27:27,226 - INFO - Epoch 5 | Batch 15/40 | Loss: 0.3399 | Avg Loss: 0.3016 | GPU Memory: 12367.8MB
2025-09-10 09:27:27,556 - INFO - Epoch 5 | Batch 16/40 | Loss: 0.4240 | Avg Loss: 0.3092 | GPU Memory: 12367.8MB
2025-09-10 09:27:27,893 - INFO - Epoch 5 | Batch 17/40 | Loss: 0.3989 | Avg Loss: 0.3145 | GPU Memory: 12367.8MB
2025-09-10 09:27:28,221 - INFO - Epoch 5 | Batch 18/40 | Loss: 0.3681 | Avg Loss: 0.3175 | GPU Memory: 12367.8MB
2025-09-10 09:27:28,555 - INFO - Epoch 5 | Batch 19/40 | Loss: 0.5396 | Avg Loss: 0.3292 | GPU Memory: 12367.8MB
2025-09-10 09:27:28,888 - INFO - Epoch 5 | Batch 20/40 | Loss: 0.5396 | Avg Loss: 0.3397 | GPU Memory: 12367.8MB
2025-09-10 09:27:29,218 - INFO - Epoch 5 | Batch 21/40 | Loss: 0.2552 | Avg Loss: 0.3357 | GPU Memory: 12367.8MB
2025-09-10 09:27:29,555 - INFO - Epoch 5 | Batch 22/40 | Loss: 0.3720 | Avg Loss: 0.3373 | GPU Memory: 12367.8MB
2025-09-10 09:27:29,889 - INFO - Epoch 5 | Batch 23/40 | Loss: 0.2037 | Avg Loss: 0.3315 | GPU Memory: 12367.8MB
2025-09-10 09:27:30,221 - INFO - Epoch 5 | Batch 24/40 | Loss: 0.2013 | Avg Loss: 0.3261 | GPU Memory: 12367.8MB
2025-09-10 09:27:30,552 - INFO - Epoch 5 | Batch 25/40 | Loss: 0.3559 | Avg Loss: 0.3273 | GPU Memory: 12367.8MB
2025-09-10 09:27:30,889 - INFO - Epoch 5 | Batch 26/40 | Loss: 0.2347 | Avg Loss: 0.3237 | GPU Memory: 12367.8MB
2025-09-10 09:27:31,216 - INFO - Epoch 5 | Batch 27/40 | Loss: 0.2069 | Avg Loss: 0.3194 | GPU Memory: 12367.8MB
2025-09-10 09:27:31,556 - INFO - Epoch 5 | Batch 28/40 | Loss: 0.2011 | Avg Loss: 0.3152 | GPU Memory: 12367.8MB
2025-09-10 09:27:31,890 - INFO - Epoch 5 | Batch 29/40 | Loss: 0.1839 | Avg Loss: 0.3106 | GPU Memory: 12367.8MB
2025-09-10 09:27:32,221 - INFO - Epoch 5 | Batch 30/40 | Loss: 0.1878 | Avg Loss: 0.3065 | GPU Memory: 12367.8MB
2025-09-10 09:27:32,555 - INFO - Epoch 5 | Batch 31/40 | Loss: 0.3610 | Avg Loss: 0.3083 | GPU Memory: 12367.8MB
2025-09-10 09:27:32,888 - INFO - Epoch 5 | Batch 32/40 | Loss: 0.1760 | Avg Loss: 0.3042 | GPU Memory: 12367.8MB
2025-09-10 09:27:33,220 - INFO - Epoch 5 | Batch 33/40 | Loss: 0.3659 | Avg Loss: 0.3060 | GPU Memory: 12367.8MB
2025-09-10 09:27:33,550 - INFO - Epoch 5 | Batch 34/40 | Loss: 0.1935 | Avg Loss: 0.3027 | GPU Memory: 12367.8MB
2025-09-10 09:27:33,887 - INFO - Epoch 5 | Batch 35/40 | Loss: 0.3673 | Avg Loss: 0.3046 | GPU Memory: 12367.8MB
2025-09-10 09:27:34,215 - INFO - Epoch 5 | Batch 36/40 | Loss: 0.3468 | Avg Loss: 0.3057 | GPU Memory: 12367.8MB
2025-09-10 09:27:34,551 - INFO - Epoch 5 | Batch 37/40 | Loss: 0.3529 | Avg Loss: 0.3070 | GPU Memory: 12367.8MB
2025-09-10 09:27:34,882 - INFO - Epoch 5 | Batch 38/40 | Loss: 0.1761 | Avg Loss: 0.3036 | GPU Memory: 12367.8MB
2025-09-10 09:27:35,214 - INFO - Epoch 5 | Batch 39/40 | Loss: 0.1991 | Avg Loss: 0.3009 | GPU Memory: 12367.8MB
2025-09-10 09:27:35,515 - INFO - Epoch 5 | Batch 40/40 | Loss: 0.5364 | Avg Loss: 0.3001 | GPU Memory: 12365.0MB
2025-09-10 09:27:36,219 - INFO - Epoch 5 completed. Loss: 0.3039, Time: 14.4s
2025-09-10 09:28:28,984 - INFO - Validation | Loss: 0.9559, mIoU: 0.6142, IoUs: [0.88396385 0.90044082 0.38054892 0.29189724]
2025-09-10 09:28:29,727 - INFO - Epoch 6 | Batch 1/40 | Loss: 0.1784 | Avg Loss: 0.1784 | GPU Memory: 12369.3MB
2025-09-10 09:28:30,067 - INFO - Epoch 6 | Batch 2/40 | Loss: 0.1739 | Avg Loss: 0.1761 | GPU Memory: 12367.8MB
2025-09-10 09:28:30,408 - INFO - Epoch 6 | Batch 3/40 | Loss: 0.1709 | Avg Loss: 0.1744 | GPU Memory: 12367.8MB
2025-09-10 09:28:30,763 - INFO - Epoch 6 | Batch 4/40 | Loss: 0.5313 | Avg Loss: 0.2636 | GPU Memory: 12367.8MB
2025-09-10 09:28:31,094 - INFO - Epoch 6 | Batch 5/40 | Loss: 0.1743 | Avg Loss: 0.2457 | GPU Memory: 12367.8MB
2025-09-10 09:28:31,430 - INFO - Epoch 6 | Batch 6/40 | Loss: 0.5314 | Avg Loss: 0.2933 | GPU Memory: 12367.8MB
2025-09-10 09:28:31,757 - INFO - Epoch 6 | Batch 7/40 | Loss: 0.1629 | Avg Loss: 0.2747 | GPU Memory: 12367.8MB
2025-09-10 09:28:32,090 - INFO - Epoch 6 | Batch 8/40 | Loss: 0.3285 | Avg Loss: 0.2814 | GPU Memory: 12367.8MB
2025-09-10 09:28:32,421 - INFO - Epoch 6 | Batch 9/40 | Loss: 0.3581 | Avg Loss: 0.2900 | GPU Memory: 12367.8MB
2025-09-10 09:28:32,751 - INFO - Epoch 6 | Batch 10/40 | Loss: 0.1695 | Avg Loss: 0.2779 | GPU Memory: 12367.8MB
2025-09-10 09:28:33,078 - INFO - Epoch 6 | Batch 11/40 | Loss: 0.1750 | Avg Loss: 0.2686 | GPU Memory: 12367.8MB
2025-09-10 09:28:33,413 - INFO - Epoch 6 | Batch 12/40 | Loss: 0.3312 | Avg Loss: 0.2738 | GPU Memory: 12367.8MB
2025-09-10 09:28:33,744 - INFO - Epoch 6 | Batch 13/40 | Loss: 0.3361 | Avg Loss: 0.2786 | GPU Memory: 12367.8MB
2025-09-10 09:28:34,074 - INFO - Epoch 6 | Batch 14/40 | Loss: 0.3517 | Avg Loss: 0.2838 | GPU Memory: 12367.8MB
2025-09-10 09:28:34,410 - INFO - Epoch 6 | Batch 15/40 | Loss: 0.1687 | Avg Loss: 0.2761 | GPU Memory: 12367.8MB
2025-09-10 09:28:34,736 - INFO - Epoch 6 | Batch 16/40 | Loss: 0.3149 | Avg Loss: 0.2786 | GPU Memory: 12367.8MB
2025-09-10 09:28:35,072 - INFO - Epoch 6 | Batch 17/40 | Loss: 0.1661 | Avg Loss: 0.2719 | GPU Memory: 12367.8MB
2025-09-10 09:28:35,404 - INFO - Epoch 6 | Batch 18/40 | Loss: 0.3224 | Avg Loss: 0.2747 | GPU Memory: 12367.8MB
2025-09-10 09:28:35,734 - INFO - Epoch 6 | Batch 19/40 | Loss: 0.1813 | Avg Loss: 0.2698 | GPU Memory: 12367.8MB
2025-09-10 09:28:36,066 - INFO - Epoch 6 | Batch 20/40 | Loss: 0.3436 | Avg Loss: 0.2735 | GPU Memory: 12367.8MB
2025-09-10 09:28:36,400 - INFO - Epoch 6 | Batch 21/40 | Loss: 0.3351 | Avg Loss: 0.2764 | GPU Memory: 12367.8MB
2025-09-10 09:28:36,724 - INFO - Epoch 6 | Batch 22/40 | Loss: 0.3374 | Avg Loss: 0.2792 | GPU Memory: 12367.8MB
2025-09-10 09:28:37,055 - INFO - Epoch 6 | Batch 23/40 | Loss: 0.3370 | Avg Loss: 0.2817 | GPU Memory: 12367.8MB
2025-09-10 09:28:37,392 - INFO - Epoch 6 | Batch 24/40 | Loss: 0.1861 | Avg Loss: 0.2777 | GPU Memory: 12367.8MB
2025-09-10 09:28:37,719 - INFO - Epoch 6 | Batch 25/40 | Loss: 0.3321 | Avg Loss: 0.2799 | GPU Memory: 12367.8MB
2025-09-10 09:28:38,054 - INFO - Epoch 6 | Batch 26/40 | Loss: 0.1627 | Avg Loss: 0.2754 | GPU Memory: 12367.8MB
2025-09-10 09:28:38,387 - INFO - Epoch 6 | Batch 27/40 | Loss: 0.1698 | Avg Loss: 0.2715 | GPU Memory: 12367.8MB
2025-09-10 09:28:38,718 - INFO - Epoch 6 | Batch 28/40 | Loss: 0.1697 | Avg Loss: 0.2679 | GPU Memory: 12367.8MB
2025-09-10 09:28:39,050 - INFO - Epoch 6 | Batch 29/40 | Loss: 0.1684 | Avg Loss: 0.2644 | GPU Memory: 12367.8MB
2025-09-10 09:28:39,386 - INFO - Epoch 6 | Batch 30/40 | Loss: 0.1597 | Avg Loss: 0.2609 | GPU Memory: 12367.8MB
2025-09-10 09:28:39,712 - INFO - Epoch 6 | Batch 31/40 | Loss: 0.3459 | Avg Loss: 0.2637 | GPU Memory: 12367.8MB
2025-09-10 09:28:40,045 - INFO - Epoch 6 | Batch 32/40 | Loss: 0.3177 | Avg Loss: 0.2654 | GPU Memory: 12367.8MB
2025-09-10 09:28:40,380 - INFO - Epoch 6 | Batch 33/40 | Loss: 0.3091 | Avg Loss: 0.2667 | GPU Memory: 12367.8MB
2025-09-10 09:28:40,709 - INFO - Epoch 6 | Batch 34/40 | Loss: 0.3134 | Avg Loss: 0.2681 | GPU Memory: 12367.8MB
2025-09-10 09:28:41,045 - INFO - Epoch 6 | Batch 35/40 | Loss: 0.1695 | Avg Loss: 0.2653 | GPU Memory: 12367.8MB
2025-09-10 09:28:41,376 - INFO - Epoch 6 | Batch 36/40 | Loss: 0.1604 | Avg Loss: 0.2623 | GPU Memory: 12367.8MB
2025-09-10 09:28:41,707 - INFO - Epoch 6 | Batch 37/40 | Loss: 0.3192 | Avg Loss: 0.2639 | GPU Memory: 12367.8MB
2025-09-10 09:28:42,037 - INFO - Epoch 6 | Batch 38/40 | Loss: 0.3117 | Avg Loss: 0.2651 | GPU Memory: 12367.8MB
2025-09-10 09:28:42,375 - INFO - Epoch 6 | Batch 39/40 | Loss: 0.3145 | Avg Loss: 0.2664 | GPU Memory: 12367.8MB
2025-09-10 09:28:42,671 - INFO - Epoch 6 | Batch 40/40 | Loss: 0.1654 | Avg Loss: 0.2618 | GPU Memory: 12365.0MB
2025-09-10 09:28:43,396 - INFO - Epoch 6 completed. Loss: 0.2651, Time: 14.4s
2025-09-10 09:29:36,635 - INFO - Validation | Loss: 0.3469, mIoU: 0.7703, IoUs: [0.99187524 0.92584908 0.69343939 0.47001058]
2025-09-10 09:29:39,466 - INFO - Saved best model at epoch 6 to runs/ResNet50UNet_AIM_20250910_092236/checkpoints/ResNet50UNet_AIM_best.pth
2025-09-10 09:29:40,189 - INFO - Epoch 7 | Batch 1/40 | Loss: 0.1478 | Avg Loss: 0.1478 | GPU Memory: 12369.3MB
2025-09-10 09:29:40,511 - INFO - Epoch 7 | Batch 2/40 | Loss: 0.1673 | Avg Loss: 0.1576 | GPU Memory: 12367.8MB
2025-09-10 09:29:40,828 - INFO - Epoch 7 | Batch 3/40 | Loss: 0.1676 | Avg Loss: 0.1609 | GPU Memory: 12367.8MB
2025-09-10 09:29:41,190 - INFO - Epoch 7 | Batch 4/40 | Loss: 0.3188 | Avg Loss: 0.2004 | GPU Memory: 12367.8MB
2025-09-10 09:29:41,521 - INFO - Epoch 7 | Batch 5/40 | Loss: 0.1721 | Avg Loss: 0.1947 | GPU Memory: 12367.8MB
2025-09-10 09:29:41,853 - INFO - Epoch 7 | Batch 6/40 | Loss: 0.1546 | Avg Loss: 0.1881 | GPU Memory: 12367.8MB
2025-09-10 09:29:42,184 - INFO - Epoch 7 | Batch 7/40 | Loss: 0.3088 | Avg Loss: 0.2053 | GPU Memory: 12367.8MB
2025-09-10 09:29:42,511 - INFO - Epoch 7 | Batch 8/40 | Loss: 0.2973 | Avg Loss: 0.2168 | GPU Memory: 12367.8MB
2025-09-10 09:29:42,848 - INFO - Epoch 7 | Batch 9/40 | Loss: 0.5183 | Avg Loss: 0.2503 | GPU Memory: 12367.8MB
2025-09-10 09:29:43,175 - INFO - Epoch 7 | Batch 10/40 | Loss: 0.3184 | Avg Loss: 0.2571 | GPU Memory: 12367.8MB
2025-09-10 09:29:43,512 - INFO - Epoch 7 | Batch 11/40 | Loss: 0.4069 | Avg Loss: 0.2707 | GPU Memory: 12367.8MB
2025-09-10 09:29:43,844 - INFO - Epoch 7 | Batch 12/40 | Loss: 0.1726 | Avg Loss: 0.2625 | GPU Memory: 12367.8MB
2025-09-10 09:29:44,175 - INFO - Epoch 7 | Batch 13/40 | Loss: 0.1477 | Avg Loss: 0.2537 | GPU Memory: 12367.8MB
2025-09-10 09:29:44,505 - INFO - Epoch 7 | Batch 14/40 | Loss: 0.5243 | Avg Loss: 0.2730 | GPU Memory: 12367.8MB
2025-09-10 09:29:44,833 - INFO - Epoch 7 | Batch 15/40 | Loss: 0.1889 | Avg Loss: 0.2674 | GPU Memory: 12367.8MB
2025-09-10 09:29:45,168 - INFO - Epoch 7 | Batch 16/40 | Loss: 0.3072 | Avg Loss: 0.2699 | GPU Memory: 12367.8MB
2025-09-10 09:29:45,498 - INFO - Epoch 7 | Batch 17/40 | Loss: 0.1627 | Avg Loss: 0.2636 | GPU Memory: 12367.8MB
2025-09-10 09:29:45,830 - INFO - Epoch 7 | Batch 18/40 | Loss: 0.2879 | Avg Loss: 0.2650 | GPU Memory: 12367.8MB
2025-09-10 09:29:46,162 - INFO - Epoch 7 | Batch 19/40 | Loss: 0.2964 | Avg Loss: 0.2666 | GPU Memory: 12367.8MB
2025-09-10 09:29:46,497 - INFO - Epoch 7 | Batch 20/40 | Loss: 0.1704 | Avg Loss: 0.2618 | GPU Memory: 12367.8MB
2025-09-10 09:29:46,826 - INFO - Epoch 7 | Batch 21/40 | Loss: 0.1660 | Avg Loss: 0.2572 | GPU Memory: 12367.8MB
2025-09-10 09:29:47,161 - INFO - Epoch 7 | Batch 22/40 | Loss: 0.2930 | Avg Loss: 0.2589 | GPU Memory: 12367.8MB
2025-09-10 09:29:47,493 - INFO - Epoch 7 | Batch 23/40 | Loss: 0.1812 | Avg Loss: 0.2555 | GPU Memory: 12367.8MB
2025-09-10 09:29:47,824 - INFO - Epoch 7 | Batch 24/40 | Loss: 0.1775 | Avg Loss: 0.2522 | GPU Memory: 12367.8MB
2025-09-10 09:29:48,160 - INFO - Epoch 7 | Batch 25/40 | Loss: 0.5085 | Avg Loss: 0.2625 | GPU Memory: 12367.8MB
2025-09-10 09:29:48,490 - INFO - Epoch 7 | Batch 26/40 | Loss: 0.1942 | Avg Loss: 0.2599 | GPU Memory: 12367.8MB
2025-09-10 09:29:48,821 - INFO - Epoch 7 | Batch 27/40 | Loss: 0.1738 | Avg Loss: 0.2567 | GPU Memory: 12367.8MB
2025-09-10 09:29:49,153 - INFO - Epoch 7 | Batch 28/40 | Loss: 0.2994 | Avg Loss: 0.2582 | GPU Memory: 12367.8MB
2025-09-10 09:29:49,490 - INFO - Epoch 7 | Batch 29/40 | Loss: 0.2791 | Avg Loss: 0.2589 | GPU Memory: 12367.8MB
2025-09-10 09:29:49,818 - INFO - Epoch 7 | Batch 30/40 | Loss: 0.1554 | Avg Loss: 0.2555 | GPU Memory: 12367.8MB
2025-09-10 09:29:50,150 - INFO - Epoch 7 | Batch 31/40 | Loss: 0.5074 | Avg Loss: 0.2636 | GPU Memory: 12367.8MB
2025-09-10 09:29:50,480 - INFO - Epoch 7 | Batch 32/40 | Loss: 0.1851 | Avg Loss: 0.2612 | GPU Memory: 12367.8MB
2025-09-10 09:29:50,809 - INFO - Epoch 7 | Batch 33/40 | Loss: 0.1722 | Avg Loss: 0.2585 | GPU Memory: 12367.8MB
2025-09-10 09:29:51,141 - INFO - Epoch 7 | Batch 34/40 | Loss: 0.1775 | Avg Loss: 0.2561 | GPU Memory: 12367.8MB
2025-09-10 09:29:51,469 - INFO - Epoch 7 | Batch 35/40 | Loss: 0.5152 | Avg Loss: 0.2635 | GPU Memory: 12367.8MB
2025-09-10 09:29:51,801 - INFO - Epoch 7 | Batch 36/40 | Loss: 0.1577 | Avg Loss: 0.2605 | GPU Memory: 12367.8MB
2025-09-10 09:29:52,128 - INFO - Epoch 7 | Batch 37/40 | Loss: 0.2999 | Avg Loss: 0.2616 | GPU Memory: 12367.8MB
2025-09-10 09:29:52,474 - INFO - Epoch 7 | Batch 38/40 | Loss: 0.1657 | Avg Loss: 0.2591 | GPU Memory: 12367.8MB
2025-09-10 09:29:52,803 - INFO - Epoch 7 | Batch 39/40 | Loss: 0.1406 | Avg Loss: 0.2560 | GPU Memory: 12367.8MB
2025-09-10 09:29:53,104 - INFO - Epoch 7 | Batch 40/40 | Loss: 0.5456 | Avg Loss: 0.2565 | GPU Memory: 12365.0MB
2025-09-10 09:29:53,802 - INFO - Epoch 7 completed. Loss: 0.2597, Time: 14.3s
2025-09-10 09:30:47,942 - INFO - Validation | Loss: 0.3366, mIoU: 0.7698, IoUs: [0.99229529 0.92928799 0.70011499 0.45765735]
2025-09-10 09:30:50,769 - INFO - Saved best model at epoch 7 to runs/ResNet50UNet_AIM_20250910_092236/checkpoints/ResNet50UNet_AIM_best.pth
2025-09-10 09:30:51,513 - INFO - Epoch 8 | Batch 1/40 | Loss: 0.1554 | Avg Loss: 0.1554 | GPU Memory: 12369.3MB
2025-09-10 09:30:51,853 - INFO - Epoch 8 | Batch 2/40 | Loss: 0.1498 | Avg Loss: 0.1526 | GPU Memory: 12367.8MB
2025-09-10 09:30:52,190 - INFO - Epoch 8 | Batch 3/40 | Loss: 0.3067 | Avg Loss: 0.2040 | GPU Memory: 12367.8MB
2025-09-10 09:30:52,532 - INFO - Epoch 8 | Batch 4/40 | Loss: 0.3002 | Avg Loss: 0.2280 | GPU Memory: 12367.8MB
2025-09-10 09:30:52,862 - INFO - Epoch 8 | Batch 5/40 | Loss: 0.1603 | Avg Loss: 0.2145 | GPU Memory: 12367.8MB
2025-09-10 09:30:53,190 - INFO - Epoch 8 | Batch 6/40 | Loss: 0.5108 | Avg Loss: 0.2639 | GPU Memory: 12367.8MB
2025-09-10 09:30:53,527 - INFO - Epoch 8 | Batch 7/40 | Loss: 0.1632 | Avg Loss: 0.2495 | GPU Memory: 12367.8MB
2025-09-10 09:30:53,854 - INFO - Epoch 8 | Batch 8/40 | Loss: 0.2842 | Avg Loss: 0.2538 | GPU Memory: 12367.8MB
2025-09-10 09:30:54,187 - INFO - Epoch 8 | Batch 9/40 | Loss: 0.1680 | Avg Loss: 0.2443 | GPU Memory: 12367.8MB
2025-09-10 09:30:54,518 - INFO - Epoch 8 | Batch 10/40 | Loss: 0.5135 | Avg Loss: 0.2712 | GPU Memory: 12367.8MB
2025-09-10 09:30:54,846 - INFO - Epoch 8 | Batch 11/40 | Loss: 0.1580 | Avg Loss: 0.2609 | GPU Memory: 12367.8MB
2025-09-10 09:30:55,173 - INFO - Epoch 8 | Batch 12/40 | Loss: 0.5329 | Avg Loss: 0.2836 | GPU Memory: 12367.8MB
2025-09-10 09:30:55,503 - INFO - Epoch 8 | Batch 13/40 | Loss: 0.1804 | Avg Loss: 0.2757 | GPU Memory: 12367.8MB
2025-09-10 09:30:55,833 - INFO - Epoch 8 | Batch 14/40 | Loss: 0.2755 | Avg Loss: 0.2756 | GPU Memory: 12367.8MB
2025-09-10 09:30:56,161 - INFO - Epoch 8 | Batch 15/40 | Loss: 0.3068 | Avg Loss: 0.2777 | GPU Memory: 12367.8MB
2025-09-10 09:30:56,497 - INFO - Epoch 8 | Batch 16/40 | Loss: 0.2695 | Avg Loss: 0.2772 | GPU Memory: 12367.8MB
2025-09-10 09:30:56,825 - INFO - Epoch 8 | Batch 17/40 | Loss: 0.1755 | Avg Loss: 0.2712 | GPU Memory: 12367.8MB
2025-09-10 09:30:57,157 - INFO - Epoch 8 | Batch 18/40 | Loss: 0.1999 | Avg Loss: 0.2673 | GPU Memory: 12367.8MB
2025-09-10 09:30:57,487 - INFO - Epoch 8 | Batch 19/40 | Loss: 0.1777 | Avg Loss: 0.2626 | GPU Memory: 12367.8MB
2025-09-10 09:30:57,820 - INFO - Epoch 8 | Batch 20/40 | Loss: 0.1913 | Avg Loss: 0.2590 | GPU Memory: 12367.8MB
2025-09-10 09:30:58,150 - INFO - Epoch 8 | Batch 21/40 | Loss: 0.1869 | Avg Loss: 0.2556 | GPU Memory: 12367.8MB
2025-09-10 09:30:58,482 - INFO - Epoch 8 | Batch 22/40 | Loss: 0.1980 | Avg Loss: 0.2529 | GPU Memory: 12367.8MB
2025-09-10 09:30:58,814 - INFO - Epoch 8 | Batch 23/40 | Loss: 0.2711 | Avg Loss: 0.2537 | GPU Memory: 12367.8MB
2025-09-10 09:30:59,145 - INFO - Epoch 8 | Batch 24/40 | Loss: 0.5150 | Avg Loss: 0.2646 | GPU Memory: 12367.8MB
2025-09-10 09:30:59,480 - INFO - Epoch 8 | Batch 25/40 | Loss: 0.2660 | Avg Loss: 0.2647 | GPU Memory: 12367.8MB
2025-09-10 09:30:59,808 - INFO - Epoch 8 | Batch 26/40 | Loss: 0.1758 | Avg Loss: 0.2613 | GPU Memory: 12367.8MB
2025-09-10 09:31:00,143 - INFO - Epoch 8 | Batch 27/40 | Loss: 0.5150 | Avg Loss: 0.2707 | GPU Memory: 12367.8MB
2025-09-10 09:31:00,474 - INFO - Epoch 8 | Batch 28/40 | Loss: 0.1552 | Avg Loss: 0.2665 | GPU Memory: 12367.8MB
2025-09-10 09:31:00,805 - INFO - Epoch 8 | Batch 29/40 | Loss: 0.3028 | Avg Loss: 0.2678 | GPU Memory: 12367.8MB
2025-09-10 09:31:01,136 - INFO - Epoch 8 | Batch 30/40 | Loss: 0.1532 | Avg Loss: 0.2640 | GPU Memory: 12367.8MB
2025-09-10 09:31:01,467 - INFO - Epoch 8 | Batch 31/40 | Loss: 0.1660 | Avg Loss: 0.2608 | GPU Memory: 12367.8MB
2025-09-10 09:31:01,800 - INFO - Epoch 8 | Batch 32/40 | Loss: 0.1477 | Avg Loss: 0.2573 | GPU Memory: 12367.8MB
2025-09-10 09:31:02,131 - INFO - Epoch 8 | Batch 33/40 | Loss: 0.1503 | Avg Loss: 0.2540 | GPU Memory: 12367.8MB
2025-09-10 09:31:02,466 - INFO - Epoch 8 | Batch 34/40 | Loss: 0.3112 | Avg Loss: 0.2557 | GPU Memory: 12367.8MB
2025-09-10 09:31:02,794 - INFO - Epoch 8 | Batch 35/40 | Loss: 0.1771 | Avg Loss: 0.2535 | GPU Memory: 12367.8MB
2025-09-10 09:31:03,132 - INFO - Epoch 8 | Batch 36/40 | Loss: 0.2846 | Avg Loss: 0.2543 | GPU Memory: 12367.8MB
2025-09-10 09:31:03,460 - INFO - Epoch 8 | Batch 37/40 | Loss: 0.1676 | Avg Loss: 0.2520 | GPU Memory: 12367.8MB
2025-09-10 09:31:03,789 - INFO - Epoch 8 | Batch 38/40 | Loss: 0.1703 | Avg Loss: 0.2498 | GPU Memory: 12367.8MB
2025-09-10 09:31:04,121 - INFO - Epoch 8 | Batch 39/40 | Loss: 0.3106 | Avg Loss: 0.2514 | GPU Memory: 12367.8MB
2025-09-10 09:31:04,426 - INFO - Epoch 8 | Batch 40/40 | Loss: 0.5267 | Avg Loss: 0.2517 | GPU Memory: 12365.0MB
2025-09-10 09:31:05,130 - INFO - Epoch 8 completed. Loss: 0.2549, Time: 14.4s
2025-09-10 09:31:59,303 - INFO - Validation | Loss: 0.3151, mIoU: 0.7800, IoUs: [0.99237838 0.9301957  0.72005122 0.47722859]
2025-09-10 09:32:02,126 - INFO - Saved best model at epoch 8 to runs/ResNet50UNet_AIM_20250910_092236/checkpoints/ResNet50UNet_AIM_best.pth
2025-09-10 09:32:02,854 - INFO - Epoch 9 | Batch 1/40 | Loss: 0.1621 | Avg Loss: 0.1621 | GPU Memory: 12369.3MB
2025-09-10 09:32:03,190 - INFO - Epoch 9 | Batch 2/40 | Loss: 0.2758 | Avg Loss: 0.2189 | GPU Memory: 12367.8MB
2025-09-10 09:32:03,532 - INFO - Epoch 9 | Batch 3/40 | Loss: 0.1435 | Avg Loss: 0.1938 | GPU Memory: 12367.8MB
2025-09-10 09:32:03,872 - INFO - Epoch 9 | Batch 4/40 | Loss: 0.2777 | Avg Loss: 0.2148 | GPU Memory: 12367.8MB
2025-09-10 09:32:04,201 - INFO - Epoch 9 | Batch 5/40 | Loss: 0.2740 | Avg Loss: 0.2266 | GPU Memory: 12367.8MB
2025-09-10 09:32:04,528 - INFO - Epoch 9 | Batch 6/40 | Loss: 0.2875 | Avg Loss: 0.2368 | GPU Memory: 12367.8MB
2025-09-10 09:32:04,857 - INFO - Epoch 9 | Batch 7/40 | Loss: 0.1489 | Avg Loss: 0.2242 | GPU Memory: 12367.8MB
2025-09-10 09:32:05,184 - INFO - Epoch 9 | Batch 8/40 | Loss: 0.2832 | Avg Loss: 0.2316 | GPU Memory: 12367.8MB
2025-09-10 09:32:05,511 - INFO - Epoch 9 | Batch 9/40 | Loss: 0.1755 | Avg Loss: 0.2254 | GPU Memory: 12367.8MB
2025-09-10 09:32:05,838 - INFO - Epoch 9 | Batch 10/40 | Loss: 0.1741 | Avg Loss: 0.2202 | GPU Memory: 12367.8MB
2025-09-10 09:32:06,165 - INFO - Epoch 9 | Batch 11/40 | Loss: 0.1828 | Avg Loss: 0.2168 | GPU Memory: 12367.8MB
2025-09-10 09:32:06,492 - INFO - Epoch 9 | Batch 12/40 | Loss: 0.1658 | Avg Loss: 0.2126 | GPU Memory: 12367.8MB
2025-09-10 09:32:06,822 - INFO - Epoch 9 | Batch 13/40 | Loss: 0.1709 | Avg Loss: 0.2094 | GPU Memory: 12367.8MB
2025-09-10 09:32:07,149 - INFO - Epoch 9 | Batch 14/40 | Loss: 0.2464 | Avg Loss: 0.2120 | GPU Memory: 12367.8MB
2025-09-10 09:32:07,475 - INFO - Epoch 9 | Batch 15/40 | Loss: 0.1555 | Avg Loss: 0.2083 | GPU Memory: 12367.8MB
2025-09-10 09:32:07,803 - INFO - Epoch 9 | Batch 16/40 | Loss: 0.1648 | Avg Loss: 0.2055 | GPU Memory: 12367.8MB
2025-09-10 09:32:08,131 - INFO - Epoch 9 | Batch 17/40 | Loss: 0.1553 | Avg Loss: 0.2026 | GPU Memory: 12367.8MB
2025-09-10 09:32:08,460 - INFO - Epoch 9 | Batch 18/40 | Loss: 0.1450 | Avg Loss: 0.1994 | GPU Memory: 12367.8MB
2025-09-10 09:32:08,786 - INFO - Epoch 9 | Batch 19/40 | Loss: 0.2810 | Avg Loss: 0.2037 | GPU Memory: 12367.8MB
2025-09-10 09:32:09,114 - INFO - Epoch 9 | Batch 20/40 | Loss: 0.2649 | Avg Loss: 0.2067 | GPU Memory: 12367.8MB
2025-09-10 09:32:09,440 - INFO - Epoch 9 | Batch 21/40 | Loss: 0.1458 | Avg Loss: 0.2038 | GPU Memory: 12367.8MB
2025-09-10 09:32:09,766 - INFO - Epoch 9 | Batch 22/40 | Loss: 0.1415 | Avg Loss: 0.2010 | GPU Memory: 12367.8MB
2025-09-10 09:32:10,094 - INFO - Epoch 9 | Batch 23/40 | Loss: 0.5479 | Avg Loss: 0.2161 | GPU Memory: 12367.8MB
2025-09-10 09:32:10,422 - INFO - Epoch 9 | Batch 24/40 | Loss: 0.5042 | Avg Loss: 0.2281 | GPU Memory: 12367.8MB
2025-09-10 09:32:10,749 - INFO - Epoch 9 | Batch 25/40 | Loss: 0.2782 | Avg Loss: 0.2301 | GPU Memory: 12367.8MB
2025-09-10 09:32:11,076 - INFO - Epoch 9 | Batch 26/40 | Loss: 0.2863 | Avg Loss: 0.2323 | GPU Memory: 12367.8MB
2025-09-10 09:32:11,402 - INFO - Epoch 9 | Batch 27/40 | Loss: 0.3938 | Avg Loss: 0.2382 | GPU Memory: 12367.8MB
2025-09-10 09:32:11,729 - INFO - Epoch 9 | Batch 28/40 | Loss: 0.2588 | Avg Loss: 0.2390 | GPU Memory: 12367.8MB
2025-09-10 09:32:12,059 - INFO - Epoch 9 | Batch 29/40 | Loss: 0.2857 | Avg Loss: 0.2406 | GPU Memory: 12367.8MB
2025-09-10 09:32:12,388 - INFO - Epoch 9 | Batch 30/40 | Loss: 0.1513 | Avg Loss: 0.2376 | GPU Memory: 12367.8MB
2025-09-10 09:32:12,719 - INFO - Epoch 9 | Batch 31/40 | Loss: 0.2375 | Avg Loss: 0.2376 | GPU Memory: 12367.8MB
2025-09-10 09:32:13,046 - INFO - Epoch 9 | Batch 32/40 | Loss: 0.1578 | Avg Loss: 0.2351 | GPU Memory: 12367.8MB
2025-09-10 09:32:13,375 - INFO - Epoch 9 | Batch 33/40 | Loss: 0.1548 | Avg Loss: 0.2327 | GPU Memory: 12367.8MB
2025-09-10 09:32:13,705 - INFO - Epoch 9 | Batch 34/40 | Loss: 0.1903 | Avg Loss: 0.2314 | GPU Memory: 12367.8MB
2025-09-10 09:32:14,032 - INFO - Epoch 9 | Batch 35/40 | Loss: 0.1513 | Avg Loss: 0.2291 | GPU Memory: 12367.8MB
2025-09-10 09:32:14,360 - INFO - Epoch 9 | Batch 36/40 | Loss: 0.3893 | Avg Loss: 0.2336 | GPU Memory: 12367.8MB
2025-09-10 09:32:14,687 - INFO - Epoch 9 | Batch 37/40 | Loss: 0.3277 | Avg Loss: 0.2361 | GPU Memory: 12367.8MB
2025-09-10 09:32:15,011 - INFO - Epoch 9 | Batch 38/40 | Loss: 0.2599 | Avg Loss: 0.2368 | GPU Memory: 12367.8MB
2025-09-10 09:32:15,340 - INFO - Epoch 9 | Batch 39/40 | Loss: 0.2495 | Avg Loss: 0.2371 | GPU Memory: 12367.8MB
2025-09-10 09:32:15,636 - INFO - Epoch 9 | Batch 40/40 | Loss: 0.5280 | Avg Loss: 0.2378 | GPU Memory: 12365.0MB
2025-09-10 09:32:16,328 - INFO - Epoch 9 completed. Loss: 0.2408, Time: 14.2s
2025-09-10 09:33:09,638 - INFO - Validation | Loss: 0.3080, mIoU: 0.7791, IoUs: [0.99250469 0.93199922 0.75841466 0.43336209]
2025-09-10 09:33:12,540 - INFO - Saved best model at epoch 9 to runs/ResNet50UNet_AIM_20250910_092236/checkpoints/ResNet50UNet_AIM_best.pth
2025-09-10 09:33:13,287 - INFO - Epoch 10 | Batch 1/40 | Loss: 0.2345 | Avg Loss: 0.2345 | GPU Memory: 12369.3MB
2025-09-10 09:33:13,625 - INFO - Epoch 10 | Batch 2/40 | Loss: 0.4765 | Avg Loss: 0.3555 | GPU Memory: 12367.8MB
2025-09-10 09:33:13,958 - INFO - Epoch 10 | Batch 3/40 | Loss: 0.1503 | Avg Loss: 0.2871 | GPU Memory: 12367.8MB
2025-09-10 09:33:14,293 - INFO - Epoch 10 | Batch 4/40 | Loss: 0.1858 | Avg Loss: 0.2618 | GPU Memory: 12367.8MB
2025-09-10 09:33:14,629 - INFO - Epoch 10 | Batch 5/40 | Loss: 0.1828 | Avg Loss: 0.2460 | GPU Memory: 12367.8MB
2025-09-10 09:33:14,955 - INFO - Epoch 10 | Batch 6/40 | Loss: 0.1783 | Avg Loss: 0.2347 | GPU Memory: 12367.8MB
2025-09-10 09:33:15,283 - INFO - Epoch 10 | Batch 7/40 | Loss: 0.1509 | Avg Loss: 0.2227 | GPU Memory: 12367.8MB
2025-09-10 09:33:15,610 - INFO - Epoch 10 | Batch 8/40 | Loss: 0.1537 | Avg Loss: 0.2141 | GPU Memory: 12367.8MB
2025-09-10 09:33:15,938 - INFO - Epoch 10 | Batch 9/40 | Loss: 0.1536 | Avg Loss: 0.2074 | GPU Memory: 12367.8MB
2025-09-10 09:33:16,264 - INFO - Epoch 10 | Batch 10/40 | Loss: 0.4960 | Avg Loss: 0.2362 | GPU Memory: 12367.8MB
2025-09-10 09:33:16,591 - INFO - Epoch 10 | Batch 11/40 | Loss: 0.1614 | Avg Loss: 0.2294 | GPU Memory: 12367.8MB
2025-09-10 09:33:16,918 - INFO - Epoch 10 | Batch 12/40 | Loss: 0.2380 | Avg Loss: 0.2302 | GPU Memory: 12367.8MB
2025-09-10 09:33:17,243 - INFO - Epoch 10 | Batch 13/40 | Loss: 0.2601 | Avg Loss: 0.2325 | GPU Memory: 12367.8MB
2025-09-10 09:33:17,570 - INFO - Epoch 10 | Batch 14/40 | Loss: 0.2476 | Avg Loss: 0.2335 | GPU Memory: 12367.8MB
2025-09-10 09:33:17,899 - INFO - Epoch 10 | Batch 15/40 | Loss: 0.2474 | Avg Loss: 0.2345 | GPU Memory: 12367.8MB
2025-09-10 09:33:18,225 - INFO - Epoch 10 | Batch 16/40 | Loss: 0.2837 | Avg Loss: 0.2375 | GPU Memory: 12367.8MB
2025-09-10 09:33:18,552 - INFO - Epoch 10 | Batch 17/40 | Loss: 0.2605 | Avg Loss: 0.2389 | GPU Memory: 12367.8MB
2025-09-10 09:33:18,881 - INFO - Epoch 10 | Batch 18/40 | Loss: 0.1514 | Avg Loss: 0.2340 | GPU Memory: 12367.8MB
2025-09-10 09:33:19,207 - INFO - Epoch 10 | Batch 19/40 | Loss: 0.2534 | Avg Loss: 0.2351 | GPU Memory: 12367.8MB
2025-09-10 09:33:19,534 - INFO - Epoch 10 | Batch 20/40 | Loss: 0.1431 | Avg Loss: 0.2305 | GPU Memory: 12367.8MB
2025-09-10 09:33:19,860 - INFO - Epoch 10 | Batch 21/40 | Loss: 0.2272 | Avg Loss: 0.2303 | GPU Memory: 12367.8MB
2025-09-10 09:33:20,186 - INFO - Epoch 10 | Batch 22/40 | Loss: 0.2383 | Avg Loss: 0.2307 | GPU Memory: 12367.8MB
2025-09-10 09:33:20,514 - INFO - Epoch 10 | Batch 23/40 | Loss: 0.1556 | Avg Loss: 0.2274 | GPU Memory: 12367.8MB
2025-09-10 09:33:20,840 - INFO - Epoch 10 | Batch 24/40 | Loss: 0.1940 | Avg Loss: 0.2260 | GPU Memory: 12367.8MB
2025-09-10 09:33:21,166 - INFO - Epoch 10 | Batch 25/40 | Loss: 0.1569 | Avg Loss: 0.2232 | GPU Memory: 12367.8MB
2025-09-10 09:33:21,495 - INFO - Epoch 10 | Batch 26/40 | Loss: 0.2265 | Avg Loss: 0.2234 | GPU Memory: 12367.8MB
2025-09-10 09:33:21,822 - INFO - Epoch 10 | Batch 27/40 | Loss: 0.1503 | Avg Loss: 0.2207 | GPU Memory: 12367.8MB
2025-09-10 09:33:22,147 - INFO - Epoch 10 | Batch 28/40 | Loss: 0.1506 | Avg Loss: 0.2182 | GPU Memory: 12367.8MB
2025-09-10 09:33:22,476 - INFO - Epoch 10 | Batch 29/40 | Loss: 0.1373 | Avg Loss: 0.2154 | GPU Memory: 12367.8MB
2025-09-10 09:33:22,800 - INFO - Epoch 10 | Batch 30/40 | Loss: 0.5226 | Avg Loss: 0.2256 | GPU Memory: 12367.8MB
2025-09-10 09:33:23,127 - INFO - Epoch 10 | Batch 31/40 | Loss: 0.1362 | Avg Loss: 0.2227 | GPU Memory: 12367.8MB
2025-09-10 09:33:23,453 - INFO - Epoch 10 | Batch 32/40 | Loss: 0.1705 | Avg Loss: 0.2211 | GPU Memory: 12367.8MB
2025-09-10 09:33:23,781 - INFO - Epoch 10 | Batch 33/40 | Loss: 0.1397 | Avg Loss: 0.2186 | GPU Memory: 12367.8MB
2025-09-10 09:33:24,109 - INFO - Epoch 10 | Batch 34/40 | Loss: 0.2396 | Avg Loss: 0.2193 | GPU Memory: 12367.8MB
2025-09-10 09:33:24,435 - INFO - Epoch 10 | Batch 35/40 | Loss: 0.2227 | Avg Loss: 0.2194 | GPU Memory: 12367.8MB
2025-09-10 09:33:24,762 - INFO - Epoch 10 | Batch 36/40 | Loss: 0.2759 | Avg Loss: 0.2209 | GPU Memory: 12367.8MB
2025-09-10 09:33:25,090 - INFO - Epoch 10 | Batch 37/40 | Loss: 0.1382 | Avg Loss: 0.2187 | GPU Memory: 12367.8MB
2025-09-10 09:33:25,417 - INFO - Epoch 10 | Batch 38/40 | Loss: 0.2477 | Avg Loss: 0.2195 | GPU Memory: 12367.8MB
2025-09-10 09:33:25,742 - INFO - Epoch 10 | Batch 39/40 | Loss: 0.4764 | Avg Loss: 0.2260 | GPU Memory: 12367.8MB
2025-09-10 09:33:26,039 - INFO - Epoch 10 | Batch 40/40 | Loss: 0.5310 | Avg Loss: 0.2270 | GPU Memory: 12365.0MB
2025-09-10 09:33:26,753 - INFO - Epoch 10 completed. Loss: 0.2299, Time: 14.2s
2025-09-10 09:34:19,399 - INFO - Validation | Loss: 0.3286, mIoU: 0.7831, IoUs: [0.99261206 0.93342369 0.71842526 0.48791073]
2025-09-10 09:34:27,812 - INFO - Saved periodic checkpoint at epoch 10 to runs/ResNet50UNet_AIM_20250910_092236/checkpoints/ResNet50UNet_AIM_epoch_10.pth
2025-09-10 09:34:28,518 - INFO - Epoch 11 | Batch 1/40 | Loss: 0.2796 | Avg Loss: 0.2796 | GPU Memory: 12369.3MB
2025-09-10 09:34:28,835 - INFO - Epoch 11 | Batch 2/40 | Loss: 0.2674 | Avg Loss: 0.2735 | GPU Memory: 12367.8MB
2025-09-10 09:34:29,155 - INFO - Epoch 11 | Batch 3/40 | Loss: 0.2819 | Avg Loss: 0.2763 | GPU Memory: 12367.8MB
2025-09-10 09:34:29,498 - INFO - Epoch 11 | Batch 4/40 | Loss: 0.1352 | Avg Loss: 0.2410 | GPU Memory: 12367.8MB
2025-09-10 09:34:29,796 - INFO - Epoch 11 | Batch 5/40 | Loss: 0.2462 | Avg Loss: 0.2421 | GPU Memory: 12367.8MB
2025-09-10 09:34:30,121 - INFO - Epoch 11 | Batch 6/40 | Loss: 0.1525 | Avg Loss: 0.2271 | GPU Memory: 12367.8MB
2025-09-10 09:34:30,447 - INFO - Epoch 11 | Batch 7/40 | Loss: 0.2317 | Avg Loss: 0.2278 | GPU Memory: 12367.8MB
2025-09-10 09:34:30,772 - INFO - Epoch 11 | Batch 8/40 | Loss: 0.1375 | Avg Loss: 0.2165 | GPU Memory: 12367.8MB
2025-09-10 09:34:31,099 - INFO - Epoch 11 | Batch 9/40 | Loss: 0.2309 | Avg Loss: 0.2181 | GPU Memory: 12367.8MB
2025-09-10 09:34:31,426 - INFO - Epoch 11 | Batch 10/40 | Loss: 0.1352 | Avg Loss: 0.2098 | GPU Memory: 12367.8MB
2025-09-10 09:34:31,756 - INFO - Epoch 11 | Batch 11/40 | Loss: 0.1360 | Avg Loss: 0.2031 | GPU Memory: 12367.8MB
2025-09-10 09:34:32,083 - INFO - Epoch 11 | Batch 12/40 | Loss: 0.1382 | Avg Loss: 0.1977 | GPU Memory: 12367.8MB
2025-09-10 09:34:32,410 - INFO - Epoch 11 | Batch 13/40 | Loss: 0.2383 | Avg Loss: 0.2008 | GPU Memory: 12367.8MB
2025-09-10 09:34:32,739 - INFO - Epoch 11 | Batch 14/40 | Loss: 0.5312 | Avg Loss: 0.2244 | GPU Memory: 12367.8MB
2025-09-10 09:34:33,069 - INFO - Epoch 11 | Batch 15/40 | Loss: 0.1401 | Avg Loss: 0.2188 | GPU Memory: 12367.8MB
2025-09-10 09:34:33,395 - INFO - Epoch 11 | Batch 16/40 | Loss: 0.1526 | Avg Loss: 0.2147 | GPU Memory: 12367.8MB
2025-09-10 09:34:33,720 - INFO - Epoch 11 | Batch 17/40 | Loss: 0.1670 | Avg Loss: 0.2119 | GPU Memory: 12367.8MB
2025-09-10 09:34:34,047 - INFO - Epoch 11 | Batch 18/40 | Loss: 0.2358 | Avg Loss: 0.2132 | GPU Memory: 12367.8MB
2025-09-10 09:34:34,371 - INFO - Epoch 11 | Batch 19/40 | Loss: 0.2481 | Avg Loss: 0.2150 | GPU Memory: 12367.8MB
2025-09-10 09:34:34,698 - INFO - Epoch 11 | Batch 20/40 | Loss: 0.2220 | Avg Loss: 0.2154 | GPU Memory: 12367.8MB
2025-09-10 09:34:35,027 - INFO - Epoch 11 | Batch 21/40 | Loss: 0.2311 | Avg Loss: 0.2161 | GPU Memory: 12367.8MB
2025-09-10 09:34:35,356 - INFO - Epoch 11 | Batch 22/40 | Loss: 0.2371 | Avg Loss: 0.2171 | GPU Memory: 12367.8MB
2025-09-10 09:34:35,683 - INFO - Epoch 11 | Batch 23/40 | Loss: 0.4878 | Avg Loss: 0.2288 | GPU Memory: 12367.8MB
2025-09-10 09:34:36,011 - INFO - Epoch 11 | Batch 24/40 | Loss: 0.2947 | Avg Loss: 0.2316 | GPU Memory: 12367.8MB
2025-09-10 09:34:36,339 - INFO - Epoch 11 | Batch 25/40 | Loss: 0.2429 | Avg Loss: 0.2320 | GPU Memory: 12367.8MB
2025-09-10 09:34:36,667 - INFO - Epoch 11 | Batch 26/40 | Loss: 0.1432 | Avg Loss: 0.2286 | GPU Memory: 12367.8MB
2025-09-10 09:34:36,997 - INFO - Epoch 11 | Batch 27/40 | Loss: 0.1461 | Avg Loss: 0.2256 | GPU Memory: 12367.8MB
2025-09-10 09:34:37,323 - INFO - Epoch 11 | Batch 28/40 | Loss: 0.1382 | Avg Loss: 0.2224 | GPU Memory: 12367.8MB
2025-09-10 09:34:37,651 - INFO - Epoch 11 | Batch 29/40 | Loss: 0.1438 | Avg Loss: 0.2197 | GPU Memory: 12367.8MB
2025-09-10 09:34:37,975 - INFO - Epoch 11 | Batch 30/40 | Loss: 0.1486 | Avg Loss: 0.2174 | GPU Memory: 12367.8MB
2025-09-10 09:34:38,302 - INFO - Epoch 11 | Batch 31/40 | Loss: 0.2203 | Avg Loss: 0.2175 | GPU Memory: 12367.8MB
2025-09-10 09:34:38,628 - INFO - Epoch 11 | Batch 32/40 | Loss: 0.1462 | Avg Loss: 0.2152 | GPU Memory: 12367.8MB
2025-09-10 09:34:38,956 - INFO - Epoch 11 | Batch 33/40 | Loss: 0.1469 | Avg Loss: 0.2132 | GPU Memory: 12367.8MB
2025-09-10 09:34:39,284 - INFO - Epoch 11 | Batch 34/40 | Loss: 0.2250 | Avg Loss: 0.2135 | GPU Memory: 12367.8MB
2025-09-10 09:34:39,612 - INFO - Epoch 11 | Batch 35/40 | Loss: 0.2372 | Avg Loss: 0.2142 | GPU Memory: 12367.8MB
2025-09-10 09:34:39,938 - INFO - Epoch 11 | Batch 36/40 | Loss: 0.1386 | Avg Loss: 0.2121 | GPU Memory: 12367.8MB
2025-09-10 09:34:40,267 - INFO - Epoch 11 | Batch 37/40 | Loss: 0.2327 | Avg Loss: 0.2126 | GPU Memory: 12367.8MB
2025-09-10 09:34:40,594 - INFO - Epoch 11 | Batch 38/40 | Loss: 0.2271 | Avg Loss: 0.2130 | GPU Memory: 12367.8MB
2025-09-10 09:34:40,920 - INFO - Epoch 11 | Batch 39/40 | Loss: 0.1341 | Avg Loss: 0.2110 | GPU Memory: 12367.8MB
2025-09-10 09:34:41,217 - INFO - Epoch 11 | Batch 40/40 | Loss: 0.1406 | Avg Loss: 0.2075 | GPU Memory: 12365.0MB
2025-09-10 09:34:41,941 - INFO - Epoch 11 completed. Loss: 0.2101, Time: 14.1s
2025-09-10 09:35:34,711 - INFO - Validation | Loss: 0.3043, mIoU: 0.7767, IoUs: [0.99252332 0.9335129  0.74112841 0.43975252]
2025-09-10 09:35:37,919 - INFO - Saved best model at epoch 11 to runs/ResNet50UNet_AIM_20250910_092236/checkpoints/ResNet50UNet_AIM_best.pth
2025-09-10 09:35:38,676 - INFO - Epoch 12 | Batch 1/40 | Loss: 0.1623 | Avg Loss: 0.1623 | GPU Memory: 12369.3MB
2025-09-10 09:35:39,007 - INFO - Epoch 12 | Batch 2/40 | Loss: 0.1439 | Avg Loss: 0.1531 | GPU Memory: 12367.8MB
2025-09-10 09:35:39,340 - INFO - Epoch 12 | Batch 3/40 | Loss: 0.1536 | Avg Loss: 0.1533 | GPU Memory: 12367.8MB
2025-09-10 09:35:39,678 - INFO - Epoch 12 | Batch 4/40 | Loss: 0.1466 | Avg Loss: 0.1516 | GPU Memory: 12367.8MB
2025-09-10 09:35:40,003 - INFO - Epoch 12 | Batch 5/40 | Loss: 0.3342 | Avg Loss: 0.1881 | GPU Memory: 12367.8MB
2025-09-10 09:35:40,332 - INFO - Epoch 12 | Batch 6/40 | Loss: 0.4751 | Avg Loss: 0.2360 | GPU Memory: 12367.8MB
2025-09-10 09:35:40,658 - INFO - Epoch 12 | Batch 7/40 | Loss: 0.1447 | Avg Loss: 0.2229 | GPU Memory: 12367.8MB
2025-09-10 09:35:40,983 - INFO - Epoch 12 | Batch 8/40 | Loss: 0.1346 | Avg Loss: 0.2119 | GPU Memory: 12367.8MB
2025-09-10 09:35:41,310 - INFO - Epoch 12 | Batch 9/40 | Loss: 0.1320 | Avg Loss: 0.2030 | GPU Memory: 12367.8MB
2025-09-10 09:35:41,639 - INFO - Epoch 12 | Batch 10/40 | Loss: 0.2261 | Avg Loss: 0.2053 | GPU Memory: 12367.8MB
2025-09-10 09:35:41,965 - INFO - Epoch 12 | Batch 11/40 | Loss: 0.4844 | Avg Loss: 0.2307 | GPU Memory: 12367.8MB
2025-09-10 09:35:42,293 - INFO - Epoch 12 | Batch 12/40 | Loss: 0.2334 | Avg Loss: 0.2309 | GPU Memory: 12367.8MB
2025-09-10 09:35:42,619 - INFO - Epoch 12 | Batch 13/40 | Loss: 0.2263 | Avg Loss: 0.2306 | GPU Memory: 12367.8MB
2025-09-10 09:35:42,943 - INFO - Epoch 12 | Batch 14/40 | Loss: 0.2830 | Avg Loss: 0.2343 | GPU Memory: 12367.8MB
2025-09-10 09:35:43,270 - INFO - Epoch 12 | Batch 15/40 | Loss: 0.3044 | Avg Loss: 0.2390 | GPU Memory: 12367.8MB
2025-09-10 09:35:43,596 - INFO - Epoch 12 | Batch 16/40 | Loss: 0.2250 | Avg Loss: 0.2381 | GPU Memory: 12367.8MB
2025-09-10 09:35:43,925 - INFO - Epoch 12 | Batch 17/40 | Loss: 0.1766 | Avg Loss: 0.2345 | GPU Memory: 12367.8MB
2025-09-10 09:35:44,253 - INFO - Epoch 12 | Batch 18/40 | Loss: 0.2383 | Avg Loss: 0.2347 | GPU Memory: 12367.8MB
2025-09-10 09:35:44,579 - INFO - Epoch 12 | Batch 19/40 | Loss: 0.4838 | Avg Loss: 0.2478 | GPU Memory: 12367.8MB
2025-09-10 09:35:44,905 - INFO - Epoch 12 | Batch 20/40 | Loss: 0.1297 | Avg Loss: 0.2419 | GPU Memory: 12367.8MB
2025-09-10 09:35:45,234 - INFO - Epoch 12 | Batch 21/40 | Loss: 0.2323 | Avg Loss: 0.2414 | GPU Memory: 12367.8MB
2025-09-10 09:35:45,558 - INFO - Epoch 12 | Batch 22/40 | Loss: 0.1465 | Avg Loss: 0.2371 | GPU Memory: 12367.8MB
2025-09-10 09:35:45,885 - INFO - Epoch 12 | Batch 23/40 | Loss: 0.2265 | Avg Loss: 0.2367 | GPU Memory: 12367.8MB
2025-09-10 09:35:46,212 - INFO - Epoch 12 | Batch 24/40 | Loss: 0.1452 | Avg Loss: 0.2329 | GPU Memory: 12367.8MB
2025-09-10 09:35:46,536 - INFO - Epoch 12 | Batch 25/40 | Loss: 0.1585 | Avg Loss: 0.2299 | GPU Memory: 12367.8MB
2025-09-10 09:35:46,862 - INFO - Epoch 12 | Batch 26/40 | Loss: 0.2273 | Avg Loss: 0.2298 | GPU Memory: 12367.8MB
2025-09-10 09:35:47,188 - INFO - Epoch 12 | Batch 27/40 | Loss: 0.2372 | Avg Loss: 0.2301 | GPU Memory: 12367.8MB
2025-09-10 09:35:47,517 - INFO - Epoch 12 | Batch 28/40 | Loss: 0.1492 | Avg Loss: 0.2272 | GPU Memory: 12367.8MB
2025-09-10 09:35:47,844 - INFO - Epoch 12 | Batch 29/40 | Loss: 0.1420 | Avg Loss: 0.2242 | GPU Memory: 12367.8MB
2025-09-10 09:35:48,170 - INFO - Epoch 12 | Batch 30/40 | Loss: 0.1467 | Avg Loss: 0.2216 | GPU Memory: 12367.8MB
2025-09-10 09:35:48,498 - INFO - Epoch 12 | Batch 31/40 | Loss: 0.1461 | Avg Loss: 0.2192 | GPU Memory: 12367.8MB
2025-09-10 09:35:48,827 - INFO - Epoch 12 | Batch 32/40 | Loss: 0.1414 | Avg Loss: 0.2168 | GPU Memory: 12367.8MB
2025-09-10 09:35:49,152 - INFO - Epoch 12 | Batch 33/40 | Loss: 0.2335 | Avg Loss: 0.2173 | GPU Memory: 12367.8MB
2025-09-10 09:35:49,480 - INFO - Epoch 12 | Batch 34/40 | Loss: 0.2347 | Avg Loss: 0.2178 | GPU Memory: 12367.8MB
2025-09-10 09:35:49,806 - INFO - Epoch 12 | Batch 35/40 | Loss: 0.1482 | Avg Loss: 0.2158 | GPU Memory: 12367.8MB
2025-09-10 09:35:50,134 - INFO - Epoch 12 | Batch 36/40 | Loss: 0.1525 | Avg Loss: 0.2141 | GPU Memory: 12367.8MB
2025-09-10 09:35:50,461 - INFO - Epoch 12 | Batch 37/40 | Loss: 0.2354 | Avg Loss: 0.2146 | GPU Memory: 12367.8MB
2025-09-10 09:35:50,787 - INFO - Epoch 12 | Batch 38/40 | Loss: 0.2434 | Avg Loss: 0.2154 | GPU Memory: 12367.8MB
2025-09-10 09:35:51,115 - INFO - Epoch 12 | Batch 39/40 | Loss: 0.1427 | Avg Loss: 0.2135 | GPU Memory: 12367.8MB
2025-09-10 09:35:51,413 - INFO - Epoch 12 | Batch 40/40 | Loss: 0.5341 | Avg Loss: 0.2149 | GPU Memory: 12365.0MB
2025-09-10 09:35:52,143 - INFO - Epoch 12 completed. Loss: 0.2176, Time: 14.2s
2025-09-10 09:36:44,794 - INFO - Validation | Loss: 0.2998, mIoU: 0.7827, IoUs: [0.99265391 0.93355526 0.75370692 0.45107032]
2025-09-10 09:36:47,605 - INFO - Saved best model at epoch 12 to runs/ResNet50UNet_AIM_20250910_092236/checkpoints/ResNet50UNet_AIM_best.pth
2025-09-10 09:36:48,334 - INFO - Epoch 13 | Batch 1/40 | Loss: 0.4896 | Avg Loss: 0.4896 | GPU Memory: 12369.3MB
2025-09-10 09:36:48,670 - INFO - Epoch 13 | Batch 2/40 | Loss: 0.2290 | Avg Loss: 0.3593 | GPU Memory: 12367.8MB
2025-09-10 09:36:49,009 - INFO - Epoch 13 | Batch 3/40 | Loss: 0.2254 | Avg Loss: 0.3147 | GPU Memory: 12367.8MB
2025-09-10 09:36:49,336 - INFO - Epoch 13 | Batch 4/40 | Loss: 0.1524 | Avg Loss: 0.2741 | GPU Memory: 12367.8MB
2025-09-10 09:36:49,662 - INFO - Epoch 13 | Batch 5/40 | Loss: 0.1443 | Avg Loss: 0.2481 | GPU Memory: 12367.8MB
2025-09-10 09:36:49,988 - INFO - Epoch 13 | Batch 6/40 | Loss: 0.1345 | Avg Loss: 0.2292 | GPU Memory: 12367.8MB
2025-09-10 09:36:50,315 - INFO - Epoch 13 | Batch 7/40 | Loss: 0.1563 | Avg Loss: 0.2188 | GPU Memory: 12367.8MB
2025-09-10 09:36:50,641 - INFO - Epoch 13 | Batch 8/40 | Loss: 0.3124 | Avg Loss: 0.2305 | GPU Memory: 12367.8MB
2025-09-10 09:36:50,968 - INFO - Epoch 13 | Batch 9/40 | Loss: 0.2284 | Avg Loss: 0.2303 | GPU Memory: 12367.8MB
2025-09-10 09:36:51,295 - INFO - Epoch 13 | Batch 10/40 | Loss: 0.2274 | Avg Loss: 0.2300 | GPU Memory: 12367.8MB
2025-09-10 09:36:51,623 - INFO - Epoch 13 | Batch 11/40 | Loss: 0.1534 | Avg Loss: 0.2230 | GPU Memory: 12367.8MB
2025-09-10 09:36:51,948 - INFO - Epoch 13 | Batch 12/40 | Loss: 0.2280 | Avg Loss: 0.2234 | GPU Memory: 12367.8MB
2025-09-10 09:36:52,274 - INFO - Epoch 13 | Batch 13/40 | Loss: 0.1412 | Avg Loss: 0.2171 | GPU Memory: 12367.8MB
2025-09-10 09:36:52,601 - INFO - Epoch 13 | Batch 14/40 | Loss: 0.4863 | Avg Loss: 0.2363 | GPU Memory: 12367.8MB
2025-09-10 09:36:52,927 - INFO - Epoch 13 | Batch 15/40 | Loss: 0.2405 | Avg Loss: 0.2366 | GPU Memory: 12367.8MB
2025-09-10 09:36:53,253 - INFO - Epoch 13 | Batch 16/40 | Loss: 0.1303 | Avg Loss: 0.2300 | GPU Memory: 12367.8MB
2025-09-10 09:36:53,581 - INFO - Epoch 13 | Batch 17/40 | Loss: 0.2213 | Avg Loss: 0.2295 | GPU Memory: 12367.8MB
2025-09-10 09:36:53,911 - INFO - Epoch 13 | Batch 18/40 | Loss: 0.4732 | Avg Loss: 0.2430 | GPU Memory: 12367.8MB
2025-09-10 09:36:54,237 - INFO - Epoch 13 | Batch 19/40 | Loss: 0.1451 | Avg Loss: 0.2378 | GPU Memory: 12367.8MB
2025-09-10 09:36:54,562 - INFO - Epoch 13 | Batch 20/40 | Loss: 0.1552 | Avg Loss: 0.2337 | GPU Memory: 12367.8MB
2025-09-10 09:36:54,889 - INFO - Epoch 13 | Batch 21/40 | Loss: 0.1490 | Avg Loss: 0.2297 | GPU Memory: 12367.8MB
2025-09-10 09:36:55,217 - INFO - Epoch 13 | Batch 22/40 | Loss: 0.1395 | Avg Loss: 0.2256 | GPU Memory: 12367.8MB
2025-09-10 09:36:55,542 - INFO - Epoch 13 | Batch 23/40 | Loss: 0.4736 | Avg Loss: 0.2364 | GPU Memory: 12367.8MB
2025-09-10 09:36:55,871 - INFO - Epoch 13 | Batch 24/40 | Loss: 0.2328 | Avg Loss: 0.2362 | GPU Memory: 12367.8MB
2025-09-10 09:36:56,198 - INFO - Epoch 13 | Batch 25/40 | Loss: 0.1401 | Avg Loss: 0.2324 | GPU Memory: 12367.8MB
2025-09-10 09:36:56,522 - INFO - Epoch 13 | Batch 26/40 | Loss: 0.1460 | Avg Loss: 0.2290 | GPU Memory: 12367.8MB
2025-09-10 09:36:56,852 - INFO - Epoch 13 | Batch 27/40 | Loss: 0.2245 | Avg Loss: 0.2289 | GPU Memory: 12367.8MB
2025-09-10 09:36:57,177 - INFO - Epoch 13 | Batch 28/40 | Loss: 0.1491 | Avg Loss: 0.2260 | GPU Memory: 12367.8MB
2025-09-10 09:36:57,505 - INFO - Epoch 13 | Batch 29/40 | Loss: 0.1368 | Avg Loss: 0.2229 | GPU Memory: 12367.8MB
2025-09-10 09:36:57,832 - INFO - Epoch 13 | Batch 30/40 | Loss: 0.1330 | Avg Loss: 0.2199 | GPU Memory: 12367.8MB
2025-09-10 09:36:58,158 - INFO - Epoch 13 | Batch 31/40 | Loss: 0.1499 | Avg Loss: 0.2177 | GPU Memory: 12367.8MB
2025-09-10 09:36:58,486 - INFO - Epoch 13 | Batch 32/40 | Loss: 0.2374 | Avg Loss: 0.2183 | GPU Memory: 12367.8MB
2025-09-10 09:36:58,815 - INFO - Epoch 13 | Batch 33/40 | Loss: 0.2269 | Avg Loss: 0.2186 | GPU Memory: 12367.8MB
2025-09-10 09:36:59,140 - INFO - Epoch 13 | Batch 34/40 | Loss: 0.1502 | Avg Loss: 0.2166 | GPU Memory: 12367.8MB
2025-09-10 09:36:59,468 - INFO - Epoch 13 | Batch 35/40 | Loss: 0.1343 | Avg Loss: 0.2142 | GPU Memory: 12367.8MB
2025-09-10 09:36:59,795 - INFO - Epoch 13 | Batch 36/40 | Loss: 0.1426 | Avg Loss: 0.2122 | GPU Memory: 12367.8MB
2025-09-10 09:37:00,123 - INFO - Epoch 13 | Batch 37/40 | Loss: 0.1411 | Avg Loss: 0.2103 | GPU Memory: 12367.8MB
2025-09-10 09:37:00,450 - INFO - Epoch 13 | Batch 38/40 | Loss: 0.4732 | Avg Loss: 0.2172 | GPU Memory: 12367.8MB
2025-09-10 09:37:00,775 - INFO - Epoch 13 | Batch 39/40 | Loss: 0.2420 | Avg Loss: 0.2178 | GPU Memory: 12367.8MB
2025-09-10 09:37:01,072 - INFO - Epoch 13 | Batch 40/40 | Loss: 0.1446 | Avg Loss: 0.2142 | GPU Memory: 12365.0MB
2025-09-10 09:37:01,811 - INFO - Epoch 13 completed. Loss: 0.2169, Time: 14.2s
2025-09-10 09:37:54,532 - INFO - Validation | Loss: 0.2944, mIoU: 0.7868, IoUs: [0.99258065 0.93394683 0.76433502 0.45636563]
2025-09-10 09:37:57,363 - INFO - Saved best model at epoch 13 to runs/ResNet50UNet_AIM_20250910_092236/checkpoints/ResNet50UNet_AIM_best.pth
2025-09-10 09:37:58,095 - INFO - Epoch 14 | Batch 1/40 | Loss: 0.2240 | Avg Loss: 0.2240 | GPU Memory: 12369.3MB
2025-09-10 09:37:58,436 - INFO - Epoch 14 | Batch 2/40 | Loss: 0.2324 | Avg Loss: 0.2282 | GPU Memory: 12367.8MB
2025-09-10 09:37:58,768 - INFO - Epoch 14 | Batch 3/40 | Loss: 0.2248 | Avg Loss: 0.2271 | GPU Memory: 12367.8MB
2025-09-10 09:37:59,113 - INFO - Epoch 14 | Batch 4/40 | Loss: 0.1430 | Avg Loss: 0.2061 | GPU Memory: 12367.8MB
2025-09-10 09:37:59,439 - INFO - Epoch 14 | Batch 5/40 | Loss: 0.1488 | Avg Loss: 0.1946 | GPU Memory: 12367.8MB
2025-09-10 09:37:59,763 - INFO - Epoch 14 | Batch 6/40 | Loss: 0.2285 | Avg Loss: 0.2003 | GPU Memory: 12367.8MB
2025-09-10 09:38:00,091 - INFO - Epoch 14 | Batch 7/40 | Loss: 0.1571 | Avg Loss: 0.1941 | GPU Memory: 12367.8MB
2025-09-10 09:38:00,417 - INFO - Epoch 14 | Batch 8/40 | Loss: 0.1397 | Avg Loss: 0.1873 | GPU Memory: 12367.8MB
2025-09-10 09:38:00,743 - INFO - Epoch 14 | Batch 9/40 | Loss: 0.1352 | Avg Loss: 0.1815 | GPU Memory: 12367.8MB
2025-09-10 09:38:01,071 - INFO - Epoch 14 | Batch 10/40 | Loss: 0.2215 | Avg Loss: 0.1855 | GPU Memory: 12367.8MB
2025-09-10 09:38:01,397 - INFO - Epoch 14 | Batch 11/40 | Loss: 0.2358 | Avg Loss: 0.1901 | GPU Memory: 12367.8MB
2025-09-10 09:38:01,722 - INFO - Epoch 14 | Batch 12/40 | Loss: 0.2311 | Avg Loss: 0.1935 | GPU Memory: 12367.8MB
2025-09-10 09:38:02,165 - INFO - Epoch 14 | Batch 13/40 | Loss: 0.4743 | Avg Loss: 0.2151 | GPU Memory: 12367.8MB
2025-09-10 09:38:02,614 - INFO - Epoch 14 | Batch 14/40 | Loss: 0.1385 | Avg Loss: 0.2096 | GPU Memory: 12367.8MB
2025-09-10 09:38:03,050 - INFO - Epoch 14 | Batch 15/40 | Loss: 0.1460 | Avg Loss: 0.2054 | GPU Memory: 12367.8MB
2025-09-10 09:38:03,381 - INFO - Epoch 14 | Batch 16/40 | Loss: 0.1509 | Avg Loss: 0.2020 | GPU Memory: 12367.8MB
2025-09-10 09:38:03,730 - INFO - Epoch 14 | Batch 17/40 | Loss: 0.2356 | Avg Loss: 0.2040 | GPU Memory: 12367.8MB
2025-09-10 09:38:04,120 - INFO - Epoch 14 | Batch 18/40 | Loss: 0.4493 | Avg Loss: 0.2176 | GPU Memory: 12367.8MB
2025-09-10 09:38:04,464 - INFO - Epoch 14 | Batch 19/40 | Loss: 0.2199 | Avg Loss: 0.2177 | GPU Memory: 12367.8MB
2025-09-10 09:38:04,794 - INFO - Epoch 14 | Batch 20/40 | Loss: 0.1512 | Avg Loss: 0.2144 | GPU Memory: 12367.8MB
2025-09-10 09:38:05,159 - INFO - Epoch 14 | Batch 21/40 | Loss: 0.4778 | Avg Loss: 0.2269 | GPU Memory: 12367.8MB
2025-09-10 09:38:05,609 - INFO - Epoch 14 | Batch 22/40 | Loss: 0.2221 | Avg Loss: 0.2267 | GPU Memory: 12367.8MB
2025-09-10 09:38:06,055 - INFO - Epoch 14 | Batch 23/40 | Loss: 0.2372 | Avg Loss: 0.2272 | GPU Memory: 12367.8MB
2025-09-10 09:38:06,504 - INFO - Epoch 14 | Batch 24/40 | Loss: 0.1403 | Avg Loss: 0.2235 | GPU Memory: 12367.8MB
2025-09-10 09:38:06,954 - INFO - Epoch 14 | Batch 25/40 | Loss: 0.1347 | Avg Loss: 0.2200 | GPU Memory: 12367.8MB
2025-09-10 09:38:07,350 - INFO - Epoch 14 | Batch 26/40 | Loss: 0.2292 | Avg Loss: 0.2203 | GPU Memory: 12367.8MB
2025-09-10 09:38:07,685 - INFO - Epoch 14 | Batch 27/40 | Loss: 0.2296 | Avg Loss: 0.2207 | GPU Memory: 12367.8MB
2025-09-10 09:38:08,126 - INFO - Epoch 14 | Batch 28/40 | Loss: 0.1823 | Avg Loss: 0.2193 | GPU Memory: 12367.8MB
2025-09-10 09:38:08,578 - INFO - Epoch 14 | Batch 29/40 | Loss: 0.1469 | Avg Loss: 0.2168 | GPU Memory: 12367.8MB
2025-09-10 09:38:09,021 - INFO - Epoch 14 | Batch 30/40 | Loss: 0.1350 | Avg Loss: 0.2141 | GPU Memory: 12367.8MB
2025-09-10 09:38:09,450 - INFO - Epoch 14 | Batch 31/40 | Loss: 0.1445 | Avg Loss: 0.2118 | GPU Memory: 12367.8MB
2025-09-10 09:38:09,896 - INFO - Epoch 14 | Batch 32/40 | Loss: 0.2244 | Avg Loss: 0.2122 | GPU Memory: 12367.8MB
2025-09-10 09:38:10,228 - INFO - Epoch 14 | Batch 33/40 | Loss: 0.2144 | Avg Loss: 0.2123 | GPU Memory: 12367.8MB
2025-09-10 09:38:10,553 - INFO - Epoch 14 | Batch 34/40 | Loss: 0.1364 | Avg Loss: 0.2101 | GPU Memory: 12367.8MB
2025-09-10 09:38:10,885 - INFO - Epoch 14 | Batch 35/40 | Loss: 0.1396 | Avg Loss: 0.2081 | GPU Memory: 12367.8MB
2025-09-10 09:38:11,217 - INFO - Epoch 14 | Batch 36/40 | Loss: 0.1389 | Avg Loss: 0.2061 | GPU Memory: 12367.8MB
2025-09-10 09:38:11,543 - INFO - Epoch 14 | Batch 37/40 | Loss: 0.2289 | Avg Loss: 0.2067 | GPU Memory: 12367.8MB
2025-09-10 09:38:11,920 - INFO - Epoch 14 | Batch 38/40 | Loss: 0.2232 | Avg Loss: 0.2072 | GPU Memory: 12367.8MB
2025-09-10 09:38:12,257 - INFO - Epoch 14 | Batch 39/40 | Loss: 0.1381 | Avg Loss: 0.2054 | GPU Memory: 12367.8MB
2025-09-10 09:38:12,556 - INFO - Epoch 14 | Batch 40/40 | Loss: 0.1629 | Avg Loss: 0.2023 | GPU Memory: 12365.0MB
2025-09-10 09:38:13,254 - INFO - Epoch 14 completed. Loss: 0.2049, Time: 15.9s
2025-09-10 09:39:06,167 - INFO - Validation | Loss: 0.2887, mIoU: 0.7957, IoUs: [0.99259666 0.93414161 0.79318904 0.4627029 ]
2025-09-10 09:39:09,017 - INFO - Saved best model at epoch 14 to runs/ResNet50UNet_AIM_20250910_092236/checkpoints/ResNet50UNet_AIM_best.pth
2025-09-10 09:39:09,769 - INFO - Epoch 15 | Batch 1/40 | Loss: 0.1347 | Avg Loss: 0.1347 | GPU Memory: 12369.3MB
2025-09-10 09:39:10,104 - INFO - Epoch 15 | Batch 2/40 | Loss: 0.2183 | Avg Loss: 0.1765 | GPU Memory: 12367.8MB
2025-09-10 09:39:10,443 - INFO - Epoch 15 | Batch 3/40 | Loss: 0.2227 | Avg Loss: 0.1919 | GPU Memory: 12367.8MB
2025-09-10 09:39:10,780 - INFO - Epoch 15 | Batch 4/40 | Loss: 0.2178 | Avg Loss: 0.1984 | GPU Memory: 12367.8MB
2025-09-10 09:39:11,106 - INFO - Epoch 15 | Batch 5/40 | Loss: 0.1485 | Avg Loss: 0.1884 | GPU Memory: 12367.8MB
2025-09-10 09:39:11,435 - INFO - Epoch 15 | Batch 6/40 | Loss: 0.2290 | Avg Loss: 0.1952 | GPU Memory: 12367.8MB
2025-09-10 09:39:11,767 - INFO - Epoch 15 | Batch 7/40 | Loss: 0.1355 | Avg Loss: 0.1866 | GPU Memory: 12367.8MB
2025-09-10 09:39:12,091 - INFO - Epoch 15 | Batch 8/40 | Loss: 0.2962 | Avg Loss: 0.2003 | GPU Memory: 12367.8MB
2025-09-10 09:39:12,423 - INFO - Epoch 15 | Batch 9/40 | Loss: 0.1355 | Avg Loss: 0.1931 | GPU Memory: 12367.8MB
2025-09-10 09:39:12,754 - INFO - Epoch 15 | Batch 10/40 | Loss: 0.2200 | Avg Loss: 0.1958 | GPU Memory: 12367.8MB
2025-09-10 09:39:13,078 - INFO - Epoch 15 | Batch 11/40 | Loss: 0.2789 | Avg Loss: 0.2034 | GPU Memory: 12367.8MB
2025-09-10 09:39:13,414 - INFO - Epoch 15 | Batch 12/40 | Loss: 0.1375 | Avg Loss: 0.1979 | GPU Memory: 12367.8MB
2025-09-10 09:39:13,742 - INFO - Epoch 15 | Batch 13/40 | Loss: 0.1473 | Avg Loss: 0.1940 | GPU Memory: 12367.8MB
2025-09-10 09:39:14,071 - INFO - Epoch 15 | Batch 14/40 | Loss: 0.1614 | Avg Loss: 0.1917 | GPU Memory: 12367.8MB
2025-09-10 09:39:14,403 - INFO - Epoch 15 | Batch 15/40 | Loss: 0.2273 | Avg Loss: 0.1940 | GPU Memory: 12367.8MB
2025-09-10 09:39:14,731 - INFO - Epoch 15 | Batch 16/40 | Loss: 0.1462 | Avg Loss: 0.1910 | GPU Memory: 12367.8MB
2025-09-10 09:39:15,058 - INFO - Epoch 15 | Batch 17/40 | Loss: 0.1483 | Avg Loss: 0.1885 | GPU Memory: 12367.8MB
2025-09-10 09:39:15,391 - INFO - Epoch 15 | Batch 18/40 | Loss: 0.1604 | Avg Loss: 0.1870 | GPU Memory: 12367.8MB
2025-09-10 09:39:15,722 - INFO - Epoch 15 | Batch 19/40 | Loss: 0.2342 | Avg Loss: 0.1895 | GPU Memory: 12367.8MB
2025-09-10 09:39:16,050 - INFO - Epoch 15 | Batch 20/40 | Loss: 0.2180 | Avg Loss: 0.1909 | GPU Memory: 12367.8MB
2025-09-10 09:39:16,382 - INFO - Epoch 15 | Batch 21/40 | Loss: 0.2247 | Avg Loss: 0.1925 | GPU Memory: 12367.8MB
2025-09-10 09:39:16,709 - INFO - Epoch 15 | Batch 22/40 | Loss: 0.2202 | Avg Loss: 0.1938 | GPU Memory: 12367.8MB
2025-09-10 09:39:17,036 - INFO - Epoch 15 | Batch 23/40 | Loss: 0.1333 | Avg Loss: 0.1911 | GPU Memory: 12367.8MB
2025-09-10 09:39:17,370 - INFO - Epoch 15 | Batch 24/40 | Loss: 0.1410 | Avg Loss: 0.1890 | GPU Memory: 12367.8MB
2025-09-10 09:39:17,695 - INFO - Epoch 15 | Batch 25/40 | Loss: 0.2154 | Avg Loss: 0.1901 | GPU Memory: 12367.8MB
2025-09-10 09:39:18,027 - INFO - Epoch 15 | Batch 26/40 | Loss: 0.2305 | Avg Loss: 0.1916 | GPU Memory: 12367.8MB
2025-09-10 09:39:18,360 - INFO - Epoch 15 | Batch 27/40 | Loss: 0.1363 | Avg Loss: 0.1896 | GPU Memory: 12367.8MB
2025-09-10 09:39:18,687 - INFO - Epoch 15 | Batch 28/40 | Loss: 0.1319 | Avg Loss: 0.1875 | GPU Memory: 12367.8MB
2025-09-10 09:39:19,013 - INFO - Epoch 15 | Batch 29/40 | Loss: 0.4818 | Avg Loss: 0.1977 | GPU Memory: 12367.8MB
2025-09-10 09:39:19,344 - INFO - Epoch 15 | Batch 30/40 | Loss: 0.4557 | Avg Loss: 0.2063 | GPU Memory: 12367.8MB
2025-09-10 09:39:19,672 - INFO - Epoch 15 | Batch 31/40 | Loss: 0.1359 | Avg Loss: 0.2040 | GPU Memory: 12367.8MB
2025-09-10 09:39:19,999 - INFO - Epoch 15 | Batch 32/40 | Loss: 0.1380 | Avg Loss: 0.2020 | GPU Memory: 12367.8MB
2025-09-10 09:39:20,330 - INFO - Epoch 15 | Batch 33/40 | Loss: 0.2325 | Avg Loss: 0.2029 | GPU Memory: 12367.8MB
2025-09-10 09:39:20,659 - INFO - Epoch 15 | Batch 34/40 | Loss: 0.4632 | Avg Loss: 0.2105 | GPU Memory: 12367.8MB
2025-09-10 09:39:20,990 - INFO - Epoch 15 | Batch 35/40 | Loss: 0.1385 | Avg Loss: 0.2085 | GPU Memory: 12367.8MB
2025-09-10 09:39:21,321 - INFO - Epoch 15 | Batch 36/40 | Loss: 0.1427 | Avg Loss: 0.2066 | GPU Memory: 12367.8MB
2025-09-10 09:39:21,649 - INFO - Epoch 15 | Batch 37/40 | Loss: 0.1503 | Avg Loss: 0.2051 | GPU Memory: 12367.8MB
2025-09-10 09:39:21,981 - INFO - Epoch 15 | Batch 38/40 | Loss: 0.2271 | Avg Loss: 0.2057 | GPU Memory: 12367.8MB
2025-09-10 09:39:22,313 - INFO - Epoch 15 | Batch 39/40 | Loss: 0.2193 | Avg Loss: 0.2061 | GPU Memory: 12367.8MB
2025-09-10 09:39:22,611 - INFO - Epoch 15 | Batch 40/40 | Loss: 0.1899 | Avg Loss: 0.2033 | GPU Memory: 12365.0MB
2025-09-10 09:39:23,316 - INFO - Epoch 15 completed. Loss: 0.2058, Time: 14.3s
2025-09-10 09:40:16,421 - INFO - Validation | Loss: 0.2931, mIoU: 0.7907, IoUs: [0.99273626 0.93414704 0.77073164 0.46515396]
2025-09-10 09:40:17,185 - INFO - Epoch 16 | Batch 1/40 | Loss: 0.1398 | Avg Loss: 0.1398 | GPU Memory: 12369.3MB
2025-09-10 09:40:17,526 - INFO - Epoch 16 | Batch 2/40 | Loss: 0.1350 | Avg Loss: 0.1374 | GPU Memory: 12367.8MB
2025-09-10 09:40:17,860 - INFO - Epoch 16 | Batch 3/40 | Loss: 0.4630 | Avg Loss: 0.2459 | GPU Memory: 12367.8MB
2025-09-10 09:40:18,193 - INFO - Epoch 16 | Batch 4/40 | Loss: 0.2198 | Avg Loss: 0.2394 | GPU Memory: 12367.8MB
2025-09-10 09:40:18,521 - INFO - Epoch 16 | Batch 5/40 | Loss: 0.1438 | Avg Loss: 0.2203 | GPU Memory: 12367.8MB
2025-09-10 09:40:18,855 - INFO - Epoch 16 | Batch 6/40 | Loss: 0.2330 | Avg Loss: 0.2224 | GPU Memory: 12367.8MB
2025-09-10 09:40:19,186 - INFO - Epoch 16 | Batch 7/40 | Loss: 0.2382 | Avg Loss: 0.2247 | GPU Memory: 12367.8MB
2025-09-10 09:40:19,512 - INFO - Epoch 16 | Batch 8/40 | Loss: 0.2177 | Avg Loss: 0.2238 | GPU Memory: 12367.8MB
2025-09-10 09:40:19,846 - INFO - Epoch 16 | Batch 9/40 | Loss: 0.1372 | Avg Loss: 0.2142 | GPU Memory: 12367.8MB
2025-09-10 09:40:20,174 - INFO - Epoch 16 | Batch 10/40 | Loss: 0.1469 | Avg Loss: 0.2074 | GPU Memory: 12367.8MB
2025-09-10 09:40:20,502 - INFO - Epoch 16 | Batch 11/40 | Loss: 0.1562 | Avg Loss: 0.2028 | GPU Memory: 12367.8MB
2025-09-10 09:40:20,833 - INFO - Epoch 16 | Batch 12/40 | Loss: 0.1386 | Avg Loss: 0.1974 | GPU Memory: 12367.8MB
2025-09-10 09:40:21,162 - INFO - Epoch 16 | Batch 13/40 | Loss: 0.4536 | Avg Loss: 0.2171 | GPU Memory: 12367.8MB
2025-09-10 09:40:21,493 - INFO - Epoch 16 | Batch 14/40 | Loss: 0.2205 | Avg Loss: 0.2174 | GPU Memory: 12367.8MB
2025-09-10 09:40:21,825 - INFO - Epoch 16 | Batch 15/40 | Loss: 0.1661 | Avg Loss: 0.2140 | GPU Memory: 12367.8MB
2025-09-10 09:40:22,153 - INFO - Epoch 16 | Batch 16/40 | Loss: 0.1328 | Avg Loss: 0.2089 | GPU Memory: 12367.8MB
2025-09-10 09:40:22,483 - INFO - Epoch 16 | Batch 17/40 | Loss: 0.4554 | Avg Loss: 0.2234 | GPU Memory: 12367.8MB
2025-09-10 09:40:22,813 - INFO - Epoch 16 | Batch 18/40 | Loss: 0.2319 | Avg Loss: 0.2239 | GPU Memory: 12367.8MB
2025-09-10 09:40:23,144 - INFO - Epoch 16 | Batch 19/40 | Loss: 0.1278 | Avg Loss: 0.2188 | GPU Memory: 12367.8MB
2025-09-10 09:40:23,472 - INFO - Epoch 16 | Batch 20/40 | Loss: 0.1307 | Avg Loss: 0.2144 | GPU Memory: 12367.8MB
2025-09-10 09:40:23,804 - INFO - Epoch 16 | Batch 21/40 | Loss: 0.4854 | Avg Loss: 0.2273 | GPU Memory: 12367.8MB
2025-09-10 09:40:24,131 - INFO - Epoch 16 | Batch 22/40 | Loss: 0.1631 | Avg Loss: 0.2244 | GPU Memory: 12367.8MB
2025-09-10 09:40:24,459 - INFO - Epoch 16 | Batch 23/40 | Loss: 0.1484 | Avg Loss: 0.2211 | GPU Memory: 12367.8MB
2025-09-10 09:40:24,793 - INFO - Epoch 16 | Batch 24/40 | Loss: 0.2232 | Avg Loss: 0.2212 | GPU Memory: 12367.8MB
2025-09-10 09:40:25,119 - INFO - Epoch 16 | Batch 25/40 | Loss: 0.1611 | Avg Loss: 0.2188 | GPU Memory: 12367.8MB
2025-09-10 09:40:25,454 - INFO - Epoch 16 | Batch 26/40 | Loss: 0.2289 | Avg Loss: 0.2192 | GPU Memory: 12367.8MB
2025-09-10 09:40:25,787 - INFO - Epoch 16 | Batch 27/40 | Loss: 0.2371 | Avg Loss: 0.2198 | GPU Memory: 12367.8MB
2025-09-10 09:40:26,113 - INFO - Epoch 16 | Batch 28/40 | Loss: 0.2216 | Avg Loss: 0.2199 | GPU Memory: 12367.8MB
2025-09-10 09:40:26,447 - INFO - Epoch 16 | Batch 29/40 | Loss: 0.2208 | Avg Loss: 0.2199 | GPU Memory: 12367.8MB
2025-09-10 09:40:26,779 - INFO - Epoch 16 | Batch 30/40 | Loss: 0.2286 | Avg Loss: 0.2202 | GPU Memory: 12367.8MB
2025-09-10 09:40:27,106 - INFO - Epoch 16 | Batch 31/40 | Loss: 0.4370 | Avg Loss: 0.2272 | GPU Memory: 12367.8MB
2025-09-10 09:40:27,437 - INFO - Epoch 16 | Batch 32/40 | Loss: 0.1332 | Avg Loss: 0.2243 | GPU Memory: 12367.8MB
2025-09-10 09:40:27,771 - INFO - Epoch 16 | Batch 33/40 | Loss: 0.1369 | Avg Loss: 0.2216 | GPU Memory: 12367.8MB
2025-09-10 09:40:28,096 - INFO - Epoch 16 | Batch 34/40 | Loss: 0.1480 | Avg Loss: 0.2194 | GPU Memory: 12367.8MB
2025-09-10 09:40:28,430 - INFO - Epoch 16 | Batch 35/40 | Loss: 0.1625 | Avg Loss: 0.2178 | GPU Memory: 12367.8MB
2025-09-10 09:40:28,763 - INFO - Epoch 16 | Batch 36/40 | Loss: 0.1339 | Avg Loss: 0.2155 | GPU Memory: 12367.8MB
2025-09-10 09:40:29,095 - INFO - Epoch 16 | Batch 37/40 | Loss: 0.1351 | Avg Loss: 0.2133 | GPU Memory: 12367.8MB
2025-09-10 09:40:29,428 - INFO - Epoch 16 | Batch 38/40 | Loss: 0.1472 | Avg Loss: 0.2116 | GPU Memory: 12367.8MB
2025-09-10 09:40:29,762 - INFO - Epoch 16 | Batch 39/40 | Loss: 0.2156 | Avg Loss: 0.2117 | GPU Memory: 12367.8MB
2025-09-10 09:40:30,059 - INFO - Epoch 16 | Batch 40/40 | Loss: 0.1489 | Avg Loss: 0.2082 | GPU Memory: 12365.0MB
2025-09-10 09:40:30,761 - INFO - Epoch 16 completed. Loss: 0.2109, Time: 14.3s
2025-09-10 09:41:23,808 - INFO - Validation | Loss: 0.2859, mIoU: 0.7953, IoUs: [0.99260474 0.9341374  0.78806463 0.46639986]
2025-09-10 09:41:26,658 - INFO - Saved best model at epoch 16 to runs/ResNet50UNet_AIM_20250910_092236/checkpoints/ResNet50UNet_AIM_best.pth
2025-09-10 09:41:27,367 - INFO - Epoch 17 | Batch 1/40 | Loss: 0.1364 | Avg Loss: 0.1364 | GPU Memory: 12369.3MB
2025-09-10 09:41:27,683 - INFO - Epoch 17 | Batch 2/40 | Loss: 0.2239 | Avg Loss: 0.1802 | GPU Memory: 12367.8MB
2025-09-10 09:41:28,001 - INFO - Epoch 17 | Batch 3/40 | Loss: 0.1546 | Avg Loss: 0.1716 | GPU Memory: 12367.8MB
2025-09-10 09:41:28,350 - INFO - Epoch 17 | Batch 4/40 | Loss: 0.2270 | Avg Loss: 0.1855 | GPU Memory: 12367.8MB
2025-09-10 09:41:28,650 - INFO - Epoch 17 | Batch 5/40 | Loss: 0.1633 | Avg Loss: 0.1811 | GPU Memory: 12367.8MB
2025-09-10 09:41:28,978 - INFO - Epoch 17 | Batch 6/40 | Loss: 0.3126 | Avg Loss: 0.2030 | GPU Memory: 12367.8MB
2025-09-10 09:41:29,306 - INFO - Epoch 17 | Batch 7/40 | Loss: 0.2203 | Avg Loss: 0.2055 | GPU Memory: 12367.8MB
2025-09-10 09:41:29,632 - INFO - Epoch 17 | Batch 8/40 | Loss: 0.1486 | Avg Loss: 0.1983 | GPU Memory: 12367.8MB
2025-09-10 09:41:29,961 - INFO - Epoch 17 | Batch 9/40 | Loss: 0.1447 | Avg Loss: 0.1924 | GPU Memory: 12367.8MB
2025-09-10 09:41:30,288 - INFO - Epoch 17 | Batch 10/40 | Loss: 0.2231 | Avg Loss: 0.1955 | GPU Memory: 12367.8MB
2025-09-10 09:41:30,614 - INFO - Epoch 17 | Batch 11/40 | Loss: 0.1528 | Avg Loss: 0.1916 | GPU Memory: 12367.8MB
2025-09-10 09:41:30,942 - INFO - Epoch 17 | Batch 12/40 | Loss: 0.1355 | Avg Loss: 0.1869 | GPU Memory: 12367.8MB
2025-09-10 09:41:31,270 - INFO - Epoch 17 | Batch 13/40 | Loss: 0.1394 | Avg Loss: 0.1832 | GPU Memory: 12367.8MB
2025-09-10 09:41:31,597 - INFO - Epoch 17 | Batch 14/40 | Loss: 0.1550 | Avg Loss: 0.1812 | GPU Memory: 12367.8MB
2025-09-10 09:41:31,928 - INFO - Epoch 17 | Batch 15/40 | Loss: 0.2205 | Avg Loss: 0.1838 | GPU Memory: 12367.8MB
2025-09-10 09:41:32,252 - INFO - Epoch 17 | Batch 16/40 | Loss: 0.4605 | Avg Loss: 0.2011 | GPU Memory: 12367.8MB
2025-09-10 09:41:32,580 - INFO - Epoch 17 | Batch 17/40 | Loss: 0.4627 | Avg Loss: 0.2165 | GPU Memory: 12367.8MB
2025-09-10 09:41:32,907 - INFO - Epoch 17 | Batch 18/40 | Loss: 0.2196 | Avg Loss: 0.2167 | GPU Memory: 12367.8MB
2025-09-10 09:41:33,231 - INFO - Epoch 17 | Batch 19/40 | Loss: 0.4534 | Avg Loss: 0.2291 | GPU Memory: 12367.8MB
2025-09-10 09:41:33,560 - INFO - Epoch 17 | Batch 20/40 | Loss: 0.4660 | Avg Loss: 0.2410 | GPU Memory: 12367.8MB
2025-09-10 09:41:33,886 - INFO - Epoch 17 | Batch 21/40 | Loss: 0.1547 | Avg Loss: 0.2369 | GPU Memory: 12367.8MB
2025-09-10 09:41:34,214 - INFO - Epoch 17 | Batch 22/40 | Loss: 0.1461 | Avg Loss: 0.2328 | GPU Memory: 12367.8MB
2025-09-10 09:41:34,543 - INFO - Epoch 17 | Batch 23/40 | Loss: 0.1425 | Avg Loss: 0.2288 | GPU Memory: 12367.8MB
2025-09-10 09:41:34,871 - INFO - Epoch 17 | Batch 24/40 | Loss: 0.4607 | Avg Loss: 0.2385 | GPU Memory: 12367.8MB
2025-09-10 09:41:35,199 - INFO - Epoch 17 | Batch 25/40 | Loss: 0.1373 | Avg Loss: 0.2344 | GPU Memory: 12367.8MB
2025-09-10 09:41:35,528 - INFO - Epoch 17 | Batch 26/40 | Loss: 0.1367 | Avg Loss: 0.2307 | GPU Memory: 12367.8MB
2025-09-10 09:41:35,854 - INFO - Epoch 17 | Batch 27/40 | Loss: 0.2186 | Avg Loss: 0.2302 | GPU Memory: 12367.8MB
2025-09-10 09:41:36,183 - INFO - Epoch 17 | Batch 28/40 | Loss: 0.1490 | Avg Loss: 0.2273 | GPU Memory: 12367.8MB
2025-09-10 09:41:36,510 - INFO - Epoch 17 | Batch 29/40 | Loss: 0.1481 | Avg Loss: 0.2246 | GPU Memory: 12367.8MB
2025-09-10 09:41:36,834 - INFO - Epoch 17 | Batch 30/40 | Loss: 0.1317 | Avg Loss: 0.2215 | GPU Memory: 12367.8MB
2025-09-10 09:41:37,164 - INFO - Epoch 17 | Batch 31/40 | Loss: 0.1349 | Avg Loss: 0.2187 | GPU Memory: 12367.8MB
2025-09-10 09:41:37,493 - INFO - Epoch 17 | Batch 32/40 | Loss: 0.1610 | Avg Loss: 0.2169 | GPU Memory: 12367.8MB
2025-09-10 09:41:37,823 - INFO - Epoch 17 | Batch 33/40 | Loss: 0.2431 | Avg Loss: 0.2177 | GPU Memory: 12367.8MB
2025-09-10 09:41:38,151 - INFO - Epoch 17 | Batch 34/40 | Loss: 0.1575 | Avg Loss: 0.2159 | GPU Memory: 12367.8MB
2025-09-10 09:41:38,479 - INFO - Epoch 17 | Batch 35/40 | Loss: 0.1382 | Avg Loss: 0.2137 | GPU Memory: 12367.8MB
2025-09-10 09:41:38,807 - INFO - Epoch 17 | Batch 36/40 | Loss: 0.2145 | Avg Loss: 0.2137 | GPU Memory: 12367.8MB
2025-09-10 09:41:39,135 - INFO - Epoch 17 | Batch 37/40 | Loss: 0.2318 | Avg Loss: 0.2142 | GPU Memory: 12367.8MB
2025-09-10 09:41:39,463 - INFO - Epoch 17 | Batch 38/40 | Loss: 0.1380 | Avg Loss: 0.2122 | GPU Memory: 12367.8MB
2025-09-10 09:41:39,790 - INFO - Epoch 17 | Batch 39/40 | Loss: 0.2234 | Avg Loss: 0.2125 | GPU Memory: 12367.8MB
2025-09-10 09:41:40,089 - INFO - Epoch 17 | Batch 40/40 | Loss: 0.4670 | Avg Loss: 0.2130 | GPU Memory: 12365.0MB
2025-09-10 09:41:40,794 - INFO - Epoch 17 completed. Loss: 0.2157, Time: 14.1s
2025-09-10 09:42:34,288 - INFO - Validation | Loss: 0.2999, mIoU: 0.7890, IoUs: [0.99277655 0.93427913 0.75095689 0.47783161]
2025-09-10 09:42:35,040 - INFO - Epoch 18 | Batch 1/40 | Loss: 0.2278 | Avg Loss: 0.2278 | GPU Memory: 12369.3MB
2025-09-10 09:42:35,405 - INFO - Epoch 18 | Batch 2/40 | Loss: 0.1475 | Avg Loss: 0.1876 | GPU Memory: 12367.8MB
2025-09-10 09:42:35,901 - INFO - Epoch 18 | Batch 3/40 | Loss: 0.4757 | Avg Loss: 0.2836 | GPU Memory: 12367.8MB
2025-09-10 09:42:36,228 - INFO - Epoch 18 | Batch 4/40 | Loss: 0.4373 | Avg Loss: 0.3221 | GPU Memory: 12367.8MB
2025-09-10 09:42:36,555 - INFO - Epoch 18 | Batch 5/40 | Loss: 0.2188 | Avg Loss: 0.3014 | GPU Memory: 12367.8MB
2025-09-10 09:42:36,882 - INFO - Epoch 18 | Batch 6/40 | Loss: 0.1360 | Avg Loss: 0.2738 | GPU Memory: 12367.8MB
2025-09-10 09:42:37,214 - INFO - Epoch 18 | Batch 7/40 | Loss: 0.1597 | Avg Loss: 0.2575 | GPU Memory: 12367.8MB
2025-09-10 09:42:37,562 - INFO - Epoch 18 | Batch 8/40 | Loss: 0.1470 | Avg Loss: 0.2437 | GPU Memory: 12367.8MB
2025-09-10 09:42:37,911 - INFO - Epoch 18 | Batch 9/40 | Loss: 0.1652 | Avg Loss: 0.2350 | GPU Memory: 12367.8MB
2025-09-10 09:42:38,239 - INFO - Epoch 18 | Batch 10/40 | Loss: 0.2227 | Avg Loss: 0.2338 | GPU Memory: 12367.8MB
2025-09-10 09:42:38,573 - INFO - Epoch 18 | Batch 11/40 | Loss: 0.1433 | Avg Loss: 0.2255 | GPU Memory: 12367.8MB
2025-09-10 09:42:38,902 - INFO - Epoch 18 | Batch 12/40 | Loss: 0.2280 | Avg Loss: 0.2257 | GPU Memory: 12367.8MB
2025-09-10 09:42:39,227 - INFO - Epoch 18 | Batch 13/40 | Loss: 0.1457 | Avg Loss: 0.2196 | GPU Memory: 12367.8MB
2025-09-10 09:42:39,555 - INFO - Epoch 18 | Batch 14/40 | Loss: 0.1509 | Avg Loss: 0.2147 | GPU Memory: 12367.8MB
2025-09-10 09:42:39,881 - INFO - Epoch 18 | Batch 15/40 | Loss: 0.2412 | Avg Loss: 0.2165 | GPU Memory: 12367.8MB
2025-09-10 09:42:40,209 - INFO - Epoch 18 | Batch 16/40 | Loss: 0.2184 | Avg Loss: 0.2166 | GPU Memory: 12367.8MB
2025-09-10 09:42:40,537 - INFO - Epoch 18 | Batch 17/40 | Loss: 0.1301 | Avg Loss: 0.2115 | GPU Memory: 12367.8MB
2025-09-10 09:42:40,861 - INFO - Epoch 18 | Batch 18/40 | Loss: 0.1341 | Avg Loss: 0.2072 | GPU Memory: 12367.8MB
2025-09-10 09:42:41,188 - INFO - Epoch 18 | Batch 19/40 | Loss: 0.4800 | Avg Loss: 0.2216 | GPU Memory: 12367.8MB
2025-09-10 09:42:41,531 - INFO - Epoch 18 | Batch 20/40 | Loss: 0.1346 | Avg Loss: 0.2172 | GPU Memory: 12367.8MB
2025-09-10 09:42:41,859 - INFO - Epoch 18 | Batch 21/40 | Loss: 0.1426 | Avg Loss: 0.2137 | GPU Memory: 12367.8MB
2025-09-10 09:42:42,260 - INFO - Epoch 18 | Batch 22/40 | Loss: 0.4674 | Avg Loss: 0.2252 | GPU Memory: 12367.8MB
2025-09-10 09:42:42,710 - INFO - Epoch 18 | Batch 23/40 | Loss: 0.1404 | Avg Loss: 0.2215 | GPU Memory: 12367.8MB
2025-09-10 09:42:43,093 - INFO - Epoch 18 | Batch 24/40 | Loss: 0.2239 | Avg Loss: 0.2216 | GPU Memory: 12367.8MB
2025-09-10 09:42:43,417 - INFO - Epoch 18 | Batch 25/40 | Loss: 0.2207 | Avg Loss: 0.2216 | GPU Memory: 12367.8MB
2025-09-10 09:42:43,746 - INFO - Epoch 18 | Batch 26/40 | Loss: 0.1372 | Avg Loss: 0.2183 | GPU Memory: 12367.8MB
2025-09-10 09:42:44,073 - INFO - Epoch 18 | Batch 27/40 | Loss: 0.1381 | Avg Loss: 0.2153 | GPU Memory: 12367.8MB
2025-09-10 09:42:44,413 - INFO - Epoch 18 | Batch 28/40 | Loss: 0.1299 | Avg Loss: 0.2123 | GPU Memory: 12367.8MB
2025-09-10 09:42:44,741 - INFO - Epoch 18 | Batch 29/40 | Loss: 0.2196 | Avg Loss: 0.2126 | GPU Memory: 12367.8MB
2025-09-10 09:42:45,071 - INFO - Epoch 18 | Batch 30/40 | Loss: 0.2269 | Avg Loss: 0.2130 | GPU Memory: 12367.8MB
2025-09-10 09:42:45,403 - INFO - Epoch 18 | Batch 31/40 | Loss: 0.1334 | Avg Loss: 0.2105 | GPU Memory: 12367.8MB
2025-09-10 09:42:45,731 - INFO - Epoch 18 | Batch 32/40 | Loss: 0.1369 | Avg Loss: 0.2082 | GPU Memory: 12367.8MB
2025-09-10 09:42:46,060 - INFO - Epoch 18 | Batch 33/40 | Loss: 0.2219 | Avg Loss: 0.2086 | GPU Memory: 12367.8MB
2025-09-10 09:42:46,387 - INFO - Epoch 18 | Batch 34/40 | Loss: 0.2267 | Avg Loss: 0.2091 | GPU Memory: 12367.8MB
2025-09-10 09:42:46,716 - INFO - Epoch 18 | Batch 35/40 | Loss: 0.2288 | Avg Loss: 0.2097 | GPU Memory: 12367.8MB
2025-09-10 09:42:47,044 - INFO - Epoch 18 | Batch 36/40 | Loss: 0.1325 | Avg Loss: 0.2075 | GPU Memory: 12367.8MB
2025-09-10 09:42:47,369 - INFO - Epoch 18 | Batch 37/40 | Loss: 0.1402 | Avg Loss: 0.2057 | GPU Memory: 12367.8MB
2025-09-10 09:42:47,699 - INFO - Epoch 18 | Batch 38/40 | Loss: 0.1545 | Avg Loss: 0.2044 | GPU Memory: 12367.8MB
2025-09-10 09:42:48,024 - INFO - Epoch 18 | Batch 39/40 | Loss: 0.2239 | Avg Loss: 0.2049 | GPU Memory: 12367.8MB
2025-09-10 09:42:48,321 - INFO - Epoch 18 | Batch 40/40 | Loss: 0.4316 | Avg Loss: 0.2051 | GPU Memory: 12365.0MB
2025-09-10 09:42:48,998 - INFO - Epoch 18 completed. Loss: 0.2077, Time: 14.7s
2025-09-10 09:43:42,103 - INFO - Validation | Loss: 0.2989, mIoU: 0.7849, IoUs: [0.99281158 0.93434478 0.74587209 0.46670166]
2025-09-10 09:43:42,103 - INFO - Early stopping triggered after 5 epochs with no improvement.
2025-09-10 09:43:42,103 - INFO - Training completed
2025-09-10 09:43:42,104 - INFO - Average Validation Loss: 0.4290  0.2663
2025-09-10 09:43:42,104 - INFO - Average Validation mIoU: 0.7647  0.0423
2025-09-10 09:43:42,104 - INFO - Average Per-class IoU: Class 0: 0.9852, Class 1: 0.9203, Class 2: 0.7112, Class 3: 0.4421
