2025-09-10 08:45:54,176 - INFO - Training ResNet50UNet_AIM Model using device: cuda
Run directory: runs/ResNet50UNet_AIM_20250910_084554
Configuration:
{
    "name": "ResNet50UNet_AIM",
    "data_root": "/media/be-light/Data/PG_Gdansk/Torun_secondment/Experiments/dataset/cityscapes",
    "num_classes": 4,
    "crop_size": 256,
    "batch_size": 2,
    "val_batch_size": 2,
    "num_epochs": 25,
    "lr": 0.0001,
    "log_dir": "runs",
    "resume": null,
    "early_stop_patience": 5
}
2025-09-10 08:45:54,177 - INFO - Training samples: 79, Validation samples: 20
2025-09-10 08:45:55,490 - INFO - Epoch 1 | Batch 1/40 | Loss: 1.4226 | Avg Loss: 1.4226 | GPU Memory: 12365.0MB
2025-09-10 08:45:55,814 - INFO - Epoch 1 | Batch 2/40 | Loss: 1.3422 | Avg Loss: 1.3824 | GPU Memory: 12366.1MB
2025-09-10 08:45:56,161 - INFO - Epoch 1 | Batch 3/40 | Loss: 1.2832 | Avg Loss: 1.3493 | GPU Memory: 12368.2MB
2025-09-10 08:45:56,465 - INFO - Epoch 1 | Batch 4/40 | Loss: 1.2573 | Avg Loss: 1.3263 | GPU Memory: 12369.7MB
2025-09-10 08:45:56,829 - INFO - Epoch 1 | Batch 5/40 | Loss: 1.2317 | Avg Loss: 1.3074 | GPU Memory: 12367.8MB
2025-09-10 08:45:57,177 - INFO - Epoch 1 | Batch 6/40 | Loss: 1.2034 | Avg Loss: 1.2901 | GPU Memory: 12367.8MB
2025-09-10 08:45:57,582 - INFO - Epoch 1 | Batch 7/40 | Loss: 1.1542 | Avg Loss: 1.2707 | GPU Memory: 12367.8MB
2025-09-10 08:45:57,911 - INFO - Epoch 1 | Batch 8/40 | Loss: 1.1354 | Avg Loss: 1.2538 | GPU Memory: 12367.8MB
2025-09-10 08:45:58,242 - INFO - Epoch 1 | Batch 9/40 | Loss: 1.1030 | Avg Loss: 1.2370 | GPU Memory: 12367.8MB
2025-09-10 08:45:58,573 - INFO - Epoch 1 | Batch 10/40 | Loss: 1.0803 | Avg Loss: 1.2213 | GPU Memory: 12367.8MB
2025-09-10 08:45:58,909 - INFO - Epoch 1 | Batch 11/40 | Loss: 1.0988 | Avg Loss: 1.2102 | GPU Memory: 12367.8MB
2025-09-10 08:45:59,346 - INFO - Epoch 1 | Batch 12/40 | Loss: 1.0772 | Avg Loss: 1.1991 | GPU Memory: 12367.8MB
2025-09-10 08:45:59,803 - INFO - Epoch 1 | Batch 13/40 | Loss: 1.0180 | Avg Loss: 1.1852 | GPU Memory: 12367.8MB
2025-09-10 08:46:00,213 - INFO - Epoch 1 | Batch 14/40 | Loss: 1.0232 | Avg Loss: 1.1736 | GPU Memory: 12367.8MB
2025-09-10 08:46:00,551 - INFO - Epoch 1 | Batch 15/40 | Loss: 0.9967 | Avg Loss: 1.1618 | GPU Memory: 12367.8MB
2025-09-10 08:46:00,879 - INFO - Epoch 1 | Batch 16/40 | Loss: 0.9938 | Avg Loss: 1.1513 | GPU Memory: 12367.8MB
2025-09-10 08:46:01,206 - INFO - Epoch 1 | Batch 17/40 | Loss: 0.9581 | Avg Loss: 1.1400 | GPU Memory: 12367.8MB
2025-09-10 08:46:01,535 - INFO - Epoch 1 | Batch 18/40 | Loss: 0.9522 | Avg Loss: 1.1295 | GPU Memory: 12367.8MB
2025-09-10 08:46:01,866 - INFO - Epoch 1 | Batch 19/40 | Loss: 0.9404 | Avg Loss: 1.1196 | GPU Memory: 12367.8MB
2025-09-10 08:46:02,194 - INFO - Epoch 1 | Batch 20/40 | Loss: 0.9060 | Avg Loss: 1.1089 | GPU Memory: 12367.8MB
2025-09-10 08:46:02,523 - INFO - Epoch 1 | Batch 21/40 | Loss: 0.8845 | Avg Loss: 1.0982 | GPU Memory: 12367.8MB
2025-09-10 08:46:02,844 - INFO - Epoch 1 | Batch 22/40 | Loss: 0.8733 | Avg Loss: 1.0880 | GPU Memory: 12367.8MB
2025-09-10 08:46:03,172 - INFO - Epoch 1 | Batch 23/40 | Loss: 0.8642 | Avg Loss: 1.0782 | GPU Memory: 12367.8MB
2025-09-10 08:46:03,498 - INFO - Epoch 1 | Batch 24/40 | Loss: 0.8314 | Avg Loss: 1.0680 | GPU Memory: 12367.8MB
2025-09-10 08:46:03,825 - INFO - Epoch 1 | Batch 25/40 | Loss: 0.8300 | Avg Loss: 1.0584 | GPU Memory: 12367.8MB
2025-09-10 08:46:04,152 - INFO - Epoch 1 | Batch 26/40 | Loss: 0.8066 | Avg Loss: 1.0488 | GPU Memory: 12367.8MB
2025-09-10 08:46:04,476 - INFO - Epoch 1 | Batch 27/40 | Loss: 0.7800 | Avg Loss: 1.0388 | GPU Memory: 12367.8MB
2025-09-10 08:46:04,804 - INFO - Epoch 1 | Batch 28/40 | Loss: 0.7600 | Avg Loss: 1.0288 | GPU Memory: 12367.8MB
2025-09-10 08:46:05,130 - INFO - Epoch 1 | Batch 29/40 | Loss: 0.7445 | Avg Loss: 1.0190 | GPU Memory: 12367.8MB
2025-09-10 08:46:05,460 - INFO - Epoch 1 | Batch 30/40 | Loss: 0.7417 | Avg Loss: 1.0098 | GPU Memory: 12367.8MB
2025-09-10 08:46:05,788 - INFO - Epoch 1 | Batch 31/40 | Loss: 0.7076 | Avg Loss: 1.0000 | GPU Memory: 12367.8MB
2025-09-10 08:46:06,115 - INFO - Epoch 1 | Batch 32/40 | Loss: 0.7119 | Avg Loss: 0.9910 | GPU Memory: 12367.8MB
2025-09-10 08:46:06,445 - INFO - Epoch 1 | Batch 33/40 | Loss: 0.6888 | Avg Loss: 0.9819 | GPU Memory: 12367.8MB
2025-09-10 08:46:06,774 - INFO - Epoch 1 | Batch 34/40 | Loss: 0.6610 | Avg Loss: 0.9724 | GPU Memory: 12367.8MB
2025-09-10 08:46:07,101 - INFO - Epoch 1 | Batch 35/40 | Loss: 0.6434 | Avg Loss: 0.9630 | GPU Memory: 12367.8MB
2025-09-10 08:46:07,427 - INFO - Epoch 1 | Batch 36/40 | Loss: 0.6346 | Avg Loss: 0.9539 | GPU Memory: 12367.8MB
2025-09-10 08:46:07,756 - INFO - Epoch 1 | Batch 37/40 | Loss: 0.6147 | Avg Loss: 0.9448 | GPU Memory: 12367.8MB
2025-09-10 08:46:08,085 - INFO - Epoch 1 | Batch 38/40 | Loss: 0.6124 | Avg Loss: 0.9360 | GPU Memory: 12367.8MB
2025-09-10 08:46:08,407 - INFO - Epoch 1 | Batch 39/40 | Loss: 0.5778 | Avg Loss: 0.9268 | GPU Memory: 12367.8MB
2025-09-10 08:46:08,914 - INFO - Epoch 1 | Batch 40/40 | Loss: 0.5688 | Avg Loss: 0.9108 | GPU Memory: 12366.4MB
2025-09-10 08:46:09,651 - INFO - Epoch 1 completed. Loss: 0.9223, Time: 15.5s
2025-09-10 08:47:03,144 - INFO - Validation | Loss: 0.5636, mIoU: 0.7373, IoUs: [0.98299616 0.85742322 0.66896856 0.43971919]
2025-09-10 08:47:05,921 - INFO - Saved best model at epoch 1 to runs/ResNet50UNet_AIM_20250910_084554/checkpoints/ResNet50UNet_AIM_best.pth
2025-09-10 08:47:06,617 - INFO - Epoch 2 | Batch 1/40 | Loss: 0.5533 | Avg Loss: 0.5533 | GPU Memory: 12367.0MB
2025-09-10 08:47:06,931 - INFO - Epoch 2 | Batch 2/40 | Loss: 0.5348 | Avg Loss: 0.5441 | GPU Memory: 12371.2MB
2025-09-10 08:47:07,274 - INFO - Epoch 2 | Batch 3/40 | Loss: 0.5287 | Avg Loss: 0.5389 | GPU Memory: 12370.4MB
2025-09-10 08:47:07,589 - INFO - Epoch 2 | Batch 4/40 | Loss: 0.5047 | Avg Loss: 0.5304 | GPU Memory: 12367.8MB
2025-09-10 08:47:07,916 - INFO - Epoch 2 | Batch 5/40 | Loss: 0.5015 | Avg Loss: 0.5246 | GPU Memory: 12367.8MB
2025-09-10 08:47:08,345 - INFO - Epoch 2 | Batch 6/40 | Loss: 0.4857 | Avg Loss: 0.5181 | GPU Memory: 12367.8MB
2025-09-10 08:47:08,799 - INFO - Epoch 2 | Batch 7/40 | Loss: 0.4703 | Avg Loss: 0.5113 | GPU Memory: 12367.8MB
2025-09-10 08:47:09,251 - INFO - Epoch 2 | Batch 8/40 | Loss: 0.4770 | Avg Loss: 0.5070 | GPU Memory: 12367.8MB
2025-09-10 08:47:09,580 - INFO - Epoch 2 | Batch 9/40 | Loss: 0.4570 | Avg Loss: 0.5014 | GPU Memory: 12367.8MB
2025-09-10 08:47:09,925 - INFO - Epoch 2 | Batch 10/40 | Loss: 0.4463 | Avg Loss: 0.4959 | GPU Memory: 12367.8MB
2025-09-10 08:47:10,278 - INFO - Epoch 2 | Batch 11/40 | Loss: 0.4288 | Avg Loss: 0.4898 | GPU Memory: 12367.8MB
2025-09-10 08:47:10,640 - INFO - Epoch 2 | Batch 12/40 | Loss: 0.4182 | Avg Loss: 0.4838 | GPU Memory: 12367.8MB
2025-09-10 08:47:10,981 - INFO - Epoch 2 | Batch 13/40 | Loss: 0.4204 | Avg Loss: 0.4790 | GPU Memory: 12367.8MB
2025-09-10 08:47:11,310 - INFO - Epoch 2 | Batch 14/40 | Loss: 0.3956 | Avg Loss: 0.4730 | GPU Memory: 12367.8MB
2025-09-10 08:47:11,640 - INFO - Epoch 2 | Batch 15/40 | Loss: 0.3806 | Avg Loss: 0.4668 | GPU Memory: 12367.8MB
2025-09-10 08:47:11,965 - INFO - Epoch 2 | Batch 16/40 | Loss: 0.3865 | Avg Loss: 0.4618 | GPU Memory: 12367.8MB
2025-09-10 08:47:12,289 - INFO - Epoch 2 | Batch 17/40 | Loss: 0.3814 | Avg Loss: 0.4571 | GPU Memory: 12367.8MB
2025-09-10 08:47:12,614 - INFO - Epoch 2 | Batch 18/40 | Loss: 0.3549 | Avg Loss: 0.4514 | GPU Memory: 12367.8MB
2025-09-10 08:47:12,940 - INFO - Epoch 2 | Batch 19/40 | Loss: 0.3709 | Avg Loss: 0.4472 | GPU Memory: 12367.8MB
2025-09-10 08:47:13,262 - INFO - Epoch 2 | Batch 20/40 | Loss: 0.3531 | Avg Loss: 0.4425 | GPU Memory: 12367.8MB
2025-09-10 08:47:13,589 - INFO - Epoch 2 | Batch 21/40 | Loss: 0.3352 | Avg Loss: 0.4374 | GPU Memory: 12367.8MB
2025-09-10 08:47:13,913 - INFO - Epoch 2 | Batch 22/40 | Loss: 0.3276 | Avg Loss: 0.4324 | GPU Memory: 12367.8MB
2025-09-10 08:47:14,240 - INFO - Epoch 2 | Batch 23/40 | Loss: 0.3220 | Avg Loss: 0.4276 | GPU Memory: 12367.8MB
2025-09-10 08:47:14,565 - INFO - Epoch 2 | Batch 24/40 | Loss: 0.3244 | Avg Loss: 0.4233 | GPU Memory: 12367.8MB
2025-09-10 08:47:14,890 - INFO - Epoch 2 | Batch 25/40 | Loss: 0.3169 | Avg Loss: 0.4190 | GPU Memory: 12367.8MB
2025-09-10 08:47:15,218 - INFO - Epoch 2 | Batch 26/40 | Loss: 0.3048 | Avg Loss: 0.4146 | GPU Memory: 12367.8MB
2025-09-10 08:47:15,544 - INFO - Epoch 2 | Batch 27/40 | Loss: 0.2915 | Avg Loss: 0.4101 | GPU Memory: 12367.8MB
2025-09-10 08:47:15,868 - INFO - Epoch 2 | Batch 28/40 | Loss: 0.2917 | Avg Loss: 0.4058 | GPU Memory: 12367.8MB
2025-09-10 08:47:16,194 - INFO - Epoch 2 | Batch 29/40 | Loss: 0.2763 | Avg Loss: 0.4014 | GPU Memory: 12367.8MB
2025-09-10 08:47:16,519 - INFO - Epoch 2 | Batch 30/40 | Loss: 0.2827 | Avg Loss: 0.3974 | GPU Memory: 12367.8MB
2025-09-10 08:47:16,844 - INFO - Epoch 2 | Batch 31/40 | Loss: 0.2737 | Avg Loss: 0.3934 | GPU Memory: 12367.8MB
2025-09-10 08:47:17,170 - INFO - Epoch 2 | Batch 32/40 | Loss: 0.2596 | Avg Loss: 0.3892 | GPU Memory: 12367.8MB
2025-09-10 08:47:17,496 - INFO - Epoch 2 | Batch 33/40 | Loss: 0.2490 | Avg Loss: 0.3850 | GPU Memory: 12367.8MB
2025-09-10 08:47:17,821 - INFO - Epoch 2 | Batch 34/40 | Loss: 0.2427 | Avg Loss: 0.3808 | GPU Memory: 12367.8MB
2025-09-10 08:47:18,148 - INFO - Epoch 2 | Batch 35/40 | Loss: 0.2771 | Avg Loss: 0.3778 | GPU Memory: 12367.8MB
2025-09-10 08:47:18,473 - INFO - Epoch 2 | Batch 36/40 | Loss: 0.2652 | Avg Loss: 0.3747 | GPU Memory: 12367.8MB
2025-09-10 08:47:18,799 - INFO - Epoch 2 | Batch 37/40 | Loss: 0.2296 | Avg Loss: 0.3708 | GPU Memory: 12367.8MB
2025-09-10 08:47:19,125 - INFO - Epoch 2 | Batch 38/40 | Loss: 0.2224 | Avg Loss: 0.3669 | GPU Memory: 12367.8MB
2025-09-10 08:47:19,448 - INFO - Epoch 2 | Batch 39/40 | Loss: 0.2430 | Avg Loss: 0.3637 | GPU Memory: 12367.8MB
2025-09-10 08:47:19,743 - INFO - Epoch 2 | Batch 40/40 | Loss: 0.2338 | Avg Loss: 0.3575 | GPU Memory: 12365.0MB
2025-09-10 08:47:20,434 - INFO - Epoch 2 completed. Loss: 0.3621, Time: 14.5s
2025-09-10 08:48:14,325 - INFO - Validation | Loss: 0.2234, mIoU: 0.7475, IoUs: [0.98759527 0.89661223 0.69272922 0.41289012]
2025-09-10 08:48:17,213 - INFO - Saved best model at epoch 2 to runs/ResNet50UNet_AIM_20250910_084554/checkpoints/ResNet50UNet_AIM_best.pth
2025-09-10 08:48:17,950 - INFO - Epoch 3 | Batch 1/40 | Loss: 0.2129 | Avg Loss: 0.2129 | GPU Memory: 12369.3MB
2025-09-10 08:48:18,290 - INFO - Epoch 3 | Batch 2/40 | Loss: 0.2275 | Avg Loss: 0.2202 | GPU Memory: 12367.8MB
2025-09-10 08:48:18,631 - INFO - Epoch 3 | Batch 3/40 | Loss: 0.2080 | Avg Loss: 0.2161 | GPU Memory: 12367.8MB
2025-09-10 08:48:18,960 - INFO - Epoch 3 | Batch 4/40 | Loss: 0.2198 | Avg Loss: 0.2170 | GPU Memory: 12367.8MB
2025-09-10 08:48:19,284 - INFO - Epoch 3 | Batch 5/40 | Loss: 0.2086 | Avg Loss: 0.2154 | GPU Memory: 12367.8MB
2025-09-10 08:48:19,723 - INFO - Epoch 3 | Batch 6/40 | Loss: 0.1920 | Avg Loss: 0.2115 | GPU Memory: 12367.8MB
2025-09-10 08:48:20,176 - INFO - Epoch 3 | Batch 7/40 | Loss: 0.1957 | Avg Loss: 0.2092 | GPU Memory: 12367.8MB
2025-09-10 08:48:20,585 - INFO - Epoch 3 | Batch 8/40 | Loss: 0.1895 | Avg Loss: 0.2068 | GPU Memory: 12367.8MB
2025-09-10 08:48:20,913 - INFO - Epoch 3 | Batch 9/40 | Loss: 0.1978 | Avg Loss: 0.2058 | GPU Memory: 12367.8MB
2025-09-10 08:48:21,318 - INFO - Epoch 3 | Batch 10/40 | Loss: 0.1938 | Avg Loss: 0.2046 | GPU Memory: 12367.8MB
2025-09-10 08:48:21,759 - INFO - Epoch 3 | Batch 11/40 | Loss: 0.1875 | Avg Loss: 0.2030 | GPU Memory: 12367.8MB
2025-09-10 08:48:22,210 - INFO - Epoch 3 | Batch 12/40 | Loss: 0.1720 | Avg Loss: 0.2004 | GPU Memory: 12367.8MB
2025-09-10 08:48:22,550 - INFO - Epoch 3 | Batch 13/40 | Loss: 0.1853 | Avg Loss: 0.1993 | GPU Memory: 12367.8MB
2025-09-10 08:48:22,879 - INFO - Epoch 3 | Batch 14/40 | Loss: 0.2004 | Avg Loss: 0.1993 | GPU Memory: 12367.8MB
2025-09-10 08:48:23,206 - INFO - Epoch 3 | Batch 15/40 | Loss: 0.1579 | Avg Loss: 0.1966 | GPU Memory: 12367.8MB
2025-09-10 08:48:23,536 - INFO - Epoch 3 | Batch 16/40 | Loss: 0.1610 | Avg Loss: 0.1944 | GPU Memory: 12367.8MB
2025-09-10 08:48:23,863 - INFO - Epoch 3 | Batch 17/40 | Loss: 0.1712 | Avg Loss: 0.1930 | GPU Memory: 12367.8MB
2025-09-10 08:48:24,189 - INFO - Epoch 3 | Batch 18/40 | Loss: 0.1760 | Avg Loss: 0.1921 | GPU Memory: 12367.8MB
2025-09-10 08:48:24,519 - INFO - Epoch 3 | Batch 19/40 | Loss: 0.1567 | Avg Loss: 0.1902 | GPU Memory: 12367.8MB
2025-09-10 08:48:24,846 - INFO - Epoch 3 | Batch 20/40 | Loss: 0.1733 | Avg Loss: 0.1893 | GPU Memory: 12367.8MB
2025-09-10 08:48:25,175 - INFO - Epoch 3 | Batch 21/40 | Loss: 0.1484 | Avg Loss: 0.1874 | GPU Memory: 12367.8MB
2025-09-10 08:48:25,503 - INFO - Epoch 3 | Batch 22/40 | Loss: 0.1494 | Avg Loss: 0.1857 | GPU Memory: 12367.8MB
2025-09-10 08:48:25,828 - INFO - Epoch 3 | Batch 23/40 | Loss: 0.1588 | Avg Loss: 0.1845 | GPU Memory: 12367.8MB
2025-09-10 08:48:26,157 - INFO - Epoch 3 | Batch 24/40 | Loss: 0.1774 | Avg Loss: 0.1842 | GPU Memory: 12367.8MB
2025-09-10 08:48:26,483 - INFO - Epoch 3 | Batch 25/40 | Loss: 0.1428 | Avg Loss: 0.1826 | GPU Memory: 12367.8MB
2025-09-10 08:48:26,813 - INFO - Epoch 3 | Batch 26/40 | Loss: 0.1628 | Avg Loss: 0.1818 | GPU Memory: 12367.8MB
2025-09-10 08:48:27,142 - INFO - Epoch 3 | Batch 27/40 | Loss: 0.1330 | Avg Loss: 0.1800 | GPU Memory: 12367.8MB
2025-09-10 08:48:27,469 - INFO - Epoch 3 | Batch 28/40 | Loss: 0.1552 | Avg Loss: 0.1791 | GPU Memory: 12367.8MB
2025-09-10 08:48:27,797 - INFO - Epoch 3 | Batch 29/40 | Loss: 0.1780 | Avg Loss: 0.1791 | GPU Memory: 12367.8MB
2025-09-10 08:48:28,125 - INFO - Epoch 3 | Batch 30/40 | Loss: 0.1656 | Avg Loss: 0.1786 | GPU Memory: 12367.8MB
2025-09-10 08:48:28,455 - INFO - Epoch 3 | Batch 31/40 | Loss: 0.1376 | Avg Loss: 0.1773 | GPU Memory: 12367.8MB
2025-09-10 08:48:28,781 - INFO - Epoch 3 | Batch 32/40 | Loss: 0.1516 | Avg Loss: 0.1765 | GPU Memory: 12367.8MB
2025-09-10 08:48:29,114 - INFO - Epoch 3 | Batch 33/40 | Loss: 0.1320 | Avg Loss: 0.1751 | GPU Memory: 12367.8MB
2025-09-10 08:48:29,439 - INFO - Epoch 3 | Batch 34/40 | Loss: 0.1466 | Avg Loss: 0.1743 | GPU Memory: 12367.8MB
2025-09-10 08:48:29,767 - INFO - Epoch 3 | Batch 35/40 | Loss: 0.1405 | Avg Loss: 0.1733 | GPU Memory: 12367.8MB
2025-09-10 08:48:30,094 - INFO - Epoch 3 | Batch 36/40 | Loss: 0.1422 | Avg Loss: 0.1725 | GPU Memory: 12367.8MB
2025-09-10 08:48:30,424 - INFO - Epoch 3 | Batch 37/40 | Loss: 0.1437 | Avg Loss: 0.1717 | GPU Memory: 12367.8MB
2025-09-10 08:48:30,753 - INFO - Epoch 3 | Batch 38/40 | Loss: 0.1427 | Avg Loss: 0.1709 | GPU Memory: 12367.8MB
2025-09-10 08:48:31,080 - INFO - Epoch 3 | Batch 39/40 | Loss: 0.1285 | Avg Loss: 0.1698 | GPU Memory: 12367.8MB
2025-09-10 08:48:31,377 - INFO - Epoch 3 | Batch 40/40 | Loss: 0.1366 | Avg Loss: 0.1673 | GPU Memory: 12365.0MB
2025-09-10 08:48:32,078 - INFO - Epoch 3 completed. Loss: 0.1694, Time: 14.9s
2025-09-10 08:49:25,646 - INFO - Validation | Loss: 0.1374, mIoU: 0.7543, IoUs: [0.98885993 0.89899002 0.70716085 0.42233562]
2025-09-10 08:49:28,515 - INFO - Saved best model at epoch 3 to runs/ResNet50UNet_AIM_20250910_084554/checkpoints/ResNet50UNet_AIM_best.pth
2025-09-10 08:49:29,251 - INFO - Epoch 4 | Batch 1/40 | Loss: 0.1323 | Avg Loss: 0.1323 | GPU Memory: 12369.3MB
2025-09-10 08:49:29,585 - INFO - Epoch 4 | Batch 2/40 | Loss: 0.1357 | Avg Loss: 0.1340 | GPU Memory: 12367.8MB
2025-09-10 08:49:29,938 - INFO - Epoch 4 | Batch 3/40 | Loss: 0.1162 | Avg Loss: 0.1281 | GPU Memory: 12367.8MB
2025-09-10 08:49:30,271 - INFO - Epoch 4 | Batch 4/40 | Loss: 0.1338 | Avg Loss: 0.1295 | GPU Memory: 12367.8MB
2025-09-10 08:49:30,600 - INFO - Epoch 4 | Batch 5/40 | Loss: 0.1371 | Avg Loss: 0.1310 | GPU Memory: 12367.8MB
2025-09-10 08:49:30,926 - INFO - Epoch 4 | Batch 6/40 | Loss: 0.1210 | Avg Loss: 0.1293 | GPU Memory: 12367.8MB
2025-09-10 08:49:31,254 - INFO - Epoch 4 | Batch 7/40 | Loss: 0.1171 | Avg Loss: 0.1276 | GPU Memory: 12367.8MB
2025-09-10 08:49:31,581 - INFO - Epoch 4 | Batch 8/40 | Loss: 0.1146 | Avg Loss: 0.1260 | GPU Memory: 12367.8MB
2025-09-10 08:49:31,908 - INFO - Epoch 4 | Batch 9/40 | Loss: 0.1164 | Avg Loss: 0.1249 | GPU Memory: 12367.8MB
2025-09-10 08:49:32,235 - INFO - Epoch 4 | Batch 10/40 | Loss: 0.1485 | Avg Loss: 0.1273 | GPU Memory: 12367.8MB
2025-09-10 08:49:32,560 - INFO - Epoch 4 | Batch 11/40 | Loss: 0.1151 | Avg Loss: 0.1262 | GPU Memory: 12367.8MB
2025-09-10 08:49:32,963 - INFO - Epoch 4 | Batch 12/40 | Loss: 0.1069 | Avg Loss: 0.1245 | GPU Memory: 12367.8MB
2025-09-10 08:49:33,414 - INFO - Epoch 4 | Batch 13/40 | Loss: 0.1131 | Avg Loss: 0.1237 | GPU Memory: 12367.8MB
2025-09-10 08:49:33,854 - INFO - Epoch 4 | Batch 14/40 | Loss: 0.1340 | Avg Loss: 0.1244 | GPU Memory: 12367.8MB
2025-09-10 08:49:34,200 - INFO - Epoch 4 | Batch 15/40 | Loss: 0.1055 | Avg Loss: 0.1231 | GPU Memory: 12367.8MB
2025-09-10 08:49:34,524 - INFO - Epoch 4 | Batch 16/40 | Loss: 0.1114 | Avg Loss: 0.1224 | GPU Memory: 12367.8MB
2025-09-10 08:49:34,847 - INFO - Epoch 4 | Batch 17/40 | Loss: 0.1149 | Avg Loss: 0.1220 | GPU Memory: 12367.8MB
2025-09-10 08:49:35,173 - INFO - Epoch 4 | Batch 18/40 | Loss: 0.1060 | Avg Loss: 0.1211 | GPU Memory: 12367.8MB
2025-09-10 08:49:35,498 - INFO - Epoch 4 | Batch 19/40 | Loss: 0.0996 | Avg Loss: 0.1199 | GPU Memory: 12367.8MB
2025-09-10 08:49:35,820 - INFO - Epoch 4 | Batch 20/40 | Loss: 0.1060 | Avg Loss: 0.1192 | GPU Memory: 12367.8MB
2025-09-10 08:49:36,144 - INFO - Epoch 4 | Batch 21/40 | Loss: 0.1122 | Avg Loss: 0.1189 | GPU Memory: 12367.8MB
2025-09-10 08:49:36,466 - INFO - Epoch 4 | Batch 22/40 | Loss: 0.1399 | Avg Loss: 0.1199 | GPU Memory: 12367.8MB
2025-09-10 08:49:36,792 - INFO - Epoch 4 | Batch 23/40 | Loss: 0.1132 | Avg Loss: 0.1196 | GPU Memory: 12367.8MB
2025-09-10 08:49:37,118 - INFO - Epoch 4 | Batch 24/40 | Loss: 0.1138 | Avg Loss: 0.1193 | GPU Memory: 12367.8MB
2025-09-10 08:49:37,441 - INFO - Epoch 4 | Batch 25/40 | Loss: 0.0969 | Avg Loss: 0.1184 | GPU Memory: 12367.8MB
2025-09-10 08:49:37,763 - INFO - Epoch 4 | Batch 26/40 | Loss: 0.0929 | Avg Loss: 0.1175 | GPU Memory: 12367.8MB
2025-09-10 08:49:38,090 - INFO - Epoch 4 | Batch 27/40 | Loss: 0.1102 | Avg Loss: 0.1172 | GPU Memory: 12367.8MB
2025-09-10 08:49:38,413 - INFO - Epoch 4 | Batch 28/40 | Loss: 0.1512 | Avg Loss: 0.1184 | GPU Memory: 12367.8MB
2025-09-10 08:49:38,736 - INFO - Epoch 4 | Batch 29/40 | Loss: 0.1266 | Avg Loss: 0.1187 | GPU Memory: 12367.8MB
2025-09-10 08:49:39,059 - INFO - Epoch 4 | Batch 30/40 | Loss: 0.1471 | Avg Loss: 0.1196 | GPU Memory: 12367.8MB
2025-09-10 08:49:39,384 - INFO - Epoch 4 | Batch 31/40 | Loss: 0.0903 | Avg Loss: 0.1187 | GPU Memory: 12367.8MB
2025-09-10 08:49:39,710 - INFO - Epoch 4 | Batch 32/40 | Loss: 0.0877 | Avg Loss: 0.1177 | GPU Memory: 12367.8MB
2025-09-10 08:49:40,033 - INFO - Epoch 4 | Batch 33/40 | Loss: 0.1245 | Avg Loss: 0.1179 | GPU Memory: 12367.8MB
2025-09-10 08:49:40,422 - INFO - Epoch 4 | Batch 34/40 | Loss: 0.0968 | Avg Loss: 0.1173 | GPU Memory: 12367.8MB
2025-09-10 08:49:40,767 - INFO - Epoch 4 | Batch 35/40 | Loss: 0.1169 | Avg Loss: 0.1173 | GPU Memory: 12367.8MB
2025-09-10 08:49:41,093 - INFO - Epoch 4 | Batch 36/40 | Loss: 0.0935 | Avg Loss: 0.1166 | GPU Memory: 12367.8MB
2025-09-10 08:49:41,417 - INFO - Epoch 4 | Batch 37/40 | Loss: 0.1273 | Avg Loss: 0.1169 | GPU Memory: 12367.8MB
2025-09-10 08:49:41,745 - INFO - Epoch 4 | Batch 38/40 | Loss: 0.0948 | Avg Loss: 0.1163 | GPU Memory: 12367.8MB
2025-09-10 08:49:42,073 - INFO - Epoch 4 | Batch 39/40 | Loss: 0.1074 | Avg Loss: 0.1161 | GPU Memory: 12367.8MB
2025-09-10 08:49:42,369 - INFO - Epoch 4 | Batch 40/40 | Loss: 0.1418 | Avg Loss: 0.1150 | GPU Memory: 12365.0MB
2025-09-10 08:49:43,066 - INFO - Epoch 4 completed. Loss: 0.1164, Time: 14.5s
2025-09-10 08:50:36,975 - INFO - Validation | Loss: 0.1043, mIoU: 0.7617, IoUs: [0.98993689 0.90623379 0.70559991 0.44519141]
2025-09-10 08:50:39,887 - INFO - Saved best model at epoch 4 to runs/ResNet50UNet_AIM_20250910_084554/checkpoints/ResNet50UNet_AIM_best.pth
2025-09-10 08:50:40,665 - INFO - Epoch 5 | Batch 1/40 | Loss: 0.1110 | Avg Loss: 0.1110 | GPU Memory: 12369.3MB
2025-09-10 08:50:41,033 - INFO - Epoch 5 | Batch 2/40 | Loss: 0.0951 | Avg Loss: 0.1031 | GPU Memory: 12367.8MB
2025-09-10 08:50:41,375 - INFO - Epoch 5 | Batch 3/40 | Loss: 0.0975 | Avg Loss: 0.1012 | GPU Memory: 12367.8MB
2025-09-10 08:50:41,707 - INFO - Epoch 5 | Batch 4/40 | Loss: 0.0951 | Avg Loss: 0.0997 | GPU Memory: 12367.8MB
2025-09-10 08:50:42,041 - INFO - Epoch 5 | Batch 5/40 | Loss: 0.1040 | Avg Loss: 0.1005 | GPU Memory: 12367.8MB
2025-09-10 08:50:42,377 - INFO - Epoch 5 | Batch 6/40 | Loss: 0.0887 | Avg Loss: 0.0986 | GPU Memory: 12367.8MB
2025-09-10 08:50:42,720 - INFO - Epoch 5 | Batch 7/40 | Loss: 0.0967 | Avg Loss: 0.0983 | GPU Memory: 12367.8MB
2025-09-10 08:50:43,074 - INFO - Epoch 5 | Batch 8/40 | Loss: 0.1028 | Avg Loss: 0.0989 | GPU Memory: 12367.8MB
2025-09-10 08:50:43,409 - INFO - Epoch 5 | Batch 9/40 | Loss: 0.1118 | Avg Loss: 0.1003 | GPU Memory: 12367.8MB
2025-09-10 08:50:43,757 - INFO - Epoch 5 | Batch 10/40 | Loss: 0.0829 | Avg Loss: 0.0986 | GPU Memory: 12367.8MB
2025-09-10 08:50:44,089 - INFO - Epoch 5 | Batch 11/40 | Loss: 0.1060 | Avg Loss: 0.0992 | GPU Memory: 12367.8MB
2025-09-10 08:50:44,438 - INFO - Epoch 5 | Batch 12/40 | Loss: 0.0886 | Avg Loss: 0.0984 | GPU Memory: 12367.8MB
2025-09-10 08:50:44,800 - INFO - Epoch 5 | Batch 13/40 | Loss: 0.0947 | Avg Loss: 0.0981 | GPU Memory: 12367.8MB
2025-09-10 08:50:45,132 - INFO - Epoch 5 | Batch 14/40 | Loss: 0.1080 | Avg Loss: 0.0988 | GPU Memory: 12367.8MB
2025-09-10 08:50:45,489 - INFO - Epoch 5 | Batch 15/40 | Loss: 0.0979 | Avg Loss: 0.0987 | GPU Memory: 12367.8MB
2025-09-10 08:50:45,816 - INFO - Epoch 5 | Batch 16/40 | Loss: 0.0945 | Avg Loss: 0.0985 | GPU Memory: 12367.8MB
2025-09-10 08:50:46,169 - INFO - Epoch 5 | Batch 17/40 | Loss: 0.0969 | Avg Loss: 0.0984 | GPU Memory: 12367.8MB
2025-09-10 08:50:46,496 - INFO - Epoch 5 | Batch 18/40 | Loss: 0.0807 | Avg Loss: 0.0974 | GPU Memory: 12367.8MB
2025-09-10 08:50:46,843 - INFO - Epoch 5 | Batch 19/40 | Loss: 0.0775 | Avg Loss: 0.0963 | GPU Memory: 12367.8MB
2025-09-10 08:50:47,247 - INFO - Epoch 5 | Batch 20/40 | Loss: 0.0885 | Avg Loss: 0.0960 | GPU Memory: 12367.8MB
2025-09-10 08:50:47,647 - INFO - Epoch 5 | Batch 21/40 | Loss: 0.1045 | Avg Loss: 0.0964 | GPU Memory: 12367.8MB
2025-09-10 08:50:47,980 - INFO - Epoch 5 | Batch 22/40 | Loss: 0.0733 | Avg Loss: 0.0953 | GPU Memory: 12367.8MB
2025-09-10 08:50:48,319 - INFO - Epoch 5 | Batch 23/40 | Loss: 0.1375 | Avg Loss: 0.0971 | GPU Memory: 12367.8MB
2025-09-10 08:50:48,651 - INFO - Epoch 5 | Batch 24/40 | Loss: 0.0905 | Avg Loss: 0.0969 | GPU Memory: 12367.8MB
2025-09-10 08:50:49,039 - INFO - Epoch 5 | Batch 25/40 | Loss: 0.0755 | Avg Loss: 0.0960 | GPU Memory: 12367.8MB
2025-09-10 08:50:49,420 - INFO - Epoch 5 | Batch 26/40 | Loss: 0.0958 | Avg Loss: 0.0960 | GPU Memory: 12367.8MB
2025-09-10 08:50:49,752 - INFO - Epoch 5 | Batch 27/40 | Loss: 0.0792 | Avg Loss: 0.0954 | GPU Memory: 12367.8MB
2025-09-10 08:50:50,083 - INFO - Epoch 5 | Batch 28/40 | Loss: 0.0803 | Avg Loss: 0.0948 | GPU Memory: 12367.8MB
2025-09-10 08:50:50,476 - INFO - Epoch 5 | Batch 29/40 | Loss: 0.0914 | Avg Loss: 0.0947 | GPU Memory: 12367.8MB
2025-09-10 08:50:50,898 - INFO - Epoch 5 | Batch 30/40 | Loss: 0.0798 | Avg Loss: 0.0942 | GPU Memory: 12367.8MB
2025-09-10 08:50:51,283 - INFO - Epoch 5 | Batch 31/40 | Loss: 0.0779 | Avg Loss: 0.0937 | GPU Memory: 12367.8MB
2025-09-10 08:50:51,668 - INFO - Epoch 5 | Batch 32/40 | Loss: 0.1124 | Avg Loss: 0.0943 | GPU Memory: 12367.8MB
2025-09-10 08:50:52,006 - INFO - Epoch 5 | Batch 33/40 | Loss: 0.0799 | Avg Loss: 0.0938 | GPU Memory: 12367.8MB
2025-09-10 08:50:52,455 - INFO - Epoch 5 | Batch 34/40 | Loss: 0.1102 | Avg Loss: 0.0943 | GPU Memory: 12367.8MB
2025-09-10 08:50:52,901 - INFO - Epoch 5 | Batch 35/40 | Loss: 0.0721 | Avg Loss: 0.0937 | GPU Memory: 12367.8MB
2025-09-10 08:50:53,353 - INFO - Epoch 5 | Batch 36/40 | Loss: 0.1153 | Avg Loss: 0.0943 | GPU Memory: 12367.8MB
2025-09-10 08:50:53,801 - INFO - Epoch 5 | Batch 37/40 | Loss: 0.0688 | Avg Loss: 0.0936 | GPU Memory: 12367.8MB
2025-09-10 08:50:54,247 - INFO - Epoch 5 | Batch 38/40 | Loss: 0.0901 | Avg Loss: 0.0935 | GPU Memory: 12367.8MB
2025-09-10 08:50:54,698 - INFO - Epoch 5 | Batch 39/40 | Loss: 0.0807 | Avg Loss: 0.0932 | GPU Memory: 12367.8MB
2025-09-10 08:50:54,999 - INFO - Epoch 5 | Batch 40/40 | Loss: 0.0646 | Avg Loss: 0.0917 | GPU Memory: 12365.0MB
2025-09-10 08:50:55,719 - INFO - Epoch 5 completed. Loss: 0.0928, Time: 15.8s
2025-09-10 08:51:48,899 - INFO - Validation | Loss: 0.0942, mIoU: 0.7628, IoUs: [0.98858162 0.88030131 0.70797285 0.47435504]
2025-09-10 08:51:51,903 - INFO - Saved best model at epoch 5 to runs/ResNet50UNet_AIM_20250910_084554/checkpoints/ResNet50UNet_AIM_best.pth
2025-09-10 08:51:52,633 - INFO - Epoch 6 | Batch 1/40 | Loss: 0.0665 | Avg Loss: 0.0665 | GPU Memory: 12369.3MB
2025-09-10 08:51:52,970 - INFO - Epoch 6 | Batch 2/40 | Loss: 0.0697 | Avg Loss: 0.0681 | GPU Memory: 12367.8MB
2025-09-10 08:51:53,316 - INFO - Epoch 6 | Batch 3/40 | Loss: 0.0918 | Avg Loss: 0.0760 | GPU Memory: 12367.8MB
2025-09-10 08:51:53,652 - INFO - Epoch 6 | Batch 4/40 | Loss: 0.0645 | Avg Loss: 0.0731 | GPU Memory: 12367.8MB
2025-09-10 08:51:54,004 - INFO - Epoch 6 | Batch 5/40 | Loss: 0.0740 | Avg Loss: 0.0733 | GPU Memory: 12367.8MB
2025-09-10 08:51:54,334 - INFO - Epoch 6 | Batch 6/40 | Loss: 0.1001 | Avg Loss: 0.0778 | GPU Memory: 12367.8MB
2025-09-10 08:51:54,778 - INFO - Epoch 6 | Batch 7/40 | Loss: 0.1067 | Avg Loss: 0.0819 | GPU Memory: 12367.8MB
2025-09-10 08:51:55,230 - INFO - Epoch 6 | Batch 8/40 | Loss: 0.0691 | Avg Loss: 0.0803 | GPU Memory: 12367.8MB
2025-09-10 08:51:55,625 - INFO - Epoch 6 | Batch 9/40 | Loss: 0.0709 | Avg Loss: 0.0793 | GPU Memory: 12367.8MB
2025-09-10 08:51:56,003 - INFO - Epoch 6 | Batch 10/40 | Loss: 0.1104 | Avg Loss: 0.0824 | GPU Memory: 12367.8MB
2025-09-10 08:51:56,333 - INFO - Epoch 6 | Batch 11/40 | Loss: 0.0654 | Avg Loss: 0.0808 | GPU Memory: 12367.8MB
2025-09-10 08:51:56,671 - INFO - Epoch 6 | Batch 12/40 | Loss: 0.0677 | Avg Loss: 0.0797 | GPU Memory: 12367.8MB
2025-09-10 08:51:57,015 - INFO - Epoch 6 | Batch 13/40 | Loss: 0.0823 | Avg Loss: 0.0799 | GPU Memory: 12367.8MB
2025-09-10 08:51:57,433 - INFO - Epoch 6 | Batch 14/40 | Loss: 0.0675 | Avg Loss: 0.0790 | GPU Memory: 12367.8MB
2025-09-10 08:51:57,791 - INFO - Epoch 6 | Batch 15/40 | Loss: 0.0752 | Avg Loss: 0.0788 | GPU Memory: 12367.8MB
2025-09-10 08:51:58,181 - INFO - Epoch 6 | Batch 16/40 | Loss: 0.0938 | Avg Loss: 0.0797 | GPU Memory: 12367.8MB
2025-09-10 08:51:58,520 - INFO - Epoch 6 | Batch 17/40 | Loss: 0.1035 | Avg Loss: 0.0811 | GPU Memory: 12367.8MB
2025-09-10 08:51:58,895 - INFO - Epoch 6 | Batch 18/40 | Loss: 0.0985 | Avg Loss: 0.0821 | GPU Memory: 12367.8MB
2025-09-10 08:51:59,220 - INFO - Epoch 6 | Batch 19/40 | Loss: 0.0653 | Avg Loss: 0.0812 | GPU Memory: 12367.8MB
2025-09-10 08:51:59,606 - INFO - Epoch 6 | Batch 20/40 | Loss: 0.1065 | Avg Loss: 0.0825 | GPU Memory: 12367.8MB
2025-09-10 08:51:59,991 - INFO - Epoch 6 | Batch 21/40 | Loss: 0.0854 | Avg Loss: 0.0826 | GPU Memory: 12367.8MB
2025-09-10 08:52:00,321 - INFO - Epoch 6 | Batch 22/40 | Loss: 0.0662 | Avg Loss: 0.0819 | GPU Memory: 12367.8MB
2025-09-10 08:52:00,676 - INFO - Epoch 6 | Batch 23/40 | Loss: 0.0887 | Avg Loss: 0.0822 | GPU Memory: 12367.8MB
2025-09-10 08:52:01,071 - INFO - Epoch 6 | Batch 24/40 | Loss: 0.0881 | Avg Loss: 0.0824 | GPU Memory: 12367.8MB
2025-09-10 08:52:01,507 - INFO - Epoch 6 | Batch 25/40 | Loss: 0.0751 | Avg Loss: 0.0821 | GPU Memory: 12367.8MB
2025-09-10 08:52:01,860 - INFO - Epoch 6 | Batch 26/40 | Loss: 0.0727 | Avg Loss: 0.0818 | GPU Memory: 12367.8MB
2025-09-10 08:52:02,231 - INFO - Epoch 6 | Batch 27/40 | Loss: 0.0794 | Avg Loss: 0.0817 | GPU Memory: 12367.8MB
2025-09-10 08:52:02,696 - INFO - Epoch 6 | Batch 28/40 | Loss: 0.0667 | Avg Loss: 0.0811 | GPU Memory: 12367.8MB
2025-09-10 08:52:03,051 - INFO - Epoch 6 | Batch 29/40 | Loss: 0.0653 | Avg Loss: 0.0806 | GPU Memory: 12367.8MB
2025-09-10 08:52:03,449 - INFO - Epoch 6 | Batch 30/40 | Loss: 0.0785 | Avg Loss: 0.0805 | GPU Memory: 12367.8MB
2025-09-10 08:52:03,827 - INFO - Epoch 6 | Batch 31/40 | Loss: 0.1220 | Avg Loss: 0.0819 | GPU Memory: 12367.8MB
2025-09-10 08:52:04,160 - INFO - Epoch 6 | Batch 32/40 | Loss: 0.0869 | Avg Loss: 0.0820 | GPU Memory: 12367.8MB
2025-09-10 08:52:04,487 - INFO - Epoch 6 | Batch 33/40 | Loss: 0.0833 | Avg Loss: 0.0821 | GPU Memory: 12367.8MB
2025-09-10 08:52:04,810 - INFO - Epoch 6 | Batch 34/40 | Loss: 0.0782 | Avg Loss: 0.0819 | GPU Memory: 12367.8MB
2025-09-10 08:52:05,136 - INFO - Epoch 6 | Batch 35/40 | Loss: 0.0788 | Avg Loss: 0.0818 | GPU Memory: 12367.8MB
2025-09-10 08:52:05,463 - INFO - Epoch 6 | Batch 36/40 | Loss: 0.0637 | Avg Loss: 0.0813 | GPU Memory: 12367.8MB
2025-09-10 08:52:05,787 - INFO - Epoch 6 | Batch 37/40 | Loss: 0.0725 | Avg Loss: 0.0811 | GPU Memory: 12367.8MB
2025-09-10 08:52:06,111 - INFO - Epoch 6 | Batch 38/40 | Loss: 0.1049 | Avg Loss: 0.0817 | GPU Memory: 12367.8MB
2025-09-10 08:52:06,437 - INFO - Epoch 6 | Batch 39/40 | Loss: 0.0950 | Avg Loss: 0.0821 | GPU Memory: 12367.8MB
2025-09-10 08:52:06,730 - INFO - Epoch 6 | Batch 40/40 | Loss: 0.0697 | Avg Loss: 0.0809 | GPU Memory: 12365.0MB
2025-09-10 08:52:07,444 - INFO - Epoch 6 completed. Loss: 0.0819, Time: 15.5s
2025-09-10 08:53:00,723 - INFO - Validation | Loss: 0.0832, mIoU: 0.7808, IoUs: [0.99236309 0.92504382 0.73723943 0.46861582]
2025-09-10 08:53:03,665 - INFO - Saved best model at epoch 6 to runs/ResNet50UNet_AIM_20250910_084554/checkpoints/ResNet50UNet_AIM_best.pth
2025-09-10 08:53:04,468 - INFO - Epoch 7 | Batch 1/40 | Loss: 0.1031 | Avg Loss: 0.1031 | GPU Memory: 12369.3MB
2025-09-10 08:53:04,819 - INFO - Epoch 7 | Batch 2/40 | Loss: 0.0844 | Avg Loss: 0.0938 | GPU Memory: 12367.8MB
2025-09-10 08:53:05,149 - INFO - Epoch 7 | Batch 3/40 | Loss: 0.0988 | Avg Loss: 0.0954 | GPU Memory: 12367.8MB
2025-09-10 08:53:05,473 - INFO - Epoch 7 | Batch 4/40 | Loss: 0.0823 | Avg Loss: 0.0922 | GPU Memory: 12367.8MB
2025-09-10 08:53:05,798 - INFO - Epoch 7 | Batch 5/40 | Loss: 0.0690 | Avg Loss: 0.0875 | GPU Memory: 12367.8MB
2025-09-10 08:53:06,123 - INFO - Epoch 7 | Batch 6/40 | Loss: 0.0709 | Avg Loss: 0.0847 | GPU Memory: 12367.8MB
2025-09-10 08:53:06,449 - INFO - Epoch 7 | Batch 7/40 | Loss: 0.0773 | Avg Loss: 0.0837 | GPU Memory: 12367.8MB
2025-09-10 08:53:06,774 - INFO - Epoch 7 | Batch 8/40 | Loss: 0.0997 | Avg Loss: 0.0857 | GPU Memory: 12367.8MB
2025-09-10 08:53:07,098 - INFO - Epoch 7 | Batch 9/40 | Loss: 0.0850 | Avg Loss: 0.0856 | GPU Memory: 12367.8MB
2025-09-10 08:53:07,426 - INFO - Epoch 7 | Batch 10/40 | Loss: 0.0986 | Avg Loss: 0.0869 | GPU Memory: 12367.8MB
2025-09-10 08:53:07,746 - INFO - Epoch 7 | Batch 11/40 | Loss: 0.0674 | Avg Loss: 0.0851 | GPU Memory: 12367.8MB
2025-09-10 08:53:08,071 - INFO - Epoch 7 | Batch 12/40 | Loss: 0.0763 | Avg Loss: 0.0844 | GPU Memory: 12367.8MB
2025-09-10 08:53:08,395 - INFO - Epoch 7 | Batch 13/40 | Loss: 0.0800 | Avg Loss: 0.0841 | GPU Memory: 12367.8MB
2025-09-10 08:53:08,721 - INFO - Epoch 7 | Batch 14/40 | Loss: 0.0778 | Avg Loss: 0.0836 | GPU Memory: 12367.8MB
2025-09-10 08:53:09,047 - INFO - Epoch 7 | Batch 15/40 | Loss: 0.0852 | Avg Loss: 0.0837 | GPU Memory: 12367.8MB
2025-09-10 08:53:09,371 - INFO - Epoch 7 | Batch 16/40 | Loss: 0.0769 | Avg Loss: 0.0833 | GPU Memory: 12367.8MB
2025-09-10 08:53:09,696 - INFO - Epoch 7 | Batch 17/40 | Loss: 0.0634 | Avg Loss: 0.0821 | GPU Memory: 12367.8MB
2025-09-10 08:53:10,023 - INFO - Epoch 7 | Batch 18/40 | Loss: 0.0613 | Avg Loss: 0.0810 | GPU Memory: 12367.8MB
2025-09-10 08:53:10,350 - INFO - Epoch 7 | Batch 19/40 | Loss: 0.0754 | Avg Loss: 0.0807 | GPU Memory: 12367.8MB
2025-09-10 08:53:10,675 - INFO - Epoch 7 | Batch 20/40 | Loss: 0.0726 | Avg Loss: 0.0803 | GPU Memory: 12367.8MB
2025-09-10 08:53:11,001 - INFO - Epoch 7 | Batch 21/40 | Loss: 0.0760 | Avg Loss: 0.0801 | GPU Memory: 12367.8MB
2025-09-10 08:53:11,328 - INFO - Epoch 7 | Batch 22/40 | Loss: 0.0864 | Avg Loss: 0.0803 | GPU Memory: 12367.8MB
2025-09-10 08:53:11,652 - INFO - Epoch 7 | Batch 23/40 | Loss: 0.0778 | Avg Loss: 0.0802 | GPU Memory: 12367.8MB
2025-09-10 08:53:11,977 - INFO - Epoch 7 | Batch 24/40 | Loss: 0.0995 | Avg Loss: 0.0810 | GPU Memory: 12367.8MB
2025-09-10 08:53:12,302 - INFO - Epoch 7 | Batch 25/40 | Loss: 0.0716 | Avg Loss: 0.0807 | GPU Memory: 12367.8MB
2025-09-10 08:53:12,629 - INFO - Epoch 7 | Batch 26/40 | Loss: 0.0685 | Avg Loss: 0.0802 | GPU Memory: 12367.8MB
2025-09-10 08:53:12,950 - INFO - Epoch 7 | Batch 27/40 | Loss: 0.0598 | Avg Loss: 0.0794 | GPU Memory: 12367.8MB
2025-09-10 08:53:13,278 - INFO - Epoch 7 | Batch 28/40 | Loss: 0.0843 | Avg Loss: 0.0796 | GPU Memory: 12367.8MB
2025-09-10 08:53:13,602 - INFO - Epoch 7 | Batch 29/40 | Loss: 0.0700 | Avg Loss: 0.0793 | GPU Memory: 12367.8MB
2025-09-10 08:53:13,928 - INFO - Epoch 7 | Batch 30/40 | Loss: 0.0588 | Avg Loss: 0.0786 | GPU Memory: 12367.8MB
2025-09-10 08:53:14,253 - INFO - Epoch 7 | Batch 31/40 | Loss: 0.0999 | Avg Loss: 0.0793 | GPU Memory: 12367.8MB
2025-09-10 08:53:14,578 - INFO - Epoch 7 | Batch 32/40 | Loss: 0.0664 | Avg Loss: 0.0789 | GPU Memory: 12367.8MB
2025-09-10 08:53:14,903 - INFO - Epoch 7 | Batch 33/40 | Loss: 0.0849 | Avg Loss: 0.0791 | GPU Memory: 12367.8MB
2025-09-10 08:53:15,230 - INFO - Epoch 7 | Batch 34/40 | Loss: 0.0874 | Avg Loss: 0.0793 | GPU Memory: 12367.8MB
2025-09-10 08:53:15,553 - INFO - Epoch 7 | Batch 35/40 | Loss: 0.0611 | Avg Loss: 0.0788 | GPU Memory: 12367.8MB
2025-09-10 08:53:15,877 - INFO - Epoch 7 | Batch 36/40 | Loss: 0.0700 | Avg Loss: 0.0785 | GPU Memory: 12367.8MB
2025-09-10 08:53:16,202 - INFO - Epoch 7 | Batch 37/40 | Loss: 0.0646 | Avg Loss: 0.0782 | GPU Memory: 12367.8MB
2025-09-10 08:53:16,528 - INFO - Epoch 7 | Batch 38/40 | Loss: 0.0787 | Avg Loss: 0.0782 | GPU Memory: 12367.8MB
2025-09-10 08:53:16,853 - INFO - Epoch 7 | Batch 39/40 | Loss: 0.0767 | Avg Loss: 0.0781 | GPU Memory: 12367.8MB
2025-09-10 08:53:17,146 - INFO - Epoch 7 | Batch 40/40 | Loss: 0.0752 | Avg Loss: 0.0771 | GPU Memory: 12365.0MB
2025-09-10 08:53:17,859 - INFO - Epoch 7 completed. Loss: 0.0781, Time: 14.2s
2025-09-10 08:54:11,086 - INFO - Validation | Loss: 0.0873, mIoU: 0.7765, IoUs: [0.99249477 0.92637772 0.70759735 0.47933216]
2025-09-10 08:54:11,867 - INFO - Epoch 8 | Batch 1/40 | Loss: 0.0924 | Avg Loss: 0.0924 | GPU Memory: 12369.3MB
2025-09-10 08:54:12,247 - INFO - Epoch 8 | Batch 2/40 | Loss: 0.0735 | Avg Loss: 0.0830 | GPU Memory: 12367.8MB
2025-09-10 08:54:12,550 - INFO - Epoch 8 | Batch 3/40 | Loss: 0.0636 | Avg Loss: 0.0765 | GPU Memory: 12367.8MB
2025-09-10 08:54:12,877 - INFO - Epoch 8 | Batch 4/40 | Loss: 0.0724 | Avg Loss: 0.0755 | GPU Memory: 12367.8MB
2025-09-10 08:54:13,227 - INFO - Epoch 8 | Batch 5/40 | Loss: 0.1028 | Avg Loss: 0.0810 | GPU Memory: 12367.8MB
2025-09-10 08:54:13,549 - INFO - Epoch 8 | Batch 6/40 | Loss: 0.0700 | Avg Loss: 0.0791 | GPU Memory: 12367.8MB
2025-09-10 08:54:13,873 - INFO - Epoch 8 | Batch 7/40 | Loss: 0.0840 | Avg Loss: 0.0798 | GPU Memory: 12367.8MB
2025-09-10 08:54:14,250 - INFO - Epoch 8 | Batch 8/40 | Loss: 0.0843 | Avg Loss: 0.0804 | GPU Memory: 12367.8MB
2025-09-10 08:54:14,616 - INFO - Epoch 8 | Batch 9/40 | Loss: 0.0849 | Avg Loss: 0.0809 | GPU Memory: 12367.8MB
2025-09-10 08:54:14,943 - INFO - Epoch 8 | Batch 10/40 | Loss: 0.0635 | Avg Loss: 0.0791 | GPU Memory: 12367.8MB
2025-09-10 08:54:15,293 - INFO - Epoch 8 | Batch 11/40 | Loss: 0.1175 | Avg Loss: 0.0826 | GPU Memory: 12367.8MB
2025-09-10 08:54:15,625 - INFO - Epoch 8 | Batch 12/40 | Loss: 0.0606 | Avg Loss: 0.0808 | GPU Memory: 12367.8MB
2025-09-10 08:54:15,973 - INFO - Epoch 8 | Batch 13/40 | Loss: 0.0774 | Avg Loss: 0.0805 | GPU Memory: 12367.8MB
2025-09-10 08:54:16,301 - INFO - Epoch 8 | Batch 14/40 | Loss: 0.0595 | Avg Loss: 0.0790 | GPU Memory: 12367.8MB
2025-09-10 08:54:16,628 - INFO - Epoch 8 | Batch 15/40 | Loss: 0.0844 | Avg Loss: 0.0794 | GPU Memory: 12367.8MB
2025-09-10 08:54:16,953 - INFO - Epoch 8 | Batch 16/40 | Loss: 0.0914 | Avg Loss: 0.0801 | GPU Memory: 12367.8MB
2025-09-10 08:54:17,280 - INFO - Epoch 8 | Batch 17/40 | Loss: 0.0906 | Avg Loss: 0.0808 | GPU Memory: 12367.8MB
2025-09-10 08:54:17,610 - INFO - Epoch 8 | Batch 18/40 | Loss: 0.0808 | Avg Loss: 0.0808 | GPU Memory: 12367.8MB
2025-09-10 08:54:17,932 - INFO - Epoch 8 | Batch 19/40 | Loss: 0.0626 | Avg Loss: 0.0798 | GPU Memory: 12367.8MB
2025-09-10 08:54:18,259 - INFO - Epoch 8 | Batch 20/40 | Loss: 0.0730 | Avg Loss: 0.0795 | GPU Memory: 12367.8MB
2025-09-10 08:54:18,587 - INFO - Epoch 8 | Batch 21/40 | Loss: 0.0834 | Avg Loss: 0.0796 | GPU Memory: 12367.8MB
2025-09-10 08:54:18,911 - INFO - Epoch 8 | Batch 22/40 | Loss: 0.0765 | Avg Loss: 0.0795 | GPU Memory: 12367.8MB
2025-09-10 08:54:19,282 - INFO - Epoch 8 | Batch 23/40 | Loss: 0.0625 | Avg Loss: 0.0788 | GPU Memory: 12367.8MB
2025-09-10 08:54:19,620 - INFO - Epoch 8 | Batch 24/40 | Loss: 0.0931 | Avg Loss: 0.0794 | GPU Memory: 12367.8MB
2025-09-10 08:54:19,948 - INFO - Epoch 8 | Batch 25/40 | Loss: 0.0598 | Avg Loss: 0.0786 | GPU Memory: 12367.8MB
2025-09-10 08:54:20,273 - INFO - Epoch 8 | Batch 26/40 | Loss: 0.0774 | Avg Loss: 0.0785 | GPU Memory: 12367.8MB
2025-09-10 08:54:20,602 - INFO - Epoch 8 | Batch 27/40 | Loss: 0.0709 | Avg Loss: 0.0783 | GPU Memory: 12367.8MB
2025-09-10 08:54:20,927 - INFO - Epoch 8 | Batch 28/40 | Loss: 0.0875 | Avg Loss: 0.0786 | GPU Memory: 12367.8MB
2025-09-10 08:54:21,251 - INFO - Epoch 8 | Batch 29/40 | Loss: 0.0682 | Avg Loss: 0.0782 | GPU Memory: 12367.8MB
2025-09-10 08:54:21,580 - INFO - Epoch 8 | Batch 30/40 | Loss: 0.0578 | Avg Loss: 0.0775 | GPU Memory: 12367.8MB
2025-09-10 08:54:21,910 - INFO - Epoch 8 | Batch 31/40 | Loss: 0.0775 | Avg Loss: 0.0775 | GPU Memory: 12367.8MB
2025-09-10 08:54:22,237 - INFO - Epoch 8 | Batch 32/40 | Loss: 0.0561 | Avg Loss: 0.0769 | GPU Memory: 12367.8MB
2025-09-10 08:54:22,566 - INFO - Epoch 8 | Batch 33/40 | Loss: 0.0593 | Avg Loss: 0.0763 | GPU Memory: 12367.8MB
2025-09-10 08:54:22,893 - INFO - Epoch 8 | Batch 34/40 | Loss: 0.0662 | Avg Loss: 0.0760 | GPU Memory: 12367.8MB
2025-09-10 08:54:23,222 - INFO - Epoch 8 | Batch 35/40 | Loss: 0.0892 | Avg Loss: 0.0764 | GPU Memory: 12367.8MB
2025-09-10 08:54:23,550 - INFO - Epoch 8 | Batch 36/40 | Loss: 0.0717 | Avg Loss: 0.0763 | GPU Memory: 12367.8MB
2025-09-10 08:54:23,878 - INFO - Epoch 8 | Batch 37/40 | Loss: 0.0823 | Avg Loss: 0.0764 | GPU Memory: 12367.8MB
2025-09-10 08:54:24,207 - INFO - Epoch 8 | Batch 38/40 | Loss: 0.0774 | Avg Loss: 0.0765 | GPU Memory: 12367.8MB
2025-09-10 08:54:24,532 - INFO - Epoch 8 | Batch 39/40 | Loss: 0.0552 | Avg Loss: 0.0759 | GPU Memory: 12367.8MB
2025-09-10 08:54:24,829 - INFO - Epoch 8 | Batch 40/40 | Loss: 0.0832 | Avg Loss: 0.0751 | GPU Memory: 12365.0MB
2025-09-10 08:54:25,480 - INFO - Epoch 8 completed. Loss: 0.0760, Time: 14.4s
2025-09-10 08:55:18,840 - INFO - Validation | Loss: 0.0761, mIoU: 0.7784, IoUs: [0.99250524 0.92652394 0.84547693 0.34916087]
2025-09-10 08:55:21,744 - INFO - Saved best model at epoch 8 to runs/ResNet50UNet_AIM_20250910_084554/checkpoints/ResNet50UNet_AIM_best.pth
2025-09-10 08:55:22,450 - INFO - Epoch 9 | Batch 1/40 | Loss: 0.0809 | Avg Loss: 0.0809 | GPU Memory: 12369.3MB
2025-09-10 08:55:22,761 - INFO - Epoch 9 | Batch 2/40 | Loss: 0.0746 | Avg Loss: 0.0778 | GPU Memory: 12367.8MB
2025-09-10 08:55:23,082 - INFO - Epoch 9 | Batch 3/40 | Loss: 0.0759 | Avg Loss: 0.0771 | GPU Memory: 12367.8MB
2025-09-10 08:55:23,427 - INFO - Epoch 9 | Batch 4/40 | Loss: 0.0615 | Avg Loss: 0.0732 | GPU Memory: 12367.8MB
2025-09-10 08:55:23,727 - INFO - Epoch 9 | Batch 5/40 | Loss: 0.0606 | Avg Loss: 0.0707 | GPU Memory: 12367.8MB
2025-09-10 08:55:24,054 - INFO - Epoch 9 | Batch 6/40 | Loss: 0.0915 | Avg Loss: 0.0742 | GPU Memory: 12367.8MB
2025-09-10 08:55:24,381 - INFO - Epoch 9 | Batch 7/40 | Loss: 0.0581 | Avg Loss: 0.0719 | GPU Memory: 12367.8MB
2025-09-10 08:55:24,706 - INFO - Epoch 9 | Batch 8/40 | Loss: 0.0582 | Avg Loss: 0.0702 | GPU Memory: 12367.8MB
2025-09-10 08:55:25,030 - INFO - Epoch 9 | Batch 9/40 | Loss: 0.0740 | Avg Loss: 0.0706 | GPU Memory: 12367.8MB
2025-09-10 08:55:25,358 - INFO - Epoch 9 | Batch 10/40 | Loss: 0.0659 | Avg Loss: 0.0701 | GPU Memory: 12367.8MB
2025-09-10 08:55:25,687 - INFO - Epoch 9 | Batch 11/40 | Loss: 0.0765 | Avg Loss: 0.0707 | GPU Memory: 12367.8MB
2025-09-10 08:55:26,017 - INFO - Epoch 9 | Batch 12/40 | Loss: 0.0767 | Avg Loss: 0.0712 | GPU Memory: 12367.8MB
2025-09-10 08:55:26,345 - INFO - Epoch 9 | Batch 13/40 | Loss: 0.0717 | Avg Loss: 0.0712 | GPU Memory: 12367.8MB
2025-09-10 08:55:26,671 - INFO - Epoch 9 | Batch 14/40 | Loss: 0.0592 | Avg Loss: 0.0704 | GPU Memory: 12367.8MB
2025-09-10 08:55:26,999 - INFO - Epoch 9 | Batch 15/40 | Loss: 0.0734 | Avg Loss: 0.0706 | GPU Memory: 12367.8MB
2025-09-10 08:55:27,325 - INFO - Epoch 9 | Batch 16/40 | Loss: 0.0782 | Avg Loss: 0.0710 | GPU Memory: 12367.8MB
2025-09-10 08:55:27,652 - INFO - Epoch 9 | Batch 17/40 | Loss: 0.0882 | Avg Loss: 0.0721 | GPU Memory: 12367.8MB
2025-09-10 08:55:27,979 - INFO - Epoch 9 | Batch 18/40 | Loss: 0.0661 | Avg Loss: 0.0717 | GPU Memory: 12367.8MB
2025-09-10 08:55:28,303 - INFO - Epoch 9 | Batch 19/40 | Loss: 0.1061 | Avg Loss: 0.0735 | GPU Memory: 12367.8MB
2025-09-10 08:55:28,630 - INFO - Epoch 9 | Batch 20/40 | Loss: 0.0689 | Avg Loss: 0.0733 | GPU Memory: 12367.8MB
2025-09-10 08:55:28,957 - INFO - Epoch 9 | Batch 21/40 | Loss: 0.0633 | Avg Loss: 0.0728 | GPU Memory: 12367.8MB
2025-09-10 08:55:29,285 - INFO - Epoch 9 | Batch 22/40 | Loss: 0.0710 | Avg Loss: 0.0727 | GPU Memory: 12367.8MB
2025-09-10 08:55:29,612 - INFO - Epoch 9 | Batch 23/40 | Loss: 0.0715 | Avg Loss: 0.0727 | GPU Memory: 12367.8MB
2025-09-10 08:55:29,938 - INFO - Epoch 9 | Batch 24/40 | Loss: 0.0872 | Avg Loss: 0.0733 | GPU Memory: 12367.8MB
2025-09-10 08:55:30,267 - INFO - Epoch 9 | Batch 25/40 | Loss: 0.0754 | Avg Loss: 0.0734 | GPU Memory: 12367.8MB
2025-09-10 08:55:30,594 - INFO - Epoch 9 | Batch 26/40 | Loss: 0.0802 | Avg Loss: 0.0736 | GPU Memory: 12367.8MB
2025-09-10 08:55:30,921 - INFO - Epoch 9 | Batch 27/40 | Loss: 0.0642 | Avg Loss: 0.0733 | GPU Memory: 12367.8MB
2025-09-10 08:55:31,248 - INFO - Epoch 9 | Batch 28/40 | Loss: 0.0844 | Avg Loss: 0.0737 | GPU Memory: 12367.8MB
2025-09-10 08:55:31,576 - INFO - Epoch 9 | Batch 29/40 | Loss: 0.0536 | Avg Loss: 0.0730 | GPU Memory: 12367.8MB
2025-09-10 08:55:31,901 - INFO - Epoch 9 | Batch 30/40 | Loss: 0.0728 | Avg Loss: 0.0730 | GPU Memory: 12367.8MB
2025-09-10 08:55:32,230 - INFO - Epoch 9 | Batch 31/40 | Loss: 0.0512 | Avg Loss: 0.0723 | GPU Memory: 12367.8MB
2025-09-10 08:55:32,555 - INFO - Epoch 9 | Batch 32/40 | Loss: 0.0767 | Avg Loss: 0.0724 | GPU Memory: 12367.8MB
2025-09-10 08:55:32,885 - INFO - Epoch 9 | Batch 33/40 | Loss: 0.0744 | Avg Loss: 0.0725 | GPU Memory: 12367.8MB
2025-09-10 08:55:33,211 - INFO - Epoch 9 | Batch 34/40 | Loss: 0.0883 | Avg Loss: 0.0729 | GPU Memory: 12367.8MB
2025-09-10 08:55:33,538 - INFO - Epoch 9 | Batch 35/40 | Loss: 0.0575 | Avg Loss: 0.0725 | GPU Memory: 12367.8MB
2025-09-10 08:55:33,866 - INFO - Epoch 9 | Batch 36/40 | Loss: 0.0786 | Avg Loss: 0.0727 | GPU Memory: 12367.8MB
2025-09-10 08:55:34,193 - INFO - Epoch 9 | Batch 37/40 | Loss: 0.0449 | Avg Loss: 0.0719 | GPU Memory: 12367.8MB
2025-09-10 08:55:34,520 - INFO - Epoch 9 | Batch 38/40 | Loss: 0.0458 | Avg Loss: 0.0712 | GPU Memory: 12367.8MB
2025-09-10 08:55:34,848 - INFO - Epoch 9 | Batch 39/40 | Loss: 0.0582 | Avg Loss: 0.0709 | GPU Memory: 12367.8MB
2025-09-10 08:55:35,144 - INFO - Epoch 9 | Batch 40/40 | Loss: 0.0565 | Avg Loss: 0.0698 | GPU Memory: 12365.0MB
2025-09-10 08:55:35,862 - INFO - Epoch 9 completed. Loss: 0.0707, Time: 14.1s
2025-09-10 08:56:29,014 - INFO - Validation | Loss: 0.0776, mIoU: 0.7743, IoUs: [0.99248741 0.92514077 0.80225173 0.37719407]
2025-09-10 08:56:29,757 - INFO - Epoch 10 | Batch 1/40 | Loss: 0.0535 | Avg Loss: 0.0535 | GPU Memory: 12369.3MB
2025-09-10 08:56:30,094 - INFO - Epoch 10 | Batch 2/40 | Loss: 0.0556 | Avg Loss: 0.0545 | GPU Memory: 12367.8MB
2025-09-10 08:56:30,447 - INFO - Epoch 10 | Batch 3/40 | Loss: 0.0977 | Avg Loss: 0.0689 | GPU Memory: 12367.8MB
2025-09-10 08:56:30,778 - INFO - Epoch 10 | Batch 4/40 | Loss: 0.1326 | Avg Loss: 0.0848 | GPU Memory: 12367.8MB
2025-09-10 08:56:31,106 - INFO - Epoch 10 | Batch 5/40 | Loss: 0.0738 | Avg Loss: 0.0826 | GPU Memory: 12367.8MB
2025-09-10 08:56:31,431 - INFO - Epoch 10 | Batch 6/40 | Loss: 0.0481 | Avg Loss: 0.0769 | GPU Memory: 12367.8MB
2025-09-10 08:56:31,758 - INFO - Epoch 10 | Batch 7/40 | Loss: 0.0599 | Avg Loss: 0.0744 | GPU Memory: 12367.8MB
2025-09-10 08:56:32,083 - INFO - Epoch 10 | Batch 8/40 | Loss: 0.0475 | Avg Loss: 0.0711 | GPU Memory: 12367.8MB
2025-09-10 08:56:32,410 - INFO - Epoch 10 | Batch 9/40 | Loss: 0.0906 | Avg Loss: 0.0733 | GPU Memory: 12367.8MB
2025-09-10 08:56:32,737 - INFO - Epoch 10 | Batch 10/40 | Loss: 0.0640 | Avg Loss: 0.0723 | GPU Memory: 12367.8MB
2025-09-10 08:56:33,066 - INFO - Epoch 10 | Batch 11/40 | Loss: 0.0772 | Avg Loss: 0.0728 | GPU Memory: 12367.8MB
2025-09-10 08:56:33,392 - INFO - Epoch 10 | Batch 12/40 | Loss: 0.0640 | Avg Loss: 0.0720 | GPU Memory: 12367.8MB
2025-09-10 08:56:33,718 - INFO - Epoch 10 | Batch 13/40 | Loss: 0.0534 | Avg Loss: 0.0706 | GPU Memory: 12367.8MB
2025-09-10 08:56:34,045 - INFO - Epoch 10 | Batch 14/40 | Loss: 0.0919 | Avg Loss: 0.0721 | GPU Memory: 12367.8MB
2025-09-10 08:56:34,372 - INFO - Epoch 10 | Batch 15/40 | Loss: 0.0884 | Avg Loss: 0.0732 | GPU Memory: 12367.8MB
2025-09-10 08:56:34,698 - INFO - Epoch 10 | Batch 16/40 | Loss: 0.0657 | Avg Loss: 0.0728 | GPU Memory: 12367.8MB
2025-09-10 08:56:35,026 - INFO - Epoch 10 | Batch 17/40 | Loss: 0.0744 | Avg Loss: 0.0728 | GPU Memory: 12367.8MB
2025-09-10 08:56:35,353 - INFO - Epoch 10 | Batch 18/40 | Loss: 0.0951 | Avg Loss: 0.0741 | GPU Memory: 12367.8MB
2025-09-10 08:56:35,679 - INFO - Epoch 10 | Batch 19/40 | Loss: 0.0555 | Avg Loss: 0.0731 | GPU Memory: 12367.8MB
2025-09-10 08:56:36,007 - INFO - Epoch 10 | Batch 20/40 | Loss: 0.0754 | Avg Loss: 0.0732 | GPU Memory: 12367.8MB
2025-09-10 08:56:36,335 - INFO - Epoch 10 | Batch 21/40 | Loss: 0.0843 | Avg Loss: 0.0737 | GPU Memory: 12367.8MB
2025-09-10 08:56:36,663 - INFO - Epoch 10 | Batch 22/40 | Loss: 0.0585 | Avg Loss: 0.0731 | GPU Memory: 12367.8MB
2025-09-10 08:56:36,994 - INFO - Epoch 10 | Batch 23/40 | Loss: 0.0548 | Avg Loss: 0.0723 | GPU Memory: 12367.8MB
2025-09-10 08:56:37,321 - INFO - Epoch 10 | Batch 24/40 | Loss: 0.0584 | Avg Loss: 0.0717 | GPU Memory: 12367.8MB
2025-09-10 08:56:37,652 - INFO - Epoch 10 | Batch 25/40 | Loss: 0.0597 | Avg Loss: 0.0712 | GPU Memory: 12367.8MB
2025-09-10 08:56:37,981 - INFO - Epoch 10 | Batch 26/40 | Loss: 0.0564 | Avg Loss: 0.0706 | GPU Memory: 12367.8MB
2025-09-10 08:56:38,309 - INFO - Epoch 10 | Batch 27/40 | Loss: 0.0651 | Avg Loss: 0.0704 | GPU Memory: 12367.8MB
2025-09-10 08:56:38,634 - INFO - Epoch 10 | Batch 28/40 | Loss: 0.0551 | Avg Loss: 0.0699 | GPU Memory: 12367.8MB
2025-09-10 08:56:38,965 - INFO - Epoch 10 | Batch 29/40 | Loss: 0.0638 | Avg Loss: 0.0697 | GPU Memory: 12367.8MB
2025-09-10 08:56:39,290 - INFO - Epoch 10 | Batch 30/40 | Loss: 0.0718 | Avg Loss: 0.0697 | GPU Memory: 12367.8MB
2025-09-10 08:56:39,618 - INFO - Epoch 10 | Batch 31/40 | Loss: 0.0667 | Avg Loss: 0.0696 | GPU Memory: 12367.8MB
2025-09-10 08:56:39,944 - INFO - Epoch 10 | Batch 32/40 | Loss: 0.0585 | Avg Loss: 0.0693 | GPU Memory: 12367.8MB
2025-09-10 08:56:40,270 - INFO - Epoch 10 | Batch 33/40 | Loss: 0.0623 | Avg Loss: 0.0691 | GPU Memory: 12367.8MB
2025-09-10 08:56:40,598 - INFO - Epoch 10 | Batch 34/40 | Loss: 0.0677 | Avg Loss: 0.0690 | GPU Memory: 12367.8MB
2025-09-10 08:56:40,924 - INFO - Epoch 10 | Batch 35/40 | Loss: 0.0681 | Avg Loss: 0.0690 | GPU Memory: 12367.8MB
2025-09-10 08:56:41,250 - INFO - Epoch 10 | Batch 36/40 | Loss: 0.0647 | Avg Loss: 0.0689 | GPU Memory: 12367.8MB
2025-09-10 08:56:41,579 - INFO - Epoch 10 | Batch 37/40 | Loss: 0.0589 | Avg Loss: 0.0686 | GPU Memory: 12367.8MB
2025-09-10 08:56:41,907 - INFO - Epoch 10 | Batch 38/40 | Loss: 0.0648 | Avg Loss: 0.0685 | GPU Memory: 12367.8MB
2025-09-10 08:56:42,232 - INFO - Epoch 10 | Batch 39/40 | Loss: 0.0548 | Avg Loss: 0.0682 | GPU Memory: 12367.8MB
2025-09-10 08:56:42,530 - INFO - Epoch 10 | Batch 40/40 | Loss: 0.0703 | Avg Loss: 0.0673 | GPU Memory: 12365.0MB
2025-09-10 08:56:43,219 - INFO - Epoch 10 completed. Loss: 0.0682, Time: 14.2s
2025-09-10 08:57:36,045 - INFO - Validation | Loss: 0.0871, mIoU: 0.7545, IoUs: [0.9925052  0.92634181 0.72632606 0.37269483]
2025-09-10 08:57:44,314 - INFO - Saved periodic checkpoint at epoch 10 to runs/ResNet50UNet_AIM_20250910_084554/checkpoints/ResNet50UNet_AIM_epoch_10.pth
2025-09-10 08:57:45,017 - INFO - Epoch 11 | Batch 1/40 | Loss: 0.0496 | Avg Loss: 0.0496 | GPU Memory: 12369.3MB
2025-09-10 08:57:45,324 - INFO - Epoch 11 | Batch 2/40 | Loss: 0.0706 | Avg Loss: 0.0601 | GPU Memory: 12367.8MB
2025-09-10 08:57:45,649 - INFO - Epoch 11 | Batch 3/40 | Loss: 0.0680 | Avg Loss: 0.0627 | GPU Memory: 12367.8MB
2025-09-10 08:57:46,001 - INFO - Epoch 11 | Batch 4/40 | Loss: 0.0692 | Avg Loss: 0.0644 | GPU Memory: 12367.8MB
2025-09-10 08:57:46,297 - INFO - Epoch 11 | Batch 5/40 | Loss: 0.0872 | Avg Loss: 0.0689 | GPU Memory: 12367.8MB
2025-09-10 08:57:46,599 - INFO - Epoch 11 | Batch 6/40 | Loss: 0.0620 | Avg Loss: 0.0678 | GPU Memory: 12367.8MB
2025-09-10 08:57:46,912 - INFO - Epoch 11 | Batch 7/40 | Loss: 0.0770 | Avg Loss: 0.0691 | GPU Memory: 12367.8MB
2025-09-10 08:57:47,241 - INFO - Epoch 11 | Batch 8/40 | Loss: 0.0592 | Avg Loss: 0.0679 | GPU Memory: 12367.8MB
2025-09-10 08:57:47,567 - INFO - Epoch 11 | Batch 9/40 | Loss: 0.0549 | Avg Loss: 0.0664 | GPU Memory: 12367.8MB
2025-09-10 08:57:47,893 - INFO - Epoch 11 | Batch 10/40 | Loss: 0.0601 | Avg Loss: 0.0658 | GPU Memory: 12367.8MB
2025-09-10 08:57:48,221 - INFO - Epoch 11 | Batch 11/40 | Loss: 0.0558 | Avg Loss: 0.0649 | GPU Memory: 12367.8MB
2025-09-10 08:57:48,547 - INFO - Epoch 11 | Batch 12/40 | Loss: 0.0546 | Avg Loss: 0.0640 | GPU Memory: 12367.8MB
2025-09-10 08:57:48,873 - INFO - Epoch 11 | Batch 13/40 | Loss: 0.0567 | Avg Loss: 0.0635 | GPU Memory: 12367.8MB
2025-09-10 08:57:49,204 - INFO - Epoch 11 | Batch 14/40 | Loss: 0.0476 | Avg Loss: 0.0623 | GPU Memory: 12367.8MB
2025-09-10 08:57:49,531 - INFO - Epoch 11 | Batch 15/40 | Loss: 0.0685 | Avg Loss: 0.0627 | GPU Memory: 12367.8MB
2025-09-10 08:57:49,854 - INFO - Epoch 11 | Batch 16/40 | Loss: 0.0620 | Avg Loss: 0.0627 | GPU Memory: 12367.8MB
2025-09-10 08:57:50,183 - INFO - Epoch 11 | Batch 17/40 | Loss: 0.0551 | Avg Loss: 0.0622 | GPU Memory: 12367.8MB
2025-09-10 08:57:50,508 - INFO - Epoch 11 | Batch 18/40 | Loss: 0.0449 | Avg Loss: 0.0613 | GPU Memory: 12367.8MB
2025-09-10 08:57:50,836 - INFO - Epoch 11 | Batch 19/40 | Loss: 0.0749 | Avg Loss: 0.0620 | GPU Memory: 12367.8MB
2025-09-10 08:57:51,165 - INFO - Epoch 11 | Batch 20/40 | Loss: 0.0468 | Avg Loss: 0.0612 | GPU Memory: 12367.8MB
2025-09-10 08:57:51,490 - INFO - Epoch 11 | Batch 21/40 | Loss: 0.0642 | Avg Loss: 0.0614 | GPU Memory: 12367.8MB
2025-09-10 08:57:51,818 - INFO - Epoch 11 | Batch 22/40 | Loss: 0.0577 | Avg Loss: 0.0612 | GPU Memory: 12367.8MB
2025-09-10 08:57:52,145 - INFO - Epoch 11 | Batch 23/40 | Loss: 0.0433 | Avg Loss: 0.0604 | GPU Memory: 12367.8MB
2025-09-10 08:57:52,466 - INFO - Epoch 11 | Batch 24/40 | Loss: 0.0577 | Avg Loss: 0.0603 | GPU Memory: 12367.8MB
2025-09-10 08:57:52,794 - INFO - Epoch 11 | Batch 25/40 | Loss: 0.0736 | Avg Loss: 0.0609 | GPU Memory: 12367.8MB
2025-09-10 08:57:53,120 - INFO - Epoch 11 | Batch 26/40 | Loss: 0.0541 | Avg Loss: 0.0606 | GPU Memory: 12367.8MB
2025-09-10 08:57:53,444 - INFO - Epoch 11 | Batch 27/40 | Loss: 0.0527 | Avg Loss: 0.0603 | GPU Memory: 12367.8MB
2025-09-10 08:57:53,771 - INFO - Epoch 11 | Batch 28/40 | Loss: 0.0514 | Avg Loss: 0.0600 | GPU Memory: 12367.8MB
2025-09-10 08:57:54,102 - INFO - Epoch 11 | Batch 29/40 | Loss: 0.0721 | Avg Loss: 0.0604 | GPU Memory: 12367.8MB
2025-09-10 08:57:54,430 - INFO - Epoch 11 | Batch 30/40 | Loss: 0.0798 | Avg Loss: 0.0610 | GPU Memory: 12367.8MB
2025-09-10 08:57:54,759 - INFO - Epoch 11 | Batch 31/40 | Loss: 0.0691 | Avg Loss: 0.0613 | GPU Memory: 12367.8MB
2025-09-10 08:57:55,085 - INFO - Epoch 11 | Batch 32/40 | Loss: 0.0659 | Avg Loss: 0.0615 | GPU Memory: 12367.8MB
2025-09-10 08:57:55,411 - INFO - Epoch 11 | Batch 33/40 | Loss: 0.0770 | Avg Loss: 0.0619 | GPU Memory: 12367.8MB
2025-09-10 08:57:55,739 - INFO - Epoch 11 | Batch 34/40 | Loss: 0.0579 | Avg Loss: 0.0618 | GPU Memory: 12367.8MB
2025-09-10 08:57:56,064 - INFO - Epoch 11 | Batch 35/40 | Loss: 0.0819 | Avg Loss: 0.0624 | GPU Memory: 12367.8MB
2025-09-10 08:57:56,392 - INFO - Epoch 11 | Batch 36/40 | Loss: 0.0577 | Avg Loss: 0.0622 | GPU Memory: 12367.8MB
2025-09-10 08:57:56,717 - INFO - Epoch 11 | Batch 37/40 | Loss: 0.0563 | Avg Loss: 0.0621 | GPU Memory: 12367.8MB
2025-09-10 08:57:57,046 - INFO - Epoch 11 | Batch 38/40 | Loss: 0.0584 | Avg Loss: 0.0620 | GPU Memory: 12367.8MB
2025-09-10 08:57:57,373 - INFO - Epoch 11 | Batch 39/40 | Loss: 0.0776 | Avg Loss: 0.0624 | GPU Memory: 12367.8MB
2025-09-10 08:57:57,670 - INFO - Epoch 11 | Batch 40/40 | Loss: 0.0739 | Avg Loss: 0.0618 | GPU Memory: 12365.0MB
2025-09-10 08:57:58,381 - INFO - Epoch 11 completed. Loss: 0.0625, Time: 14.1s
2025-09-10 08:58:51,347 - INFO - Validation | Loss: 0.0891, mIoU: 0.7546, IoUs: [0.99265839 0.92772722 0.68787239 0.40997147]
2025-09-10 08:58:52,152 - INFO - Epoch 12 | Batch 1/40 | Loss: 0.0547 | Avg Loss: 0.0547 | GPU Memory: 12369.3MB
2025-09-10 08:58:52,491 - INFO - Epoch 12 | Batch 2/40 | Loss: 0.0510 | Avg Loss: 0.0528 | GPU Memory: 12367.8MB
2025-09-10 08:58:52,824 - INFO - Epoch 12 | Batch 3/40 | Loss: 0.0518 | Avg Loss: 0.0525 | GPU Memory: 12367.8MB
2025-09-10 08:58:53,152 - INFO - Epoch 12 | Batch 4/40 | Loss: 0.0615 | Avg Loss: 0.0547 | GPU Memory: 12367.8MB
2025-09-10 08:58:53,477 - INFO - Epoch 12 | Batch 5/40 | Loss: 0.0566 | Avg Loss: 0.0551 | GPU Memory: 12367.8MB
2025-09-10 08:58:53,804 - INFO - Epoch 12 | Batch 6/40 | Loss: 0.0620 | Avg Loss: 0.0563 | GPU Memory: 12367.8MB
2025-09-10 08:58:54,131 - INFO - Epoch 12 | Batch 7/40 | Loss: 0.0587 | Avg Loss: 0.0566 | GPU Memory: 12367.8MB
2025-09-10 08:58:54,457 - INFO - Epoch 12 | Batch 8/40 | Loss: 0.0794 | Avg Loss: 0.0595 | GPU Memory: 12367.8MB
2025-09-10 08:58:54,785 - INFO - Epoch 12 | Batch 9/40 | Loss: 0.0640 | Avg Loss: 0.0600 | GPU Memory: 12367.8MB
2025-09-10 08:58:55,111 - INFO - Epoch 12 | Batch 10/40 | Loss: 0.0556 | Avg Loss: 0.0595 | GPU Memory: 12367.8MB
2025-09-10 08:58:55,435 - INFO - Epoch 12 | Batch 11/40 | Loss: 0.0691 | Avg Loss: 0.0604 | GPU Memory: 12367.8MB
2025-09-10 08:58:55,762 - INFO - Epoch 12 | Batch 12/40 | Loss: 0.0570 | Avg Loss: 0.0601 | GPU Memory: 12367.8MB
2025-09-10 08:58:56,088 - INFO - Epoch 12 | Batch 13/40 | Loss: 0.0703 | Avg Loss: 0.0609 | GPU Memory: 12367.8MB
2025-09-10 08:58:56,414 - INFO - Epoch 12 | Batch 14/40 | Loss: 0.0789 | Avg Loss: 0.0622 | GPU Memory: 12367.8MB
2025-09-10 08:58:56,742 - INFO - Epoch 12 | Batch 15/40 | Loss: 0.0538 | Avg Loss: 0.0616 | GPU Memory: 12367.8MB
2025-09-10 08:58:57,068 - INFO - Epoch 12 | Batch 16/40 | Loss: 0.0457 | Avg Loss: 0.0606 | GPU Memory: 12367.8MB
2025-09-10 08:58:57,394 - INFO - Epoch 12 | Batch 17/40 | Loss: 0.0546 | Avg Loss: 0.0603 | GPU Memory: 12367.8MB
2025-09-10 08:58:57,724 - INFO - Epoch 12 | Batch 18/40 | Loss: 0.0604 | Avg Loss: 0.0603 | GPU Memory: 12367.8MB
2025-09-10 08:58:58,048 - INFO - Epoch 12 | Batch 19/40 | Loss: 0.0577 | Avg Loss: 0.0602 | GPU Memory: 12367.8MB
2025-09-10 08:58:58,374 - INFO - Epoch 12 | Batch 20/40 | Loss: 0.0867 | Avg Loss: 0.0615 | GPU Memory: 12367.8MB
2025-09-10 08:58:58,700 - INFO - Epoch 12 | Batch 21/40 | Loss: 0.0549 | Avg Loss: 0.0612 | GPU Memory: 12367.8MB
2025-09-10 08:58:59,025 - INFO - Epoch 12 | Batch 22/40 | Loss: 0.0714 | Avg Loss: 0.0616 | GPU Memory: 12367.8MB
2025-09-10 08:58:59,352 - INFO - Epoch 12 | Batch 23/40 | Loss: 0.0611 | Avg Loss: 0.0616 | GPU Memory: 12367.8MB
2025-09-10 08:58:59,680 - INFO - Epoch 12 | Batch 24/40 | Loss: 0.0722 | Avg Loss: 0.0621 | GPU Memory: 12367.8MB
2025-09-10 08:59:00,005 - INFO - Epoch 12 | Batch 25/40 | Loss: 0.0410 | Avg Loss: 0.0612 | GPU Memory: 12367.8MB
2025-09-10 08:59:00,333 - INFO - Epoch 12 | Batch 26/40 | Loss: 0.0719 | Avg Loss: 0.0616 | GPU Memory: 12367.8MB
2025-09-10 08:59:00,670 - INFO - Epoch 12 | Batch 27/40 | Loss: 0.0681 | Avg Loss: 0.0619 | GPU Memory: 12367.8MB
2025-09-10 08:59:00,999 - INFO - Epoch 12 | Batch 28/40 | Loss: 0.0515 | Avg Loss: 0.0615 | GPU Memory: 12367.8MB
2025-09-10 08:59:01,325 - INFO - Epoch 12 | Batch 29/40 | Loss: 0.0589 | Avg Loss: 0.0614 | GPU Memory: 12367.8MB
2025-09-10 08:59:01,651 - INFO - Epoch 12 | Batch 30/40 | Loss: 0.0722 | Avg Loss: 0.0618 | GPU Memory: 12367.8MB
2025-09-10 08:59:01,980 - INFO - Epoch 12 | Batch 31/40 | Loss: 0.0594 | Avg Loss: 0.0617 | GPU Memory: 12367.8MB
2025-09-10 08:59:02,306 - INFO - Epoch 12 | Batch 32/40 | Loss: 0.0618 | Avg Loss: 0.0617 | GPU Memory: 12367.8MB
2025-09-10 08:59:02,633 - INFO - Epoch 12 | Batch 33/40 | Loss: 0.0474 | Avg Loss: 0.0613 | GPU Memory: 12367.8MB
2025-09-10 08:59:02,962 - INFO - Epoch 12 | Batch 34/40 | Loss: 0.0681 | Avg Loss: 0.0615 | GPU Memory: 12367.8MB
2025-09-10 08:59:03,289 - INFO - Epoch 12 | Batch 35/40 | Loss: 0.0827 | Avg Loss: 0.0621 | GPU Memory: 12367.8MB
2025-09-10 08:59:03,618 - INFO - Epoch 12 | Batch 36/40 | Loss: 0.0524 | Avg Loss: 0.0618 | GPU Memory: 12367.8MB
2025-09-10 08:59:03,945 - INFO - Epoch 12 | Batch 37/40 | Loss: 0.0562 | Avg Loss: 0.0616 | GPU Memory: 12367.8MB
2025-09-10 08:59:04,272 - INFO - Epoch 12 | Batch 38/40 | Loss: 0.0709 | Avg Loss: 0.0619 | GPU Memory: 12367.8MB
2025-09-10 08:59:04,601 - INFO - Epoch 12 | Batch 39/40 | Loss: 0.0462 | Avg Loss: 0.0615 | GPU Memory: 12367.8MB
2025-09-10 08:59:04,898 - INFO - Epoch 12 | Batch 40/40 | Loss: 0.0709 | Avg Loss: 0.0608 | GPU Memory: 12365.0MB
2025-09-10 08:59:05,631 - INFO - Epoch 12 completed. Loss: 0.0616, Time: 14.3s
2025-09-10 08:59:58,482 - INFO - Validation | Loss: 0.0817, mIoU: 0.7672, IoUs: [0.99263377 0.92726877 0.74997482 0.39903741]
2025-09-10 08:59:58,483 - INFO - Early stopping triggered after 5 epochs with no improvement.
2025-09-10 08:59:58,484 - INFO - Training completed
2025-09-10 08:59:58,484 - INFO - Average Validation Loss: 0.1421  0.1331
2025-09-10 08:59:58,484 - INFO - Average Validation mIoU: 0.7625  0.0129
2025-09-10 08:59:58,484 - INFO - Average Per-class IoU: Class 0: 0.9905, Class 1: 0.9103, Class 2: 0.7283, Class 3: 0.4209
