2025-09-11 14:29:21,096 - INFO - Training UNET_OCT_AIM Model using device: cuda
Run directory: runs/UNET_OCT_AIM_20250911_142921
Configuration:
{
    "name": "UNET_OCT_AIM",
    "data_root": "/media/be-light/Data/PG_Gdansk/Torun_secondment/Experiments/dataset/cityscapes",
    "num_classes": 4,
    "crop_size": 256,
    "batch_size": 4,
    "val_batch_size": 4,
    "num_epochs": 25,
    "lr": 0.0001,
    "log_dir": "runs",
    "resume": null,
    "early_stop_patience": 5
}using class weights: [1.0, 1.0, 1.0, 3.0]

2025-09-11 14:29:21,097 - INFO - Training samples: 79, Validation samples: 20
2025-09-11 14:29:22,371 - INFO - Epoch 1 | Batch 1/20 | Loss: 2.3823 | Avg Loss: 2.3823 | GPU Memory: 7971.1MB
2025-09-11 14:29:22,603 - INFO - Epoch 1 | Batch 2/20 | Loss: 2.3375 | Avg Loss: 2.3599 | GPU Memory: 7974.6MB
2025-09-11 14:29:22,841 - INFO - Epoch 1 | Batch 3/20 | Loss: 2.3153 | Avg Loss: 2.3450 | GPU Memory: 7973.2MB
2025-09-11 14:29:23,090 - INFO - Epoch 1 | Batch 4/20 | Loss: 2.2586 | Avg Loss: 2.3234 | GPU Memory: 7971.7MB
2025-09-11 14:29:23,336 - INFO - Epoch 1 | Batch 5/20 | Loss: 2.2436 | Avg Loss: 2.3074 | GPU Memory: 7972.9MB
2025-09-11 14:29:23,586 - INFO - Epoch 1 | Batch 6/20 | Loss: 2.2472 | Avg Loss: 2.2974 | GPU Memory: 7974.1MB
2025-09-11 14:29:23,832 - INFO - Epoch 1 | Batch 7/20 | Loss: 2.2308 | Avg Loss: 2.2879 | GPU Memory: 7973.7MB
2025-09-11 14:29:24,138 - INFO - Epoch 1 | Batch 8/20 | Loss: 2.2087 | Avg Loss: 2.2780 | GPU Memory: 7968.8MB
2025-09-11 14:29:24,484 - INFO - Epoch 1 | Batch 9/20 | Loss: 2.1757 | Avg Loss: 2.2666 | GPU Memory: 7971.9MB
2025-09-11 14:29:24,799 - INFO - Epoch 1 | Batch 10/20 | Loss: 2.1419 | Avg Loss: 2.2542 | GPU Memory: 7971.9MB
2025-09-11 14:29:25,050 - INFO - Epoch 1 | Batch 11/20 | Loss: 2.1323 | Avg Loss: 2.2431 | GPU Memory: 7970.8MB
2025-09-11 14:29:25,304 - INFO - Epoch 1 | Batch 12/20 | Loss: 2.1179 | Avg Loss: 2.2326 | GPU Memory: 7970.4MB
2025-09-11 14:29:25,623 - INFO - Epoch 1 | Batch 13/20 | Loss: 2.0949 | Avg Loss: 2.2220 | GPU Memory: 7970.8MB
2025-09-11 14:29:25,865 - INFO - Epoch 1 | Batch 14/20 | Loss: 2.1136 | Avg Loss: 2.2143 | GPU Memory: 7970.4MB
2025-09-11 14:29:26,114 - INFO - Epoch 1 | Batch 15/20 | Loss: 2.0674 | Avg Loss: 2.2045 | GPU Memory: 7970.8MB
2025-09-11 14:29:26,359 - INFO - Epoch 1 | Batch 16/20 | Loss: 2.0668 | Avg Loss: 2.1959 | GPU Memory: 7970.4MB
2025-09-11 14:29:26,612 - INFO - Epoch 1 | Batch 17/20 | Loss: 2.0517 | Avg Loss: 2.1874 | GPU Memory: 7970.8MB
2025-09-11 14:29:26,857 - INFO - Epoch 1 | Batch 18/20 | Loss: 2.0155 | Avg Loss: 2.1779 | GPU Memory: 7970.4MB
2025-09-11 14:29:27,105 - INFO - Epoch 1 | Batch 19/20 | Loss: 2.0187 | Avg Loss: 2.1695 | GPU Memory: 7970.8MB
2025-09-11 14:29:27,489 - INFO - Epoch 1 | Batch 20/20 | Loss: 1.9585 | Avg Loss: 2.1345 | GPU Memory: 7970.8MB
2025-09-11 14:29:28,172 - INFO - Epoch 1 completed. Loss: 2.1615, Time: 7.1s
