2025-09-11 10:35:04,994 - INFO - Training ResNet50UNet_DAC Model using device: cuda
Run directory: runs/ResNet50UNet_DAC_20250911_103504
Configuration:
{
    "name": "ResNet50UNet_DAC",
    "data_root": "/media/be-light/Data/PG_Gdansk/Torun_secondment/Experiments/dataset/cityscapes",
    "num_classes": 4,
    "crop_size": 256,
    "batch_size": 8,
    "val_batch_size": 4,
    "num_epochs": 25,
    "lr": 0.0001,
    "log_dir": "runs",
    "resume": null,
    "early_stop_patience": 5
}using class weights: [1.0, 1.0, 1.0, 3.0]

2025-09-11 10:35:04,997 - INFO - Training samples: 79, Validation samples: 20
2025-09-11 10:35:06,409 - INFO - Epoch 1 | Batch 1/10 | Loss: 2.3289 | Avg Loss: 2.3289 | GPU Memory: 8437.3MB
2025-09-11 10:35:06,729 - INFO - Epoch 1 | Batch 2/10 | Loss: 2.2569 | Avg Loss: 2.2929 | GPU Memory: 8435.0MB
2025-09-11 10:35:07,033 - INFO - Epoch 1 | Batch 3/10 | Loss: 2.1963 | Avg Loss: 2.2607 | GPU Memory: 8434.4MB
2025-09-11 10:35:07,351 - INFO - Epoch 1 | Batch 4/10 | Loss: 2.1543 | Avg Loss: 2.2341 | GPU Memory: 8435.3MB
2025-09-11 10:35:07,677 - INFO - Epoch 1 | Batch 5/10 | Loss: 2.1116 | Avg Loss: 2.2096 | GPU Memory: 8437.5MB
2025-09-11 10:35:08,000 - INFO - Epoch 1 | Batch 6/10 | Loss: 2.0657 | Avg Loss: 2.1856 | GPU Memory: 8439.5MB
2025-09-11 10:35:08,367 - INFO - Epoch 1 | Batch 7/10 | Loss: 2.0420 | Avg Loss: 2.1651 | GPU Memory: 8436.0MB
2025-09-11 10:35:08,804 - INFO - Epoch 1 | Batch 8/10 | Loss: 1.9936 | Avg Loss: 2.1437 | GPU Memory: 8437.9MB
2025-09-11 10:35:09,205 - INFO - Epoch 1 | Batch 9/10 | Loss: 1.9550 | Avg Loss: 2.1227 | GPU Memory: 8436.3MB
2025-09-11 10:35:09,543 - INFO - Epoch 1 | Batch 10/10 | Loss: 1.9269 | Avg Loss: 2.0790 | GPU Memory: 8434.8MB
2025-09-11 10:35:10,247 - INFO - Epoch 1 completed. Loss: 2.1054, Time: 5.2s
2025-09-11 10:36:03,061 - INFO - Validation | Loss: 2.2367, mIoU: 0.5056, IoUs: [0.93142754 0.27674477 0.44548807 0.36862142]
2025-09-11 10:36:04,837 - INFO - Saved best model at epoch 1 to runs/ResNet50UNet_DAC_20250911_103504/checkpoints/ResNet50UNet_DAC_best.pth
2025-09-11 10:36:05,710 - INFO - Epoch 2 | Batch 1/10 | Loss: 1.9051 | Avg Loss: 1.9051 | GPU Memory: 8437.5MB
2025-09-11 10:36:06,047 - INFO - Epoch 2 | Batch 2/10 | Loss: 1.8704 | Avg Loss: 1.8878 | GPU Memory: 8440.6MB
2025-09-11 10:36:06,391 - INFO - Epoch 2 | Batch 3/10 | Loss: 1.8424 | Avg Loss: 1.8726 | GPU Memory: 8436.3MB
2025-09-11 10:36:06,708 - INFO - Epoch 2 | Batch 4/10 | Loss: 1.8524 | Avg Loss: 1.8676 | GPU Memory: 8434.5MB
2025-09-11 10:36:07,038 - INFO - Epoch 2 | Batch 5/10 | Loss: 1.7737 | Avg Loss: 1.8488 | GPU Memory: 8441.5MB
2025-09-11 10:36:07,404 - INFO - Epoch 2 | Batch 6/10 | Loss: 1.7499 | Avg Loss: 1.8323 | GPU Memory: 8435.0MB
2025-09-11 10:36:07,746 - INFO - Epoch 2 | Batch 7/10 | Loss: 1.7167 | Avg Loss: 1.8158 | GPU Memory: 8436.0MB
2025-09-11 10:36:08,101 - INFO - Epoch 2 | Batch 8/10 | Loss: 1.7037 | Avg Loss: 1.8018 | GPU Memory: 8436.8MB
2025-09-11 10:36:08,430 - INFO - Epoch 2 | Batch 9/10 | Loss: 1.6744 | Avg Loss: 1.7876 | GPU Memory: 8438.0MB
2025-09-11 10:36:08,763 - INFO - Epoch 2 | Batch 10/10 | Loss: 1.6524 | Avg Loss: 1.7535 | GPU Memory: 8437.9MB
2025-09-11 10:36:09,486 - INFO - Epoch 2 completed. Loss: 1.7757, Time: 4.6s
2025-09-11 10:37:03,120 - INFO - Validation | Loss: 1.8573, mIoU: 0.6933, IoUs: [0.97807467 0.74798959 0.6025993  0.44455842]
2025-09-11 10:37:05,070 - INFO - Saved best model at epoch 2 to runs/ResNet50UNet_DAC_20250911_103504/checkpoints/ResNet50UNet_DAC_best.pth
2025-09-11 10:37:05,978 - INFO - Epoch 3 | Batch 1/10 | Loss: 1.6226 | Avg Loss: 1.6226 | GPU Memory: 8439.8MB
2025-09-11 10:37:06,322 - INFO - Epoch 3 | Batch 2/10 | Loss: 1.5712 | Avg Loss: 1.5969 | GPU Memory: 8440.0MB
2025-09-11 10:37:06,656 - INFO - Epoch 3 | Batch 3/10 | Loss: 1.5528 | Avg Loss: 1.5822 | GPU Memory: 8436.6MB
2025-09-11 10:37:06,990 - INFO - Epoch 3 | Batch 4/10 | Loss: 1.5702 | Avg Loss: 1.5792 | GPU Memory: 8438.5MB
2025-09-11 10:37:07,316 - INFO - Epoch 3 | Batch 5/10 | Loss: 1.5298 | Avg Loss: 1.5693 | GPU Memory: 8440.3MB
2025-09-11 10:37:07,643 - INFO - Epoch 3 | Batch 6/10 | Loss: 1.4713 | Avg Loss: 1.5530 | GPU Memory: 8438.8MB
2025-09-11 10:37:07,973 - INFO - Epoch 3 | Batch 7/10 | Loss: 1.4360 | Avg Loss: 1.5363 | GPU Memory: 8438.0MB
2025-09-11 10:37:08,306 - INFO - Epoch 3 | Batch 8/10 | Loss: 1.4131 | Avg Loss: 1.5209 | GPU Memory: 8439.3MB
2025-09-11 10:37:08,641 - INFO - Epoch 3 | Batch 9/10 | Loss: 1.4087 | Avg Loss: 1.5084 | GPU Memory: 8439.0MB
2025-09-11 10:37:08,962 - INFO - Epoch 3 | Batch 10/10 | Loss: 1.3744 | Avg Loss: 1.4778 | GPU Memory: 8437.1MB
2025-09-11 10:37:09,703 - INFO - Epoch 3 completed. Loss: 1.4965, Time: 4.6s
2025-09-11 10:38:03,207 - INFO - Validation | Loss: 1.6278, mIoU: 0.6022, IoUs: [0.97307205 0.69566166 0.59842325 0.14156738]
2025-09-11 10:38:05,197 - INFO - Saved best model at epoch 3 to runs/ResNet50UNet_DAC_20250911_103504/checkpoints/ResNet50UNet_DAC_best.pth
2025-09-11 10:38:06,091 - INFO - Epoch 4 | Batch 1/10 | Loss: 1.3360 | Avg Loss: 1.3360 | GPU Memory: 8437.5MB
2025-09-11 10:38:06,430 - INFO - Epoch 4 | Batch 2/10 | Loss: 1.3044 | Avg Loss: 1.3202 | GPU Memory: 8440.8MB
2025-09-11 10:38:06,772 - INFO - Epoch 4 | Batch 3/10 | Loss: 1.3403 | Avg Loss: 1.3269 | GPU Memory: 8437.0MB
2025-09-11 10:38:07,089 - INFO - Epoch 4 | Batch 4/10 | Loss: 1.2688 | Avg Loss: 1.3124 | GPU Memory: 8437.8MB
2025-09-11 10:38:07,418 - INFO - Epoch 4 | Batch 5/10 | Loss: 1.2365 | Avg Loss: 1.2972 | GPU Memory: 8439.3MB
2025-09-11 10:38:07,746 - INFO - Epoch 4 | Batch 6/10 | Loss: 1.2312 | Avg Loss: 1.2862 | GPU Memory: 8437.5MB
2025-09-11 10:38:08,074 - INFO - Epoch 4 | Batch 7/10 | Loss: 1.1968 | Avg Loss: 1.2734 | GPU Memory: 8437.8MB
2025-09-11 10:38:08,403 - INFO - Epoch 4 | Batch 8/10 | Loss: 1.1795 | Avg Loss: 1.2617 | GPU Memory: 8437.8MB
2025-09-11 10:38:08,730 - INFO - Epoch 4 | Batch 9/10 | Loss: 1.1837 | Avg Loss: 1.2530 | GPU Memory: 8438.0MB
2025-09-11 10:38:09,030 - INFO - Epoch 4 | Batch 10/10 | Loss: 1.1524 | Avg Loss: 1.2286 | GPU Memory: 8440.3MB
2025-09-11 10:38:09,724 - INFO - Epoch 4 completed. Loss: 1.2441, Time: 4.5s
2025-09-11 10:39:03,290 - INFO - Validation | Loss: 1.4197, mIoU: 0.6426, IoUs: [0.98209602 0.79478426 0.62245368 0.17113217]
2025-09-11 10:39:05,222 - INFO - Saved best model at epoch 4 to runs/ResNet50UNet_DAC_20250911_103504/checkpoints/ResNet50UNet_DAC_best.pth
2025-09-11 10:39:06,119 - INFO - Epoch 5 | Batch 1/10 | Loss: 1.1044 | Avg Loss: 1.1044 | GPU Memory: 8436.5MB
2025-09-11 10:39:06,447 - INFO - Epoch 5 | Batch 2/10 | Loss: 1.0769 | Avg Loss: 1.0906 | GPU Memory: 8440.0MB
2025-09-11 10:39:06,779 - INFO - Epoch 5 | Batch 3/10 | Loss: 1.0527 | Avg Loss: 1.0780 | GPU Memory: 8436.6MB
2025-09-11 10:39:07,108 - INFO - Epoch 5 | Batch 4/10 | Loss: 1.0352 | Avg Loss: 1.0673 | GPU Memory: 8438.5MB
2025-09-11 10:39:07,429 - INFO - Epoch 5 | Batch 5/10 | Loss: 1.0157 | Avg Loss: 1.0570 | GPU Memory: 8440.3MB
2025-09-11 10:39:07,753 - INFO - Epoch 5 | Batch 6/10 | Loss: 1.0224 | Avg Loss: 1.0512 | GPU Memory: 8438.8MB
2025-09-11 10:39:08,075 - INFO - Epoch 5 | Batch 7/10 | Loss: 0.9741 | Avg Loss: 1.0402 | GPU Memory: 8438.0MB
2025-09-11 10:39:08,396 - INFO - Epoch 5 | Batch 8/10 | Loss: 0.9584 | Avg Loss: 1.0300 | GPU Memory: 8439.3MB
2025-09-11 10:39:08,718 - INFO - Epoch 5 | Batch 9/10 | Loss: 0.9431 | Avg Loss: 1.0203 | GPU Memory: 8439.0MB
2025-09-11 10:39:09,014 - INFO - Epoch 5 | Batch 10/10 | Loss: 0.9248 | Avg Loss: 0.9992 | GPU Memory: 8437.1MB
2025-09-11 10:39:09,745 - INFO - Epoch 5 completed. Loss: 1.0118, Time: 4.5s
2025-09-11 10:40:01,910 - INFO - Validation | Loss: 1.1316, mIoU: 0.7391, IoUs: [0.9849426  0.83336607 0.7553692  0.38287902]
2025-09-11 10:40:03,838 - INFO - Saved best model at epoch 5 to runs/ResNet50UNet_DAC_20250911_103504/checkpoints/ResNet50UNet_DAC_best.pth
2025-09-11 10:40:04,750 - INFO - Epoch 6 | Batch 1/10 | Loss: 0.8960 | Avg Loss: 0.8960 | GPU Memory: 8437.5MB
2025-09-11 10:40:05,077 - INFO - Epoch 6 | Batch 2/10 | Loss: 0.9069 | Avg Loss: 0.9014 | GPU Memory: 8440.8MB
2025-09-11 10:40:05,396 - INFO - Epoch 6 | Batch 3/10 | Loss: 0.8843 | Avg Loss: 0.8957 | GPU Memory: 8437.0MB
2025-09-11 10:40:05,738 - INFO - Epoch 6 | Batch 4/10 | Loss: 0.8937 | Avg Loss: 0.8952 | GPU Memory: 8437.8MB
2025-09-11 10:40:06,058 - INFO - Epoch 6 | Batch 5/10 | Loss: 0.8910 | Avg Loss: 0.8944 | GPU Memory: 8439.3MB
2025-09-11 10:40:06,378 - INFO - Epoch 6 | Batch 6/10 | Loss: 0.8787 | Avg Loss: 0.8918 | GPU Memory: 8437.5MB
2025-09-11 10:40:06,697 - INFO - Epoch 6 | Batch 7/10 | Loss: 0.8801 | Avg Loss: 0.8901 | GPU Memory: 8437.8MB
2025-09-11 10:40:07,018 - INFO - Epoch 6 | Batch 8/10 | Loss: 0.8798 | Avg Loss: 0.8888 | GPU Memory: 8437.8MB
2025-09-11 10:40:07,343 - INFO - Epoch 6 | Batch 9/10 | Loss: 0.8821 | Avg Loss: 0.8881 | GPU Memory: 8438.0MB
2025-09-11 10:40:07,637 - INFO - Epoch 6 | Batch 10/10 | Loss: 0.8897 | Avg Loss: 0.8771 | GPU Memory: 8440.3MB
2025-09-11 10:40:08,371 - INFO - Epoch 6 completed. Loss: 0.8882, Time: 4.5s
2025-09-11 10:41:00,608 - INFO - Validation | Loss: 1.0560, mIoU: 0.7581, IoUs: [0.98740575 0.89796984 0.69567789 0.45126434]
2025-09-11 10:41:02,529 - INFO - Saved best model at epoch 6 to runs/ResNet50UNet_DAC_20250911_103504/checkpoints/ResNet50UNet_DAC_best.pth
2025-09-11 10:41:03,403 - INFO - Epoch 7 | Batch 1/10 | Loss: 0.8810 | Avg Loss: 0.8810 | GPU Memory: 8436.5MB
2025-09-11 10:41:03,730 - INFO - Epoch 7 | Batch 2/10 | Loss: 0.8682 | Avg Loss: 0.8746 | GPU Memory: 8440.0MB
2025-09-11 10:41:04,087 - INFO - Epoch 7 | Batch 3/10 | Loss: 0.8715 | Avg Loss: 0.8735 | GPU Memory: 8436.6MB
2025-09-11 10:41:04,404 - INFO - Epoch 7 | Batch 4/10 | Loss: 0.9070 | Avg Loss: 0.8819 | GPU Memory: 8438.5MB
2025-09-11 10:41:04,730 - INFO - Epoch 7 | Batch 5/10 | Loss: 0.8650 | Avg Loss: 0.8785 | GPU Memory: 8440.3MB
2025-09-11 10:41:05,052 - INFO - Epoch 7 | Batch 6/10 | Loss: 0.8617 | Avg Loss: 0.8757 | GPU Memory: 8438.8MB
2025-09-11 10:41:05,371 - INFO - Epoch 7 | Batch 7/10 | Loss: 0.8708 | Avg Loss: 0.8750 | GPU Memory: 8438.0MB
2025-09-11 10:41:05,574 - INFO - Epoch 7 | Batch 8/10 | Loss: 0.8794 | Avg Loss: 0.8756 | GPU Memory: 8439.3MB
2025-09-11 10:41:05,903 - INFO - Epoch 7 | Batch 9/10 | Loss: 0.8748 | Avg Loss: 0.8755 | GPU Memory: 8439.0MB
2025-09-11 10:41:06,202 - INFO - Epoch 7 | Batch 10/10 | Loss: 0.8957 | Avg Loss: 0.8663 | GPU Memory: 8437.1MB
2025-09-11 10:41:06,923 - INFO - Epoch 7 completed. Loss: 0.8773, Time: 4.4s
2025-09-11 10:41:59,097 - INFO - Validation | Loss: 1.0181, mIoU: 0.7510, IoUs: [0.98824955 0.90104262 0.67121269 0.44366873]
2025-09-11 10:42:01,054 - INFO - Saved best model at epoch 7 to runs/ResNet50UNet_DAC_20250911_103504/checkpoints/ResNet50UNet_DAC_best.pth
2025-09-11 10:42:01,964 - INFO - Epoch 8 | Batch 1/10 | Loss: 0.9006 | Avg Loss: 0.9006 | GPU Memory: 8437.5MB
2025-09-11 10:42:02,285 - INFO - Epoch 8 | Batch 2/10 | Loss: 0.8727 | Avg Loss: 0.8867 | GPU Memory: 8440.8MB
2025-09-11 10:42:02,619 - INFO - Epoch 8 | Batch 3/10 | Loss: 0.8531 | Avg Loss: 0.8755 | GPU Memory: 8437.0MB
2025-09-11 10:42:02,942 - INFO - Epoch 8 | Batch 4/10 | Loss: 0.8392 | Avg Loss: 0.8664 | GPU Memory: 8437.8MB
2025-09-11 10:42:03,263 - INFO - Epoch 8 | Batch 5/10 | Loss: 0.8468 | Avg Loss: 0.8625 | GPU Memory: 8439.3MB
2025-09-11 10:42:03,585 - INFO - Epoch 8 | Batch 6/10 | Loss: 0.8501 | Avg Loss: 0.8604 | GPU Memory: 8437.5MB
2025-09-11 10:42:03,908 - INFO - Epoch 8 | Batch 7/10 | Loss: 0.8524 | Avg Loss: 0.8593 | GPU Memory: 8437.8MB
2025-09-11 10:42:04,227 - INFO - Epoch 8 | Batch 8/10 | Loss: 0.8539 | Avg Loss: 0.8586 | GPU Memory: 8437.8MB
2025-09-11 10:42:04,546 - INFO - Epoch 8 | Batch 9/10 | Loss: 0.8543 | Avg Loss: 0.8581 | GPU Memory: 8438.0MB
2025-09-11 10:42:04,838 - INFO - Epoch 8 | Batch 10/10 | Loss: 0.8490 | Avg Loss: 0.8466 | GPU Memory: 8440.3MB
2025-09-11 10:42:05,525 - INFO - Epoch 8 completed. Loss: 0.8573, Time: 4.5s
2025-09-11 10:42:57,638 - INFO - Validation | Loss: 0.9884, mIoU: 0.7507, IoUs: [0.98848841 0.89007698 0.67167723 0.4525122 ]
2025-09-11 10:42:59,590 - INFO - Saved best model at epoch 8 to runs/ResNet50UNet_DAC_20250911_103504/checkpoints/ResNet50UNet_DAC_best.pth
2025-09-11 10:43:00,516 - INFO - Epoch 9 | Batch 1/10 | Loss: 0.8976 | Avg Loss: 0.8976 | GPU Memory: 8436.5MB
2025-09-11 10:43:00,837 - INFO - Epoch 9 | Batch 2/10 | Loss: 0.8411 | Avg Loss: 0.8694 | GPU Memory: 8440.0MB
2025-09-11 10:43:01,156 - INFO - Epoch 9 | Batch 3/10 | Loss: 0.8367 | Avg Loss: 0.8585 | GPU Memory: 8436.6MB
2025-09-11 10:43:01,488 - INFO - Epoch 9 | Batch 4/10 | Loss: 0.8327 | Avg Loss: 0.8521 | GPU Memory: 8438.5MB
2025-09-11 10:43:01,809 - INFO - Epoch 9 | Batch 5/10 | Loss: 0.8375 | Avg Loss: 0.8491 | GPU Memory: 8440.3MB
2025-09-11 10:43:02,128 - INFO - Epoch 9 | Batch 6/10 | Loss: 0.8240 | Avg Loss: 0.8450 | GPU Memory: 8438.8MB
2025-09-11 10:43:02,446 - INFO - Epoch 9 | Batch 7/10 | Loss: 0.8347 | Avg Loss: 0.8435 | GPU Memory: 8438.0MB
2025-09-11 10:43:02,768 - INFO - Epoch 9 | Batch 8/10 | Loss: 0.8252 | Avg Loss: 0.8412 | GPU Memory: 8439.3MB
2025-09-11 10:43:03,090 - INFO - Epoch 9 | Batch 9/10 | Loss: 0.8257 | Avg Loss: 0.8395 | GPU Memory: 8439.0MB
2025-09-11 10:43:03,384 - INFO - Epoch 9 | Batch 10/10 | Loss: 0.8307 | Avg Loss: 0.8282 | GPU Memory: 8437.1MB
2025-09-11 10:43:04,131 - INFO - Epoch 9 completed. Loss: 0.8387, Time: 4.5s
2025-09-11 10:43:56,304 - INFO - Validation | Loss: 0.9786, mIoU: 0.7521, IoUs: [0.98881874 0.8933431  0.67866071 0.44766421]
2025-09-11 10:43:58,248 - INFO - Saved best model at epoch 9 to runs/ResNet50UNet_DAC_20250911_103504/checkpoints/ResNet50UNet_DAC_best.pth
2025-09-11 10:43:59,123 - INFO - Epoch 10 | Batch 1/10 | Loss: 0.8377 | Avg Loss: 0.8377 | GPU Memory: 8437.5MB
2025-09-11 10:43:59,473 - INFO - Epoch 10 | Batch 2/10 | Loss: 0.8305 | Avg Loss: 0.8341 | GPU Memory: 8440.8MB
2025-09-11 10:43:59,819 - INFO - Epoch 10 | Batch 3/10 | Loss: 0.8159 | Avg Loss: 0.8280 | GPU Memory: 8437.0MB
2025-09-11 10:44:00,122 - INFO - Epoch 10 | Batch 4/10 | Loss: 0.8332 | Avg Loss: 0.8293 | GPU Memory: 8437.8MB
2025-09-11 10:44:00,446 - INFO - Epoch 10 | Batch 5/10 | Loss: 0.8156 | Avg Loss: 0.8266 | GPU Memory: 8439.3MB
2025-09-11 10:44:00,773 - INFO - Epoch 10 | Batch 6/10 | Loss: 0.8090 | Avg Loss: 0.8236 | GPU Memory: 8437.5MB
2025-09-11 10:44:01,093 - INFO - Epoch 10 | Batch 7/10 | Loss: 0.8086 | Avg Loss: 0.8215 | GPU Memory: 8437.8MB
2025-09-11 10:44:01,414 - INFO - Epoch 10 | Batch 8/10 | Loss: 0.8317 | Avg Loss: 0.8228 | GPU Memory: 8437.8MB
2025-09-11 10:44:01,735 - INFO - Epoch 10 | Batch 9/10 | Loss: 0.8118 | Avg Loss: 0.8215 | GPU Memory: 8438.0MB
2025-09-11 10:44:02,031 - INFO - Epoch 10 | Batch 10/10 | Loss: 0.8025 | Avg Loss: 0.8096 | GPU Memory: 8440.3MB
2025-09-11 10:44:02,778 - INFO - Epoch 10 completed. Loss: 0.8199, Time: 4.5s
2025-09-11 10:44:55,004 - INFO - Validation | Loss: 0.9672, mIoU: 0.7510, IoUs: [0.9891567  0.9004447  0.68492351 0.42955804]
2025-09-11 10:45:00,205 - INFO - Saved periodic checkpoint at epoch 10 to runs/ResNet50UNet_DAC_20250911_103504/checkpoints/ResNet50UNet_DAC_epoch_10.pth
2025-09-11 10:45:02,151 - INFO - Saved best model at epoch 10 to runs/ResNet50UNet_DAC_20250911_103504/checkpoints/ResNet50UNet_DAC_best.pth
2025-09-11 10:45:03,068 - INFO - Epoch 11 | Batch 1/10 | Loss: 0.8000 | Avg Loss: 0.8000 | GPU Memory: 8436.5MB
2025-09-11 10:45:03,392 - INFO - Epoch 11 | Batch 2/10 | Loss: 0.8160 | Avg Loss: 0.8080 | GPU Memory: 8440.0MB
2025-09-11 10:45:03,714 - INFO - Epoch 11 | Batch 3/10 | Loss: 0.8216 | Avg Loss: 0.8125 | GPU Memory: 8436.6MB
2025-09-11 10:45:04,050 - INFO - Epoch 11 | Batch 4/10 | Loss: 0.8013 | Avg Loss: 0.8097 | GPU Memory: 8438.5MB
2025-09-11 10:45:04,369 - INFO - Epoch 11 | Batch 5/10 | Loss: 0.8060 | Avg Loss: 0.8090 | GPU Memory: 8440.3MB
2025-09-11 10:45:04,689 - INFO - Epoch 11 | Batch 6/10 | Loss: 0.8049 | Avg Loss: 0.8083 | GPU Memory: 8438.8MB
2025-09-11 10:45:05,009 - INFO - Epoch 11 | Batch 7/10 | Loss: 0.8166 | Avg Loss: 0.8095 | GPU Memory: 8438.0MB
2025-09-11 10:45:05,331 - INFO - Epoch 11 | Batch 8/10 | Loss: 0.7940 | Avg Loss: 0.8076 | GPU Memory: 8439.3MB
2025-09-11 10:45:05,653 - INFO - Epoch 11 | Batch 9/10 | Loss: 0.8121 | Avg Loss: 0.8081 | GPU Memory: 8439.0MB
2025-09-11 10:45:05,947 - INFO - Epoch 11 | Batch 10/10 | Loss: 0.8185 | Avg Loss: 0.7989 | GPU Memory: 8437.1MB
2025-09-11 10:45:06,694 - INFO - Epoch 11 completed. Loss: 0.8090, Time: 4.5s
2025-09-11 10:45:58,949 - INFO - Validation | Loss: 0.9626, mIoU: 0.7494, IoUs: [0.98907778 0.89930837 0.67997125 0.42935233]
2025-09-11 10:46:00,865 - INFO - Saved best model at epoch 11 to runs/ResNet50UNet_DAC_20250911_103504/checkpoints/ResNet50UNet_DAC_best.pth
2025-09-11 10:46:01,770 - INFO - Epoch 12 | Batch 1/10 | Loss: 0.8135 | Avg Loss: 0.8135 | GPU Memory: 8437.5MB
2025-09-11 10:46:02,096 - INFO - Epoch 12 | Batch 2/10 | Loss: 0.7983 | Avg Loss: 0.8059 | GPU Memory: 8440.8MB
2025-09-11 10:46:02,419 - INFO - Epoch 12 | Batch 3/10 | Loss: 0.7972 | Avg Loss: 0.8030 | GPU Memory: 8437.0MB
2025-09-11 10:46:02,753 - INFO - Epoch 12 | Batch 4/10 | Loss: 0.8380 | Avg Loss: 0.8117 | GPU Memory: 8437.8MB
2025-09-11 10:46:03,072 - INFO - Epoch 12 | Batch 5/10 | Loss: 0.8008 | Avg Loss: 0.8095 | GPU Memory: 8439.3MB
2025-09-11 10:46:03,390 - INFO - Epoch 12 | Batch 6/10 | Loss: 0.8227 | Avg Loss: 0.8117 | GPU Memory: 8437.5MB
2025-09-11 10:46:03,712 - INFO - Epoch 12 | Batch 7/10 | Loss: 0.8039 | Avg Loss: 0.8106 | GPU Memory: 8437.8MB
2025-09-11 10:46:04,035 - INFO - Epoch 12 | Batch 8/10 | Loss: 0.8030 | Avg Loss: 0.8097 | GPU Memory: 8437.8MB
2025-09-11 10:46:04,354 - INFO - Epoch 12 | Batch 9/10 | Loss: 0.7968 | Avg Loss: 0.8082 | GPU Memory: 8438.0MB
2025-09-11 10:46:04,649 - INFO - Epoch 12 | Batch 10/10 | Loss: 0.8030 | Avg Loss: 0.7977 | GPU Memory: 8440.3MB
2025-09-11 10:46:05,392 - INFO - Epoch 12 completed. Loss: 0.8078, Time: 4.5s
2025-09-11 10:46:57,507 - INFO - Validation | Loss: 0.9609, mIoU: 0.7485, IoUs: [0.989071   0.89809691 0.67859996 0.42839088]
2025-09-11 10:46:59,447 - INFO - Saved best model at epoch 12 to runs/ResNet50UNet_DAC_20250911_103504/checkpoints/ResNet50UNet_DAC_best.pth
2025-09-11 10:47:00,348 - INFO - Epoch 13 | Batch 1/10 | Loss: 0.8129 | Avg Loss: 0.8129 | GPU Memory: 8436.5MB
2025-09-11 10:47:00,668 - INFO - Epoch 13 | Batch 2/10 | Loss: 0.8039 | Avg Loss: 0.8084 | GPU Memory: 8440.0MB
2025-09-11 10:47:01,011 - INFO - Epoch 13 | Batch 3/10 | Loss: 0.8168 | Avg Loss: 0.8112 | GPU Memory: 8436.6MB
2025-09-11 10:47:01,333 - INFO - Epoch 13 | Batch 4/10 | Loss: 0.7957 | Avg Loss: 0.8074 | GPU Memory: 8438.5MB
2025-09-11 10:47:01,652 - INFO - Epoch 13 | Batch 5/10 | Loss: 0.8196 | Avg Loss: 0.8098 | GPU Memory: 8440.3MB
2025-09-11 10:47:01,971 - INFO - Epoch 13 | Batch 6/10 | Loss: 0.8069 | Avg Loss: 0.8093 | GPU Memory: 8438.8MB
2025-09-11 10:47:02,293 - INFO - Epoch 13 | Batch 7/10 | Loss: 0.8068 | Avg Loss: 0.8090 | GPU Memory: 8438.0MB
2025-09-11 10:47:02,616 - INFO - Epoch 13 | Batch 8/10 | Loss: 0.8072 | Avg Loss: 0.8087 | GPU Memory: 8439.3MB
2025-09-11 10:47:02,936 - INFO - Epoch 13 | Batch 9/10 | Loss: 0.8041 | Avg Loss: 0.8082 | GPU Memory: 8439.0MB
2025-09-11 10:47:03,231 - INFO - Epoch 13 | Batch 10/10 | Loss: 0.8041 | Avg Loss: 0.7978 | GPU Memory: 8437.1MB
2025-09-11 10:47:03,972 - INFO - Epoch 13 completed. Loss: 0.8079, Time: 4.5s
2025-09-11 10:47:55,950 - INFO - Validation | Loss: 0.9572, mIoU: 0.7490, IoUs: [0.98904256 0.89743156 0.68185506 0.42784797]
2025-09-11 10:47:57,883 - INFO - Saved best model at epoch 13 to runs/ResNet50UNet_DAC_20250911_103504/checkpoints/ResNet50UNet_DAC_best.pth
2025-09-11 10:47:58,800 - INFO - Epoch 14 | Batch 1/10 | Loss: 0.8031 | Avg Loss: 0.8031 | GPU Memory: 8437.5MB
2025-09-11 10:47:59,134 - INFO - Epoch 14 | Batch 2/10 | Loss: 0.7994 | Avg Loss: 0.8012 | GPU Memory: 8440.8MB
2025-09-11 10:47:59,451 - INFO - Epoch 14 | Batch 3/10 | Loss: 0.7961 | Avg Loss: 0.7995 | GPU Memory: 8437.0MB
2025-09-11 10:47:59,776 - INFO - Epoch 14 | Batch 4/10 | Loss: 0.8038 | Avg Loss: 0.8006 | GPU Memory: 8437.8MB
2025-09-11 10:48:00,098 - INFO - Epoch 14 | Batch 5/10 | Loss: 0.8084 | Avg Loss: 0.8022 | GPU Memory: 8439.3MB
2025-09-11 10:48:00,419 - INFO - Epoch 14 | Batch 6/10 | Loss: 0.7959 | Avg Loss: 0.8011 | GPU Memory: 8437.5MB
2025-09-11 10:48:00,741 - INFO - Epoch 14 | Batch 7/10 | Loss: 0.7993 | Avg Loss: 0.8009 | GPU Memory: 8437.8MB
2025-09-11 10:48:01,062 - INFO - Epoch 14 | Batch 8/10 | Loss: 0.8031 | Avg Loss: 0.8011 | GPU Memory: 8437.8MB
2025-09-11 10:48:01,386 - INFO - Epoch 14 | Batch 9/10 | Loss: 0.7984 | Avg Loss: 0.8008 | GPU Memory: 8438.0MB
2025-09-11 10:48:01,680 - INFO - Epoch 14 | Batch 10/10 | Loss: 0.8191 | Avg Loss: 0.7924 | GPU Memory: 8440.3MB
2025-09-11 10:48:02,427 - INFO - Epoch 14 completed. Loss: 0.8025, Time: 4.5s
2025-09-11 10:48:54,613 - INFO - Validation | Loss: 0.9568, mIoU: 0.7489, IoUs: [0.98904263 0.89856894 0.67974916 0.42841067]
2025-09-11 10:48:56,520 - INFO - Saved best model at epoch 14 to runs/ResNet50UNet_DAC_20250911_103504/checkpoints/ResNet50UNet_DAC_best.pth
2025-09-11 10:48:57,431 - INFO - Epoch 15 | Batch 1/10 | Loss: 0.8166 | Avg Loss: 0.8166 | GPU Memory: 8436.5MB
2025-09-11 10:48:57,752 - INFO - Epoch 15 | Batch 2/10 | Loss: 0.8041 | Avg Loss: 0.8103 | GPU Memory: 8440.0MB
2025-09-11 10:48:58,082 - INFO - Epoch 15 | Batch 3/10 | Loss: 0.8075 | Avg Loss: 0.8094 | GPU Memory: 8436.6MB
2025-09-11 10:48:58,405 - INFO - Epoch 15 | Batch 4/10 | Loss: 0.8338 | Avg Loss: 0.8155 | GPU Memory: 8438.5MB
2025-09-11 10:48:58,726 - INFO - Epoch 15 | Batch 5/10 | Loss: 0.7882 | Avg Loss: 0.8100 | GPU Memory: 8440.3MB
2025-09-11 10:48:59,047 - INFO - Epoch 15 | Batch 6/10 | Loss: 0.8050 | Avg Loss: 0.8092 | GPU Memory: 8438.8MB
2025-09-11 10:48:59,371 - INFO - Epoch 15 | Batch 7/10 | Loss: 0.7988 | Avg Loss: 0.8077 | GPU Memory: 8438.0MB
2025-09-11 10:48:59,691 - INFO - Epoch 15 | Batch 8/10 | Loss: 0.7882 | Avg Loss: 0.8053 | GPU Memory: 8439.3MB
2025-09-11 10:49:00,011 - INFO - Epoch 15 | Batch 9/10 | Loss: 0.8019 | Avg Loss: 0.8049 | GPU Memory: 8439.0MB
2025-09-11 10:49:00,303 - INFO - Epoch 15 | Batch 10/10 | Loss: 0.7920 | Avg Loss: 0.7937 | GPU Memory: 8437.1MB
2025-09-11 10:49:01,051 - INFO - Epoch 15 completed. Loss: 0.8038, Time: 4.5s
2025-09-11 10:49:53,167 - INFO - Validation | Loss: 0.9564, mIoU: 0.7487, IoUs: [0.98913423 0.89747484 0.68103833 0.42701166]
2025-09-11 10:49:55,081 - INFO - Saved best model at epoch 15 to runs/ResNet50UNet_DAC_20250911_103504/checkpoints/ResNet50UNet_DAC_best.pth
2025-09-11 10:49:55,991 - INFO - Epoch 16 | Batch 1/10 | Loss: 0.8191 | Avg Loss: 0.8191 | GPU Memory: 8437.5MB
2025-09-11 10:49:56,320 - INFO - Epoch 16 | Batch 2/10 | Loss: 0.7860 | Avg Loss: 0.8026 | GPU Memory: 8440.8MB
2025-09-11 10:49:56,657 - INFO - Epoch 16 | Batch 3/10 | Loss: 0.7984 | Avg Loss: 0.8012 | GPU Memory: 8437.0MB
2025-09-11 10:49:56,979 - INFO - Epoch 16 | Batch 4/10 | Loss: 0.7955 | Avg Loss: 0.7998 | GPU Memory: 8437.8MB
2025-09-11 10:49:57,298 - INFO - Epoch 16 | Batch 5/10 | Loss: 0.8000 | Avg Loss: 0.7998 | GPU Memory: 8439.3MB
2025-09-11 10:49:57,619 - INFO - Epoch 16 | Batch 6/10 | Loss: 0.7960 | Avg Loss: 0.7992 | GPU Memory: 8437.5MB
2025-09-11 10:49:57,941 - INFO - Epoch 16 | Batch 7/10 | Loss: 0.8107 | Avg Loss: 0.8008 | GPU Memory: 8437.8MB
2025-09-11 10:49:58,263 - INFO - Epoch 16 | Batch 8/10 | Loss: 0.7932 | Avg Loss: 0.7999 | GPU Memory: 8437.8MB
2025-09-11 10:49:58,584 - INFO - Epoch 16 | Batch 9/10 | Loss: 0.8235 | Avg Loss: 0.8025 | GPU Memory: 8438.0MB
2025-09-11 10:49:58,877 - INFO - Epoch 16 | Batch 10/10 | Loss: 0.7977 | Avg Loss: 0.7920 | GPU Memory: 8440.3MB
2025-09-11 10:49:59,617 - INFO - Epoch 16 completed. Loss: 0.8021, Time: 4.5s
2025-09-11 10:50:51,927 - INFO - Validation | Loss: 0.9556, mIoU: 0.7479, IoUs: [0.98911173 0.89784833 0.67647088 0.4280998 ]
2025-09-11 10:50:53,858 - INFO - Saved best model at epoch 16 to runs/ResNet50UNet_DAC_20250911_103504/checkpoints/ResNet50UNet_DAC_best.pth
2025-09-11 10:50:54,765 - INFO - Epoch 17 | Batch 1/10 | Loss: 0.7945 | Avg Loss: 0.7945 | GPU Memory: 8436.5MB
2025-09-11 10:50:55,085 - INFO - Epoch 17 | Batch 2/10 | Loss: 0.8136 | Avg Loss: 0.8041 | GPU Memory: 8440.0MB
2025-09-11 10:50:55,423 - INFO - Epoch 17 | Batch 3/10 | Loss: 0.7895 | Avg Loss: 0.7992 | GPU Memory: 8436.6MB
2025-09-11 10:50:55,748 - INFO - Epoch 17 | Batch 4/10 | Loss: 0.8299 | Avg Loss: 0.8069 | GPU Memory: 8438.5MB
2025-09-11 10:50:56,066 - INFO - Epoch 17 | Batch 5/10 | Loss: 0.7889 | Avg Loss: 0.8033 | GPU Memory: 8440.3MB
2025-09-11 10:50:56,387 - INFO - Epoch 17 | Batch 6/10 | Loss: 0.8003 | Avg Loss: 0.8028 | GPU Memory: 8438.8MB
2025-09-11 10:50:56,707 - INFO - Epoch 17 | Batch 7/10 | Loss: 0.8005 | Avg Loss: 0.8025 | GPU Memory: 8438.0MB
2025-09-11 10:50:57,034 - INFO - Epoch 17 | Batch 8/10 | Loss: 0.7915 | Avg Loss: 0.8011 | GPU Memory: 8439.3MB
2025-09-11 10:50:57,355 - INFO - Epoch 17 | Batch 9/10 | Loss: 0.8059 | Avg Loss: 0.8016 | GPU Memory: 8439.0MB
2025-09-11 10:50:57,647 - INFO - Epoch 17 | Batch 10/10 | Loss: 0.7984 | Avg Loss: 0.7913 | GPU Memory: 8437.1MB
2025-09-11 10:50:58,383 - INFO - Epoch 17 completed. Loss: 0.8013, Time: 4.5s
2025-09-11 10:51:50,498 - INFO - Validation | Loss: 0.9547, mIoU: 0.7484, IoUs: [0.98912247 0.897536   0.67921137 0.42759936]
2025-09-11 10:51:52,429 - INFO - Saved best model at epoch 17 to runs/ResNet50UNet_DAC_20250911_103504/checkpoints/ResNet50UNet_DAC_best.pth
2025-09-11 10:51:53,341 - INFO - Epoch 18 | Batch 1/10 | Loss: 0.8014 | Avg Loss: 0.8014 | GPU Memory: 8437.5MB
2025-09-11 10:51:53,662 - INFO - Epoch 18 | Batch 2/10 | Loss: 0.8176 | Avg Loss: 0.8095 | GPU Memory: 8440.8MB
2025-09-11 10:51:53,981 - INFO - Epoch 18 | Batch 3/10 | Loss: 0.7980 | Avg Loss: 0.8057 | GPU Memory: 8437.0MB
2025-09-11 10:51:54,324 - INFO - Epoch 18 | Batch 4/10 | Loss: 0.7944 | Avg Loss: 0.8029 | GPU Memory: 8437.8MB
2025-09-11 10:51:54,641 - INFO - Epoch 18 | Batch 5/10 | Loss: 0.8234 | Avg Loss: 0.8070 | GPU Memory: 8439.3MB
2025-09-11 10:51:54,962 - INFO - Epoch 18 | Batch 6/10 | Loss: 0.8096 | Avg Loss: 0.8074 | GPU Memory: 8437.5MB
2025-09-11 10:51:55,283 - INFO - Epoch 18 | Batch 7/10 | Loss: 0.7898 | Avg Loss: 0.8049 | GPU Memory: 8437.8MB
2025-09-11 10:51:55,602 - INFO - Epoch 18 | Batch 8/10 | Loss: 0.8074 | Avg Loss: 0.8052 | GPU Memory: 8437.8MB
2025-09-11 10:51:55,924 - INFO - Epoch 18 | Batch 9/10 | Loss: 0.7913 | Avg Loss: 0.8037 | GPU Memory: 8438.0MB
2025-09-11 10:51:56,217 - INFO - Epoch 18 | Batch 10/10 | Loss: 0.7889 | Avg Loss: 0.7923 | GPU Memory: 8440.3MB
2025-09-11 10:51:56,964 - INFO - Epoch 18 completed. Loss: 0.8023, Time: 4.5s
2025-09-11 10:52:49,001 - INFO - Validation | Loss: 0.9551, mIoU: 0.7470, IoUs: [0.98916018 0.89697268 0.67386283 0.42804981]
2025-09-11 10:52:49,912 - INFO - Epoch 19 | Batch 1/10 | Loss: 0.8021 | Avg Loss: 0.8021 | GPU Memory: 8436.5MB
2025-09-11 10:52:50,231 - INFO - Epoch 19 | Batch 2/10 | Loss: 0.7845 | Avg Loss: 0.7933 | GPU Memory: 8440.0MB
2025-09-11 10:52:50,561 - INFO - Epoch 19 | Batch 3/10 | Loss: 0.8017 | Avg Loss: 0.7961 | GPU Memory: 8436.6MB
2025-09-11 10:52:50,883 - INFO - Epoch 19 | Batch 4/10 | Loss: 0.7932 | Avg Loss: 0.7954 | GPU Memory: 8438.5MB
2025-09-11 10:52:51,205 - INFO - Epoch 19 | Batch 5/10 | Loss: 0.8084 | Avg Loss: 0.7980 | GPU Memory: 8440.3MB
2025-09-11 10:52:51,526 - INFO - Epoch 19 | Batch 6/10 | Loss: 0.8060 | Avg Loss: 0.7993 | GPU Memory: 8438.8MB
2025-09-11 10:52:51,846 - INFO - Epoch 19 | Batch 7/10 | Loss: 0.8035 | Avg Loss: 0.7999 | GPU Memory: 8438.0MB
2025-09-11 10:52:52,166 - INFO - Epoch 19 | Batch 8/10 | Loss: 0.8039 | Avg Loss: 0.8004 | GPU Memory: 8439.3MB
2025-09-11 10:52:52,486 - INFO - Epoch 19 | Batch 9/10 | Loss: 0.7923 | Avg Loss: 0.7995 | GPU Memory: 8439.0MB
2025-09-11 10:52:52,782 - INFO - Epoch 19 | Batch 10/10 | Loss: 0.8129 | Avg Loss: 0.7907 | GPU Memory: 8437.1MB
2025-09-11 10:52:53,477 - INFO - Epoch 19 completed. Loss: 0.8007, Time: 4.5s
2025-09-11 10:53:46,782 - INFO - Validation | Loss: 0.9542, mIoU: 0.7466, IoUs: [0.98913976 0.89675332 0.67000796 0.43050133]
2025-09-11 10:53:48,717 - INFO - Saved best model at epoch 19 to runs/ResNet50UNet_DAC_20250911_103504/checkpoints/ResNet50UNet_DAC_best.pth
2025-09-11 10:53:49,622 - INFO - Epoch 20 | Batch 1/10 | Loss: 0.7945 | Avg Loss: 0.7945 | GPU Memory: 8437.5MB
2025-09-11 10:53:49,971 - INFO - Epoch 20 | Batch 2/10 | Loss: 0.7898 | Avg Loss: 0.7921 | GPU Memory: 8440.8MB
2025-09-11 10:53:50,324 - INFO - Epoch 20 | Batch 3/10 | Loss: 0.8028 | Avg Loss: 0.7957 | GPU Memory: 8437.0MB
2025-09-11 10:53:50,651 - INFO - Epoch 20 | Batch 4/10 | Loss: 0.7871 | Avg Loss: 0.7935 | GPU Memory: 8437.8MB
2025-09-11 10:53:50,980 - INFO - Epoch 20 | Batch 5/10 | Loss: 0.8109 | Avg Loss: 0.7970 | GPU Memory: 8439.3MB
2025-09-11 10:53:51,309 - INFO - Epoch 20 | Batch 6/10 | Loss: 0.7956 | Avg Loss: 0.7968 | GPU Memory: 8437.5MB
2025-09-11 10:53:51,633 - INFO - Epoch 20 | Batch 7/10 | Loss: 0.7917 | Avg Loss: 0.7961 | GPU Memory: 8437.8MB
2025-09-11 10:53:51,958 - INFO - Epoch 20 | Batch 8/10 | Loss: 0.8010 | Avg Loss: 0.7967 | GPU Memory: 8437.8MB
2025-09-11 10:53:52,288 - INFO - Epoch 20 | Batch 9/10 | Loss: 0.8427 | Avg Loss: 0.8018 | GPU Memory: 8438.0MB
2025-09-11 10:53:52,590 - INFO - Epoch 20 | Batch 10/10 | Loss: 0.7986 | Avg Loss: 0.7915 | GPU Memory: 8440.3MB
2025-09-11 10:53:53,316 - INFO - Epoch 20 completed. Loss: 0.8015, Time: 4.6s
2025-09-11 10:54:45,503 - INFO - Validation | Loss: 0.9544, mIoU: 0.7472, IoUs: [0.98914282 0.89729947 0.66901409 0.4333545 ]
2025-09-11 10:54:50,645 - INFO - Saved periodic checkpoint at epoch 20 to runs/ResNet50UNet_DAC_20250911_103504/checkpoints/ResNet50UNet_DAC_epoch_20.pth
2025-09-11 10:54:51,547 - INFO - Epoch 21 | Batch 1/10 | Loss: 0.8030 | Avg Loss: 0.8030 | GPU Memory: 8436.5MB
2025-09-11 10:54:51,885 - INFO - Epoch 21 | Batch 2/10 | Loss: 0.8008 | Avg Loss: 0.8019 | GPU Memory: 8440.0MB
2025-09-11 10:54:52,227 - INFO - Epoch 21 | Batch 3/10 | Loss: 0.7988 | Avg Loss: 0.8009 | GPU Memory: 8436.6MB
2025-09-11 10:54:52,537 - INFO - Epoch 21 | Batch 4/10 | Loss: 0.8264 | Avg Loss: 0.8073 | GPU Memory: 8438.5MB
2025-09-11 10:54:52,869 - INFO - Epoch 21 | Batch 5/10 | Loss: 0.7951 | Avg Loss: 0.8048 | GPU Memory: 8440.3MB
2025-09-11 10:54:53,197 - INFO - Epoch 21 | Batch 6/10 | Loss: 0.7882 | Avg Loss: 0.8020 | GPU Memory: 8438.8MB
2025-09-11 10:54:53,522 - INFO - Epoch 21 | Batch 7/10 | Loss: 0.7898 | Avg Loss: 0.8003 | GPU Memory: 8438.0MB
2025-09-11 10:54:53,851 - INFO - Epoch 21 | Batch 8/10 | Loss: 0.7987 | Avg Loss: 0.8001 | GPU Memory: 8439.3MB
2025-09-11 10:54:54,177 - INFO - Epoch 21 | Batch 9/10 | Loss: 0.8060 | Avg Loss: 0.8007 | GPU Memory: 8439.0MB
2025-09-11 10:54:54,478 - INFO - Epoch 21 | Batch 10/10 | Loss: 0.7962 | Avg Loss: 0.7903 | GPU Memory: 8437.1MB
2025-09-11 10:54:55,178 - INFO - Epoch 21 completed. Loss: 0.8003, Time: 4.5s
2025-09-11 10:55:47,819 - INFO - Validation | Loss: 0.9513, mIoU: 0.7504, IoUs: [0.98913004 0.89747057 0.68259608 0.43223613]
2025-09-11 10:55:49,763 - INFO - Saved best model at epoch 21 to runs/ResNet50UNet_DAC_20250911_103504/checkpoints/ResNet50UNet_DAC_best.pth
2025-09-11 10:55:50,691 - INFO - Epoch 22 | Batch 1/10 | Loss: 0.8156 | Avg Loss: 0.8156 | GPU Memory: 8437.5MB
2025-09-11 10:55:51,035 - INFO - Epoch 22 | Batch 2/10 | Loss: 0.8099 | Avg Loss: 0.8128 | GPU Memory: 8440.8MB
2025-09-11 10:55:51,381 - INFO - Epoch 22 | Batch 3/10 | Loss: 0.8284 | Avg Loss: 0.8180 | GPU Memory: 8437.0MB
2025-09-11 10:55:51,711 - INFO - Epoch 22 | Batch 4/10 | Loss: 0.8020 | Avg Loss: 0.8140 | GPU Memory: 8437.8MB
2025-09-11 10:55:52,046 - INFO - Epoch 22 | Batch 5/10 | Loss: 0.7887 | Avg Loss: 0.8089 | GPU Memory: 8439.3MB
2025-09-11 10:55:52,377 - INFO - Epoch 22 | Batch 6/10 | Loss: 0.7899 | Avg Loss: 0.8058 | GPU Memory: 8437.5MB
2025-09-11 10:55:52,701 - INFO - Epoch 22 | Batch 7/10 | Loss: 0.7953 | Avg Loss: 0.8043 | GPU Memory: 8437.8MB
2025-09-11 10:55:53,031 - INFO - Epoch 22 | Batch 8/10 | Loss: 0.8128 | Avg Loss: 0.8053 | GPU Memory: 8437.8MB
2025-09-11 10:55:53,361 - INFO - Epoch 22 | Batch 9/10 | Loss: 0.7871 | Avg Loss: 0.8033 | GPU Memory: 8438.0MB
2025-09-11 10:55:53,661 - INFO - Epoch 22 | Batch 10/10 | Loss: 0.7851 | Avg Loss: 0.7917 | GPU Memory: 8440.3MB
2025-09-11 10:55:54,375 - INFO - Epoch 22 completed. Loss: 0.8017, Time: 4.6s
2025-09-11 10:56:47,293 - INFO - Validation | Loss: 0.9523, mIoU: 0.7490, IoUs: [0.98915163 0.89653825 0.68183755 0.42851102]
2025-09-11 10:56:48,222 - INFO - Epoch 23 | Batch 1/10 | Loss: 0.7862 | Avg Loss: 0.7862 | GPU Memory: 8436.5MB
2025-09-11 10:56:48,561 - INFO - Epoch 23 | Batch 2/10 | Loss: 0.8214 | Avg Loss: 0.8038 | GPU Memory: 8440.0MB
2025-09-11 10:56:48,899 - INFO - Epoch 23 | Batch 3/10 | Loss: 0.7975 | Avg Loss: 0.8017 | GPU Memory: 8436.6MB
2025-09-11 10:56:49,236 - INFO - Epoch 23 | Batch 4/10 | Loss: 0.8094 | Avg Loss: 0.8036 | GPU Memory: 8438.5MB
2025-09-11 10:56:49,565 - INFO - Epoch 23 | Batch 5/10 | Loss: 0.7937 | Avg Loss: 0.8016 | GPU Memory: 8440.3MB
2025-09-11 10:56:49,898 - INFO - Epoch 23 | Batch 6/10 | Loss: 0.8189 | Avg Loss: 0.8045 | GPU Memory: 8438.8MB
2025-09-11 10:56:50,229 - INFO - Epoch 23 | Batch 7/10 | Loss: 0.7902 | Avg Loss: 0.8025 | GPU Memory: 8438.0MB
2025-09-11 10:56:50,560 - INFO - Epoch 23 | Batch 8/10 | Loss: 0.8102 | Avg Loss: 0.8034 | GPU Memory: 8439.3MB
2025-09-11 10:56:50,886 - INFO - Epoch 23 | Batch 9/10 | Loss: 0.8018 | Avg Loss: 0.8032 | GPU Memory: 8439.0MB
2025-09-11 10:56:51,195 - INFO - Epoch 23 | Batch 10/10 | Loss: 0.7895 | Avg Loss: 0.7920 | GPU Memory: 8437.1MB
2025-09-11 10:56:51,900 - INFO - Epoch 23 completed. Loss: 0.8020, Time: 4.6s
