2025-09-11 15:47:35,343 - INFO - Training UNET_OCT_AIM Model using device: cuda
Run directory: runs/UNET_OCT_AIM_20250911_154735
Configuration:
{
    "name": "UNET_OCT_AIM",
    "data_root": "/media/be-light/Data/PG_Gdansk/Torun_secondment/Experiments/dataset/cityscapes",
    "num_classes": 4,
    "crop_size": 256,
    "batch_size": 4,
    "val_batch_size": 4,
    "num_epochs": 25,
    "lr": 0.0001,
    "log_dir": "runs",
    "resume": null,
    "early_stop_patience": 5
}using class weights: [1.0, 1.0, 1.0, 3.0]

2025-09-11 15:47:35,344 - INFO - Training samples: 79, Validation samples: 20
2025-09-11 15:47:36,663 - INFO - Epoch 1 | Batch 1/20 | Loss: 2.4559 | Avg Loss: 2.4559 | GPU Memory: 9674.0MB
2025-09-11 15:47:36,941 - INFO - Epoch 1 | Batch 2/20 | Loss: 2.4131 | Avg Loss: 2.4345 | GPU Memory: 9674.0MB
2025-09-11 15:47:37,214 - INFO - Epoch 1 | Batch 3/20 | Loss: 2.3879 | Avg Loss: 2.4190 | GPU Memory: 9672.4MB
2025-09-11 15:47:37,486 - INFO - Epoch 1 | Batch 4/20 | Loss: 2.3429 | Avg Loss: 2.4000 | GPU Memory: 9674.5MB
2025-09-11 15:47:37,823 - INFO - Epoch 1 | Batch 5/20 | Loss: 2.3438 | Avg Loss: 2.3887 | GPU Memory: 9676.2MB
2025-09-11 15:47:38,116 - INFO - Epoch 1 | Batch 6/20 | Loss: 2.2947 | Avg Loss: 2.3731 | GPU Memory: 9677.5MB
2025-09-11 15:47:38,414 - INFO - Epoch 1 | Batch 7/20 | Loss: 2.3087 | Avg Loss: 2.3639 | GPU Memory: 9675.2MB
2025-09-11 15:47:38,705 - INFO - Epoch 1 | Batch 8/20 | Loss: 2.2295 | Avg Loss: 2.3471 | GPU Memory: 9678.0MB
2025-09-11 15:47:39,005 - INFO - Epoch 1 | Batch 9/20 | Loss: 2.2495 | Avg Loss: 2.3362 | GPU Memory: 9675.7MB
2025-09-11 15:47:39,296 - INFO - Epoch 1 | Batch 10/20 | Loss: 2.2500 | Avg Loss: 2.3276 | GPU Memory: 9674.7MB
2025-09-11 15:47:39,593 - INFO - Epoch 1 | Batch 11/20 | Loss: 2.2001 | Avg Loss: 2.3160 | GPU Memory: 9677.2MB
2025-09-11 15:47:39,895 - INFO - Epoch 1 | Batch 12/20 | Loss: 2.2101 | Avg Loss: 2.3072 | GPU Memory: 9674.9MB
2025-09-11 15:47:40,192 - INFO - Epoch 1 | Batch 13/20 | Loss: 2.1714 | Avg Loss: 2.2968 | GPU Memory: 9676.0MB
2025-09-11 15:47:40,486 - INFO - Epoch 1 | Batch 14/20 | Loss: 2.1195 | Avg Loss: 2.2841 | GPU Memory: 9673.0MB
2025-09-11 15:47:40,797 - INFO - Epoch 1 | Batch 15/20 | Loss: 2.0972 | Avg Loss: 2.2716 | GPU Memory: 9672.7MB
2025-09-11 15:47:41,090 - INFO - Epoch 1 | Batch 16/20 | Loss: 2.1027 | Avg Loss: 2.2611 | GPU Memory: 9673.5MB
2025-09-11 15:47:41,387 - INFO - Epoch 1 | Batch 17/20 | Loss: 2.1046 | Avg Loss: 2.2519 | GPU Memory: 9675.7MB
2025-09-11 15:47:41,677 - INFO - Epoch 1 | Batch 18/20 | Loss: 2.1257 | Avg Loss: 2.2449 | GPU Memory: 9675.7MB
2025-09-11 15:47:41,976 - INFO - Epoch 1 | Batch 19/20 | Loss: 2.0992 | Avg Loss: 2.2372 | GPU Memory: 9674.7MB
2025-09-11 15:47:42,385 - INFO - Epoch 1 | Batch 20/20 | Loss: 2.0992 | Avg Loss: 2.2041 | GPU Memory: 9677.7MB
2025-09-11 15:47:43,064 - INFO - Epoch 1 completed. Loss: 2.2320, Time: 7.7s
2025-09-11 15:48:35,500 - INFO - Validation | Loss: 2.2165, mIoU: 0.3320, IoUs: [0.73040309 0.30462822 0.16632765 0.12662972]
2025-09-11 15:48:37,468 - INFO - Saved best model at epoch 1 to runs/UNET_OCT_AIM_20250911_154735/checkpoints/UNET_OCT_AIM_best.pth
2025-09-11 15:48:38,200 - INFO - Epoch 2 | Batch 1/20 | Loss: 2.0481 | Avg Loss: 2.0481 | GPU Memory: 9672.2MB
2025-09-11 15:48:38,537 - INFO - Epoch 2 | Batch 2/20 | Loss: 2.0724 | Avg Loss: 2.0602 | GPU Memory: 9676.7MB
2025-09-11 15:48:38,865 - INFO - Epoch 2 | Batch 3/20 | Loss: 1.9877 | Avg Loss: 2.0361 | GPU Memory: 9675.2MB
2025-09-11 15:48:39,215 - INFO - Epoch 2 | Batch 4/20 | Loss: 1.9796 | Avg Loss: 2.0219 | GPU Memory: 9674.0MB
2025-09-11 15:48:39,486 - INFO - Epoch 2 | Batch 5/20 | Loss: 1.9431 | Avg Loss: 2.0062 | GPU Memory: 9675.2MB
2025-09-11 15:48:39,782 - INFO - Epoch 2 | Batch 6/20 | Loss: 1.9387 | Avg Loss: 1.9949 | GPU Memory: 9675.0MB
2025-09-11 15:48:40,079 - INFO - Epoch 2 | Batch 7/20 | Loss: 1.9007 | Avg Loss: 1.9815 | GPU Memory: 9675.5MB
2025-09-11 15:48:40,374 - INFO - Epoch 2 | Batch 8/20 | Loss: 1.9301 | Avg Loss: 1.9750 | GPU Memory: 9674.5MB
2025-09-11 15:48:40,671 - INFO - Epoch 2 | Batch 9/20 | Loss: 1.8646 | Avg Loss: 1.9628 | GPU Memory: 9673.0MB
2025-09-11 15:48:40,967 - INFO - Epoch 2 | Batch 10/20 | Loss: 1.8675 | Avg Loss: 1.9532 | GPU Memory: 9673.7MB
2025-09-11 15:48:41,270 - INFO - Epoch 2 | Batch 11/20 | Loss: 1.8386 | Avg Loss: 1.9428 | GPU Memory: 9674.5MB
2025-09-11 15:48:41,566 - INFO - Epoch 2 | Batch 12/20 | Loss: 1.8567 | Avg Loss: 1.9356 | GPU Memory: 9671.6MB
2025-09-11 15:48:41,860 - INFO - Epoch 2 | Batch 13/20 | Loss: 1.8152 | Avg Loss: 1.9264 | GPU Memory: 9671.6MB
2025-09-11 15:48:42,160 - INFO - Epoch 2 | Batch 14/20 | Loss: 1.7735 | Avg Loss: 1.9155 | GPU Memory: 9671.6MB
2025-09-11 15:48:42,457 - INFO - Epoch 2 | Batch 15/20 | Loss: 1.8219 | Avg Loss: 1.9092 | GPU Memory: 9671.6MB
2025-09-11 15:48:42,760 - INFO - Epoch 2 | Batch 16/20 | Loss: 1.7239 | Avg Loss: 1.8976 | GPU Memory: 9671.6MB
2025-09-11 15:48:43,053 - INFO - Epoch 2 | Batch 17/20 | Loss: 1.7419 | Avg Loss: 1.8885 | GPU Memory: 9671.6MB
2025-09-11 15:48:43,350 - INFO - Epoch 2 | Batch 18/20 | Loss: 1.7269 | Avg Loss: 1.8795 | GPU Memory: 9671.6MB
2025-09-11 15:48:43,650 - INFO - Epoch 2 | Batch 19/20 | Loss: 1.7343 | Avg Loss: 1.8719 | GPU Memory: 9671.6MB
2025-09-11 15:48:43,933 - INFO - Epoch 2 | Batch 20/20 | Loss: 1.6756 | Avg Loss: 1.8411 | GPU Memory: 9674.2MB
2025-09-11 15:48:44,667 - INFO - Epoch 2 completed. Loss: 1.8644, Time: 7.2s
2025-09-11 15:49:36,980 - INFO - Validation | Loss: 1.7622, mIoU: 0.6314, IoUs: [0.96805767 0.63751028 0.51966006 0.40027379]
2025-09-11 15:49:39,172 - INFO - Saved best model at epoch 2 to runs/UNET_OCT_AIM_20250911_154735/checkpoints/UNET_OCT_AIM_best.pth
2025-09-11 15:49:39,953 - INFO - Epoch 3 | Batch 1/20 | Loss: 1.6403 | Avg Loss: 1.6403 | GPU Memory: 9674.1MB
2025-09-11 15:49:40,284 - INFO - Epoch 3 | Batch 2/20 | Loss: 1.6425 | Avg Loss: 1.6414 | GPU Memory: 9672.0MB
2025-09-11 15:49:40,609 - INFO - Epoch 3 | Batch 3/20 | Loss: 1.6520 | Avg Loss: 1.6449 | GPU Memory: 9677.0MB
2025-09-11 15:49:40,942 - INFO - Epoch 3 | Batch 4/20 | Loss: 1.6202 | Avg Loss: 1.6387 | GPU Memory: 9671.5MB
2025-09-11 15:49:41,240 - INFO - Epoch 3 | Batch 5/20 | Loss: 1.5857 | Avg Loss: 1.6281 | GPU Memory: 9675.4MB
2025-09-11 15:49:41,535 - INFO - Epoch 3 | Batch 6/20 | Loss: 1.6004 | Avg Loss: 1.6235 | GPU Memory: 9673.4MB
2025-09-11 15:49:41,835 - INFO - Epoch 3 | Batch 7/20 | Loss: 1.5821 | Avg Loss: 1.6176 | GPU Memory: 9671.6MB
2025-09-11 15:49:42,136 - INFO - Epoch 3 | Batch 8/20 | Loss: 1.5380 | Avg Loss: 1.6076 | GPU Memory: 9671.6MB
2025-09-11 15:49:42,429 - INFO - Epoch 3 | Batch 9/20 | Loss: 1.5355 | Avg Loss: 1.5996 | GPU Memory: 9671.6MB
2025-09-11 15:49:42,730 - INFO - Epoch 3 | Batch 10/20 | Loss: 1.4887 | Avg Loss: 1.5885 | GPU Memory: 9671.6MB
2025-09-11 15:49:43,024 - INFO - Epoch 3 | Batch 11/20 | Loss: 1.5504 | Avg Loss: 1.5851 | GPU Memory: 9671.6MB
2025-09-11 15:49:43,324 - INFO - Epoch 3 | Batch 12/20 | Loss: 1.4479 | Avg Loss: 1.5736 | GPU Memory: 9671.6MB
2025-09-11 15:49:43,619 - INFO - Epoch 3 | Batch 13/20 | Loss: 1.4505 | Avg Loss: 1.5642 | GPU Memory: 9671.6MB
2025-09-11 15:49:43,932 - INFO - Epoch 3 | Batch 14/20 | Loss: 1.4207 | Avg Loss: 1.5539 | GPU Memory: 9671.6MB
2025-09-11 15:49:44,237 - INFO - Epoch 3 | Batch 15/20 | Loss: 1.4188 | Avg Loss: 1.5449 | GPU Memory: 9671.6MB
2025-09-11 15:49:44,609 - INFO - Epoch 3 | Batch 16/20 | Loss: 1.4923 | Avg Loss: 1.5416 | GPU Memory: 9671.6MB
2025-09-11 15:49:44,896 - INFO - Epoch 3 | Batch 17/20 | Loss: 1.3972 | Avg Loss: 1.5331 | GPU Memory: 9671.6MB
2025-09-11 15:49:45,190 - INFO - Epoch 3 | Batch 18/20 | Loss: 1.4350 | Avg Loss: 1.5277 | GPU Memory: 9671.6MB
2025-09-11 15:49:45,490 - INFO - Epoch 3 | Batch 19/20 | Loss: 1.4203 | Avg Loss: 1.5220 | GPU Memory: 9671.6MB
2025-09-11 15:49:45,775 - INFO - Epoch 3 | Batch 20/20 | Loss: 1.3339 | Avg Loss: 1.4959 | GPU Memory: 9674.2MB
2025-09-11 15:49:46,513 - INFO - Epoch 3 completed. Loss: 1.5149, Time: 7.3s
2025-09-11 15:50:39,042 - INFO - Validation | Loss: 1.4907, mIoU: 0.5141, IoUs: [0.95236661 0.40694153 0.38875697 0.30839962]
2025-09-11 15:50:41,264 - INFO - Saved best model at epoch 3 to runs/UNET_OCT_AIM_20250911_154735/checkpoints/UNET_OCT_AIM_best.pth
2025-09-11 15:50:42,010 - INFO - Epoch 4 | Batch 1/20 | Loss: 1.3563 | Avg Loss: 1.3563 | GPU Memory: 9674.1MB
2025-09-11 15:50:42,350 - INFO - Epoch 4 | Batch 2/20 | Loss: 1.3472 | Avg Loss: 1.3518 | GPU Memory: 9672.0MB
2025-09-11 15:50:42,682 - INFO - Epoch 4 | Batch 3/20 | Loss: 1.3213 | Avg Loss: 1.3416 | GPU Memory: 9677.0MB
2025-09-11 15:50:43,011 - INFO - Epoch 4 | Batch 4/20 | Loss: 1.2725 | Avg Loss: 1.3243 | GPU Memory: 9671.5MB
2025-09-11 15:50:43,301 - INFO - Epoch 4 | Batch 5/20 | Loss: 1.2668 | Avg Loss: 1.3128 | GPU Memory: 9675.4MB
2025-09-11 15:50:43,588 - INFO - Epoch 4 | Batch 6/20 | Loss: 1.2713 | Avg Loss: 1.3059 | GPU Memory: 9673.4MB
2025-09-11 15:50:43,876 - INFO - Epoch 4 | Batch 7/20 | Loss: 1.2496 | Avg Loss: 1.2979 | GPU Memory: 9671.6MB
2025-09-11 15:50:44,167 - INFO - Epoch 4 | Batch 8/20 | Loss: 1.2907 | Avg Loss: 1.2970 | GPU Memory: 9671.6MB
2025-09-11 15:50:44,458 - INFO - Epoch 4 | Batch 9/20 | Loss: 1.3154 | Avg Loss: 1.2990 | GPU Memory: 9671.6MB
2025-09-11 15:50:44,749 - INFO - Epoch 4 | Batch 10/20 | Loss: 1.2032 | Avg Loss: 1.2894 | GPU Memory: 9671.6MB
2025-09-11 15:50:45,038 - INFO - Epoch 4 | Batch 11/20 | Loss: 1.2252 | Avg Loss: 1.2836 | GPU Memory: 9671.6MB
2025-09-11 15:50:45,328 - INFO - Epoch 4 | Batch 12/20 | Loss: 1.1697 | Avg Loss: 1.2741 | GPU Memory: 9671.6MB
2025-09-11 15:50:45,620 - INFO - Epoch 4 | Batch 13/20 | Loss: 1.1707 | Avg Loss: 1.2661 | GPU Memory: 9671.6MB
2025-09-11 15:50:45,911 - INFO - Epoch 4 | Batch 14/20 | Loss: 1.1785 | Avg Loss: 1.2599 | GPU Memory: 9671.6MB
2025-09-11 15:50:46,201 - INFO - Epoch 4 | Batch 15/20 | Loss: 1.1435 | Avg Loss: 1.2521 | GPU Memory: 9671.6MB
2025-09-11 15:50:46,492 - INFO - Epoch 4 | Batch 16/20 | Loss: 1.1241 | Avg Loss: 1.2441 | GPU Memory: 9671.6MB
2025-09-11 15:50:46,781 - INFO - Epoch 4 | Batch 17/20 | Loss: 1.1088 | Avg Loss: 1.2362 | GPU Memory: 9671.6MB
2025-09-11 15:50:47,073 - INFO - Epoch 4 | Batch 18/20 | Loss: 1.1083 | Avg Loss: 1.2291 | GPU Memory: 9671.6MB
2025-09-11 15:50:47,362 - INFO - Epoch 4 | Batch 19/20 | Loss: 1.1384 | Avg Loss: 1.2243 | GPU Memory: 9671.6MB
2025-09-11 15:50:47,634 - INFO - Epoch 4 | Batch 20/20 | Loss: 1.1339 | Avg Loss: 1.2056 | GPU Memory: 9674.2MB
2025-09-11 15:50:48,326 - INFO - Epoch 4 completed. Loss: 1.2209, Time: 7.1s
2025-09-11 15:51:40,430 - INFO - Validation | Loss: 1.1603, mIoU: 0.4619, IoUs: [0.94382108 0.07180615 0.47329817 0.35868071]
2025-09-11 15:51:42,652 - INFO - Saved best model at epoch 4 to runs/UNET_OCT_AIM_20250911_154735/checkpoints/UNET_OCT_AIM_best.pth
2025-09-11 15:51:43,404 - INFO - Epoch 5 | Batch 1/20 | Loss: 1.0485 | Avg Loss: 1.0485 | GPU Memory: 9674.1MB
2025-09-11 15:51:43,740 - INFO - Epoch 5 | Batch 2/20 | Loss: 1.0402 | Avg Loss: 1.0443 | GPU Memory: 9672.0MB
2025-09-11 15:51:44,066 - INFO - Epoch 5 | Batch 3/20 | Loss: 1.0433 | Avg Loss: 1.0440 | GPU Memory: 9677.0MB
2025-09-11 15:51:44,394 - INFO - Epoch 5 | Batch 4/20 | Loss: 1.0187 | Avg Loss: 1.0377 | GPU Memory: 9671.5MB
2025-09-11 15:51:44,683 - INFO - Epoch 5 | Batch 5/20 | Loss: 1.0021 | Avg Loss: 1.0306 | GPU Memory: 9675.4MB
2025-09-11 15:51:44,970 - INFO - Epoch 5 | Batch 6/20 | Loss: 1.0054 | Avg Loss: 1.0264 | GPU Memory: 9673.4MB
2025-09-11 15:51:45,260 - INFO - Epoch 5 | Batch 7/20 | Loss: 1.0119 | Avg Loss: 1.0243 | GPU Memory: 9671.6MB
2025-09-11 15:51:45,550 - INFO - Epoch 5 | Batch 8/20 | Loss: 0.9994 | Avg Loss: 1.0212 | GPU Memory: 9671.6MB
2025-09-11 15:51:45,841 - INFO - Epoch 5 | Batch 9/20 | Loss: 0.9818 | Avg Loss: 1.0168 | GPU Memory: 9671.6MB
2025-09-11 15:51:46,129 - INFO - Epoch 5 | Batch 10/20 | Loss: 0.9498 | Avg Loss: 1.0101 | GPU Memory: 9671.6MB
2025-09-11 15:51:46,418 - INFO - Epoch 5 | Batch 11/20 | Loss: 0.9473 | Avg Loss: 1.0044 | GPU Memory: 9671.6MB
2025-09-11 15:51:46,709 - INFO - Epoch 5 | Batch 12/20 | Loss: 0.9269 | Avg Loss: 0.9979 | GPU Memory: 9671.6MB
2025-09-11 15:51:46,999 - INFO - Epoch 5 | Batch 13/20 | Loss: 0.9282 | Avg Loss: 0.9926 | GPU Memory: 9671.6MB
2025-09-11 15:51:47,291 - INFO - Epoch 5 | Batch 14/20 | Loss: 0.9225 | Avg Loss: 0.9876 | GPU Memory: 9671.6MB
2025-09-11 15:51:47,580 - INFO - Epoch 5 | Batch 15/20 | Loss: 0.9025 | Avg Loss: 0.9819 | GPU Memory: 9671.6MB
2025-09-11 15:51:47,870 - INFO - Epoch 5 | Batch 16/20 | Loss: 0.8842 | Avg Loss: 0.9758 | GPU Memory: 9671.6MB
2025-09-11 15:51:48,159 - INFO - Epoch 5 | Batch 17/20 | Loss: 0.9020 | Avg Loss: 0.9715 | GPU Memory: 9671.6MB
2025-09-11 15:51:48,448 - INFO - Epoch 5 | Batch 18/20 | Loss: 0.8846 | Avg Loss: 0.9666 | GPU Memory: 9671.6MB
2025-09-11 15:51:48,739 - INFO - Epoch 5 | Batch 19/20 | Loss: 0.8627 | Avg Loss: 0.9612 | GPU Memory: 9671.6MB
2025-09-11 15:51:49,010 - INFO - Epoch 5 | Batch 20/20 | Loss: 1.0848 | Avg Loss: 0.9538 | GPU Memory: 9674.2MB
2025-09-11 15:51:49,719 - INFO - Epoch 5 completed. Loss: 0.9659, Time: 7.1s
2025-09-11 15:52:41,835 - INFO - Validation | Loss: 0.9789, mIoU: 0.5272, IoUs: [9.41355920e-01 4.59946343e-05 7.15510190e-01 4.51997432e-01]
2025-09-11 15:52:44,048 - INFO - Saved best model at epoch 5 to runs/UNET_OCT_AIM_20250911_154735/checkpoints/UNET_OCT_AIM_best.pth
2025-09-11 15:52:44,793 - INFO - Epoch 6 | Batch 1/20 | Loss: 0.8350 | Avg Loss: 0.8350 | GPU Memory: 9674.1MB
2025-09-11 15:52:45,127 - INFO - Epoch 6 | Batch 2/20 | Loss: 0.8422 | Avg Loss: 0.8386 | GPU Memory: 9672.0MB
2025-09-11 15:52:45,467 - INFO - Epoch 6 | Batch 3/20 | Loss: 0.8327 | Avg Loss: 0.8367 | GPU Memory: 9677.0MB
2025-09-11 15:52:45,812 - INFO - Epoch 6 | Batch 4/20 | Loss: 0.8830 | Avg Loss: 0.8482 | GPU Memory: 9671.5MB
2025-09-11 15:52:46,100 - INFO - Epoch 6 | Batch 5/20 | Loss: 0.8357 | Avg Loss: 0.8457 | GPU Memory: 9675.4MB
2025-09-11 15:52:46,391 - INFO - Epoch 6 | Batch 6/20 | Loss: 0.8545 | Avg Loss: 0.8472 | GPU Memory: 9673.4MB
2025-09-11 15:52:46,683 - INFO - Epoch 6 | Batch 7/20 | Loss: 0.8464 | Avg Loss: 0.8471 | GPU Memory: 9671.6MB
2025-09-11 15:52:46,973 - INFO - Epoch 6 | Batch 8/20 | Loss: 0.8546 | Avg Loss: 0.8480 | GPU Memory: 9671.6MB
2025-09-11 15:52:47,265 - INFO - Epoch 6 | Batch 9/20 | Loss: 0.8385 | Avg Loss: 0.8470 | GPU Memory: 9671.6MB
2025-09-11 15:52:47,559 - INFO - Epoch 6 | Batch 10/20 | Loss: 0.8212 | Avg Loss: 0.8444 | GPU Memory: 9671.6MB
2025-09-11 15:52:47,849 - INFO - Epoch 6 | Batch 11/20 | Loss: 0.8653 | Avg Loss: 0.8463 | GPU Memory: 9671.6MB
2025-09-11 15:52:48,136 - INFO - Epoch 6 | Batch 12/20 | Loss: 0.8400 | Avg Loss: 0.8458 | GPU Memory: 9671.6MB
2025-09-11 15:52:48,427 - INFO - Epoch 6 | Batch 13/20 | Loss: 0.8399 | Avg Loss: 0.8453 | GPU Memory: 9671.6MB
2025-09-11 15:52:48,717 - INFO - Epoch 6 | Batch 14/20 | Loss: 0.8310 | Avg Loss: 0.8443 | GPU Memory: 9671.6MB
2025-09-11 15:52:49,005 - INFO - Epoch 6 | Batch 15/20 | Loss: 0.8324 | Avg Loss: 0.8435 | GPU Memory: 9671.6MB
2025-09-11 15:52:49,295 - INFO - Epoch 6 | Batch 16/20 | Loss: 0.8714 | Avg Loss: 0.8453 | GPU Memory: 9671.6MB
2025-09-11 15:52:49,585 - INFO - Epoch 6 | Batch 17/20 | Loss: 0.8085 | Avg Loss: 0.8431 | GPU Memory: 9671.6MB
2025-09-11 15:52:49,875 - INFO - Epoch 6 | Batch 18/20 | Loss: 0.8357 | Avg Loss: 0.8427 | GPU Memory: 9671.6MB
2025-09-11 15:52:50,164 - INFO - Epoch 6 | Batch 19/20 | Loss: 0.8453 | Avg Loss: 0.8428 | GPU Memory: 9671.6MB
2025-09-11 15:52:50,436 - INFO - Epoch 6 | Batch 20/20 | Loss: 0.8179 | Avg Loss: 0.8313 | GPU Memory: 9674.2MB
2025-09-11 15:52:51,128 - INFO - Epoch 6 completed. Loss: 0.8419, Time: 7.1s
2025-09-11 15:53:43,111 - INFO - Validation | Loss: 0.9294, mIoU: 0.5253, IoUs: [0.94203159 0.         0.7057157  0.45343039]
2025-09-11 15:53:45,326 - INFO - Saved best model at epoch 6 to runs/UNET_OCT_AIM_20250911_154735/checkpoints/UNET_OCT_AIM_best.pth
2025-09-11 15:53:46,096 - INFO - Epoch 7 | Batch 1/20 | Loss: 0.8223 | Avg Loss: 0.8223 | GPU Memory: 9674.1MB
2025-09-11 15:53:46,415 - INFO - Epoch 7 | Batch 2/20 | Loss: 0.8137 | Avg Loss: 0.8180 | GPU Memory: 9672.0MB
2025-09-11 15:53:46,746 - INFO - Epoch 7 | Batch 3/20 | Loss: 0.8268 | Avg Loss: 0.8209 | GPU Memory: 9677.0MB
2025-09-11 15:53:47,070 - INFO - Epoch 7 | Batch 4/20 | Loss: 0.8921 | Avg Loss: 0.8387 | GPU Memory: 9671.5MB
2025-09-11 15:53:47,358 - INFO - Epoch 7 | Batch 5/20 | Loss: 0.8443 | Avg Loss: 0.8398 | GPU Memory: 9675.4MB
2025-09-11 15:53:47,647 - INFO - Epoch 7 | Batch 6/20 | Loss: 0.8426 | Avg Loss: 0.8403 | GPU Memory: 9673.4MB
2025-09-11 15:53:47,936 - INFO - Epoch 7 | Batch 7/20 | Loss: 0.8098 | Avg Loss: 0.8359 | GPU Memory: 9671.6MB
2025-09-11 15:53:48,226 - INFO - Epoch 7 | Batch 8/20 | Loss: 0.8041 | Avg Loss: 0.8320 | GPU Memory: 9671.6MB
2025-09-11 15:53:48,513 - INFO - Epoch 7 | Batch 9/20 | Loss: 0.8355 | Avg Loss: 0.8324 | GPU Memory: 9671.6MB
2025-09-11 15:53:48,803 - INFO - Epoch 7 | Batch 10/20 | Loss: 0.8157 | Avg Loss: 0.8307 | GPU Memory: 9671.6MB
2025-09-11 15:53:49,094 - INFO - Epoch 7 | Batch 11/20 | Loss: 0.8079 | Avg Loss: 0.8286 | GPU Memory: 9671.6MB
2025-09-11 15:53:49,383 - INFO - Epoch 7 | Batch 12/20 | Loss: 0.8064 | Avg Loss: 0.8268 | GPU Memory: 9671.6MB
2025-09-11 15:53:49,672 - INFO - Epoch 7 | Batch 13/20 | Loss: 0.8225 | Avg Loss: 0.8264 | GPU Memory: 9671.6MB
2025-09-11 15:53:49,961 - INFO - Epoch 7 | Batch 14/20 | Loss: 0.7973 | Avg Loss: 0.8244 | GPU Memory: 9671.6MB
2025-09-11 15:53:50,252 - INFO - Epoch 7 | Batch 15/20 | Loss: 0.8192 | Avg Loss: 0.8240 | GPU Memory: 9671.6MB
2025-09-11 15:53:50,540 - INFO - Epoch 7 | Batch 16/20 | Loss: 0.8206 | Avg Loss: 0.8238 | GPU Memory: 9671.6MB
2025-09-11 15:53:50,829 - INFO - Epoch 7 | Batch 17/20 | Loss: 0.8222 | Avg Loss: 0.8237 | GPU Memory: 9671.6MB
2025-09-11 15:53:51,117 - INFO - Epoch 7 | Batch 18/20 | Loss: 0.8097 | Avg Loss: 0.8229 | GPU Memory: 9671.6MB
2025-09-11 15:53:51,408 - INFO - Epoch 7 | Batch 19/20 | Loss: 0.8031 | Avg Loss: 0.8219 | GPU Memory: 9671.6MB
2025-09-11 15:53:51,679 - INFO - Epoch 7 | Batch 20/20 | Loss: 0.7946 | Avg Loss: 0.8106 | GPU Memory: 9674.2MB
2025-09-11 15:53:52,399 - INFO - Epoch 7 completed. Loss: 0.8209, Time: 7.1s
2025-09-11 15:54:45,166 - INFO - Validation | Loss: 0.9156, mIoU: 0.5190, IoUs: [0.94184062 0.         0.6803681  0.45391533]
2025-09-11 15:54:47,449 - INFO - Saved best model at epoch 7 to runs/UNET_OCT_AIM_20250911_154735/checkpoints/UNET_OCT_AIM_best.pth
2025-09-11 15:54:48,274 - INFO - Epoch 8 | Batch 1/20 | Loss: 0.8014 | Avg Loss: 0.8014 | GPU Memory: 9674.1MB
2025-09-11 15:54:48,580 - INFO - Epoch 8 | Batch 2/20 | Loss: 0.7863 | Avg Loss: 0.7939 | GPU Memory: 9672.0MB
2025-09-11 15:54:48,893 - INFO - Epoch 8 | Batch 3/20 | Loss: 0.7858 | Avg Loss: 0.7912 | GPU Memory: 9677.0MB
2025-09-11 15:54:49,223 - INFO - Epoch 8 | Batch 4/20 | Loss: 0.8231 | Avg Loss: 0.7991 | GPU Memory: 9671.5MB
2025-09-11 15:54:49,514 - INFO - Epoch 8 | Batch 5/20 | Loss: 0.7889 | Avg Loss: 0.7971 | GPU Memory: 9675.4MB
2025-09-11 15:54:49,811 - INFO - Epoch 8 | Batch 6/20 | Loss: 0.8065 | Avg Loss: 0.7987 | GPU Memory: 9673.4MB
2025-09-11 15:54:50,117 - INFO - Epoch 8 | Batch 7/20 | Loss: 0.7886 | Avg Loss: 0.7972 | GPU Memory: 9671.6MB
2025-09-11 15:54:50,418 - INFO - Epoch 8 | Batch 8/20 | Loss: 0.8033 | Avg Loss: 0.7980 | GPU Memory: 9671.6MB
2025-09-11 15:54:50,715 - INFO - Epoch 8 | Batch 9/20 | Loss: 0.7994 | Avg Loss: 0.7981 | GPU Memory: 9671.6MB
2025-09-11 15:54:51,008 - INFO - Epoch 8 | Batch 10/20 | Loss: 0.7840 | Avg Loss: 0.7967 | GPU Memory: 9671.6MB
2025-09-11 15:54:51,303 - INFO - Epoch 8 | Batch 11/20 | Loss: 0.7832 | Avg Loss: 0.7955 | GPU Memory: 9671.6MB
2025-09-11 15:54:51,597 - INFO - Epoch 8 | Batch 12/20 | Loss: 0.8139 | Avg Loss: 0.7970 | GPU Memory: 9671.6MB
2025-09-11 15:54:51,889 - INFO - Epoch 8 | Batch 13/20 | Loss: 0.8144 | Avg Loss: 0.7984 | GPU Memory: 9671.6MB
2025-09-11 15:54:52,186 - INFO - Epoch 8 | Batch 14/20 | Loss: 0.8139 | Avg Loss: 0.7995 | GPU Memory: 9671.6MB
2025-09-11 15:54:52,480 - INFO - Epoch 8 | Batch 15/20 | Loss: 0.8082 | Avg Loss: 0.8001 | GPU Memory: 9671.6MB
2025-09-11 15:54:52,808 - INFO - Epoch 8 | Batch 16/20 | Loss: 0.7779 | Avg Loss: 0.7987 | GPU Memory: 9671.6MB
2025-09-11 15:54:53,105 - INFO - Epoch 8 | Batch 17/20 | Loss: 0.7909 | Avg Loss: 0.7982 | GPU Memory: 9671.6MB
2025-09-11 15:54:53,403 - INFO - Epoch 8 | Batch 18/20 | Loss: 0.7891 | Avg Loss: 0.7977 | GPU Memory: 9671.6MB
2025-09-11 15:54:53,700 - INFO - Epoch 8 | Batch 19/20 | Loss: 0.7991 | Avg Loss: 0.7978 | GPU Memory: 9671.6MB
2025-09-11 15:54:53,980 - INFO - Epoch 8 | Batch 20/20 | Loss: 0.7831 | Avg Loss: 0.7873 | GPU Memory: 9674.2MB
2025-09-11 15:54:54,739 - INFO - Epoch 8 completed. Loss: 0.7972, Time: 7.3s
2025-09-11 15:55:47,268 - INFO - Validation | Loss: 0.9001, mIoU: 0.5215, IoUs: [0.94204165 0.         0.68595089 0.45820425]
2025-09-11 15:55:49,465 - INFO - Saved best model at epoch 8 to runs/UNET_OCT_AIM_20250911_154735/checkpoints/UNET_OCT_AIM_best.pth
2025-09-11 15:55:50,268 - INFO - Epoch 9 | Batch 1/20 | Loss: 0.8010 | Avg Loss: 0.8010 | GPU Memory: 9674.1MB
2025-09-11 15:55:50,596 - INFO - Epoch 9 | Batch 2/20 | Loss: 0.7911 | Avg Loss: 0.7960 | GPU Memory: 9672.0MB
2025-09-11 15:55:50,918 - INFO - Epoch 9 | Batch 3/20 | Loss: 0.7758 | Avg Loss: 0.7893 | GPU Memory: 9677.0MB
2025-09-11 15:55:51,228 - INFO - Epoch 9 | Batch 4/20 | Loss: 0.7791 | Avg Loss: 0.7867 | GPU Memory: 9671.5MB
2025-09-11 15:55:51,523 - INFO - Epoch 9 | Batch 5/20 | Loss: 0.7733 | Avg Loss: 0.7840 | GPU Memory: 9675.4MB
2025-09-11 15:55:51,819 - INFO - Epoch 9 | Batch 6/20 | Loss: 0.7734 | Avg Loss: 0.7823 | GPU Memory: 9673.4MB
2025-09-11 15:55:52,117 - INFO - Epoch 9 | Batch 7/20 | Loss: 0.8472 | Avg Loss: 0.7915 | GPU Memory: 9671.6MB
2025-09-11 15:55:52,413 - INFO - Epoch 9 | Batch 8/20 | Loss: 0.7823 | Avg Loss: 0.7904 | GPU Memory: 9671.6MB
2025-09-11 15:55:52,708 - INFO - Epoch 9 | Batch 9/20 | Loss: 0.7943 | Avg Loss: 0.7908 | GPU Memory: 9671.6MB
2025-09-11 15:55:53,009 - INFO - Epoch 9 | Batch 10/20 | Loss: 0.7639 | Avg Loss: 0.7881 | GPU Memory: 9671.6MB
2025-09-11 15:55:53,301 - INFO - Epoch 9 | Batch 11/20 | Loss: 0.7772 | Avg Loss: 0.7871 | GPU Memory: 9671.6MB
2025-09-11 15:55:53,599 - INFO - Epoch 9 | Batch 12/20 | Loss: 0.7772 | Avg Loss: 0.7863 | GPU Memory: 9671.6MB
2025-09-11 15:55:53,893 - INFO - Epoch 9 | Batch 13/20 | Loss: 0.7796 | Avg Loss: 0.7858 | GPU Memory: 9671.6MB
2025-09-11 15:55:54,189 - INFO - Epoch 9 | Batch 14/20 | Loss: 0.7755 | Avg Loss: 0.7851 | GPU Memory: 9671.6MB
2025-09-11 15:55:54,479 - INFO - Epoch 9 | Batch 15/20 | Loss: 0.7780 | Avg Loss: 0.7846 | GPU Memory: 9671.6MB
2025-09-11 15:55:54,778 - INFO - Epoch 9 | Batch 16/20 | Loss: 0.7592 | Avg Loss: 0.7830 | GPU Memory: 9671.6MB
2025-09-11 15:55:55,071 - INFO - Epoch 9 | Batch 17/20 | Loss: 0.7692 | Avg Loss: 0.7822 | GPU Memory: 9671.6MB
2025-09-11 15:55:55,368 - INFO - Epoch 9 | Batch 18/20 | Loss: 0.7646 | Avg Loss: 0.7812 | GPU Memory: 9671.6MB
2025-09-11 15:55:55,661 - INFO - Epoch 9 | Batch 19/20 | Loss: 0.9885 | Avg Loss: 0.7921 | GPU Memory: 9671.6MB
2025-09-11 15:55:55,939 - INFO - Epoch 9 | Batch 20/20 | Loss: 0.7560 | Avg Loss: 0.7809 | GPU Memory: 9674.2MB
2025-09-11 15:55:56,620 - INFO - Epoch 9 completed. Loss: 0.7907, Time: 7.2s
2025-09-11 15:56:49,217 - INFO - Validation | Loss: 0.8808, mIoU: 0.5208, IoUs: [0.94199307 0.         0.69011511 0.45117773]
2025-09-11 15:56:51,415 - INFO - Saved best model at epoch 9 to runs/UNET_OCT_AIM_20250911_154735/checkpoints/UNET_OCT_AIM_best.pth
2025-09-11 15:56:52,199 - INFO - Epoch 10 | Batch 1/20 | Loss: 0.7606 | Avg Loss: 0.7606 | GPU Memory: 9674.1MB
2025-09-11 15:56:52,524 - INFO - Epoch 10 | Batch 2/20 | Loss: 0.7628 | Avg Loss: 0.7617 | GPU Memory: 9672.0MB
2025-09-11 15:56:52,855 - INFO - Epoch 10 | Batch 3/20 | Loss: 0.7787 | Avg Loss: 0.7674 | GPU Memory: 9677.0MB
2025-09-11 15:56:53,182 - INFO - Epoch 10 | Batch 4/20 | Loss: 0.7646 | Avg Loss: 0.7667 | GPU Memory: 9671.5MB
2025-09-11 15:56:53,473 - INFO - Epoch 10 | Batch 5/20 | Loss: 0.7701 | Avg Loss: 0.7674 | GPU Memory: 9675.4MB
2025-09-11 15:56:53,766 - INFO - Epoch 10 | Batch 6/20 | Loss: 0.7555 | Avg Loss: 0.7654 | GPU Memory: 9673.4MB
2025-09-11 15:56:54,061 - INFO - Epoch 10 | Batch 7/20 | Loss: 0.7895 | Avg Loss: 0.7688 | GPU Memory: 9671.6MB
2025-09-11 15:56:54,359 - INFO - Epoch 10 | Batch 8/20 | Loss: 0.7561 | Avg Loss: 0.7672 | GPU Memory: 9671.6MB
2025-09-11 15:56:54,652 - INFO - Epoch 10 | Batch 9/20 | Loss: 0.7559 | Avg Loss: 0.7660 | GPU Memory: 9671.6MB
2025-09-11 15:56:54,947 - INFO - Epoch 10 | Batch 10/20 | Loss: 0.7487 | Avg Loss: 0.7642 | GPU Memory: 9671.6MB
2025-09-11 15:56:55,243 - INFO - Epoch 10 | Batch 11/20 | Loss: 0.7740 | Avg Loss: 0.7651 | GPU Memory: 9671.6MB
2025-09-11 15:56:55,542 - INFO - Epoch 10 | Batch 12/20 | Loss: 0.7733 | Avg Loss: 0.7658 | GPU Memory: 9671.6MB
2025-09-11 15:56:55,836 - INFO - Epoch 10 | Batch 13/20 | Loss: 0.7449 | Avg Loss: 0.7642 | GPU Memory: 9671.6MB
2025-09-11 15:56:56,131 - INFO - Epoch 10 | Batch 14/20 | Loss: 0.7437 | Avg Loss: 0.7627 | GPU Memory: 9671.6MB
2025-09-11 15:56:56,427 - INFO - Epoch 10 | Batch 15/20 | Loss: 0.7640 | Avg Loss: 0.7628 | GPU Memory: 9671.6MB
2025-09-11 15:56:56,723 - INFO - Epoch 10 | Batch 16/20 | Loss: 0.7518 | Avg Loss: 0.7621 | GPU Memory: 9671.6MB
2025-09-11 15:56:57,020 - INFO - Epoch 10 | Batch 17/20 | Loss: 0.7474 | Avg Loss: 0.7613 | GPU Memory: 9671.6MB
2025-09-11 15:56:57,314 - INFO - Epoch 10 | Batch 18/20 | Loss: 0.7422 | Avg Loss: 0.7602 | GPU Memory: 9671.6MB
2025-09-11 15:56:57,612 - INFO - Epoch 10 | Batch 19/20 | Loss: 0.7814 | Avg Loss: 0.7613 | GPU Memory: 9671.6MB
2025-09-11 15:56:57,886 - INFO - Epoch 10 | Batch 20/20 | Loss: 0.7877 | Avg Loss: 0.7528 | GPU Memory: 9674.2MB
2025-09-11 15:56:58,634 - INFO - Epoch 10 completed. Loss: 0.7623, Time: 7.2s
2025-09-11 15:57:51,028 - INFO - Validation | Loss: 0.8701, mIoU: 0.5225, IoUs: [0.94207177 0.         0.68733826 0.46046794]
2025-09-11 15:57:56,810 - INFO - Saved periodic checkpoint at epoch 10 to runs/UNET_OCT_AIM_20250911_154735/checkpoints/UNET_OCT_AIM_epoch_10.pth
2025-09-11 15:57:58,864 - INFO - Saved best model at epoch 10 to runs/UNET_OCT_AIM_20250911_154735/checkpoints/UNET_OCT_AIM_best.pth
2025-09-11 15:57:59,623 - INFO - Epoch 11 | Batch 1/20 | Loss: 0.7384 | Avg Loss: 0.7384 | GPU Memory: 9674.1MB
2025-09-11 15:57:59,943 - INFO - Epoch 11 | Batch 2/20 | Loss: 0.7382 | Avg Loss: 0.7383 | GPU Memory: 9672.0MB
2025-09-11 15:58:00,287 - INFO - Epoch 11 | Batch 3/20 | Loss: 0.7677 | Avg Loss: 0.7481 | GPU Memory: 9677.0MB
2025-09-11 15:58:00,620 - INFO - Epoch 11 | Batch 4/20 | Loss: 0.7543 | Avg Loss: 0.7496 | GPU Memory: 9671.5MB
2025-09-11 15:58:00,893 - INFO - Epoch 11 | Batch 5/20 | Loss: 0.7401 | Avg Loss: 0.7477 | GPU Memory: 9675.4MB
2025-09-11 15:58:01,190 - INFO - Epoch 11 | Batch 6/20 | Loss: 0.7465 | Avg Loss: 0.7475 | GPU Memory: 9673.4MB
2025-09-11 15:58:01,489 - INFO - Epoch 11 | Batch 7/20 | Loss: 0.7710 | Avg Loss: 0.7509 | GPU Memory: 9671.6MB
2025-09-11 15:58:01,784 - INFO - Epoch 11 | Batch 8/20 | Loss: 0.7377 | Avg Loss: 0.7492 | GPU Memory: 9671.6MB
2025-09-11 15:58:02,081 - INFO - Epoch 11 | Batch 9/20 | Loss: 0.7436 | Avg Loss: 0.7486 | GPU Memory: 9671.6MB
2025-09-11 15:58:02,381 - INFO - Epoch 11 | Batch 10/20 | Loss: 0.8280 | Avg Loss: 0.7566 | GPU Memory: 9671.6MB
2025-09-11 15:58:02,678 - INFO - Epoch 11 | Batch 11/20 | Loss: 0.7446 | Avg Loss: 0.7555 | GPU Memory: 9671.6MB
2025-09-11 15:58:02,974 - INFO - Epoch 11 | Batch 12/20 | Loss: 0.7389 | Avg Loss: 0.7541 | GPU Memory: 9671.6MB
2025-09-11 15:58:03,267 - INFO - Epoch 11 | Batch 13/20 | Loss: 0.8024 | Avg Loss: 0.7578 | GPU Memory: 9671.6MB
2025-09-11 15:58:03,562 - INFO - Epoch 11 | Batch 14/20 | Loss: 0.7433 | Avg Loss: 0.7568 | GPU Memory: 9671.6MB
2025-09-11 15:58:03,859 - INFO - Epoch 11 | Batch 15/20 | Loss: 0.7708 | Avg Loss: 0.7577 | GPU Memory: 9671.6MB
2025-09-11 15:58:04,155 - INFO - Epoch 11 | Batch 16/20 | Loss: 0.7384 | Avg Loss: 0.7565 | GPU Memory: 9671.6MB
2025-09-11 15:58:04,449 - INFO - Epoch 11 | Batch 17/20 | Loss: 0.8168 | Avg Loss: 0.7600 | GPU Memory: 9671.6MB
2025-09-11 15:58:04,746 - INFO - Epoch 11 | Batch 18/20 | Loss: 0.7796 | Avg Loss: 0.7611 | GPU Memory: 9671.6MB
2025-09-11 15:58:05,037 - INFO - Epoch 11 | Batch 19/20 | Loss: 0.7474 | Avg Loss: 0.7604 | GPU Memory: 9671.6MB
2025-09-11 15:58:05,316 - INFO - Epoch 11 | Batch 20/20 | Loss: 0.7555 | Avg Loss: 0.7507 | GPU Memory: 9674.2MB
2025-09-11 15:58:06,039 - INFO - Epoch 11 completed. Loss: 0.7602, Time: 7.2s
2025-09-11 15:58:58,493 - INFO - Validation | Loss: 0.8666, mIoU: 0.5284, IoUs: [0.9420728  0.         0.70800903 0.46350036]
2025-09-11 15:59:00,642 - INFO - Saved best model at epoch 11 to runs/UNET_OCT_AIM_20250911_154735/checkpoints/UNET_OCT_AIM_best.pth
2025-09-11 15:59:01,406 - INFO - Epoch 12 | Batch 1/20 | Loss: 0.7729 | Avg Loss: 0.7729 | GPU Memory: 9674.1MB
2025-09-11 15:59:01,720 - INFO - Epoch 12 | Batch 2/20 | Loss: 0.7710 | Avg Loss: 0.7720 | GPU Memory: 9672.0MB
2025-09-11 15:59:02,042 - INFO - Epoch 12 | Batch 3/20 | Loss: 0.7377 | Avg Loss: 0.7605 | GPU Memory: 9677.0MB
2025-09-11 15:59:02,377 - INFO - Epoch 12 | Batch 4/20 | Loss: 0.7842 | Avg Loss: 0.7664 | GPU Memory: 9671.5MB
2025-09-11 15:59:02,652 - INFO - Epoch 12 | Batch 5/20 | Loss: 0.7437 | Avg Loss: 0.7619 | GPU Memory: 9675.4MB
2025-09-11 15:59:02,951 - INFO - Epoch 12 | Batch 6/20 | Loss: 0.7391 | Avg Loss: 0.7581 | GPU Memory: 9673.4MB
2025-09-11 15:59:03,248 - INFO - Epoch 12 | Batch 7/20 | Loss: 0.7334 | Avg Loss: 0.7546 | GPU Memory: 9671.6MB
2025-09-11 15:59:03,543 - INFO - Epoch 12 | Batch 8/20 | Loss: 0.7982 | Avg Loss: 0.7600 | GPU Memory: 9671.6MB
2025-09-11 15:59:03,842 - INFO - Epoch 12 | Batch 9/20 | Loss: 0.7480 | Avg Loss: 0.7587 | GPU Memory: 9671.6MB
2025-09-11 15:59:04,138 - INFO - Epoch 12 | Batch 10/20 | Loss: 0.7649 | Avg Loss: 0.7593 | GPU Memory: 9671.6MB
2025-09-11 15:59:04,432 - INFO - Epoch 12 | Batch 11/20 | Loss: 0.7404 | Avg Loss: 0.7576 | GPU Memory: 9671.6MB
2025-09-11 15:59:04,731 - INFO - Epoch 12 | Batch 12/20 | Loss: 0.7627 | Avg Loss: 0.7580 | GPU Memory: 9671.6MB
2025-09-11 15:59:05,022 - INFO - Epoch 12 | Batch 13/20 | Loss: 0.7355 | Avg Loss: 0.7563 | GPU Memory: 9671.6MB
2025-09-11 15:59:05,318 - INFO - Epoch 12 | Batch 14/20 | Loss: 0.7388 | Avg Loss: 0.7550 | GPU Memory: 9671.6MB
2025-09-11 15:59:05,611 - INFO - Epoch 12 | Batch 15/20 | Loss: 0.7370 | Avg Loss: 0.7538 | GPU Memory: 9671.6MB
2025-09-11 15:59:05,909 - INFO - Epoch 12 | Batch 16/20 | Loss: 0.7532 | Avg Loss: 0.7538 | GPU Memory: 9671.6MB
2025-09-11 15:59:06,203 - INFO - Epoch 12 | Batch 17/20 | Loss: 0.7467 | Avg Loss: 0.7534 | GPU Memory: 9671.6MB
2025-09-11 15:59:06,498 - INFO - Epoch 12 | Batch 18/20 | Loss: 0.7607 | Avg Loss: 0.7538 | GPU Memory: 9671.6MB
2025-09-11 15:59:06,795 - INFO - Epoch 12 | Batch 19/20 | Loss: 0.7673 | Avg Loss: 0.7545 | GPU Memory: 9671.6MB
2025-09-11 15:59:07,073 - INFO - Epoch 12 | Batch 20/20 | Loss: 0.7869 | Avg Loss: 0.7463 | GPU Memory: 9674.2MB
2025-09-11 15:59:07,789 - INFO - Epoch 12 completed. Loss: 0.7557, Time: 7.1s
2025-09-11 16:00:00,128 - INFO - Validation | Loss: 0.8669, mIoU: 0.5273, IoUs: [0.94211559 0.         0.7030127  0.46399444]
2025-09-11 16:00:00,901 - INFO - Epoch 13 | Batch 1/20 | Loss: 0.7381 | Avg Loss: 0.7381 | GPU Memory: 9674.1MB
2025-09-11 16:00:01,242 - INFO - Epoch 13 | Batch 2/20 | Loss: 0.7456 | Avg Loss: 0.7418 | GPU Memory: 9672.0MB
2025-09-11 16:00:01,578 - INFO - Epoch 13 | Batch 3/20 | Loss: 0.7400 | Avg Loss: 0.7412 | GPU Memory: 9677.0MB
2025-09-11 16:00:01,903 - INFO - Epoch 13 | Batch 4/20 | Loss: 0.7379 | Avg Loss: 0.7404 | GPU Memory: 9671.5MB
2025-09-11 16:00:02,194 - INFO - Epoch 13 | Batch 5/20 | Loss: 0.7432 | Avg Loss: 0.7409 | GPU Memory: 9675.4MB
2025-09-11 16:00:02,488 - INFO - Epoch 13 | Batch 6/20 | Loss: 0.7441 | Avg Loss: 0.7415 | GPU Memory: 9673.4MB
2025-09-11 16:00:02,788 - INFO - Epoch 13 | Batch 7/20 | Loss: 0.7361 | Avg Loss: 0.7407 | GPU Memory: 9671.6MB
2025-09-11 16:00:03,084 - INFO - Epoch 13 | Batch 8/20 | Loss: 0.7320 | Avg Loss: 0.7396 | GPU Memory: 9671.6MB
2025-09-11 16:00:03,379 - INFO - Epoch 13 | Batch 9/20 | Loss: 0.8533 | Avg Loss: 0.7523 | GPU Memory: 9671.6MB
2025-09-11 16:00:03,674 - INFO - Epoch 13 | Batch 10/20 | Loss: 0.7642 | Avg Loss: 0.7534 | GPU Memory: 9671.6MB
2025-09-11 16:00:03,971 - INFO - Epoch 13 | Batch 11/20 | Loss: 0.8180 | Avg Loss: 0.7593 | GPU Memory: 9671.6MB
2025-09-11 16:00:04,265 - INFO - Epoch 13 | Batch 12/20 | Loss: 0.7354 | Avg Loss: 0.7573 | GPU Memory: 9671.6MB
2025-09-11 16:00:04,560 - INFO - Epoch 13 | Batch 13/20 | Loss: 0.7432 | Avg Loss: 0.7562 | GPU Memory: 9671.6MB
2025-09-11 16:00:04,853 - INFO - Epoch 13 | Batch 14/20 | Loss: 0.7360 | Avg Loss: 0.7548 | GPU Memory: 9671.6MB
2025-09-11 16:00:05,151 - INFO - Epoch 13 | Batch 15/20 | Loss: 0.7418 | Avg Loss: 0.7539 | GPU Memory: 9671.6MB
2025-09-11 16:00:05,443 - INFO - Epoch 13 | Batch 16/20 | Loss: 0.7339 | Avg Loss: 0.7527 | GPU Memory: 9671.6MB
2025-09-11 16:00:05,736 - INFO - Epoch 13 | Batch 17/20 | Loss: 0.7545 | Avg Loss: 0.7528 | GPU Memory: 9671.6MB
2025-09-11 16:00:06,032 - INFO - Epoch 13 | Batch 18/20 | Loss: 0.7439 | Avg Loss: 0.7523 | GPU Memory: 9671.6MB
2025-09-11 16:00:06,330 - INFO - Epoch 13 | Batch 19/20 | Loss: 0.7483 | Avg Loss: 0.7521 | GPU Memory: 9671.6MB
2025-09-11 16:00:06,606 - INFO - Epoch 13 | Batch 20/20 | Loss: 0.7918 | Avg Loss: 0.7442 | GPU Memory: 9674.2MB
2025-09-11 16:00:07,354 - INFO - Epoch 13 completed. Loss: 0.7536, Time: 7.2s
2025-09-11 16:00:59,738 - INFO - Validation | Loss: 0.8679, mIoU: 0.5224, IoUs: [0.94209162 0.         0.6867599  0.46059399]
2025-09-11 16:01:00,534 - INFO - Epoch 14 | Batch 1/20 | Loss: 0.7295 | Avg Loss: 0.7295 | GPU Memory: 9674.1MB
2025-09-11 16:01:00,865 - INFO - Epoch 14 | Batch 2/20 | Loss: 0.8167 | Avg Loss: 0.7731 | GPU Memory: 9672.0MB
2025-09-11 16:01:01,186 - INFO - Epoch 14 | Batch 3/20 | Loss: 0.7360 | Avg Loss: 0.7607 | GPU Memory: 9677.0MB
2025-09-11 16:01:01,513 - INFO - Epoch 14 | Batch 4/20 | Loss: 0.7395 | Avg Loss: 0.7554 | GPU Memory: 9671.5MB
2025-09-11 16:01:01,805 - INFO - Epoch 14 | Batch 5/20 | Loss: 0.7330 | Avg Loss: 0.7510 | GPU Memory: 9675.4MB
2025-09-11 16:01:02,098 - INFO - Epoch 14 | Batch 6/20 | Loss: 0.7593 | Avg Loss: 0.7524 | GPU Memory: 9673.4MB
2025-09-11 16:01:02,394 - INFO - Epoch 14 | Batch 7/20 | Loss: 0.7403 | Avg Loss: 0.7506 | GPU Memory: 9671.6MB
2025-09-11 16:01:02,692 - INFO - Epoch 14 | Batch 8/20 | Loss: 0.7564 | Avg Loss: 0.7513 | GPU Memory: 9671.6MB
2025-09-11 16:01:02,983 - INFO - Epoch 14 | Batch 9/20 | Loss: 0.7345 | Avg Loss: 0.7495 | GPU Memory: 9671.6MB
2025-09-11 16:01:03,279 - INFO - Epoch 14 | Batch 10/20 | Loss: 0.7408 | Avg Loss: 0.7486 | GPU Memory: 9671.6MB
2025-09-11 16:01:03,573 - INFO - Epoch 14 | Batch 11/20 | Loss: 0.7335 | Avg Loss: 0.7472 | GPU Memory: 9671.6MB
2025-09-11 16:01:03,872 - INFO - Epoch 14 | Batch 12/20 | Loss: 0.7321 | Avg Loss: 0.7460 | GPU Memory: 9671.6MB
2025-09-11 16:01:04,165 - INFO - Epoch 14 | Batch 13/20 | Loss: 0.7441 | Avg Loss: 0.7458 | GPU Memory: 9671.6MB
2025-09-11 16:01:04,460 - INFO - Epoch 14 | Batch 14/20 | Loss: 0.7449 | Avg Loss: 0.7458 | GPU Memory: 9671.6MB
2025-09-11 16:01:04,757 - INFO - Epoch 14 | Batch 15/20 | Loss: 0.8054 | Avg Loss: 0.7497 | GPU Memory: 9671.6MB
2025-09-11 16:01:05,054 - INFO - Epoch 14 | Batch 16/20 | Loss: 0.8073 | Avg Loss: 0.7533 | GPU Memory: 9671.6MB
2025-09-11 16:01:05,350 - INFO - Epoch 14 | Batch 17/20 | Loss: 0.7384 | Avg Loss: 0.7525 | GPU Memory: 9671.6MB
2025-09-11 16:01:05,644 - INFO - Epoch 14 | Batch 18/20 | Loss: 0.8170 | Avg Loss: 0.7560 | GPU Memory: 9671.6MB
2025-09-11 16:01:05,941 - INFO - Epoch 14 | Batch 19/20 | Loss: 0.7400 | Avg Loss: 0.7552 | GPU Memory: 9671.6MB
2025-09-11 16:01:06,221 - INFO - Epoch 14 | Batch 20/20 | Loss: 0.7359 | Avg Loss: 0.7450 | GPU Memory: 9674.2MB
2025-09-11 16:01:06,964 - INFO - Epoch 14 completed. Loss: 0.7545, Time: 7.2s
2025-09-11 16:01:59,632 - INFO - Validation | Loss: 0.8641, mIoU: 0.5259, IoUs: [0.94207879 0.         0.70124215 0.46025499]
2025-09-11 16:02:01,839 - INFO - Saved best model at epoch 14 to runs/UNET_OCT_AIM_20250911_154735/checkpoints/UNET_OCT_AIM_best.pth
2025-09-11 16:02:02,625 - INFO - Epoch 15 | Batch 1/20 | Loss: 0.7597 | Avg Loss: 0.7597 | GPU Memory: 9674.1MB
2025-09-11 16:02:02,967 - INFO - Epoch 15 | Batch 2/20 | Loss: 0.8268 | Avg Loss: 0.7932 | GPU Memory: 9672.0MB
2025-09-11 16:02:03,300 - INFO - Epoch 15 | Batch 3/20 | Loss: 0.7329 | Avg Loss: 0.7731 | GPU Memory: 9677.0MB
2025-09-11 16:02:03,611 - INFO - Epoch 15 | Batch 4/20 | Loss: 0.7557 | Avg Loss: 0.7688 | GPU Memory: 9671.5MB
2025-09-11 16:02:03,905 - INFO - Epoch 15 | Batch 5/20 | Loss: 0.7374 | Avg Loss: 0.7625 | GPU Memory: 9675.4MB
2025-09-11 16:02:04,202 - INFO - Epoch 15 | Batch 6/20 | Loss: 0.7388 | Avg Loss: 0.7586 | GPU Memory: 9673.4MB
2025-09-11 16:02:04,500 - INFO - Epoch 15 | Batch 7/20 | Loss: 0.7328 | Avg Loss: 0.7549 | GPU Memory: 9671.6MB
2025-09-11 16:02:04,797 - INFO - Epoch 15 | Batch 8/20 | Loss: 0.7354 | Avg Loss: 0.7524 | GPU Memory: 9671.6MB
2025-09-11 16:02:05,092 - INFO - Epoch 15 | Batch 9/20 | Loss: 0.8038 | Avg Loss: 0.7581 | GPU Memory: 9671.6MB
2025-09-11 16:02:05,385 - INFO - Epoch 15 | Batch 10/20 | Loss: 0.7321 | Avg Loss: 0.7555 | GPU Memory: 9671.6MB
2025-09-11 16:02:05,684 - INFO - Epoch 15 | Batch 11/20 | Loss: 0.7326 | Avg Loss: 0.7535 | GPU Memory: 9671.6MB
2025-09-11 16:02:05,979 - INFO - Epoch 15 | Batch 12/20 | Loss: 0.7367 | Avg Loss: 0.7521 | GPU Memory: 9671.6MB
2025-09-11 16:02:06,274 - INFO - Epoch 15 | Batch 13/20 | Loss: 0.8194 | Avg Loss: 0.7572 | GPU Memory: 9671.6MB
2025-09-11 16:02:06,565 - INFO - Epoch 15 | Batch 14/20 | Loss: 0.7326 | Avg Loss: 0.7555 | GPU Memory: 9671.6MB
2025-09-11 16:02:06,862 - INFO - Epoch 15 | Batch 15/20 | Loss: 0.7327 | Avg Loss: 0.7540 | GPU Memory: 9671.6MB
2025-09-11 16:02:07,157 - INFO - Epoch 15 | Batch 16/20 | Loss: 0.7347 | Avg Loss: 0.7528 | GPU Memory: 9671.6MB
2025-09-11 16:02:07,453 - INFO - Epoch 15 | Batch 17/20 | Loss: 0.7585 | Avg Loss: 0.7531 | GPU Memory: 9671.6MB
2025-09-11 16:02:07,746 - INFO - Epoch 15 | Batch 18/20 | Loss: 0.7723 | Avg Loss: 0.7542 | GPU Memory: 9671.6MB
2025-09-11 16:02:08,042 - INFO - Epoch 15 | Batch 19/20 | Loss: 0.7391 | Avg Loss: 0.7534 | GPU Memory: 9671.6MB
2025-09-11 16:02:08,321 - INFO - Epoch 15 | Batch 20/20 | Loss: 0.7553 | Avg Loss: 0.7440 | GPU Memory: 9674.2MB
2025-09-11 16:02:09,067 - INFO - Epoch 15 completed. Loss: 0.7534, Time: 7.2s
2025-09-11 16:03:01,189 - INFO - Validation | Loss: 0.8662, mIoU: 0.5262, IoUs: [0.94209399 0.         0.699168   0.46349287]
2025-09-11 16:03:01,951 - INFO - Epoch 16 | Batch 1/20 | Loss: 0.7312 | Avg Loss: 0.7312 | GPU Memory: 9674.1MB
2025-09-11 16:03:02,263 - INFO - Epoch 16 | Batch 2/20 | Loss: 0.8352 | Avg Loss: 0.7832 | GPU Memory: 9672.0MB
2025-09-11 16:03:02,608 - INFO - Epoch 16 | Batch 3/20 | Loss: 0.7641 | Avg Loss: 0.7768 | GPU Memory: 9677.0MB
2025-09-11 16:03:02,944 - INFO - Epoch 16 | Batch 4/20 | Loss: 0.7375 | Avg Loss: 0.7670 | GPU Memory: 9671.5MB
2025-09-11 16:03:03,238 - INFO - Epoch 16 | Batch 5/20 | Loss: 0.7414 | Avg Loss: 0.7619 | GPU Memory: 9675.4MB
2025-09-11 16:03:03,516 - INFO - Epoch 16 | Batch 6/20 | Loss: 0.7415 | Avg Loss: 0.7585 | GPU Memory: 9673.4MB
2025-09-11 16:03:03,793 - INFO - Epoch 16 | Batch 7/20 | Loss: 0.7392 | Avg Loss: 0.7557 | GPU Memory: 9671.6MB
2025-09-11 16:03:04,083 - INFO - Epoch 16 | Batch 8/20 | Loss: 0.7361 | Avg Loss: 0.7533 | GPU Memory: 9671.6MB
2025-09-11 16:03:04,379 - INFO - Epoch 16 | Batch 9/20 | Loss: 0.7261 | Avg Loss: 0.7502 | GPU Memory: 9671.6MB
2025-09-11 16:03:04,676 - INFO - Epoch 16 | Batch 10/20 | Loss: 0.7392 | Avg Loss: 0.7491 | GPU Memory: 9671.6MB
2025-09-11 16:03:04,968 - INFO - Epoch 16 | Batch 11/20 | Loss: 0.7335 | Avg Loss: 0.7477 | GPU Memory: 9671.6MB
2025-09-11 16:03:05,266 - INFO - Epoch 16 | Batch 12/20 | Loss: 0.7632 | Avg Loss: 0.7490 | GPU Memory: 9671.6MB
2025-09-11 16:03:05,561 - INFO - Epoch 16 | Batch 13/20 | Loss: 0.7368 | Avg Loss: 0.7481 | GPU Memory: 9671.6MB
2025-09-11 16:03:05,857 - INFO - Epoch 16 | Batch 14/20 | Loss: 0.7303 | Avg Loss: 0.7468 | GPU Memory: 9671.6MB
2025-09-11 16:03:06,150 - INFO - Epoch 16 | Batch 15/20 | Loss: 0.7513 | Avg Loss: 0.7471 | GPU Memory: 9671.6MB
2025-09-11 16:03:06,446 - INFO - Epoch 16 | Batch 16/20 | Loss: 0.8311 | Avg Loss: 0.7523 | GPU Memory: 9671.6MB
2025-09-11 16:03:06,741 - INFO - Epoch 16 | Batch 17/20 | Loss: 0.7413 | Avg Loss: 0.7517 | GPU Memory: 9671.6MB
2025-09-11 16:03:07,038 - INFO - Epoch 16 | Batch 18/20 | Loss: 0.7416 | Avg Loss: 0.7511 | GPU Memory: 9671.6MB
2025-09-11 16:03:07,332 - INFO - Epoch 16 | Batch 19/20 | Loss: 0.7371 | Avg Loss: 0.7504 | GPU Memory: 9671.6MB
2025-09-11 16:03:07,610 - INFO - Epoch 16 | Batch 20/20 | Loss: 0.7414 | Avg Loss: 0.7407 | GPU Memory: 9674.2MB
2025-09-11 16:03:08,359 - INFO - Epoch 16 completed. Loss: 0.7501, Time: 7.2s
2025-09-11 16:04:00,735 - INFO - Validation | Loss: 0.8567, mIoU: 0.5281, IoUs: [0.94210091 0.         0.70970892 0.46057155]
2025-09-11 16:04:02,977 - INFO - Saved best model at epoch 16 to runs/UNET_OCT_AIM_20250911_154735/checkpoints/UNET_OCT_AIM_best.pth
2025-09-11 16:04:03,735 - INFO - Epoch 17 | Batch 1/20 | Loss: 0.7511 | Avg Loss: 0.7511 | GPU Memory: 9674.1MB
2025-09-11 16:04:04,049 - INFO - Epoch 17 | Batch 2/20 | Loss: 0.7545 | Avg Loss: 0.7528 | GPU Memory: 9672.0MB
2025-09-11 16:04:04,391 - INFO - Epoch 17 | Batch 3/20 | Loss: 0.7356 | Avg Loss: 0.7471 | GPU Memory: 9677.0MB
2025-09-11 16:04:04,726 - INFO - Epoch 17 | Batch 4/20 | Loss: 0.7334 | Avg Loss: 0.7437 | GPU Memory: 9671.5MB
2025-09-11 16:04:05,020 - INFO - Epoch 17 | Batch 5/20 | Loss: 0.7312 | Avg Loss: 0.7412 | GPU Memory: 9675.4MB
2025-09-11 16:04:05,295 - INFO - Epoch 17 | Batch 6/20 | Loss: 0.8331 | Avg Loss: 0.7565 | GPU Memory: 9673.4MB
2025-09-11 16:04:05,572 - INFO - Epoch 17 | Batch 7/20 | Loss: 0.8058 | Avg Loss: 0.7635 | GPU Memory: 9671.6MB
2025-09-11 16:04:05,866 - INFO - Epoch 17 | Batch 8/20 | Loss: 0.7487 | Avg Loss: 0.7617 | GPU Memory: 9671.6MB
2025-09-11 16:04:06,163 - INFO - Epoch 17 | Batch 9/20 | Loss: 0.7342 | Avg Loss: 0.7586 | GPU Memory: 9671.6MB
2025-09-11 16:04:06,459 - INFO - Epoch 17 | Batch 10/20 | Loss: 0.7678 | Avg Loss: 0.7596 | GPU Memory: 9671.6MB
2025-09-11 16:04:06,754 - INFO - Epoch 17 | Batch 11/20 | Loss: 0.7302 | Avg Loss: 0.7569 | GPU Memory: 9671.6MB
2025-09-11 16:04:07,049 - INFO - Epoch 17 | Batch 12/20 | Loss: 0.7532 | Avg Loss: 0.7566 | GPU Memory: 9671.6MB
2025-09-11 16:04:07,343 - INFO - Epoch 17 | Batch 13/20 | Loss: 0.7426 | Avg Loss: 0.7555 | GPU Memory: 9671.6MB
2025-09-11 16:04:07,638 - INFO - Epoch 17 | Batch 14/20 | Loss: 0.7331 | Avg Loss: 0.7539 | GPU Memory: 9671.6MB
2025-09-11 16:04:07,929 - INFO - Epoch 17 | Batch 15/20 | Loss: 0.7385 | Avg Loss: 0.7529 | GPU Memory: 9671.6MB
2025-09-11 16:04:08,235 - INFO - Epoch 17 | Batch 16/20 | Loss: 0.7449 | Avg Loss: 0.7524 | GPU Memory: 9671.6MB
2025-09-11 16:04:08,526 - INFO - Epoch 17 | Batch 17/20 | Loss: 0.7594 | Avg Loss: 0.7528 | GPU Memory: 9671.6MB
2025-09-11 16:04:08,822 - INFO - Epoch 17 | Batch 18/20 | Loss: 0.7265 | Avg Loss: 0.7513 | GPU Memory: 9671.6MB
2025-09-11 16:04:09,124 - INFO - Epoch 17 | Batch 19/20 | Loss: 0.7554 | Avg Loss: 0.7515 | GPU Memory: 9671.6MB
2025-09-11 16:04:09,441 - INFO - Epoch 17 | Batch 20/20 | Loss: 0.7321 | Avg Loss: 0.7414 | GPU Memory: 9674.2MB
2025-09-11 16:04:10,141 - INFO - Epoch 17 completed. Loss: 0.7508, Time: 7.2s
2025-09-11 16:05:03,327 - INFO - Validation | Loss: 0.8573, mIoU: 0.5271, IoUs: [0.94210359 0.         0.70302378 0.46329587]
2025-09-11 16:05:04,114 - INFO - Epoch 18 | Batch 1/20 | Loss: 0.7311 | Avg Loss: 0.7311 | GPU Memory: 9674.1MB
2025-09-11 16:05:04,430 - INFO - Epoch 18 | Batch 2/20 | Loss: 0.7592 | Avg Loss: 0.7452 | GPU Memory: 9672.0MB
2025-09-11 16:05:04,745 - INFO - Epoch 18 | Batch 3/20 | Loss: 0.7651 | Avg Loss: 0.7518 | GPU Memory: 9677.0MB
2025-09-11 16:05:05,103 - INFO - Epoch 18 | Batch 4/20 | Loss: 0.7570 | Avg Loss: 0.7531 | GPU Memory: 9671.5MB
2025-09-11 16:05:05,375 - INFO - Epoch 18 | Batch 5/20 | Loss: 0.7325 | Avg Loss: 0.7490 | GPU Memory: 9675.4MB
2025-09-11 16:05:05,666 - INFO - Epoch 18 | Batch 6/20 | Loss: 0.7809 | Avg Loss: 0.7543 | GPU Memory: 9673.4MB
2025-09-11 16:05:05,960 - INFO - Epoch 18 | Batch 7/20 | Loss: 0.7354 | Avg Loss: 0.7516 | GPU Memory: 9671.6MB
2025-09-11 16:05:06,255 - INFO - Epoch 18 | Batch 8/20 | Loss: 0.7510 | Avg Loss: 0.7515 | GPU Memory: 9671.6MB
2025-09-11 16:05:06,546 - INFO - Epoch 18 | Batch 9/20 | Loss: 0.7540 | Avg Loss: 0.7518 | GPU Memory: 9671.6MB
2025-09-11 16:05:06,842 - INFO - Epoch 18 | Batch 10/20 | Loss: 0.7345 | Avg Loss: 0.7501 | GPU Memory: 9671.6MB
2025-09-11 16:05:07,136 - INFO - Epoch 18 | Batch 11/20 | Loss: 0.7400 | Avg Loss: 0.7491 | GPU Memory: 9671.6MB
2025-09-11 16:05:07,433 - INFO - Epoch 18 | Batch 12/20 | Loss: 0.7293 | Avg Loss: 0.7475 | GPU Memory: 9671.6MB
2025-09-11 16:05:07,724 - INFO - Epoch 18 | Batch 13/20 | Loss: 0.7352 | Avg Loss: 0.7465 | GPU Memory: 9671.6MB
2025-09-11 16:05:08,019 - INFO - Epoch 18 | Batch 14/20 | Loss: 0.7462 | Avg Loss: 0.7465 | GPU Memory: 9671.6MB
2025-09-11 16:05:08,309 - INFO - Epoch 18 | Batch 15/20 | Loss: 0.7256 | Avg Loss: 0.7451 | GPU Memory: 9671.6MB
2025-09-11 16:05:08,633 - INFO - Epoch 18 | Batch 16/20 | Loss: 0.7375 | Avg Loss: 0.7446 | GPU Memory: 9671.6MB
2025-09-11 16:05:08,934 - INFO - Epoch 18 | Batch 17/20 | Loss: 0.7323 | Avg Loss: 0.7439 | GPU Memory: 9671.6MB
2025-09-11 16:05:09,317 - INFO - Epoch 18 | Batch 18/20 | Loss: 0.7366 | Avg Loss: 0.7435 | GPU Memory: 9671.6MB
2025-09-11 16:05:09,725 - INFO - Epoch 18 | Batch 19/20 | Loss: 0.8308 | Avg Loss: 0.7481 | GPU Memory: 9671.6MB
2025-09-11 16:05:10,105 - INFO - Epoch 18 | Batch 20/20 | Loss: 0.7369 | Avg Loss: 0.7383 | GPU Memory: 9674.2MB
2025-09-11 16:05:10,838 - INFO - Epoch 18 completed. Loss: 0.7477, Time: 7.5s
